2025-04-23 02:01:42,554 - INFO - [2025-04-23 02:01:42] INFO - Added file handler for log file: output/752538ae-a546-4e31-9a6c-e7d89bfa2e28\scraper.log
2025-04-23 02:01:42,554 - INFO - [2025-04-23 02:01:42] INFO - Starting scraper with configuration:
2025-04-23 02:01:42,554 - INFO - [2025-04-23 02:01:42] INFO - base_url: https://www.booking.com/searchresults.html?label=gog235jc-1DCAEoggI46AdIM1gDaGyIAQGYATG4AQfIAQzYAQPoAQH4AQKIAgGoAgO4As_0h8AGwAIB0gIkMzJhOGRkNTItN2Y0NS00OGIyLWI0NDMtOGRjODk1MjQxNDlh2AIE4AIB&aid=397594&ss=Himachal+Pradesh%2C+India&ssne=Uttarakhand&ssne_untouched=Uttarakhand&lang=en-us&src=searchresults&dest_id=3482&dest_type=region&ac_position=1&ac_click_type=b&ac_langcode=en&ac_suggestion_list_length=5&search_selected=true&search_pageview_id=ce3f33fa3adb003e&checkin=2025-04-18&checkout=2025-04-19&group_adults=2&no_rooms=1&group_children=0&nflt=hotelfacility%3D54%3Bht_id%3D206
2025-04-23 02:01:42,554 - INFO - [2025-04-23 02:01:42] INFO - concurrent_settings: {'base_request_delay': 2, 'job_spacing_delay': 3, 'max_concurrent_jobs': 3, 'max_concurrent_requests': 2}
2025-04-23 02:01:42,554 - INFO - [2025-04-23 02:01:42] INFO - container_selector: div.c82435a4b8.a178069f51.a6ae3c2b40
2025-04-23 02:01:42,554 - INFO - [2025-04-23 02:01:42] INFO - initial_wait: 3
2025-04-23 02:01:42,554 - INFO - [2025-04-23 02:01:42] INFO - load_more_selector: 
2025-04-23 02:01:42,554 - INFO - [2025-04-23 02:01:42] INFO - load_more_wait: 3
2025-04-23 02:01:42,554 - INFO - [2025-04-23 02:01:42] INFO - max_pages: 1
2025-04-23 02:01:42,554 - INFO - [2025-04-23 02:01:42] INFO - max_scroll_attempts: 20
2025-04-23 02:01:42,554 - INFO - [2025-04-23 02:01:42] INFO - next_page_selector: 
2025-04-23 02:01:42,554 - INFO - [2025-04-23 02:01:42] INFO - output_excel: output/752538ae-a546-4e31-9a6c-e7d89bfa2e28\scraped_data.xlsx
2025-04-23 02:01:42,554 - INFO - [2025-04-23 02:01:42] INFO - output_json: output/752538ae-a546-4e31-9a6c-e7d89bfa2e28\scraped_data.json
2025-04-23 02:01:42,554 - INFO - [2025-04-23 02:01:42] INFO - page_wait: 2
2025-04-23 02:01:42,554 - INFO - [2025-04-23 02:01:42] INFO - paginate: False
2025-04-23 02:01:42,554 - INFO - [2025-04-23 02:01:42] INFO - scrape_subpages: False
2025-04-23 02:01:42,554 - INFO - [2025-04-23 02:01:42] INFO - scroll: True
2025-04-23 02:01:42,554 - INFO - [2025-04-23 02:01:42] INFO - scroll_wait: 10
2025-04-23 02:01:42,554 - INFO - [2025-04-23 02:01:42] INFO - start_page: 1
2025-04-23 02:01:42,554 - INFO - [2025-04-23 02:01:42] INFO - subpage_wait: 3
2025-04-23 02:01:42,554 - INFO - [2025-04-23 02:01:42] INFO - job_id: 752538ae-a546-4e31-9a6c-e7d89bfa2e28
2025-04-23 02:01:42,554 - INFO - [2025-04-23 02:01:42] INFO - user_id: user_yhb37ahbkv_1745349248925
2025-04-23 02:01:42,554 - INFO - [2025-04-23 02:01:42] INFO - concurrent: True
2025-04-23 02:01:42,554 - INFO - [2025-04-23 02:01:42] INFO - output_dir: output/752538ae-a546-4e31-9a6c-e7d89bfa2e28
2025-04-23 02:01:42,554 - INFO - [2025-04-23 02:01:42] INFO - log_file: output/752538ae-a546-4e31-9a6c-e7d89bfa2e28\scraper.log
2025-04-23 02:01:42,554 - INFO - [2025-04-23 02:01:42] INFO - request_delay: 6
2025-04-23 02:01:42,554 - INFO - [2025-04-23 02:01:42] INFO - max_concurrent_requests: 2
2025-04-23 02:01:42,554 - INFO - [2025-04-23 02:01:42] INFO - job_start_time: 2025-04-23T02:01:38.245045
2025-04-23 02:01:42,554 - INFO - [2025-04-23 02:01:42] INFO - headless: True
2025-04-23 02:01:42,554 - INFO - [2025-04-23 02:01:42] INFO - Concurrent scraping settings:
2025-04-23 02:01:42,554 - INFO - [2025-04-23 02:01:42] INFO - Job ID: 752538ae-a546-4e31-9a6c-e7d89bfa2e28
2025-04-23 02:01:42,554 - INFO - [2025-04-23 02:01:42] INFO - User ID: user_yhb37ahbkv_1745349248925
2025-04-23 02:01:42,554 - INFO - [2025-04-23 02:01:42] INFO - Request delay: 6s
2025-04-23 02:01:42,554 - INFO - [2025-04-23 02:01:42] INFO - Max concurrent requests: 2
2025-04-23 02:01:42,554 - INFO - [2025-04-23 02:01:42] INFO - Concurrent scraping settings:
2025-04-23 02:01:42,554 - INFO - [2025-04-23 02:01:42] INFO - Job ID: 752538ae-a546-4e31-9a6c-e7d89bfa2e28
2025-04-23 02:01:42,554 - INFO - [2025-04-23 02:01:42] INFO - User ID: user_yhb37ahbkv_1745349248925
2025-04-23 02:01:42,554 - INFO - [2025-04-23 02:01:42] INFO - Request delay: 6s
2025-04-23 02:01:42,554 - INFO - [2025-04-23 02:01:42] INFO - Max concurrent requests: 2
2025-04-23 02:01:42,554 - INFO - [2025-04-23 02:01:42] INFO - Starting scraper with configuration:
2025-04-23 02:01:42,554 - INFO - [2025-04-23 02:01:42] INFO - {
  "base_url": "https://www.booking.com/searchresults.html?label=gog235jc-1DCAEoggI46AdIM1gDaGyIAQGYATG4AQfIAQzYAQPoAQH4AQKIAgGoAgO4As_0h8AGwAIB0gIkMzJhOGRkNTItN2Y0NS00OGIyLWI0NDMtOGRjODk1MjQxNDlh2AIE4AIB&aid=397594&ss=Himachal+Pradesh%2C+India&ssne=Uttarakhand&ssne_untouched=Uttarakhand&lang=en-us&src=searchresults&dest_id=3482&dest_type=region&ac_position=1&ac_click_type=b&ac_langcode=en&ac_suggestion_list_length=5&search_selected=true&search_pageview_id=ce3f33fa3adb003e&checkin=2025-04-18&checkout=2025-04-19&group_adults=2&no_rooms=1&group_children=0&nflt=hotelfacility%3D54%3Bht_id%3D206",
  "concurrent_settings": {
    "base_request_delay": 2,
    "job_spacing_delay": 3,
    "max_concurrent_jobs": 3,
    "max_concurrent_requests": 2
  },
  "container_selector": "div.c82435a4b8.a178069f51.a6ae3c2b40",
  "initial_wait": 3,
  "load_more_selector": "",
  "load_more_wait": 3,
  "max_pages": 1,
  "max_scroll_attempts": 20,
  "next_page_selector": "",
  "output_excel": "output/752538ae-a546-4e31-9a6c-e7d89bfa2e28\\scraped_data.xlsx",
  "output_json": "output/752538ae-a546-4e31-9a6c-e7d89bfa2e28\\scraped_data.json",
  "page_wait": 2,
  "paginate": false,
  "scrape_subpages": false,
  "scroll": true,
  "scroll_wait": 10,
  "start_page": 1,
  "subpage_wait": 3,
  "job_id": "752538ae-a546-4e31-9a6c-e7d89bfa2e28",
  "user_id": "user_yhb37ahbkv_1745349248925",
  "concurrent": true,
  "output_dir": "output/752538ae-a546-4e31-9a6c-e7d89bfa2e28",
  "log_file": "output/752538ae-a546-4e31-9a6c-e7d89bfa2e28\\scraper.log",
  "request_delay": 6,
  "max_concurrent_requests": 2,
  "job_start_time": "2025-04-23T02:01:38.245045",
  "headless": true
}
2025-04-23 02:01:42,848 - INFO - [2025-04-23 02:01:42] INFO - Detected Chrome version: 135.0.7049.96
2025-04-23 02:01:48,257 - INFO - [2025-04-23 02:01:48] INFO - Successfully initialized Chrome driver with version 135.0.0
2025-04-23 02:01:48,257 - INFO - [2025-04-23 02:01:48] INFO - Job started for user user_yhb37ahbkv_1745349248925 (Job ID: 752538ae-a546-4e31-9a6c-e7d89bfa2e28)
2025-04-23 02:01:48,257 - INFO - [2025-04-23 02:01:48] INFO - Phase 1: Collecting main fields and links from all pages...
2025-04-23 02:01:53,122 - INFO - [2025-04-23 02:01:53] INFO - Navigated to base URL: https://www.booking.com/searchresults.html?label=gog235jc-1DCAEoggI46AdIM1gDaGyIAQGYATG4AQfIAQzYAQPoAQH4AQKIAgGoAgO4As_0h8AGwAIB0gIkMzJhOGRkNTItN2Y0NS00OGIyLWI0NDMtOGRjODk1MjQxNDlh2AIE4AIB&aid=397594&ss=Himachal+Pradesh%2C+India&ssne=Uttarakhand&ssne_untouched=Uttarakhand&lang=en-us&src=searchresults&dest_id=3482&dest_type=region&ac_position=1&ac_click_type=b&ac_langcode=en&ac_suggestion_list_length=5&search_selected=true&search_pageview_id=ce3f33fa3adb003e&checkin=2025-04-18&checkout=2025-04-19&group_adults=2&no_rooms=1&group_children=0&nflt=hotelfacility%3D54%3Bht_id%3D206
2025-04-23 02:02:10,321 - INFO - [2025-04-23 02:02:10] INFO - Scraping main fields from page 1...
2025-04-23 02:02:10,321 - INFO - [2025-04-23 02:02:10] INFO - Starting to scroll down the page to load all content...
2025-04-23 02:02:20,427 - INFO - [2025-04-23 02:02:20] INFO - Scrolling further down to load more content...
2025-04-23 02:02:50,548 - INFO - [2025-04-23 02:02:50] INFO - Reached the bottom of the page - no more content to load
2025-04-23 02:02:50,582 - INFO - [2025-04-23 02:02:50] INFO - Found 33 items on page 1
2025-04-23 02:02:50,636 - INFO - [2025-04-23 02:02:50] INFO - Extracted 'resorts': Jannat Resort and Spa Manali A Centrally Heated Himalayas View Resort
2025-04-23 02:02:50,663 - INFO - [2025-04-23 02:02:50] INFO - Extracted 'resorts': Indraprastha Spa Resort
2025-04-23 02:02:50,688 - INFO - [2025-04-23 02:02:50] INFO - Extracted 'resorts': WelcomHeritage Parv Vilas Resort & Spa
2025-04-23 02:02:50,718 - INFO - [2025-04-23 02:02:50] INFO - Extracted 'resorts': Araiya Palampur
2025-04-23 02:02:50,745 - INFO - [2025-04-23 02:02:50] INFO - Extracted 'resorts': Toshali Royal View ,S H I M L A
2025-04-23 02:02:50,769 - INFO - [2025-04-23 02:02:50] INFO - Extracted 'resorts': Hyatt Regency Dharamshala Resort
2025-04-23 02:02:50,802 - INFO - [2025-04-23 02:02:50] INFO - Extracted 'resorts': Storii By ITC Hotels, Amoha Retreat Dharamshala
2025-04-23 02:02:50,832 - INFO - [2025-04-23 02:02:50] INFO - Extracted 'resorts': Marigold Sarovar Portico Shimla
2025-04-23 02:02:50,861 - INFO - [2025-04-23 02:02:50] INFO - Extracted 'resorts': Sterling Kufri
2025-04-23 02:02:50,885 - INFO - [2025-04-23 02:02:50] INFO - Extracted 'resorts': Regenta Resort & Spa Mashobra
2025-04-23 02:02:50,909 - INFO - [2025-04-23 02:02:50] INFO - Extracted 'resorts': Taj Theog Resort & Spa Shimla
2025-04-23 02:02:50,942 - INFO - [2025-04-23 02:02:50] INFO - Extracted 'resorts': Anantam Resort & Spa
2025-04-23 02:02:50,968 - INFO - [2025-04-23 02:02:50] INFO - Extracted 'resorts': Chillaru Spa & Resort
2025-04-23 02:02:50,993 - INFO - [2025-04-23 02:02:50] INFO - Extracted 'resorts': The Chalets Naldehra
2025-04-23 02:02:51,021 - INFO - [2025-04-23 02:02:51] INFO - Extracted 'resorts': Span Resort and Spa, Manali
2025-04-23 02:02:51,049 - INFO - [2025-04-23 02:02:51] INFO - Extracted 'resorts': Manuallaya The Resort & Spa
2025-04-23 02:02:51,076 - INFO - [2025-04-23 02:02:51] INFO - Extracted 'resorts': juSTa Cliffend Resort & Spa, Mashobra
2025-04-23 02:02:51,103 - INFO - [2025-04-23 02:02:51] INFO - Extracted 'resorts': juSTa Birding Resort & Spa - Best Dhauladhar View Resort
2025-04-23 02:02:51,130 - INFO - [2025-04-23 02:02:51] INFO - Extracted 'resorts': Deventure Shimla Hills
2025-04-23 02:02:51,156 - INFO - [2025-04-23 02:02:51] INFO - Extracted 'resorts': The Fern Surya Resort Kasauli Hills, Dharampur
2025-04-23 02:02:51,204 - INFO - [2025-04-23 02:02:51] INFO - Extracted 'resorts': The Mōcana Himalayas, Shimla
2025-04-23 02:02:51,253 - INFO - [2025-04-23 02:02:51] INFO - Extracted 'resorts': Club Mahindra Mashobra
2025-04-23 02:02:51,312 - INFO - [2025-04-23 02:02:51] INFO - Extracted 'resorts': Villasita resort By Montrose11
2025-04-23 02:02:51,360 - INFO - [2025-04-23 02:02:51] INFO - Extracted 'resorts': Tarika Resort & Spa , Chail
2025-04-23 02:02:51,409 - INFO - [2025-04-23 02:02:51] INFO - Extracted 'resorts': Cassia Resort, Kasauli
2025-04-23 02:02:51,452 - INFO - [2025-04-23 02:02:51] INFO - Extracted 'resorts': The Anantmaya Resort
2025-04-23 02:02:51,483 - INFO - [2025-04-23 02:02:51] INFO - Extracted 'resorts': Moksha Himalaya Spa Resort
2025-04-23 02:02:51,508 - INFO - [2025-04-23 02:02:51] INFO - Extracted 'resorts': Asia Spa Resort
2025-04-23 02:02:51,541 - INFO - [2025-04-23 02:02:51] INFO - Extracted 'resorts': Snow Flakes Resort And Spa Centrally Heated Luxury Resort
2025-04-23 02:02:51,568 - INFO - [2025-04-23 02:02:51] INFO - Extracted 'resorts': Antaraal Resort & Spa A Village Resort
2025-04-23 02:02:51,592 - INFO - [2025-04-23 02:02:51] INFO - Extracted 'resorts': Solang Valley Resort
2025-04-23 02:02:51,622 - INFO - [2025-04-23 02:02:51] INFO - Extracted 'resorts': Mastiff Grand Manali Resort
2025-04-23 02:02:51,650 - INFO - [2025-04-23 02:02:51] INFO - Extracted 'resorts': Tiaraa Jujurana Resort & Spa
2025-04-23 02:02:52,151 - INFO - [2025-04-23 02:02:52] INFO - 
[SUCCESS] Scraping complete. 33 items saved.
2025-04-23 02:02:52,151 - INFO - [2025-04-23 02:02:52] INFO - Results saved to JSON: output/752538ae-a546-4e31-9a6c-e7d89bfa2e28\scraped_data.json
2025-04-23 02:02:52,151 - INFO - [2025-04-23 02:02:52] INFO - Results saved to Excel: output/752538ae-a546-4e31-9a6c-e7d89bfa2e28\scraped_data.xlsx
2025-04-23 02:02:52,151 - INFO - [2025-04-23 02:02:52] INFO - Scraper completed successfully
