2025-04-23 18:22:09,854 - INFO - [2025-04-23 18:22:09] INFO - Added file handler for log file: output/75778a00-a44c-4206-8307-46038525e455\scraper.log
2025-04-23 18:22:09,854 - INFO - [2025-04-23 18:22:09] INFO - Starting scraper with configuration:
2025-04-23 18:22:09,854 - INFO - [2025-04-23 18:22:09] INFO - base_url: https://www.booking.com/searchresults.html?label=gog235jc-1DCAEoggI46AdIM1gDaGyIAQGYATG4AQfIAQzYAQPoAQH4AQKIAgGoAgO4As_0h8AGwAIB0gIkMzJhOGRkNTItN2Y0NS00OGIyLWI0NDMtOGRjODk1MjQxNDlh2AIE4AIB&aid=397594&ss=Himachal+Pradesh%2C+India&ssne=Uttarakhand&ssne_untouched=Uttarakhand&lang=en-us&src=searchresults&dest_id=3482&dest_type=region&ac_position=1&ac_click_type=b&ac_langcode=en&ac_suggestion_list_length=5&search_selected=true&search_pageview_id=ce3f33fa3adb003e&checkin=2025-04-18&checkout=2025-04-19&group_adults=2&no_rooms=1&group_children=0&nflt=hotelfacility%3D54%3Bht_id%3D206
2025-04-23 18:22:09,854 - INFO - [2025-04-23 18:22:09] INFO - concurrent_settings: {'base_request_delay': 2, 'job_spacing_delay': 3, 'max_concurrent_jobs': 3, 'max_concurrent_requests': 2}
2025-04-23 18:22:09,854 - INFO - [2025-04-23 18:22:09] INFO - container_selector: div.c82435a4b8.a178069f51.a6ae3c2b40
2025-04-23 18:22:09,854 - INFO - [2025-04-23 18:22:09] INFO - initial_wait: 3
2025-04-23 18:22:09,854 - INFO - [2025-04-23 18:22:09] INFO - load_more_selector: 
2025-04-23 18:22:09,854 - INFO - [2025-04-23 18:22:09] INFO - load_more_wait: 3
2025-04-23 18:22:09,854 - INFO - [2025-04-23 18:22:09] INFO - max_pages: 1
2025-04-23 18:22:09,855 - INFO - [2025-04-23 18:22:09] INFO - max_scroll_attempts: 20
2025-04-23 18:22:09,855 - INFO - [2025-04-23 18:22:09] INFO - next_page_selector: 
2025-04-23 18:22:09,855 - INFO - [2025-04-23 18:22:09] INFO - output_excel: output/75778a00-a44c-4206-8307-46038525e455\scraped_data.xlsx
2025-04-23 18:22:09,855 - INFO - [2025-04-23 18:22:09] INFO - output_json: output/75778a00-a44c-4206-8307-46038525e455\scraped_data.json
2025-04-23 18:22:09,855 - INFO - [2025-04-23 18:22:09] INFO - page_wait: 2
2025-04-23 18:22:09,855 - INFO - [2025-04-23 18:22:09] INFO - paginate: False
2025-04-23 18:22:09,855 - INFO - [2025-04-23 18:22:09] INFO - scrape_subpages: False
2025-04-23 18:22:09,855 - INFO - [2025-04-23 18:22:09] INFO - scroll: True
2025-04-23 18:22:09,855 - INFO - [2025-04-23 18:22:09] INFO - scroll_wait: 10
2025-04-23 18:22:09,855 - INFO - [2025-04-23 18:22:09] INFO - start_page: 1
2025-04-23 18:22:09,855 - INFO - [2025-04-23 18:22:09] INFO - subpage_wait: 3
2025-04-23 18:22:09,855 - INFO - [2025-04-23 18:22:09] INFO - job_id: 75778a00-a44c-4206-8307-46038525e455
2025-04-23 18:22:09,855 - INFO - [2025-04-23 18:22:09] INFO - user_id: user_yhb37ahbkv_1745349248925
2025-04-23 18:22:09,855 - INFO - [2025-04-23 18:22:09] INFO - concurrent: True
2025-04-23 18:22:09,855 - INFO - [2025-04-23 18:22:09] INFO - output_dir: output/75778a00-a44c-4206-8307-46038525e455
2025-04-23 18:22:09,855 - INFO - [2025-04-23 18:22:09] INFO - log_file: output/75778a00-a44c-4206-8307-46038525e455\scraper.log
2025-04-23 18:22:09,855 - INFO - [2025-04-23 18:22:09] INFO - request_delay: 4
2025-04-23 18:22:09,855 - INFO - [2025-04-23 18:22:09] INFO - max_concurrent_requests: 2
2025-04-23 18:22:09,855 - INFO - [2025-04-23 18:22:09] INFO - job_start_time: 2025-04-23T18:22:05.872115
2025-04-23 18:22:09,855 - INFO - [2025-04-23 18:22:09] INFO - headless: True
2025-04-23 18:22:09,855 - INFO - [2025-04-23 18:22:09] INFO - Concurrent scraping settings:
2025-04-23 18:22:09,855 - INFO - [2025-04-23 18:22:09] INFO - Job ID: 75778a00-a44c-4206-8307-46038525e455
2025-04-23 18:22:09,855 - INFO - [2025-04-23 18:22:09] INFO - User ID: user_yhb37ahbkv_1745349248925
2025-04-23 18:22:09,855 - INFO - [2025-04-23 18:22:09] INFO - Request delay: 4s
2025-04-23 18:22:09,855 - INFO - [2025-04-23 18:22:09] INFO - Max concurrent requests: 2
2025-04-23 18:22:09,855 - INFO - [2025-04-23 18:22:09] INFO - Concurrent scraping settings:
2025-04-23 18:22:09,856 - INFO - [2025-04-23 18:22:09] INFO - Job ID: 75778a00-a44c-4206-8307-46038525e455
2025-04-23 18:22:09,856 - INFO - [2025-04-23 18:22:09] INFO - User ID: user_yhb37ahbkv_1745349248925
2025-04-23 18:22:09,856 - INFO - [2025-04-23 18:22:09] INFO - Request delay: 4s
2025-04-23 18:22:09,856 - INFO - [2025-04-23 18:22:09] INFO - Max concurrent requests: 2
2025-04-23 18:22:09,856 - INFO - [2025-04-23 18:22:09] INFO - Starting scraper with configuration:
2025-04-23 18:22:09,856 - INFO - [2025-04-23 18:22:09] INFO - {
  "base_url": "https://www.booking.com/searchresults.html?label=gog235jc-1DCAEoggI46AdIM1gDaGyIAQGYATG4AQfIAQzYAQPoAQH4AQKIAgGoAgO4As_0h8AGwAIB0gIkMzJhOGRkNTItN2Y0NS00OGIyLWI0NDMtOGRjODk1MjQxNDlh2AIE4AIB&aid=397594&ss=Himachal+Pradesh%2C+India&ssne=Uttarakhand&ssne_untouched=Uttarakhand&lang=en-us&src=searchresults&dest_id=3482&dest_type=region&ac_position=1&ac_click_type=b&ac_langcode=en&ac_suggestion_list_length=5&search_selected=true&search_pageview_id=ce3f33fa3adb003e&checkin=2025-04-18&checkout=2025-04-19&group_adults=2&no_rooms=1&group_children=0&nflt=hotelfacility%3D54%3Bht_id%3D206",
  "concurrent_settings": {
    "base_request_delay": 2,
    "job_spacing_delay": 3,
    "max_concurrent_jobs": 3,
    "max_concurrent_requests": 2
  },
  "container_selector": "div.c82435a4b8.a178069f51.a6ae3c2b40",
  "initial_wait": 3,
  "load_more_selector": "",
  "load_more_wait": 3,
  "max_pages": 1,
  "max_scroll_attempts": 20,
  "next_page_selector": "",
  "output_excel": "output/75778a00-a44c-4206-8307-46038525e455\\scraped_data.xlsx",
  "output_json": "output/75778a00-a44c-4206-8307-46038525e455\\scraped_data.json",
  "page_wait": 2,
  "paginate": false,
  "scrape_subpages": false,
  "scroll": true,
  "scroll_wait": 10,
  "start_page": 1,
  "subpage_wait": 3,
  "job_id": "75778a00-a44c-4206-8307-46038525e455",
  "user_id": "user_yhb37ahbkv_1745349248925",
  "concurrent": true,
  "output_dir": "output/75778a00-a44c-4206-8307-46038525e455",
  "log_file": "output/75778a00-a44c-4206-8307-46038525e455\\scraper.log",
  "request_delay": 4,
  "max_concurrent_requests": 2,
  "job_start_time": "2025-04-23T18:22:05.872115",
  "headless": true
}
2025-04-23 18:22:10,126 - INFO - [2025-04-23 18:22:10] INFO - Detected Chrome version: 135.0.7049.114
2025-04-23 18:22:12,793 - INFO - [2025-04-23 18:22:12] INFO - Successfully initialized Chrome driver with version 135.0.0
2025-04-23 18:22:12,794 - INFO - [2025-04-23 18:22:12] INFO - Job started for user user_yhb37ahbkv_1745349248925 (Job ID: 75778a00-a44c-4206-8307-46038525e455)
2025-04-23 18:22:12,794 - INFO - [2025-04-23 18:22:12] INFO - Phase 1: Collecting main fields and links from all pages...
2025-04-23 18:22:16,329 - INFO - [2025-04-23 18:22:16] INFO - Navigated to base URL: https://www.booking.com/searchresults.html?label=gog235jc-1DCAEoggI46AdIM1gDaGyIAQGYATG4AQfIAQzYAQPoAQH4AQKIAgGoAgO4As_0h8AGwAIB0gIkMzJhOGRkNTItN2Y0NS00OGIyLWI0NDMtOGRjODk1MjQxNDlh2AIE4AIB&aid=397594&ss=Himachal+Pradesh%2C+India&ssne=Uttarakhand&ssne_untouched=Uttarakhand&lang=en-us&src=searchresults&dest_id=3482&dest_type=region&ac_position=1&ac_click_type=b&ac_langcode=en&ac_suggestion_list_length=5&search_selected=true&search_pageview_id=ce3f33fa3adb003e&checkin=2025-04-18&checkout=2025-04-19&group_adults=2&no_rooms=1&group_children=0&nflt=hotelfacility%3D54%3Bht_id%3D206
2025-04-23 18:22:20,352 - INFO - [2025-04-23 18:22:20] INFO - Scraping main fields from page 1...
2025-04-23 18:22:20,352 - INFO - [2025-04-23 18:22:20] INFO - Starting to scroll down the page to load all content...
2025-04-23 18:22:30,393 - INFO - [2025-04-23 18:22:30] INFO - Scrolling further down to load more content...
2025-04-23 18:23:00,447 - INFO - [2025-04-23 18:23:00] INFO - Reached the bottom of the page - no more content to load
2025-04-23 18:23:00,462 - INFO - [2025-04-23 18:23:00] INFO - Found 31 items on page 1
2025-04-23 18:23:00,491 - INFO - [2025-04-23 18:23:00] INFO - Extracted 'resorts': WelcomHeritage Parv Vilas Resort & Spa
2025-04-23 18:23:00,512 - INFO - [2025-04-23 18:23:00] INFO - Extracted 'resorts': Jannat Resort and Spa Manali A Centrally Heated Himalayas View Resort
2025-04-23 18:23:00,551 - INFO - [2025-04-23 18:23:00] INFO - Extracted 'resorts': Indraprastha Spa Resort
2025-04-23 18:23:00,570 - INFO - [2025-04-23 18:23:00] INFO - Extracted 'resorts': Hyatt Regency Dharamshala Resort
2025-04-23 18:23:00,584 - INFO - [2025-04-23 18:23:00] INFO - Extracted 'resorts': Storii By ITC Hotels, Amoha Retreat Dharamshala
2025-04-23 18:23:00,600 - INFO - [2025-04-23 18:23:00] INFO - Extracted 'resorts': Marigold Sarovar Portico Shimla
2025-04-23 18:23:00,616 - INFO - [2025-04-23 18:23:00] INFO - Extracted 'resorts': Chillaru Spa & Resort
2025-04-23 18:23:00,631 - INFO - [2025-04-23 18:23:00] INFO - Extracted 'resorts': Regenta Resort & Spa Mashobra
2025-04-23 18:23:00,646 - INFO - [2025-04-23 18:23:00] INFO - Extracted 'resorts': Toshali Royal View ,S H I M L A
2025-04-23 18:23:00,660 - INFO - [2025-04-23 18:23:00] INFO - Extracted 'resorts': Taj Theog Resort & Spa Shimla
2025-04-23 18:23:00,674 - INFO - [2025-04-23 18:23:00] INFO - Extracted 'resorts': Anantam Resort & Spa
2025-04-23 18:23:00,687 - INFO - [2025-04-23 18:23:00] INFO - Extracted 'resorts': Araiya Palampur
2025-04-23 18:23:00,701 - INFO - [2025-04-23 18:23:00] INFO - Extracted 'resorts': Span Resort and Spa, Manali
2025-04-23 18:23:00,715 - INFO - [2025-04-23 18:23:00] INFO - Extracted 'resorts': The Chalets Naldehra
2025-04-23 18:23:00,728 - INFO - [2025-04-23 18:23:00] INFO - Extracted 'resorts': Manuallaya The Resort & Spa
2025-04-23 18:23:00,742 - INFO - [2025-04-23 18:23:00] INFO - Extracted 'resorts': Deventure Shimla Hills
2025-04-23 18:23:00,755 - INFO - [2025-04-23 18:23:00] INFO - Extracted 'resorts': The Mōcana Himalayas, Shimla
2025-04-23 18:23:00,769 - INFO - [2025-04-23 18:23:00] INFO - Extracted 'resorts': The Anantmaya Resort
2025-04-23 18:23:00,787 - INFO - [2025-04-23 18:23:00] INFO - Extracted 'resorts': Sterling Kufri
2025-04-23 18:23:00,802 - INFO - [2025-04-23 18:23:00] INFO - Extracted 'resorts': Club Mahindra Mashobra
2025-04-23 18:23:00,826 - INFO - [2025-04-23 18:23:00] INFO - Extracted 'resorts': Snow Flakes Resort And Spa Centrally Heated Luxury Resort
2025-04-23 18:23:00,844 - INFO - [2025-04-23 18:23:00] INFO - Extracted 'resorts': juSTa Cliffend Resort & Spa, Mashobra
2025-04-23 18:23:00,860 - INFO - [2025-04-23 18:23:00] INFO - Extracted 'resorts': Moksha Himalaya Spa Resort
2025-04-23 18:23:00,874 - INFO - [2025-04-23 18:23:00] INFO - Extracted 'resorts': The Fern Surya Resort Kasauli Hills, Dharampur
2025-04-23 18:23:00,888 - INFO - [2025-04-23 18:23:00] INFO - Extracted 'resorts': juSTa Birding Resort & Spa - Best Dhauladhar View Resort
2025-04-23 18:23:00,895 - WARNING - [2025-04-23 18:23:00] WARNING - Couldn't extract 'resorts': Message: no such element: Unable to locate element: {"method":"css selector","selector":"div.f6431b446c.a15b38c233"}
  (Session info: chrome=135.0.7049.114); For documentation on this error, please visit: https://www.selenium.dev/documentation/webdriver/troubleshooting/errors#no-such-element-exception
Stacktrace:
	GetHandleVerifier [0x002A7FD3+60707]
	GetHandleVerifier [0x002A8014+60772]
	(No symbol) [0x000D0683]
	(No symbol) [0x00118660]
	(No symbol) [0x001189FB]
	(No symbol) [0x0010DD81]
	(No symbol) [0x0013D094]
	(No symbol) [0x0010DCA4]
	(No symbol) [0x0013D2C4]
	(No symbol) [0x0015E824]
	(No symbol) [0x0013CE46]
	(No symbol) [0x0010C5D3]
	(No symbol) [0x0010D424]
	GetHandleVerifier [0x004EBAB3+2435075]
	GetHandleVerifier [0x004E7053+2416035]
	GetHandleVerifier [0x005033FC+2531660]
	GetHandleVerifier [0x002BF0A5+155125]
	GetHandleVerifier [0x002C5A4D+182173]
	GetHandleVerifier [0x002AF8A8+91640]
	GetHandleVerifier [0x002AFA50+92064]
	GetHandleVerifier [0x0029A510+4704]
	BaseThreadInitThunk [0x76AB5D49+25]
	RtlInitializeExceptionChain [0x7771CF0B+107]
	RtlGetAppContainerNamedObjectPath [0x7771CE91+561]
	(No symbol) [0x00000000]

2025-04-23 18:23:00,911 - INFO - [2025-04-23 18:23:00] INFO - Extracted 'resorts': Asia Spa Resort
2025-04-23 18:23:00,926 - INFO - [2025-04-23 18:23:00] INFO - Extracted 'resorts': Antaraal Resort & Spa A Village Resort
2025-04-23 18:23:00,941 - INFO - [2025-04-23 18:23:00] INFO - Extracted 'resorts': Solang Valley Resort
2025-04-23 18:23:00,954 - INFO - [2025-04-23 18:23:00] INFO - Extracted 'resorts': Mastiff Grand Manali Resort
2025-04-23 18:23:00,966 - INFO - [2025-04-23 18:23:00] INFO - Extracted 'resorts': Tiaraa Jujurana Resort & Spa
2025-04-23 18:23:01,289 - INFO - [2025-04-23 18:23:01] INFO - 
[SUCCESS] Scraping complete. 31 items saved.
2025-04-23 18:23:01,289 - INFO - [2025-04-23 18:23:01] INFO - Results saved to JSON: output/75778a00-a44c-4206-8307-46038525e455\scraped_data.json
2025-04-23 18:23:01,290 - INFO - [2025-04-23 18:23:01] INFO - Results saved to Excel: output/75778a00-a44c-4206-8307-46038525e455\scraped_data.xlsx
2025-04-23 18:23:01,290 - INFO - [2025-04-23 18:23:01] INFO - Scraper completed successfully
2025-04-23 18:23:01,290 - INFO - [2025-04-23 18:23:01] INFO - Cleaning up driver after successful scraping...
2025-04-23 18:23:01,443 - INFO - [2025-04-23 18:23:01] INFO - Successfully closed browser window
2025-04-23 18:23:03,545 - INFO - [2025-04-23 18:23:03] INFO - Successfully quit driver
