2025-05-01 10:33:26,065 - INFO - [2025-05-01 10:33:26] INFO - Added file handler for log file: output/884c5927-565a-475d-bbf3-5834489262d5/scraper.log
2025-05-01 10:33:26,066 - INFO - [2025-05-01 10:33:26] INFO - Starting scraper with configuration:
2025-05-01 10:33:26,067 - INFO - [2025-05-01 10:33:26] INFO - base_url: https://giohis.com/speakers/
2025-05-01 10:33:26,068 - INFO - [2025-05-01 10:33:26] INFO - concurrent_settings: {'base_request_delay': 2, 'job_spacing_delay': 3, 'max_concurrent_jobs': 3, 'max_concurrent_requests': 2}
2025-05-01 10:33:26,068 - INFO - [2025-05-01 10:33:26] INFO - container_selector: div.attendee_wrap.clearfix
2025-05-01 10:33:26,069 - INFO - [2025-05-01 10:33:26] INFO - initial_wait: 3
2025-05-01 10:33:26,070 - INFO - [2025-05-01 10:33:26] INFO - load_more_selector: 
2025-05-01 10:33:26,070 - INFO - [2025-05-01 10:33:26] INFO - load_more_wait: 3
2025-05-01 10:33:26,071 - INFO - [2025-05-01 10:33:26] INFO - max_pages: 1
2025-05-01 10:33:26,072 - INFO - [2025-05-01 10:33:26] INFO - max_scroll_attempts: 20
2025-05-01 10:33:26,073 - INFO - [2025-05-01 10:33:26] INFO - next_page_selector: 
2025-05-01 10:33:26,074 - INFO - [2025-05-01 10:33:26] INFO - output_excel: output/884c5927-565a-475d-bbf3-5834489262d5/scraped_data.xlsx
2025-05-01 10:33:26,074 - INFO - [2025-05-01 10:33:26] INFO - output_json: output/884c5927-565a-475d-bbf3-5834489262d5/scraped_data.json
2025-05-01 10:33:26,075 - INFO - [2025-05-01 10:33:26] INFO - page_wait: 2
2025-05-01 10:33:26,075 - INFO - [2025-05-01 10:33:26] INFO - paginate: False
2025-05-01 10:33:26,076 - INFO - [2025-05-01 10:33:26] INFO - scrape_subpages: False
2025-05-01 10:33:26,076 - INFO - [2025-05-01 10:33:26] INFO - scroll: True
2025-05-01 10:33:26,076 - INFO - [2025-05-01 10:33:26] INFO - scroll_wait: 3
2025-05-01 10:33:26,077 - INFO - [2025-05-01 10:33:26] INFO - start_page: 1
2025-05-01 10:33:26,077 - INFO - [2025-05-01 10:33:26] INFO - subpage_wait: 3
2025-05-01 10:33:26,077 - INFO - [2025-05-01 10:33:26] INFO - job_id: 884c5927-565a-475d-bbf3-5834489262d5
2025-05-01 10:33:26,078 - INFO - [2025-05-01 10:33:26] INFO - user_id: user_h4hctrxqreu_1745474290425
2025-05-01 10:33:26,078 - INFO - [2025-05-01 10:33:26] INFO - concurrent: True
2025-05-01 10:33:26,078 - INFO - [2025-05-01 10:33:26] INFO - output_dir: output/884c5927-565a-475d-bbf3-5834489262d5
2025-05-01 10:33:26,079 - INFO - [2025-05-01 10:33:26] INFO - log_file: output/884c5927-565a-475d-bbf3-5834489262d5/scraper.log
2025-05-01 10:33:26,079 - INFO - [2025-05-01 10:33:26] INFO - request_delay: 4
2025-05-01 10:33:26,079 - INFO - [2025-05-01 10:33:26] INFO - max_concurrent_requests: 2
2025-05-01 10:33:26,080 - INFO - [2025-05-01 10:33:26] INFO - job_start_time: 2025-05-01T10:33:25.507941
2025-05-01 10:33:26,080 - INFO - [2025-05-01 10:33:26] INFO - headless: True
2025-05-01 10:33:26,081 - INFO - [2025-05-01 10:33:26] INFO - Concurrent scraping settings:
2025-05-01 10:33:26,081 - INFO - [2025-05-01 10:33:26] INFO - Job ID: 884c5927-565a-475d-bbf3-5834489262d5
2025-05-01 10:33:26,081 - INFO - [2025-05-01 10:33:26] INFO - User ID: user_h4hctrxqreu_1745474290425
2025-05-01 10:33:26,082 - INFO - [2025-05-01 10:33:26] INFO - Request delay: 4s
2025-05-01 10:33:26,082 - INFO - [2025-05-01 10:33:26] INFO - Max concurrent requests: 2
2025-05-01 10:33:26,083 - INFO - [2025-05-01 10:33:26] INFO - Concurrent scraping settings:
2025-05-01 10:33:26,083 - INFO - [2025-05-01 10:33:26] INFO - Job ID: 884c5927-565a-475d-bbf3-5834489262d5
2025-05-01 10:33:26,083 - INFO - [2025-05-01 10:33:26] INFO - User ID: user_h4hctrxqreu_1745474290425
2025-05-01 10:33:26,084 - INFO - [2025-05-01 10:33:26] INFO - Request delay: 4s
2025-05-01 10:33:26,086 - INFO - [2025-05-01 10:33:26] INFO - Max concurrent requests: 2
2025-05-01 10:33:26,089 - INFO - [2025-05-01 10:33:26] INFO - Starting scraper with configuration:
2025-05-01 10:33:26,090 - INFO - [2025-05-01 10:33:26] INFO - {
  "base_url": "https://giohis.com/speakers/",
  "concurrent_settings": {
    "base_request_delay": 2,
    "job_spacing_delay": 3,
    "max_concurrent_jobs": 3,
    "max_concurrent_requests": 2
  },
  "container_selector": "div.attendee_wrap.clearfix",
  "initial_wait": 3,
  "load_more_selector": "",
  "load_more_wait": 3,
  "max_pages": 1,
  "max_scroll_attempts": 20,
  "next_page_selector": "",
  "output_excel": "output/884c5927-565a-475d-bbf3-5834489262d5/scraped_data.xlsx",
  "output_json": "output/884c5927-565a-475d-bbf3-5834489262d5/scraped_data.json",
  "page_wait": 2,
  "paginate": false,
  "scrape_subpages": false,
  "scroll": true,
  "scroll_wait": 3,
  "start_page": 1,
  "subpage_wait": 3,
  "job_id": "884c5927-565a-475d-bbf3-5834489262d5",
  "user_id": "user_h4hctrxqreu_1745474290425",
  "concurrent": true,
  "output_dir": "output/884c5927-565a-475d-bbf3-5834489262d5",
  "log_file": "output/884c5927-565a-475d-bbf3-5834489262d5/scraper.log",
  "request_delay": 4,
  "max_concurrent_requests": 2,
  "job_start_time": "2025-05-01T10:33:25.507941",
  "headless": true
}
2025-05-01 10:33:26,091 - INFO - [2025-05-01 10:33:26] INFO - Using ChromeDriverManager with default version
2025-05-01 10:33:26,795 - ERROR - [2025-05-01 10:33:26] ERROR - Error setting up Chrome WebDriver: There is no such driver by url https://chromedriver.storage.googleapis.com/LATEST_RELEASE_136.0.7103
2025-05-01 10:33:26,796 - ERROR - [2025-05-01 10:33:26] ERROR - Error during scraping: There is no such driver by url https://chromedriver.storage.googleapis.com/LATEST_RELEASE_136.0.7103
2025-05-01 10:33:26,798 - ERROR - [2025-05-01 10:33:26] ERROR - Scraper failed with return code 1
