2025-04-22 21:27:33,191 - INFO - [2025-04-22 21:27:33] INFO - Added file handler for log file: output/e929ce0d-25a7-479e-804c-f1867f7d1daf\scraper.log
2025-04-22 21:27:33,191 - INFO - [2025-04-22 21:27:33] INFO - Starting scraper with configuration:
2025-04-22 21:27:33,191 - INFO - [2025-04-22 21:27:33] INFO - base_url: https://www.booking.com/searchresults.html?label=gog235jc-1DCAEoggI46AdIM1gDaGyIAQGYATG4AQfIAQzYAQPoAQH4AQKIAgGoAgO4As_0h8AGwAIB0gIkMzJhOGRkNTItN2Y0NS00OGIyLWI0NDMtOGRjODk1MjQxNDlh2AIE4AIB&aid=397594&ss=Himachal+Pradesh%2C+India&ssne=Uttarakhand&ssne_untouched=Uttarakhand&lang=en-us&src=searchresults&dest_id=3482&dest_type=region&ac_position=1&ac_click_type=b&ac_langcode=en&ac_suggestion_list_length=5&search_selected=true&search_pageview_id=ce3f33fa3adb003e&checkin=2025-04-18&checkout=2025-04-19&group_adults=2&no_rooms=1&group_children=0&nflt=hotelfacility%3D54%3Bht_id%3D206
2025-04-22 21:27:33,192 - INFO - [2025-04-22 21:27:33] INFO - concurrent_settings: {'base_request_delay': 2, 'job_spacing_delay': 3, 'max_concurrent_jobs': 3, 'max_concurrent_requests': 2}
2025-04-22 21:27:33,192 - INFO - [2025-04-22 21:27:33] INFO - container_selector: div.c82435a4b8.a178069f51.a6ae3c2b40
2025-04-22 21:27:33,192 - INFO - [2025-04-22 21:27:33] INFO - initial_wait: 3
2025-04-22 21:27:33,192 - INFO - [2025-04-22 21:27:33] INFO - load_more_selector: 
2025-04-22 21:27:33,192 - INFO - [2025-04-22 21:27:33] INFO - load_more_wait: 3
2025-04-22 21:27:33,192 - INFO - [2025-04-22 21:27:33] INFO - max_pages: 1
2025-04-22 21:27:33,192 - INFO - [2025-04-22 21:27:33] INFO - max_scroll_attempts: 20
2025-04-22 21:27:33,192 - INFO - [2025-04-22 21:27:33] INFO - next_page_selector: 
2025-04-22 21:27:33,192 - INFO - [2025-04-22 21:27:33] INFO - output_excel: output/e929ce0d-25a7-479e-804c-f1867f7d1daf\scraped_data.xlsx
2025-04-22 21:27:33,192 - INFO - [2025-04-22 21:27:33] INFO - output_json: output/e929ce0d-25a7-479e-804c-f1867f7d1daf\scraped_data.json
2025-04-22 21:27:33,193 - INFO - [2025-04-22 21:27:33] INFO - page_wait: 2
2025-04-22 21:27:33,193 - INFO - [2025-04-22 21:27:33] INFO - paginate: False
2025-04-22 21:27:33,193 - INFO - [2025-04-22 21:27:33] INFO - scrape_subpages: False
2025-04-22 21:27:33,193 - INFO - [2025-04-22 21:27:33] INFO - scroll: True
2025-04-22 21:27:33,193 - INFO - [2025-04-22 21:27:33] INFO - scroll_wait: 3
2025-04-22 21:27:33,193 - INFO - [2025-04-22 21:27:33] INFO - start_page: 1
2025-04-22 21:27:33,193 - INFO - [2025-04-22 21:27:33] INFO - subpage_wait: 3
2025-04-22 21:27:33,193 - INFO - [2025-04-22 21:27:33] INFO - job_id: e929ce0d-25a7-479e-804c-f1867f7d1daf
2025-04-22 21:27:33,193 - INFO - [2025-04-22 21:27:33] INFO - user_id: user_khiboz5p84_1745132256993
2025-04-22 21:27:33,193 - INFO - [2025-04-22 21:27:33] INFO - concurrent: True
2025-04-22 21:27:33,193 - INFO - [2025-04-22 21:27:33] INFO - output_dir: output/e929ce0d-25a7-479e-804c-f1867f7d1daf
2025-04-22 21:27:33,193 - INFO - [2025-04-22 21:27:33] INFO - log_file: output/e929ce0d-25a7-479e-804c-f1867f7d1daf\scraper.log
2025-04-22 21:27:33,193 - INFO - [2025-04-22 21:27:33] INFO - request_delay: 4
2025-04-22 21:27:33,193 - INFO - [2025-04-22 21:27:33] INFO - max_concurrent_requests: 2
2025-04-22 21:27:33,193 - INFO - [2025-04-22 21:27:33] INFO - job_start_time: 2025-04-22T21:27:29.232089
2025-04-22 21:27:33,193 - INFO - [2025-04-22 21:27:33] INFO - headless: True
2025-04-22 21:27:33,193 - INFO - [2025-04-22 21:27:33] INFO - Concurrent scraping settings:
2025-04-22 21:27:33,194 - INFO - [2025-04-22 21:27:33] INFO - Job ID: e929ce0d-25a7-479e-804c-f1867f7d1daf
2025-04-22 21:27:33,194 - INFO - [2025-04-22 21:27:33] INFO - User ID: user_khiboz5p84_1745132256993
2025-04-22 21:27:33,194 - INFO - [2025-04-22 21:27:33] INFO - Request delay: 4s
2025-04-22 21:27:33,194 - INFO - [2025-04-22 21:27:33] INFO - Max concurrent requests: 2
2025-04-22 21:27:33,194 - INFO - [2025-04-22 21:27:33] INFO - Concurrent scraping settings:
2025-04-22 21:27:33,194 - INFO - [2025-04-22 21:27:33] INFO - Job ID: e929ce0d-25a7-479e-804c-f1867f7d1daf
2025-04-22 21:27:33,195 - INFO - [2025-04-22 21:27:33] INFO - User ID: user_khiboz5p84_1745132256993
2025-04-22 21:27:33,195 - INFO - [2025-04-22 21:27:33] INFO - Request delay: 4s
2025-04-22 21:27:33,195 - INFO - [2025-04-22 21:27:33] INFO - Max concurrent requests: 2
2025-04-22 21:27:33,195 - INFO - [2025-04-22 21:27:33] INFO - Starting scraper with configuration:
2025-04-22 21:27:33,195 - INFO - [2025-04-22 21:27:33] INFO - {
  "base_url": "https://www.booking.com/searchresults.html?label=gog235jc-1DCAEoggI46AdIM1gDaGyIAQGYATG4AQfIAQzYAQPoAQH4AQKIAgGoAgO4As_0h8AGwAIB0gIkMzJhOGRkNTItN2Y0NS00OGIyLWI0NDMtOGRjODk1MjQxNDlh2AIE4AIB&aid=397594&ss=Himachal+Pradesh%2C+India&ssne=Uttarakhand&ssne_untouched=Uttarakhand&lang=en-us&src=searchresults&dest_id=3482&dest_type=region&ac_position=1&ac_click_type=b&ac_langcode=en&ac_suggestion_list_length=5&search_selected=true&search_pageview_id=ce3f33fa3adb003e&checkin=2025-04-18&checkout=2025-04-19&group_adults=2&no_rooms=1&group_children=0&nflt=hotelfacility%3D54%3Bht_id%3D206",
  "concurrent_settings": {
    "base_request_delay": 2,
    "job_spacing_delay": 3,
    "max_concurrent_jobs": 3,
    "max_concurrent_requests": 2
  },
  "container_selector": "div.c82435a4b8.a178069f51.a6ae3c2b40",
  "initial_wait": 3,
  "load_more_selector": "",
  "load_more_wait": 3,
  "max_pages": 1,
  "max_scroll_attempts": 20,
  "next_page_selector": "",
  "output_excel": "output/e929ce0d-25a7-479e-804c-f1867f7d1daf\\scraped_data.xlsx",
  "output_json": "output/e929ce0d-25a7-479e-804c-f1867f7d1daf\\scraped_data.json",
  "page_wait": 2,
  "paginate": false,
  "scrape_subpages": false,
  "scroll": true,
  "scroll_wait": 3,
  "start_page": 1,
  "subpage_wait": 3,
  "job_id": "e929ce0d-25a7-479e-804c-f1867f7d1daf",
  "user_id": "user_khiboz5p84_1745132256993",
  "concurrent": true,
  "output_dir": "output/e929ce0d-25a7-479e-804c-f1867f7d1daf",
  "log_file": "output/e929ce0d-25a7-479e-804c-f1867f7d1daf\\scraper.log",
  "request_delay": 4,
  "max_concurrent_requests": 2,
  "job_start_time": "2025-04-22T21:27:29.232089",
  "headless": true
}
2025-04-22 21:27:33,195 - INFO - [2025-04-22 21:27:33] INFO - Attempting to use undetected-chromedriver...
2025-04-22 21:27:35,966 - INFO - [2025-04-22 21:27:35] INFO - Successfully initialized Chrome with undetected-chromedriver
2025-04-22 21:27:35,966 - INFO - [2025-04-22 21:27:35] INFO - Job started for user user_khiboz5p84_1745132256993 (Job ID: e929ce0d-25a7-479e-804c-f1867f7d1daf)
2025-04-22 21:27:35,966 - INFO - [2025-04-22 21:27:35] INFO - Phase 1: Collecting main fields and links from all pages...
