2025-04-24 21:31:03,228 - INFO - [2025-04-24 21:31:03] INFO - Added file handler for log file: output/944c54ca-fa72-4496-94b2-bb3d4ed65c07\scraper.log
2025-04-24 21:31:03,229 - INFO - [2025-04-24 21:31:03] INFO - Starting scraper with configuration:
2025-04-24 21:31:03,229 - INFO - [2025-04-24 21:31:03] INFO - base_url: https://www.griclub.org/program/participants/empowered-by-gcc-global-capital-connectors-series_1810
2025-04-24 21:31:03,229 - INFO - [2025-04-24 21:31:03] INFO - concurrent_settings: {'base_request_delay': 2, 'job_spacing_delay': 3, 'max_concurrent_jobs': 3, 'max_concurrent_requests': 2}
2025-04-24 21:31:03,229 - INFO - [2025-04-24 21:31:03] INFO - container_selector: div.c82435a4b8.a178069f51.a6ae3c2b40
2025-04-24 21:31:03,229 - INFO - [2025-04-24 21:31:03] INFO - initial_wait: 3
2025-04-24 21:31:03,229 - INFO - [2025-04-24 21:31:03] INFO - load_more_selector: 
2025-04-24 21:31:03,229 - INFO - [2025-04-24 21:31:03] INFO - load_more_wait: 3
2025-04-24 21:31:03,229 - INFO - [2025-04-24 21:31:03] INFO - max_pages: 1
2025-04-24 21:31:03,230 - INFO - [2025-04-24 21:31:03] INFO - max_scroll_attempts: 20
2025-04-24 21:31:03,230 - INFO - [2025-04-24 21:31:03] INFO - next_page_selector: 
2025-04-24 21:31:03,230 - INFO - [2025-04-24 21:31:03] INFO - output_excel: output/944c54ca-fa72-4496-94b2-bb3d4ed65c07\scraped_data.xlsx
2025-04-24 21:31:03,230 - INFO - [2025-04-24 21:31:03] INFO - output_json: output/944c54ca-fa72-4496-94b2-bb3d4ed65c07\scraped_data.json
2025-04-24 21:31:03,230 - INFO - [2025-04-24 21:31:03] INFO - page_wait: 2
2025-04-24 21:31:03,230 - INFO - [2025-04-24 21:31:03] INFO - paginate: False
2025-04-24 21:31:03,230 - INFO - [2025-04-24 21:31:03] INFO - scrape_subpages: False
2025-04-24 21:31:03,230 - INFO - [2025-04-24 21:31:03] INFO - scroll: False
2025-04-24 21:31:03,230 - INFO - [2025-04-24 21:31:03] INFO - scroll_wait: 3
2025-04-24 21:31:03,230 - INFO - [2025-04-24 21:31:03] INFO - start_page: 1
2025-04-24 21:31:03,230 - INFO - [2025-04-24 21:31:03] INFO - subpage_wait: 3
2025-04-24 21:31:03,230 - INFO - [2025-04-24 21:31:03] INFO - job_id: 944c54ca-fa72-4496-94b2-bb3d4ed65c07
2025-04-24 21:31:03,230 - INFO - [2025-04-24 21:31:03] INFO - user_id: user_h4hctrxqreu_1745474290425
2025-04-24 21:31:03,230 - INFO - [2025-04-24 21:31:03] INFO - concurrent: True
2025-04-24 21:31:03,230 - INFO - [2025-04-24 21:31:03] INFO - output_dir: output/944c54ca-fa72-4496-94b2-bb3d4ed65c07
2025-04-24 21:31:03,230 - INFO - [2025-04-24 21:31:03] INFO - log_file: output/944c54ca-fa72-4496-94b2-bb3d4ed65c07\scraper.log
2025-04-24 21:31:03,230 - INFO - [2025-04-24 21:31:03] INFO - request_delay: 4
2025-04-24 21:31:03,230 - INFO - [2025-04-24 21:31:03] INFO - max_concurrent_requests: 2
2025-04-24 21:31:03,230 - INFO - [2025-04-24 21:31:03] INFO - job_start_time: 2025-04-24T21:30:58.982368
2025-04-24 21:31:03,230 - INFO - [2025-04-24 21:31:03] INFO - headless: True
2025-04-24 21:31:03,230 - INFO - [2025-04-24 21:31:03] INFO - Concurrent scraping settings:
2025-04-24 21:31:03,230 - INFO - [2025-04-24 21:31:03] INFO - Job ID: 944c54ca-fa72-4496-94b2-bb3d4ed65c07
2025-04-24 21:31:03,230 - INFO - [2025-04-24 21:31:03] INFO - User ID: user_h4hctrxqreu_1745474290425
2025-04-24 21:31:03,230 - INFO - [2025-04-24 21:31:03] INFO - Request delay: 4s
2025-04-24 21:31:03,230 - INFO - [2025-04-24 21:31:03] INFO - Max concurrent requests: 2
2025-04-24 21:31:03,230 - INFO - [2025-04-24 21:31:03] INFO - Concurrent scraping settings:
2025-04-24 21:31:03,230 - INFO - [2025-04-24 21:31:03] INFO - Job ID: 944c54ca-fa72-4496-94b2-bb3d4ed65c07
2025-04-24 21:31:03,231 - INFO - [2025-04-24 21:31:03] INFO - User ID: user_h4hctrxqreu_1745474290425
2025-04-24 21:31:03,231 - INFO - [2025-04-24 21:31:03] INFO - Request delay: 4s
2025-04-24 21:31:03,231 - INFO - [2025-04-24 21:31:03] INFO - Max concurrent requests: 2
2025-04-24 21:31:03,231 - INFO - [2025-04-24 21:31:03] INFO - Starting scraper with configuration:
2025-04-24 21:31:03,231 - INFO - [2025-04-24 21:31:03] INFO - {
  "base_url": "https://www.griclub.org/program/participants/empowered-by-gcc-global-capital-connectors-series_1810",
  "concurrent_settings": {
    "base_request_delay": 2,
    "job_spacing_delay": 3,
    "max_concurrent_jobs": 3,
    "max_concurrent_requests": 2
  },
  "container_selector": "div.c82435a4b8.a178069f51.a6ae3c2b40",
  "initial_wait": 3,
  "load_more_selector": "",
  "load_more_wait": 3,
  "max_pages": 1,
  "max_scroll_attempts": 20,
  "next_page_selector": "",
  "output_excel": "output/944c54ca-fa72-4496-94b2-bb3d4ed65c07\\scraped_data.xlsx",
  "output_json": "output/944c54ca-fa72-4496-94b2-bb3d4ed65c07\\scraped_data.json",
  "page_wait": 2,
  "paginate": false,
  "scrape_subpages": false,
  "scroll": false,
  "scroll_wait": 3,
  "start_page": 1,
  "subpage_wait": 3,
  "job_id": "944c54ca-fa72-4496-94b2-bb3d4ed65c07",
  "user_id": "user_h4hctrxqreu_1745474290425",
  "concurrent": true,
  "output_dir": "output/944c54ca-fa72-4496-94b2-bb3d4ed65c07",
  "log_file": "output/944c54ca-fa72-4496-94b2-bb3d4ed65c07\\scraper.log",
  "request_delay": 4,
  "max_concurrent_requests": 2,
  "job_start_time": "2025-04-24T21:30:58.982368",
  "headless": true
}
2025-04-24 21:31:03,548 - INFO - [2025-04-24 21:31:03] INFO - Detected Chrome version: 135.0.7049.114
2025-04-24 21:31:04,715 - WARNING - [2025-04-24 21:31:04] WARNING - Failed to initialize with exact version match: There is no such driver by url https://chromedriver.storage.googleapis.com/LATEST_RELEASE_135.0.7049
2025-04-24 21:31:05,949 - WARNING - [2025-04-24 21:31:05] WARNING - Failed to initialize with latest version: There is no such driver by url https://chromedriver.storage.googleapis.com/LATEST_RELEASE_135.0.7049
2025-04-24 21:31:09,024 - INFO - [2025-04-24 21:31:09] INFO - Successfully initialized Chrome with undetected-chromedriver
2025-04-24 21:31:09,028 - INFO - [2025-04-24 21:31:09] INFO - Job started for user user_h4hctrxqreu_1745474290425 (Job ID: 944c54ca-fa72-4496-94b2-bb3d4ed65c07)
2025-04-24 21:31:09,028 - INFO - [2025-04-24 21:31:09] INFO - Phase 1: Collecting main fields and links from all pages...
2025-04-24 21:31:14,100 - INFO - [2025-04-24 21:31:14] INFO - Navigated to base URL: https://www.griclub.org/program/participants/empowered-by-gcc-global-capital-connectors-series_1810
2025-04-24 21:31:18,115 - INFO - [2025-04-24 21:31:18] INFO - Scraping main fields from page 1...
2025-04-24 21:31:18,131 - INFO - [2025-04-24 21:31:18] INFO - Found 0 items on page 1
2025-04-24 21:31:18,131 - INFO - [2025-04-24 21:31:18] INFO - No items found on this page, might be last page
2025-04-24 21:31:18,554 - INFO - [2025-04-24 21:31:18] INFO - 
[SUCCESS] Scraping complete. 0 items saved.
2025-04-24 21:31:18,554 - INFO - [2025-04-24 21:31:18] INFO - Results saved to JSON: output/944c54ca-fa72-4496-94b2-bb3d4ed65c07\scraped_data.json
2025-04-24 21:31:18,554 - INFO - [2025-04-24 21:31:18] INFO - Results saved to Excel: output/944c54ca-fa72-4496-94b2-bb3d4ed65c07\scraped_data.xlsx
2025-04-24 21:31:18,554 - INFO - [2025-04-24 21:31:18] INFO - Scraper completed successfully
2025-04-24 21:31:18,554 - INFO - [2025-04-24 21:31:18] INFO - Cleaning up driver after successful scraping...
2025-04-24 21:31:18,614 - INFO - [2025-04-24 21:31:18] INFO - Successfully closed browser window
2025-04-24 21:31:18,916 - INFO - [2025-04-24 21:31:18] INFO - Successfully quit driver
