2025-04-22 15:17:23,187 - INFO - [2025-04-22 15:17:23] INFO - Added file handler for log file: output/70e5fb81-4b15-4df1-b87f-1c800c4ae3d7\scraper.log
2025-04-22 15:17:23,187 - INFO - [2025-04-22 15:17:23] INFO - Starting scraper with configuration:
2025-04-22 15:17:23,187 - INFO - [2025-04-22 15:17:23] INFO - base_url: https://www.booking.com/searchresults.html?label=gog235jc-1DCAEoggI46AdIM1gDaGyIAQGYATG4AQfIAQzYAQPoAQH4AQKIAgGoAgO4As_0h8AGwAIB0gIkMzJhOGRkNTItN2Y0NS00OGIyLWI0NDMtOGRjODk1MjQxNDlh2AIE4AIB&aid=397594&ss=Himachal+Pradesh%2C+India&ssne=Uttarakhand&ssne_untouched=Uttarakhand&lang=en-us&src=searchresults&dest_id=3482&dest_type=region&ac_position=1&ac_click_type=b&ac_langcode=en&ac_suggestion_list_length=5&search_selected=true&search_pageview_id=ce3f33fa3adb003e&checkin=2025-04-18&checkout=2025-04-19&group_adults=2&no_rooms=1&group_children=0&nflt=hotelfacility%3D54%3Bht_id%3D206
2025-04-22 15:17:23,188 - INFO - [2025-04-22 15:17:23] INFO - concurrent_settings: {'base_request_delay': 2, 'job_spacing_delay': 3, 'max_concurrent_jobs': 3, 'max_concurrent_requests': 2}
2025-04-22 15:17:23,188 - INFO - [2025-04-22 15:17:23] INFO - container_selector: div.c82435a4b8.a178069f51.a6ae3c2b40
2025-04-22 15:17:23,188 - INFO - [2025-04-22 15:17:23] INFO - initial_wait: 3
2025-04-22 15:17:23,189 - INFO - [2025-04-22 15:17:23] INFO - load_more_selector: 
2025-04-22 15:17:23,189 - INFO - [2025-04-22 15:17:23] INFO - load_more_wait: 3
2025-04-22 15:17:23,189 - INFO - [2025-04-22 15:17:23] INFO - max_pages: 1
2025-04-22 15:17:23,189 - INFO - [2025-04-22 15:17:23] INFO - max_scroll_attempts: 20
2025-04-22 15:17:23,189 - INFO - [2025-04-22 15:17:23] INFO - next_page_selector: 
2025-04-22 15:17:23,189 - INFO - [2025-04-22 15:17:23] INFO - output_excel: output/70e5fb81-4b15-4df1-b87f-1c800c4ae3d7\scraped_data.xlsx
2025-04-22 15:17:23,189 - INFO - [2025-04-22 15:17:23] INFO - output_json: output/70e5fb81-4b15-4df1-b87f-1c800c4ae3d7\scraped_data.json
2025-04-22 15:17:23,189 - INFO - [2025-04-22 15:17:23] INFO - page_wait: 2
2025-04-22 15:17:23,189 - INFO - [2025-04-22 15:17:23] INFO - paginate: False
2025-04-22 15:17:23,189 - INFO - [2025-04-22 15:17:23] INFO - scrape_subpages: False
2025-04-22 15:17:23,189 - INFO - [2025-04-22 15:17:23] INFO - scroll: True
2025-04-22 15:17:23,189 - INFO - [2025-04-22 15:17:23] INFO - scroll_wait: 3
2025-04-22 15:17:23,189 - INFO - [2025-04-22 15:17:23] INFO - start_page: 1
2025-04-22 15:17:23,189 - INFO - [2025-04-22 15:17:23] INFO - subpage_wait: 3
2025-04-22 15:17:23,189 - INFO - [2025-04-22 15:17:23] INFO - job_id: 70e5fb81-4b15-4df1-b87f-1c800c4ae3d7
2025-04-22 15:17:23,189 - INFO - [2025-04-22 15:17:23] INFO - user_id: user_khiboz5p84_1745132256993
2025-04-22 15:17:23,190 - INFO - [2025-04-22 15:17:23] INFO - concurrent: True
2025-04-22 15:17:23,190 - INFO - [2025-04-22 15:17:23] INFO - output_dir: output/70e5fb81-4b15-4df1-b87f-1c800c4ae3d7
2025-04-22 15:17:23,190 - INFO - [2025-04-22 15:17:23] INFO - log_file: output/70e5fb81-4b15-4df1-b87f-1c800c4ae3d7\scraper.log
2025-04-22 15:17:23,190 - INFO - [2025-04-22 15:17:23] INFO - request_delay: 4
2025-04-22 15:17:23,190 - INFO - [2025-04-22 15:17:23] INFO - max_concurrent_requests: 2
2025-04-22 15:17:23,190 - INFO - [2025-04-22 15:17:23] INFO - job_start_time: 2025-04-22T15:17:19.142281
2025-04-22 15:17:23,190 - INFO - [2025-04-22 15:17:23] INFO - headless: True
2025-04-22 15:17:23,190 - INFO - [2025-04-22 15:17:23] INFO - Concurrent scraping settings:
2025-04-22 15:17:23,190 - INFO - [2025-04-22 15:17:23] INFO - Job ID: 70e5fb81-4b15-4df1-b87f-1c800c4ae3d7
2025-04-22 15:17:23,190 - INFO - [2025-04-22 15:17:23] INFO - User ID: user_khiboz5p84_1745132256993
2025-04-22 15:17:23,190 - INFO - [2025-04-22 15:17:23] INFO - Request delay: 4s
2025-04-22 15:17:23,190 - INFO - [2025-04-22 15:17:23] INFO - Max concurrent requests: 2
2025-04-22 15:17:23,190 - INFO - [2025-04-22 15:17:23] INFO - Concurrent scraping settings:
2025-04-22 15:17:23,190 - INFO - [2025-04-22 15:17:23] INFO - Job ID: 70e5fb81-4b15-4df1-b87f-1c800c4ae3d7
2025-04-22 15:17:23,190 - INFO - [2025-04-22 15:17:23] INFO - User ID: user_khiboz5p84_1745132256993
2025-04-22 15:17:23,191 - INFO - [2025-04-22 15:17:23] INFO - Request delay: 4s
2025-04-22 15:17:23,191 - INFO - [2025-04-22 15:17:23] INFO - Max concurrent requests: 2
2025-04-22 15:17:23,191 - INFO - [2025-04-22 15:17:23] INFO - Starting scraper with configuration:
2025-04-22 15:17:23,191 - INFO - [2025-04-22 15:17:23] INFO - {
  "base_url": "https://www.booking.com/searchresults.html?label=gog235jc-1DCAEoggI46AdIM1gDaGyIAQGYATG4AQfIAQzYAQPoAQH4AQKIAgGoAgO4As_0h8AGwAIB0gIkMzJhOGRkNTItN2Y0NS00OGIyLWI0NDMtOGRjODk1MjQxNDlh2AIE4AIB&aid=397594&ss=Himachal+Pradesh%2C+India&ssne=Uttarakhand&ssne_untouched=Uttarakhand&lang=en-us&src=searchresults&dest_id=3482&dest_type=region&ac_position=1&ac_click_type=b&ac_langcode=en&ac_suggestion_list_length=5&search_selected=true&search_pageview_id=ce3f33fa3adb003e&checkin=2025-04-18&checkout=2025-04-19&group_adults=2&no_rooms=1&group_children=0&nflt=hotelfacility%3D54%3Bht_id%3D206",
  "concurrent_settings": {
    "base_request_delay": 2,
    "job_spacing_delay": 3,
    "max_concurrent_jobs": 3,
    "max_concurrent_requests": 2
  },
  "container_selector": "div.c82435a4b8.a178069f51.a6ae3c2b40",
  "initial_wait": 3,
  "load_more_selector": "",
  "load_more_wait": 3,
  "max_pages": 1,
  "max_scroll_attempts": 20,
  "next_page_selector": "",
  "output_excel": "output/70e5fb81-4b15-4df1-b87f-1c800c4ae3d7\\scraped_data.xlsx",
  "output_json": "output/70e5fb81-4b15-4df1-b87f-1c800c4ae3d7\\scraped_data.json",
  "page_wait": 2,
  "paginate": false,
  "scrape_subpages": false,
  "scroll": true,
  "scroll_wait": 3,
  "start_page": 1,
  "subpage_wait": 3,
  "job_id": "70e5fb81-4b15-4df1-b87f-1c800c4ae3d7",
  "user_id": "user_khiboz5p84_1745132256993",
  "concurrent": true,
  "output_dir": "output/70e5fb81-4b15-4df1-b87f-1c800c4ae3d7",
  "log_file": "output/70e5fb81-4b15-4df1-b87f-1c800c4ae3d7\\scraper.log",
  "request_delay": 4,
  "max_concurrent_requests": 2,
  "job_start_time": "2025-04-22T15:17:19.142281",
  "headless": true
}
2025-04-22 15:17:23,191 - INFO - [2025-04-22 15:17:23] INFO - Attempting to use undetected-chromedriver...
2025-04-22 15:17:28,376 - INFO - [2025-04-22 15:17:28] INFO - Successfully initialized Chrome with undetected-chromedriver
2025-04-22 15:17:28,376 - INFO - [2025-04-22 15:17:28] INFO - Job started for user user_khiboz5p84_1745132256993 (Job ID: 70e5fb81-4b15-4df1-b87f-1c800c4ae3d7)
2025-04-22 15:17:28,376 - INFO - [2025-04-22 15:17:28] INFO - Phase 1: Collecting main fields and links from all pages...
2025-04-22 15:17:31,808 - INFO - [2025-04-22 15:17:31] INFO - Navigated to base URL: https://www.booking.com/searchresults.html?label=gog235jc-1DCAEoggI46AdIM1gDaGyIAQGYATG4AQfIAQzYAQPoAQH4AQKIAgGoAgO4As_0h8AGwAIB0gIkMzJhOGRkNTItN2Y0NS00OGIyLWI0NDMtOGRjODk1MjQxNDlh2AIE4AIB&aid=397594&ss=Himachal+Pradesh%2C+India&ssne=Uttarakhand&ssne_untouched=Uttarakhand&lang=en-us&src=searchresults&dest_id=3482&dest_type=region&ac_position=1&ac_click_type=b&ac_langcode=en&ac_suggestion_list_length=5&search_selected=true&search_pageview_id=ce3f33fa3adb003e&checkin=2025-04-18&checkout=2025-04-19&group_adults=2&no_rooms=1&group_children=0&nflt=hotelfacility%3D54%3Bht_id%3D206
2025-04-22 15:17:35,826 - INFO - [2025-04-22 15:17:35] INFO - Scraping main fields from page 1...
2025-04-22 15:17:35,826 - INFO - [2025-04-22 15:17:35] INFO - Scrolling to load all content...
2025-04-22 15:17:44,873 - INFO - [2025-04-22 15:17:44] INFO - Reached end of scrollable content
2025-04-22 15:17:44,896 - INFO - [2025-04-22 15:17:44] INFO - Found 26 items on page 1
2025-04-22 15:17:44,936 - INFO - [2025-04-22 15:17:44] INFO - Extracted 'resorts': Storii By ITC Hotels, Amoha Retreat Dharamshala
2025-04-22 15:17:44,971 - INFO - [2025-04-22 15:17:44] INFO - Extracted 'resorts': Hyatt Regency Dharamshala Resort
2025-04-22 15:17:44,992 - INFO - [2025-04-22 15:17:44] INFO - Extracted 'resorts': Deventure Shimla Hills
2025-04-22 15:17:45,013 - INFO - [2025-04-22 15:17:45] INFO - Extracted 'resorts': Marigold Sarovar Portico Shimla
2025-04-22 15:17:45,036 - INFO - [2025-04-22 15:17:45] INFO - Extracted 'resorts': The Anantmaya Resort
2025-04-22 15:17:45,056 - INFO - [2025-04-22 15:17:45] INFO - Extracted 'resorts': Chillaru Spa & Resort
2025-04-22 15:17:45,077 - INFO - [2025-04-22 15:17:45] INFO - Extracted 'resorts': The Mōcana Himalayas, Shimla
2025-04-22 15:17:45,098 - INFO - [2025-04-22 15:17:45] INFO - Extracted 'resorts': Sterling Kufri
2025-04-22 15:17:45,117 - INFO - [2025-04-22 15:17:45] INFO - Extracted 'resorts': WelcomHeritage Parv Vilas Resort & Spa
2025-04-22 15:17:45,136 - INFO - [2025-04-22 15:17:45] INFO - Extracted 'resorts': Regenta Resort & Spa Mashobra
2025-04-22 15:17:45,156 - INFO - [2025-04-22 15:17:45] INFO - Extracted 'resorts': Toshali Royal View ,S H I M L A
2025-04-22 15:17:45,174 - INFO - [2025-04-22 15:17:45] INFO - Extracted 'resorts': Club Mahindra Mashobra
2025-04-22 15:17:45,193 - INFO - [2025-04-22 15:17:45] INFO - Extracted 'resorts': Jannat Resort and Spa Manali A Centrally Heated Himalayas View Resort
2025-04-22 15:17:45,212 - INFO - [2025-04-22 15:17:45] INFO - Extracted 'resorts': The Fern Surya Resort Kasauli Hills, Dharampur
2025-04-22 15:17:45,234 - INFO - [2025-04-22 15:17:45] INFO - Extracted 'resorts': juSTa Cliffend Resort & Spa, Mashobra
2025-04-22 15:17:45,252 - INFO - [2025-04-22 15:17:45] INFO - Extracted 'resorts': juSTa Birding Resort & Spa - Best Dhauladhar View Resort
2025-04-22 15:17:45,271 - INFO - [2025-04-22 15:17:45] INFO - Extracted 'resorts': Moksha Himalaya Spa Resort
2025-04-22 15:17:45,291 - INFO - [2025-04-22 15:17:45] INFO - Extracted 'resorts': Tiaraa Jujurana Resort & Spa
2025-04-22 15:17:45,309 - INFO - [2025-04-22 15:17:45] INFO - Extracted 'resorts': Taj Theog Resort & Spa Shimla
2025-04-22 15:17:45,329 - INFO - [2025-04-22 15:17:45] INFO - Extracted 'resorts': Anantam Resort & Spa
2025-04-22 15:17:45,347 - INFO - [2025-04-22 15:17:45] INFO - Extracted 'resorts': Indraprastha Spa Resort
2025-04-22 15:17:45,368 - INFO - [2025-04-22 15:17:45] INFO - Extracted 'resorts': Araiya Palampur
2025-04-22 15:17:45,386 - INFO - [2025-04-22 15:17:45] INFO - Extracted 'resorts': Cassia Resort, Kasauli
2025-04-22 15:17:45,406 - INFO - [2025-04-22 15:17:45] INFO - Extracted 'resorts': Span Resort and Spa, Manali
2025-04-22 15:17:45,428 - INFO - [2025-04-22 15:17:45] INFO - Extracted 'resorts': Villasita resort By Montrose11
2025-04-22 15:17:45,438 - WARNING - [2025-04-22 15:17:45] WARNING - Couldn't extract 'resorts': Message: no such element: Unable to locate element: {"method":"css selector","selector":"div.f6431b446c.a15b38c233"}
  (Session info: chrome=135.0.7049.96); For documentation on this error, please visit: https://www.selenium.dev/documentation/webdriver/troubleshooting/errors#no-such-element-exception
Stacktrace:
	GetHandleVerifier [0x00C78073+60707]
	GetHandleVerifier [0x00C780B4+60772]
	(No symbol) [0x00AA0683]
	(No symbol) [0x00AE8660]
	(No symbol) [0x00AE89FB]
	(No symbol) [0x00ADDD81]
	(No symbol) [0x00B0D094]
	(No symbol) [0x00ADDCA4]
	(No symbol) [0x00B0D2C4]
	(No symbol) [0x00B2E824]
	(No symbol) [0x00B0CE46]
	(No symbol) [0x00ADC5D3]
	(No symbol) [0x00ADD424]
	GetHandleVerifier [0x00EBBB53+2435075]
	GetHandleVerifier [0x00EB70F3+2416035]
	GetHandleVerifier [0x00ED349C+2531660]
	GetHandleVerifier [0x00C8F145+155125]
	GetHandleVerifier [0x00C95AED+182173]
	GetHandleVerifier [0x00C7F948+91640]
	GetHandleVerifier [0x00C7FAF0+92064]
	GetHandleVerifier [0x00C6A5B0+4704]
	BaseThreadInitThunk [0x74BB5D49+25]
	RtlInitializeExceptionChain [0x76ECCF0B+107]
	RtlGetAppContainerNamedObjectPath [0x76ECCE91+561]

2025-04-22 15:17:45,959 - INFO - [2025-04-22 15:17:45] INFO - 
[SUCCESS] Scraping complete. 26 items saved.
2025-04-22 15:17:45,960 - INFO - [2025-04-22 15:17:45] INFO - Results saved to JSON: output/70e5fb81-4b15-4df1-b87f-1c800c4ae3d7\scraped_data.json
2025-04-22 15:17:45,960 - INFO - [2025-04-22 15:17:45] INFO - Results saved to Excel: output/70e5fb81-4b15-4df1-b87f-1c800c4ae3d7\scraped_data.xlsx
