2025-04-22 21:35:17,959 - INFO - [2025-04-22 21:35:17] INFO - Added file handler for log file: output/90cbdcde-9ab5-46f4-ba8e-e560945aff62\scraper.log
2025-04-22 21:35:17,960 - INFO - [2025-04-22 21:35:17] INFO - Starting scraper with configuration:
2025-04-22 21:35:17,960 - INFO - [2025-04-22 21:35:17] INFO - base_url: https://www.booking.com/searchresults.html?label=gog235jc-1DCAEoggI46AdIM1gDaGyIAQGYATG4AQfIAQzYAQPoAQH4AQKIAgGoAgO4As_0h8AGwAIB0gIkMzJhOGRkNTItN2Y0NS00OGIyLWI0NDMtOGRjODk1MjQxNDlh2AIE4AIB&aid=397594&ss=Himachal+Pradesh%2C+India&ssne=Uttarakhand&ssne_untouched=Uttarakhand&lang=en-us&src=searchresults&dest_id=3482&dest_type=region&ac_position=1&ac_click_type=b&ac_langcode=en&ac_suggestion_list_length=5&search_selected=true&search_pageview_id=ce3f33fa3adb003e&checkin=2025-04-18&checkout=2025-04-19&group_adults=2&no_rooms=1&group_children=0&nflt=hotelfacility%3D54%3Bht_id%3D206
2025-04-22 21:35:17,960 - INFO - [2025-04-22 21:35:17] INFO - concurrent_settings: {'base_request_delay': 2, 'job_spacing_delay': 3, 'max_concurrent_jobs': 3, 'max_concurrent_requests': 2}
2025-04-22 21:35:17,960 - INFO - [2025-04-22 21:35:17] INFO - container_selector: div.c82435a4b8.a178069f51.a6ae3c2b40
2025-04-22 21:35:17,960 - INFO - [2025-04-22 21:35:17] INFO - initial_wait: 3
2025-04-22 21:35:17,960 - INFO - [2025-04-22 21:35:17] INFO - load_more_selector: 
2025-04-22 21:35:17,960 - INFO - [2025-04-22 21:35:17] INFO - load_more_wait: 3
2025-04-22 21:35:17,960 - INFO - [2025-04-22 21:35:17] INFO - max_pages: 1
2025-04-22 21:35:17,961 - INFO - [2025-04-22 21:35:17] INFO - max_scroll_attempts: 20
2025-04-22 21:35:17,961 - INFO - [2025-04-22 21:35:17] INFO - next_page_selector: 
2025-04-22 21:35:17,961 - INFO - [2025-04-22 21:35:17] INFO - output_excel: output/90cbdcde-9ab5-46f4-ba8e-e560945aff62\scraped_data.xlsx
2025-04-22 21:35:17,961 - INFO - [2025-04-22 21:35:17] INFO - output_json: output/90cbdcde-9ab5-46f4-ba8e-e560945aff62\scraped_data.json
2025-04-22 21:35:17,961 - INFO - [2025-04-22 21:35:17] INFO - page_wait: 2
2025-04-22 21:35:17,961 - INFO - [2025-04-22 21:35:17] INFO - paginate: False
2025-04-22 21:35:17,961 - INFO - [2025-04-22 21:35:17] INFO - scrape_subpages: False
2025-04-22 21:35:17,961 - INFO - [2025-04-22 21:35:17] INFO - scroll: True
2025-04-22 21:35:17,961 - INFO - [2025-04-22 21:35:17] INFO - scroll_wait: 3
2025-04-22 21:35:17,961 - INFO - [2025-04-22 21:35:17] INFO - start_page: 1
2025-04-22 21:35:17,961 - INFO - [2025-04-22 21:35:17] INFO - subpage_wait: 3
2025-04-22 21:35:17,961 - INFO - [2025-04-22 21:35:17] INFO - job_id: 90cbdcde-9ab5-46f4-ba8e-e560945aff62
2025-04-22 21:35:17,961 - INFO - [2025-04-22 21:35:17] INFO - user_id: user_khiboz5p84_1745132256993
2025-04-22 21:35:17,961 - INFO - [2025-04-22 21:35:17] INFO - concurrent: True
2025-04-22 21:35:17,961 - INFO - [2025-04-22 21:35:17] INFO - output_dir: output/90cbdcde-9ab5-46f4-ba8e-e560945aff62
2025-04-22 21:35:17,962 - INFO - [2025-04-22 21:35:17] INFO - log_file: output/90cbdcde-9ab5-46f4-ba8e-e560945aff62\scraper.log
2025-04-22 21:35:17,962 - INFO - [2025-04-22 21:35:17] INFO - request_delay: 4
2025-04-22 21:35:17,962 - INFO - [2025-04-22 21:35:17] INFO - max_concurrent_requests: 2
2025-04-22 21:35:17,962 - INFO - [2025-04-22 21:35:17] INFO - job_start_time: 2025-04-22T21:35:13.891728
2025-04-22 21:35:17,962 - INFO - [2025-04-22 21:35:17] INFO - headless: True
2025-04-22 21:35:17,962 - INFO - [2025-04-22 21:35:17] INFO - Concurrent scraping settings:
2025-04-22 21:35:17,962 - INFO - [2025-04-22 21:35:17] INFO - Job ID: 90cbdcde-9ab5-46f4-ba8e-e560945aff62
2025-04-22 21:35:17,962 - INFO - [2025-04-22 21:35:17] INFO - User ID: user_khiboz5p84_1745132256993
2025-04-22 21:35:17,962 - INFO - [2025-04-22 21:35:17] INFO - Request delay: 4s
2025-04-22 21:35:17,962 - INFO - [2025-04-22 21:35:17] INFO - Max concurrent requests: 2
2025-04-22 21:35:17,962 - INFO - [2025-04-22 21:35:17] INFO - Concurrent scraping settings:
2025-04-22 21:35:17,962 - INFO - [2025-04-22 21:35:17] INFO - Job ID: 90cbdcde-9ab5-46f4-ba8e-e560945aff62
2025-04-22 21:35:17,962 - INFO - [2025-04-22 21:35:17] INFO - User ID: user_khiboz5p84_1745132256993
2025-04-22 21:35:17,962 - INFO - [2025-04-22 21:35:17] INFO - Request delay: 4s
2025-04-22 21:35:17,963 - INFO - [2025-04-22 21:35:17] INFO - Max concurrent requests: 2
2025-04-22 21:35:17,963 - INFO - [2025-04-22 21:35:17] INFO - Starting scraper with configuration:
2025-04-22 21:35:17,963 - INFO - [2025-04-22 21:35:17] INFO - {
  "base_url": "https://www.booking.com/searchresults.html?label=gog235jc-1DCAEoggI46AdIM1gDaGyIAQGYATG4AQfIAQzYAQPoAQH4AQKIAgGoAgO4As_0h8AGwAIB0gIkMzJhOGRkNTItN2Y0NS00OGIyLWI0NDMtOGRjODk1MjQxNDlh2AIE4AIB&aid=397594&ss=Himachal+Pradesh%2C+India&ssne=Uttarakhand&ssne_untouched=Uttarakhand&lang=en-us&src=searchresults&dest_id=3482&dest_type=region&ac_position=1&ac_click_type=b&ac_langcode=en&ac_suggestion_list_length=5&search_selected=true&search_pageview_id=ce3f33fa3adb003e&checkin=2025-04-18&checkout=2025-04-19&group_adults=2&no_rooms=1&group_children=0&nflt=hotelfacility%3D54%3Bht_id%3D206",
  "concurrent_settings": {
    "base_request_delay": 2,
    "job_spacing_delay": 3,
    "max_concurrent_jobs": 3,
    "max_concurrent_requests": 2
  },
  "container_selector": "div.c82435a4b8.a178069f51.a6ae3c2b40",
  "initial_wait": 3,
  "load_more_selector": "",
  "load_more_wait": 3,
  "max_pages": 1,
  "max_scroll_attempts": 20,
  "next_page_selector": "",
  "output_excel": "output/90cbdcde-9ab5-46f4-ba8e-e560945aff62\\scraped_data.xlsx",
  "output_json": "output/90cbdcde-9ab5-46f4-ba8e-e560945aff62\\scraped_data.json",
  "page_wait": 2,
  "paginate": false,
  "scrape_subpages": false,
  "scroll": true,
  "scroll_wait": 3,
  "start_page": 1,
  "subpage_wait": 3,
  "job_id": "90cbdcde-9ab5-46f4-ba8e-e560945aff62",
  "user_id": "user_khiboz5p84_1745132256993",
  "concurrent": true,
  "output_dir": "output/90cbdcde-9ab5-46f4-ba8e-e560945aff62",
  "log_file": "output/90cbdcde-9ab5-46f4-ba8e-e560945aff62\\scraper.log",
  "request_delay": 4,
  "max_concurrent_requests": 2,
  "job_start_time": "2025-04-22T21:35:13.891728",
  "headless": true
}
2025-04-22 21:35:17,963 - INFO - [2025-04-22 21:35:17] INFO - Attempting to use undetected-chromedriver...
2025-04-22 21:35:20,787 - INFO - [2025-04-22 21:35:20] INFO - Successfully initialized Chrome with undetected-chromedriver
2025-04-22 21:35:20,788 - INFO - [2025-04-22 21:35:20] INFO - Job started for user user_khiboz5p84_1745132256993 (Job ID: 90cbdcde-9ab5-46f4-ba8e-e560945aff62)
2025-04-22 21:35:20,788 - INFO - [2025-04-22 21:35:20] INFO - Phase 1: Collecting main fields and links from all pages...
2025-04-22 21:35:25,592 - INFO - [2025-04-22 21:35:25] INFO - Navigated to base URL: https://www.booking.com/searchresults.html?label=gog235jc-1DCAEoggI46AdIM1gDaGyIAQGYATG4AQfIAQzYAQPoAQH4AQKIAgGoAgO4As_0h8AGwAIB0gIkMzJhOGRkNTItN2Y0NS00OGIyLWI0NDMtOGRjODk1MjQxNDlh2AIE4AIB&aid=397594&ss=Himachal+Pradesh%2C+India&ssne=Uttarakhand&ssne_untouched=Uttarakhand&lang=en-us&src=searchresults&dest_id=3482&dest_type=region&ac_position=1&ac_click_type=b&ac_langcode=en&ac_suggestion_list_length=5&search_selected=true&search_pageview_id=ce3f33fa3adb003e&checkin=2025-04-18&checkout=2025-04-19&group_adults=2&no_rooms=1&group_children=0&nflt=hotelfacility%3D54%3Bht_id%3D206
2025-04-22 21:35:29,644 - INFO - [2025-04-22 21:35:29] INFO - Scraping main fields from page 1...
2025-04-22 21:35:29,644 - INFO - [2025-04-22 21:35:29] INFO - Scrolling to load all content...
2025-04-22 21:35:35,705 - ERROR - [2025-04-22 21:35:35] ERROR - [ERROR] Scraping failed: Message: invalid session id: session deleted as the browser has closed the connection
from disconnected: not connected to DevTools
  (Session info: chrome=135.0.7049.96)
Stacktrace:
	GetHandleVerifier [0x00998073+60707]
	GetHandleVerifier [0x009980B4+60772]
	(No symbol) [0x007C0683]
	(No symbol) [0x007AFED0]
	(No symbol) [0x007CDD3F]
	(No symbol) [0x00833D7F]
	(No symbol) [0x0084E129]
	(No symbol) [0x0082CE46]
	(No symbol) [0x007FC5D3]
	(No symbol) [0x007FD424]
	GetHandleVerifier [0x00BDBB53+2435075]
	GetHandleVerifier [0x00BD70F3+2416035]
	GetHandleVerifier [0x00BF349C+2531660]
	GetHandleVerifier [0x009AF145+155125]
	GetHandleVerifier [0x009B5AED+182173]
	GetHandleVerifier [0x0099F948+91640]
	GetHandleVerifier [0x0099FAF0+92064]
	GetHandleVerifier [0x0098A5B0+4704]
	BaseThreadInitThunk [0x758A5D49+25]
	RtlInitializeExceptionChain [0x77E1CF0B+107]
	RtlGetAppContainerNamedObjectPath [0x77E1CE91+561]

