2025-05-31 11:40:18,391 - INFO - [2025-05-31 11:40:18] INFO - Added file handler for log file: output/deb2cb47-cef4-435f-a07b-43fe9d502533\scraper.log
2025-05-31 11:40:18,391 - INFO - [2025-05-31 11:40:18] INFO - Starting scraper with configuration:
2025-05-31 11:40:18,391 - INFO - [2025-05-31 11:40:18] INFO - base_url: https://www.booking.com/searchresults.html?label=gog235jc-1DCAEoggI46AdIM1gDaGyIAQGYATG4AQfIAQzYAQPoAQH4AQKIAgGoAgO4As_0h8AGwAIB0gIkMzJhOGRkNTItN2Y0NS00OGIyLWI0NDMtOGRjODk1MjQxNDlh2AIE4AIB&aid=397594&ss=Goa%2C%20India&efdco=1&lang=en-us&src=index&dest_id=4127&dest_type=region&group_adults=2&no_rooms=1&group_children=0&nflt=ht_id%3D206%3Bhotelfacility%3D54
2025-05-31 11:40:18,391 - INFO - [2025-05-31 11:40:18] INFO - concurrent_settings: {'base_request_delay': 2, 'job_spacing_delay': 3, 'max_concurrent_jobs': 3, 'max_concurrent_requests': 2}
2025-05-31 11:40:18,392 - INFO - [2025-05-31 11:40:18] INFO - container_selector: div.aa97d6032f
2025-05-31 11:40:18,392 - INFO - [2025-05-31 11:40:18] INFO - initial_wait: 5
2025-05-31 11:40:18,392 - INFO - [2025-05-31 11:40:18] INFO - load_more_selector: button.de576f5064.b46cd7aad7.d0a01e3d83.dda427e6b5.bbf83acb81.a0ddd706cc
2025-05-31 11:40:18,392 - INFO - [2025-05-31 11:40:18] INFO - load_more_wait: 10
2025-05-31 11:40:18,392 - INFO - [2025-05-31 11:40:18] INFO - max_pages: 1
2025-05-31 11:40:18,392 - INFO - [2025-05-31 11:40:18] INFO - max_scroll_attempts: 50
2025-05-31 11:40:18,392 - INFO - [2025-05-31 11:40:18] INFO - next_page_selector: 
2025-05-31 11:40:18,392 - INFO - [2025-05-31 11:40:18] INFO - output_excel: output/deb2cb47-cef4-435f-a07b-43fe9d502533\scraped_data.xlsx
2025-05-31 11:40:18,392 - INFO - [2025-05-31 11:40:18] INFO - output_json: output/deb2cb47-cef4-435f-a07b-43fe9d502533\scraped_data.json
2025-05-31 11:40:18,392 - INFO - [2025-05-31 11:40:18] INFO - page_wait: 2
2025-05-31 11:40:18,392 - INFO - [2025-05-31 11:40:18] INFO - paginate: False
2025-05-31 11:40:18,392 - INFO - [2025-05-31 11:40:18] INFO - scrape_subpages: False
2025-05-31 11:40:18,392 - INFO - [2025-05-31 11:40:18] INFO - scroll: True
2025-05-31 11:40:18,392 - INFO - [2025-05-31 11:40:18] INFO - scroll_wait: 10
2025-05-31 11:40:18,392 - INFO - [2025-05-31 11:40:18] INFO - start_page: 1
2025-05-31 11:40:18,393 - INFO - [2025-05-31 11:40:18] INFO - subpage_wait: 3
2025-05-31 11:40:18,393 - INFO - [2025-05-31 11:40:18] INFO - job_id: deb2cb47-cef4-435f-a07b-43fe9d502533
2025-05-31 11:40:18,393 - INFO - [2025-05-31 11:40:18] INFO - user_id: user_l8tq82mtc4d_1748601150733
2025-05-31 11:40:18,393 - INFO - [2025-05-31 11:40:18] INFO - concurrent: True
2025-05-31 11:40:18,393 - INFO - [2025-05-31 11:40:18] INFO - output_dir: output/deb2cb47-cef4-435f-a07b-43fe9d502533
2025-05-31 11:40:18,393 - INFO - [2025-05-31 11:40:18] INFO - log_file: output/deb2cb47-cef4-435f-a07b-43fe9d502533\scraper.log
2025-05-31 11:40:18,393 - INFO - [2025-05-31 11:40:18] INFO - request_delay: 6
2025-05-31 11:40:18,393 - INFO - [2025-05-31 11:40:18] INFO - max_concurrent_requests: 2
2025-05-31 11:40:18,393 - INFO - [2025-05-31 11:40:18] INFO - job_start_time: 2025-05-31T11:40:17.321037
2025-05-31 11:40:18,393 - INFO - [2025-05-31 11:40:18] INFO - headless: True
2025-05-31 11:40:18,393 - INFO - [2025-05-31 11:40:18] INFO - Concurrent scraping settings:
2025-05-31 11:40:18,393 - INFO - [2025-05-31 11:40:18] INFO - Job ID: deb2cb47-cef4-435f-a07b-43fe9d502533
2025-05-31 11:40:18,393 - INFO - [2025-05-31 11:40:18] INFO - User ID: user_l8tq82mtc4d_1748601150733
2025-05-31 11:40:18,393 - INFO - [2025-05-31 11:40:18] INFO - Request delay: 6s
2025-05-31 11:40:18,393 - INFO - [2025-05-31 11:40:18] INFO - Max concurrent requests: 2
2025-05-31 11:40:18,393 - INFO - [2025-05-31 11:40:18] INFO - Concurrent scraping settings:
2025-05-31 11:40:18,394 - INFO - [2025-05-31 11:40:18] INFO - Job ID: deb2cb47-cef4-435f-a07b-43fe9d502533
2025-05-31 11:40:18,394 - INFO - [2025-05-31 11:40:18] INFO - User ID: user_l8tq82mtc4d_1748601150733
2025-05-31 11:40:18,394 - INFO - [2025-05-31 11:40:18] INFO - Request delay: 6s
2025-05-31 11:40:18,394 - INFO - [2025-05-31 11:40:18] INFO - Max concurrent requests: 2
2025-05-31 11:40:18,394 - INFO - [2025-05-31 11:40:18] INFO - Starting scraper with configuration:
2025-05-31 11:40:18,394 - INFO - [2025-05-31 11:40:18] INFO - {
  "base_url": "https://www.booking.com/searchresults.html?label=gog235jc-1DCAEoggI46AdIM1gDaGyIAQGYATG4AQfIAQzYAQPoAQH4AQKIAgGoAgO4As_0h8AGwAIB0gIkMzJhOGRkNTItN2Y0NS00OGIyLWI0NDMtOGRjODk1MjQxNDlh2AIE4AIB&aid=397594&ss=Goa%2C%20India&efdco=1&lang=en-us&src=index&dest_id=4127&dest_type=region&group_adults=2&no_rooms=1&group_children=0&nflt=ht_id%3D206%3Bhotelfacility%3D54",
  "concurrent_settings": {
    "base_request_delay": 2,
    "job_spacing_delay": 3,
    "max_concurrent_jobs": 3,
    "max_concurrent_requests": 2
  },
  "container_selector": "div.aa97d6032f",
  "initial_wait": 5,
  "load_more_selector": "button.de576f5064.b46cd7aad7.d0a01e3d83.dda427e6b5.bbf83acb81.a0ddd706cc",
  "load_more_wait": 10,
  "max_pages": 1,
  "max_scroll_attempts": 50,
  "next_page_selector": "",
  "output_excel": "output/deb2cb47-cef4-435f-a07b-43fe9d502533\\scraped_data.xlsx",
  "output_json": "output/deb2cb47-cef4-435f-a07b-43fe9d502533\\scraped_data.json",
  "page_wait": 2,
  "paginate": false,
  "scrape_subpages": false,
  "scroll": true,
  "scroll_wait": 10,
  "start_page": 1,
  "subpage_wait": 3,
  "job_id": "deb2cb47-cef4-435f-a07b-43fe9d502533",
  "user_id": "user_l8tq82mtc4d_1748601150733",
  "concurrent": true,
  "output_dir": "output/deb2cb47-cef4-435f-a07b-43fe9d502533",
  "log_file": "output/deb2cb47-cef4-435f-a07b-43fe9d502533\\scraper.log",
  "request_delay": 6,
  "max_concurrent_requests": 2,
  "job_start_time": "2025-05-31T11:40:17.321037",
  "headless": true
}
2025-05-31 11:40:18,394 - INFO - [2025-05-31 11:40:18] INFO - Detected Chrome version from registry: 137.0.7151.55
2025-05-31 11:40:18,394 - INFO - [2025-05-31 11:40:18] INFO - Detected Chrome version: 137.0.7151.55
2025-05-31 11:40:19,905 - INFO - [2025-05-31 11:40:19] INFO - Installed ChromeDriver at: C:\Users\harim\.wdm\drivers\chromedriver\win64\137.0.7151.55\chromedriver-win32/chromedriver.exe
2025-05-31 11:40:20,987 - INFO - [2025-05-31 11:40:20] INFO - ChromeDriver version: 137.0.7151.55
2025-05-31 11:40:20,987 - INFO - [2025-05-31 11:40:20] INFO - Chrome WebDriver initialized successfully
2025-05-31 11:40:20,987 - INFO - [2025-05-31 11:40:20] INFO - Job started for user user_l8tq82mtc4d_1748601150733 (Job ID: deb2cb47-cef4-435f-a07b-43fe9d502533)
2025-05-31 11:40:20,987 - INFO - [2025-05-31 11:40:20] INFO - Phase 1: Collecting main fields and links from all pages...
2025-05-31 11:40:23,553 - INFO - [2025-05-31 11:40:23] INFO - Navigated to base URL: https://www.booking.com/searchresults.html?label=gog235jc-1DCAEoggI46AdIM1gDaGyIAQGYATG4AQfIAQzYAQPoAQH4AQKIAgGoAgO4As_0h8AGwAIB0gIkMzJhOGRkNTItN2Y0NS00OGIyLWI0NDMtOGRjODk1MjQxNDlh2AIE4AIB&aid=397594&ss=Goa%2C%20India&efdco=1&lang=en-us&src=index&dest_id=4127&dest_type=region&group_adults=2&no_rooms=1&group_children=0&nflt=ht_id%3D206%3Bhotelfacility%3D54
2025-05-31 11:40:23,553 - INFO - [2025-05-31 11:40:23] INFO - Waiting 5 seconds for page to load...
2025-05-31 11:40:34,588 - INFO - [2025-05-31 11:40:34] INFO - Scraping main fields from page 1...
2025-05-31 11:40:34,589 - INFO - [2025-05-31 11:40:34] INFO - Starting to scroll down the page to load all content...
2025-05-31 11:41:14,685 - INFO - [2025-05-31 11:41:14] INFO - Found 91 containers on page 1
2025-05-31 11:41:14,713 - INFO - [2025-05-31 11:41:14] INFO - Extracted 'location': Panaji
2025-05-31 11:41:14,738 - INFO - [2025-05-31 11:41:14] INFO - Extracted 'resort ': Taj Cidade de Goa Horizon, Goa
2025-05-31 11:41:14,738 - INFO - [2025-05-31 11:41:14] INFO - Successfully added item to results
2025-05-31 11:41:14,757 - INFO - [2025-05-31 11:41:14] INFO - Extracted 'location': Mandrem
2025-05-31 11:41:14,776 - INFO - [2025-05-31 11:41:14] INFO - Extracted 'resort ': Palma Beach Resort
2025-05-31 11:41:14,776 - INFO - [2025-05-31 11:41:14] INFO - Successfully added item to results
2025-05-31 11:41:14,796 - INFO - [2025-05-31 11:41:14] INFO - Extracted 'location': Calangute
2025-05-31 11:41:14,816 - INFO - [2025-05-31 11:41:14] INFO - Extracted 'resort ': Hyatt Ronil Goa - a JdV by Hyatt Hotel
2025-05-31 11:41:14,816 - INFO - [2025-05-31 11:41:14] INFO - Successfully added item to results
2025-05-31 11:41:14,838 - INFO - [2025-05-31 11:41:14] INFO - Extracted 'location': Panaji
2025-05-31 11:41:14,857 - INFO - [2025-05-31 11:41:14] INFO - Extracted 'resort ': Taj Cidade de Goa Heritage, Goa
2025-05-31 11:41:14,857 - INFO - [2025-05-31 11:41:14] INFO - Successfully added item to results
2025-05-31 11:41:14,878 - INFO - [2025-05-31 11:41:14] INFO - Extracted 'location': Baga
2025-05-31 11:41:14,893 - INFO - [2025-05-31 11:41:14] INFO - Extracted 'resort ': Radisson Resort Goa Baga
2025-05-31 11:41:14,893 - INFO - [2025-05-31 11:41:14] INFO - Successfully added item to results
2025-05-31 11:41:14,911 - INFO - [2025-05-31 11:41:14] INFO - Extracted 'location': Old Goa
2025-05-31 11:41:14,928 - INFO - [2025-05-31 11:41:14] INFO - Extracted 'resort ': Mercure Goa Devaaya Resort
2025-05-31 11:41:14,928 - INFO - [2025-05-31 11:41:14] INFO - Successfully added item to results
2025-05-31 11:41:14,944 - INFO - [2025-05-31 11:41:14] INFO - Extracted 'location': Goa Velha
2025-05-31 11:41:14,958 - INFO - [2025-05-31 11:41:14] INFO - Extracted 'resort ': Skon Morjim Beach Resort by Orion Hotels
2025-05-31 11:41:14,958 - INFO - [2025-05-31 11:41:14] INFO - Successfully added item to results
2025-05-31 11:41:14,973 - INFO - [2025-05-31 11:41:14] INFO - Extracted 'location': Candolim
2025-05-31 11:41:14,987 - INFO - [2025-05-31 11:41:14] INFO - Extracted 'resort ': Grand Mercure Goa Candolim - An Accor Hotels Brand
2025-05-31 11:41:14,988 - INFO - [2025-05-31 11:41:14] INFO - Successfully added item to results
2025-05-31 11:41:15,002 - INFO - [2025-05-31 11:41:15] INFO - Extracted 'location': Candolim
2025-05-31 11:41:15,014 - INFO - [2025-05-31 11:41:15] INFO - Extracted 'resort ': Golden Tulip Candolim, Goa
2025-05-31 11:41:15,014 - INFO - [2025-05-31 11:41:15] INFO - Successfully added item to results
2025-05-31 11:41:15,029 - INFO - [2025-05-31 11:41:15] INFO - Extracted 'location': Agonda
2025-05-31 11:41:15,044 - INFO - [2025-05-31 11:41:15] INFO - Extracted 'resort ': The Rose Goa Beach Resort
2025-05-31 11:41:15,044 - INFO - [2025-05-31 11:41:15] INFO - Successfully added item to results
2025-05-31 11:41:15,058 - INFO - [2025-05-31 11:41:15] INFO - Extracted 'location': Panaji
2025-05-31 11:41:15,073 - INFO - [2025-05-31 11:41:15] INFO - Extracted 'resort ': DoubleTree by Hilton Goa - Panaji
2025-05-31 11:41:15,073 - INFO - [2025-05-31 11:41:15] INFO - Successfully added item to results
2025-05-31 11:41:15,090 - INFO - [2025-05-31 11:41:15] INFO - Extracted 'location': Vagator Beach, Vagator
2025-05-31 11:41:15,108 - INFO - [2025-05-31 11:41:15] INFO - Extracted 'resort ': Alcove Resort Vagator
2025-05-31 11:41:15,108 - INFO - [2025-05-31 11:41:15] INFO - Successfully added item to results
2025-05-31 11:41:15,124 - INFO - [2025-05-31 11:41:15] INFO - Extracted 'location': Cavelossim Beach, Cavelossim
2025-05-31 11:41:15,138 - INFO - [2025-05-31 11:41:15] INFO - Extracted 'resort ': Holiday Inn Resort Goa by IHG
2025-05-31 11:41:15,138 - INFO - [2025-05-31 11:41:15] INFO - Successfully added item to results
2025-05-31 11:41:15,153 - INFO - [2025-05-31 11:41:15] INFO - Extracted 'location': Calangute Beach, Calangute
2025-05-31 11:41:15,168 - INFO - [2025-05-31 11:41:15] INFO - Extracted 'resort ': Chalston Beach Resort
2025-05-31 11:41:15,168 - INFO - [2025-05-31 11:41:15] INFO - Successfully added item to results
2025-05-31 11:41:15,182 - INFO - [2025-05-31 11:41:15] INFO - Extracted 'location': Baga
2025-05-31 11:41:15,196 - INFO - [2025-05-31 11:41:15] INFO - Extracted 'resort ': Acron Waterfront Resort
2025-05-31 11:41:15,196 - INFO - [2025-05-31 11:41:15] INFO - Successfully added item to results
2025-05-31 11:41:15,211 - INFO - [2025-05-31 11:41:15] INFO - Extracted 'location': Candolim Beach, Candolim
2025-05-31 11:41:15,228 - INFO - [2025-05-31 11:41:15] INFO - Extracted 'resort ': Taj Holiday Village Resort & Spa, Goa
2025-05-31 11:41:15,228 - INFO - [2025-05-31 11:41:15] INFO - Successfully added item to results
2025-05-31 11:41:15,243 - INFO - [2025-05-31 11:41:15] INFO - Extracted 'location': Mandrem Beach , Mandrem
2025-05-31 11:41:15,257 - INFO - [2025-05-31 11:41:15] INFO - Extracted 'resort ': Riva Beach Resort
2025-05-31 11:41:15,257 - INFO - [2025-05-31 11:41:15] INFO - Successfully added item to results
2025-05-31 11:41:15,271 - INFO - [2025-05-31 11:41:15] INFO - Extracted 'location': Colva
2025-05-31 11:41:15,287 - INFO - [2025-05-31 11:41:15] INFO - Extracted 'resort ': Beleza By The Beach
2025-05-31 11:41:15,287 - INFO - [2025-05-31 11:41:15] INFO - Successfully added item to results
2025-05-31 11:41:15,301 - INFO - [2025-05-31 11:41:15] INFO - Extracted 'location': Panaji
2025-05-31 11:41:15,314 - INFO - [2025-05-31 11:41:15] INFO - Extracted 'resort ': Goa Marriott Resort & Spa
2025-05-31 11:41:15,314 - INFO - [2025-05-31 11:41:15] INFO - Successfully added item to results
2025-05-31 11:41:15,331 - INFO - [2025-05-31 11:41:15] INFO - Extracted 'location': Mandrem Beach , Mandrem
2025-05-31 11:41:15,348 - INFO - [2025-05-31 11:41:15] INFO - Extracted 'resort ': Anahata Retreat Beach Front Ashwem Goa
2025-05-31 11:41:15,348 - INFO - [2025-05-31 11:41:15] INFO - Successfully added item to results
2025-05-31 11:41:15,364 - INFO - [2025-05-31 11:41:15] INFO - Extracted 'location': Candolim
2025-05-31 11:41:15,382 - INFO - [2025-05-31 11:41:15] INFO - Extracted 'resort ': Novotel Goa Resort & Spa Candolim
2025-05-31 11:41:15,382 - INFO - [2025-05-31 11:41:15] INFO - Successfully added item to results
2025-05-31 11:41:15,399 - INFO - [2025-05-31 11:41:15] INFO - Extracted 'location': Benaulim Beach, Benaulim
2025-05-31 11:41:15,453 - INFO - [2025-05-31 11:41:15] INFO - Extracted 'resort ': Fairfield by Marriott Goa Benaulim
2025-05-31 11:41:15,453 - INFO - [2025-05-31 11:41:15] INFO - Successfully added item to results
2025-05-31 11:41:15,473 - INFO - [2025-05-31 11:41:15] INFO - Extracted 'location': Calangute Beach, Calangute
2025-05-31 11:41:15,489 - INFO - [2025-05-31 11:41:15] INFO - Extracted 'resort ': Resort Terra Paraiso
2025-05-31 11:41:15,489 - INFO - [2025-05-31 11:41:15] INFO - Successfully added item to results
2025-05-31 11:41:15,505 - INFO - [2025-05-31 11:41:15] INFO - Extracted 'location': Baga Beach, Baga
2025-05-31 11:41:15,519 - INFO - [2025-05-31 11:41:15] INFO - Extracted 'resort ': Colonia Santa Maria
2025-05-31 11:41:15,519 - INFO - [2025-05-31 11:41:15] INFO - Successfully added item to results
2025-05-31 11:41:15,535 - INFO - [2025-05-31 11:41:15] INFO - Extracted 'location': Varca Beach, Varca
2025-05-31 11:41:15,549 - INFO - [2025-05-31 11:41:15] INFO - Extracted 'resort ': Caravela Beach Resort
2025-05-31 11:41:15,549 - INFO - [2025-05-31 11:41:15] INFO - Successfully added item to results
2025-05-31 11:41:15,564 - INFO - [2025-05-31 11:41:15] INFO - Extracted 'location': Palolem Beach, Palolem
2025-05-31 11:41:15,579 - INFO - [2025-05-31 11:41:15] INFO - Extracted 'resort ': Art Resort Goa
2025-05-31 11:41:15,579 - INFO - [2025-05-31 11:41:15] INFO - Successfully added item to results
2025-05-31 11:41:15,594 - INFO - [2025-05-31 11:41:15] INFO - Extracted 'location': Candolim
2025-05-31 11:41:15,610 - INFO - [2025-05-31 11:41:15] INFO - Extracted 'resort ': Park Inn by Radisson Goa Candolim
2025-05-31 11:41:15,610 - INFO - [2025-05-31 11:41:15] INFO - Successfully added item to results
2025-05-31 11:41:15,626 - INFO - [2025-05-31 11:41:15] INFO - Extracted 'location': Candolim Beach, Candolim
2025-05-31 11:41:15,641 - INFO - [2025-05-31 11:41:15] INFO - Extracted 'resort ': Taj Fort Aguada Resort & Spa, Goa
2025-05-31 11:41:15,641 - INFO - [2025-05-31 11:41:15] INFO - Successfully added item to results
2025-05-31 11:41:15,657 - INFO - [2025-05-31 11:41:15] INFO - Extracted 'location': Canacona
2025-05-31 11:41:15,673 - INFO - [2025-05-31 11:41:15] INFO - Extracted 'resort ': The LaLiT Golf & Spa Resort Goa
2025-05-31 11:41:15,673 - INFO - [2025-05-31 11:41:15] INFO - Successfully added item to results
2025-05-31 11:41:15,689 - INFO - [2025-05-31 11:41:15] INFO - Extracted 'location': Colva Beach, Colva
2025-05-31 11:41:15,705 - INFO - [2025-05-31 11:41:15] INFO - Extracted 'resort ': Soul Vacation Resort and Spa,Colva
2025-05-31 11:41:15,706 - INFO - [2025-05-31 11:41:15] INFO - Successfully added item to results
2025-05-31 11:41:15,719 - INFO - [2025-05-31 11:41:15] INFO - Extracted 'location': Majorda
2025-05-31 11:41:15,732 - INFO - [2025-05-31 11:41:15] INFO - Extracted 'resort ': Diwa Club by Alila - A Hyatt Brand
2025-05-31 11:41:15,732 - INFO - [2025-05-31 11:41:15] INFO - Successfully added item to results
2025-05-31 11:41:15,748 - INFO - [2025-05-31 11:41:15] INFO - Extracted 'location': Colva Beach, Colva
2025-05-31 11:41:15,764 - INFO - [2025-05-31 11:41:15] INFO - Extracted 'resort ': Sea Queen Beach Resort & Spa
2025-05-31 11:41:15,764 - INFO - [2025-05-31 11:41:15] INFO - Successfully added item to results
2025-05-31 11:41:15,781 - INFO - [2025-05-31 11:41:15] INFO - Extracted 'location': Vichondrem
2025-05-31 11:41:15,861 - INFO - [2025-05-31 11:41:15] INFO - Extracted 'resort ': The Postcard Hideaway, Netravali Wildlife Sanctuary, Goa
2025-05-31 11:41:15,861 - INFO - [2025-05-31 11:41:15] INFO - Successfully added item to results
2025-05-31 11:41:15,886 - INFO - [2025-05-31 11:41:15] INFO - Extracted 'location': Vagator Beach, Vagator
2025-05-31 11:41:15,899 - INFO - [2025-05-31 11:41:15] INFO - Extracted 'resort ': W Goa
2025-05-31 11:41:15,899 - INFO - [2025-05-31 11:41:15] INFO - Successfully added item to results
2025-05-31 11:41:15,915 - INFO - [2025-05-31 11:41:15] INFO - Extracted 'location': Goa Velha
2025-05-31 11:41:15,929 - INFO - [2025-05-31 11:41:15] INFO - Extracted 'resort ': Thalassa Beach Boutique Resort
2025-05-31 11:41:15,929 - INFO - [2025-05-31 11:41:15] INFO - Successfully added item to results
2025-05-31 11:41:15,942 - INFO - [2025-05-31 11:41:15] INFO - Extracted 'location': Patnem
2025-05-31 11:41:15,956 - INFO - [2025-05-31 11:41:15] INFO - Extracted 'resort ': Palm Trees Ayurvedic Heritage
2025-05-31 11:41:15,957 - INFO - [2025-05-31 11:41:15] INFO - Successfully added item to results
2025-05-31 11:41:15,970 - INFO - [2025-05-31 11:41:15] INFO - Extracted 'location': Varca Beach, Varca
2025-05-31 11:41:15,982 - INFO - [2025-05-31 11:41:15] INFO - Extracted 'resort ': Sterling Goa Varca
2025-05-31 11:41:15,983 - INFO - [2025-05-31 11:41:15] INFO - Successfully added item to results
2025-05-31 11:41:15,996 - INFO - [2025-05-31 11:41:15] INFO - Extracted 'location': Bogmalo
2025-05-31 11:41:16,010 - INFO - [2025-05-31 11:41:16] INFO - Extracted 'resort ': Coconut Creek Resort - Dabolim Airport
2025-05-31 11:41:16,010 - INFO - [2025-05-31 11:41:16] INFO - Successfully added item to results
2025-05-31 11:41:16,025 - INFO - [2025-05-31 11:41:16] INFO - Extracted 'location': Mandrem Beach , Mandrem
2025-05-31 11:41:16,040 - INFO - [2025-05-31 11:41:16] INFO - Extracted 'resort ': La Cabana Beach & Spa, By Ashvem Beach
2025-05-31 11:41:16,040 - INFO - [2025-05-31 11:41:16] INFO - Successfully added item to results
2025-05-31 11:41:16,053 - INFO - [2025-05-31 11:41:16] INFO - Extracted 'location': Vagator
2025-05-31 11:41:16,067 - INFO - [2025-05-31 11:41:16] INFO - Extracted 'resort ': 3102bce - A Vedic Resort
2025-05-31 11:41:16,067 - INFO - [2025-05-31 11:41:16] INFO - Successfully added item to results
2025-05-31 11:41:16,082 - INFO - [2025-05-31 11:41:16] INFO - Extracted 'location': Anjuna Beach, Anjuna
2025-05-31 11:41:16,095 - INFO - [2025-05-31 11:41:16] INFO - Extracted 'resort ': Zulu Land cottages - near Curlies beach shack and shiva valley - Anjuna beach
2025-05-31 11:41:16,095 - INFO - [2025-05-31 11:41:16] INFO - Successfully added item to results
2025-05-31 11:41:16,112 - INFO - [2025-05-31 11:41:16] INFO - Extracted 'location': Nerul
2025-05-31 11:41:16,125 - INFO - [2025-05-31 11:41:16] INFO - Extracted 'resort ': Ahilya By The Sea
2025-05-31 11:41:16,126 - INFO - [2025-05-31 11:41:16] INFO - Successfully added item to results
2025-05-31 11:41:16,140 - INFO - [2025-05-31 11:41:16] INFO - Extracted 'location': Morjim Beach, Morjim
2025-05-31 11:41:16,156 - INFO - [2025-05-31 11:41:16] INFO - Extracted 'resort ': Montego Bay Beach Village - Morjim
2025-05-31 11:41:16,156 - INFO - [2025-05-31 11:41:16] INFO - Successfully added item to results
2025-05-31 11:41:16,173 - INFO - [2025-05-31 11:41:16] INFO - Extracted 'location': Benaulim
2025-05-31 11:41:16,192 - INFO - [2025-05-31 11:41:16] INFO - Extracted 'resort ': Regenta Beach House Resort, Goa
2025-05-31 11:41:16,192 - INFO - [2025-05-31 11:41:16] INFO - Successfully added item to results
2025-05-31 11:41:16,211 - INFO - [2025-05-31 11:41:16] INFO - Extracted 'location': Agonda
2025-05-31 11:41:16,225 - INFO - [2025-05-31 11:41:16] INFO - Extracted 'resort ': Simrose
2025-05-31 11:41:16,225 - INFO - [2025-05-31 11:41:16] INFO - Successfully added item to results
2025-05-31 11:41:16,242 - INFO - [2025-05-31 11:41:16] INFO - Extracted 'location': Utorda
2025-05-31 11:41:16,258 - INFO - [2025-05-31 11:41:16] INFO - Extracted 'resort ': Royal Orchid Beach Resort & Spa, Utorda Beach Goa
2025-05-31 11:41:16,258 - INFO - [2025-05-31 11:41:16] INFO - Successfully added item to results
2025-05-31 11:41:16,274 - INFO - [2025-05-31 11:41:16] INFO - Extracted 'location': Calangute Beach, Calangute
2025-05-31 11:41:16,295 - INFO - [2025-05-31 11:41:16] INFO - Extracted 'resort ': Andores Resort And Spa - Calangute
2025-05-31 11:41:16,295 - INFO - [2025-05-31 11:41:16] INFO - Successfully added item to results
2025-05-31 11:41:16,316 - INFO - [2025-05-31 11:41:16] INFO - Extracted 'location': Benaulim Beach, Benaulim
2025-05-31 11:41:16,339 - INFO - [2025-05-31 11:41:16] INFO - Extracted 'resort ': Azaya Beach Resort Goa
2025-05-31 11:41:16,339 - INFO - [2025-05-31 11:41:16] INFO - Successfully added item to results
2025-05-31 11:41:16,360 - INFO - [2025-05-31 11:41:16] INFO - Extracted 'location': Bogmalo
2025-05-31 11:41:16,381 - INFO - [2025-05-31 11:41:16] INFO - Extracted 'resort ': Bogmallo Beach Resort
2025-05-31 11:41:16,381 - INFO - [2025-05-31 11:41:16] INFO - Successfully added item to results
2025-05-31 11:41:16,401 - INFO - [2025-05-31 11:41:16] INFO - Extracted 'location': Calangute
2025-05-31 11:41:16,423 - INFO - [2025-05-31 11:41:16] INFO - Extracted 'resort ': Somy Plaza Calangute Goa - Formerly Somy Resort
2025-05-31 11:41:16,423 - INFO - [2025-05-31 11:41:16] INFO - Successfully added item to results
2025-05-31 11:41:16,441 - INFO - [2025-05-31 11:41:16] INFO - Extracted 'location': Moira
2025-05-31 11:41:16,457 - INFO - [2025-05-31 11:41:16] INFO - Extracted 'resort ': Storii By ITC Hotels Moira Riviera
2025-05-31 11:41:16,457 - INFO - [2025-05-31 11:41:16] INFO - Successfully added item to results
2025-05-31 11:41:16,472 - INFO - [2025-05-31 11:41:16] INFO - Extracted 'location': Arpora
2025-05-31 11:41:16,489 - INFO - [2025-05-31 11:41:16] INFO - Extracted 'resort ': Ramada by Wyndham Goa Arpora
2025-05-31 11:41:16,489 - INFO - [2025-05-31 11:41:16] INFO - Successfully added item to results
2025-05-31 11:41:16,508 - INFO - [2025-05-31 11:41:16] INFO - Extracted 'location': Morjim Beach, Morjim
2025-05-31 11:41:16,535 - INFO - [2025-05-31 11:41:16] INFO - Extracted 'resort ': Sibaya Beach Resort, Morjim
2025-05-31 11:41:16,535 - INFO - [2025-05-31 11:41:16] INFO - Successfully added item to results
2025-05-31 11:41:16,555 - INFO - [2025-05-31 11:41:16] INFO - Extracted 'location': Candolim Beach, Candolim
2025-05-31 11:41:16,570 - INFO - [2025-05-31 11:41:16] INFO - Extracted 'resort ': Marquis Beach Resort
2025-05-31 11:41:16,571 - INFO - [2025-05-31 11:41:16] INFO - Successfully added item to results
2025-05-31 11:41:16,585 - INFO - [2025-05-31 11:41:16] INFO - Extracted 'location': Goa
2025-05-31 11:41:16,599 - INFO - [2025-05-31 11:41:16] INFO - Extracted 'resort ': The Kimaya - By the Sea
2025-05-31 11:41:16,599 - INFO - [2025-05-31 11:41:16] INFO - Successfully added item to results
2025-05-31 11:41:16,621 - INFO - [2025-05-31 11:41:16] INFO - Extracted 'location': Candolim
2025-05-31 11:41:16,636 - INFO - [2025-05-31 11:41:16] INFO - Extracted 'resort ': Acron Candolim Regina
2025-05-31 11:41:16,636 - INFO - [2025-05-31 11:41:16] INFO - Successfully added item to results
2025-05-31 11:41:16,663 - INFO - [2025-05-31 11:41:16] INFO - Extracted 'location': Candolim
2025-05-31 11:41:16,678 - INFO - [2025-05-31 11:41:16] INFO - Extracted 'resort ': Aldeia Santa Rita - Candolim
2025-05-31 11:41:16,678 - INFO - [2025-05-31 11:41:16] INFO - Successfully added item to results
2025-05-31 11:41:16,694 - INFO - [2025-05-31 11:41:16] INFO - Extracted 'location': Morjim
2025-05-31 11:41:16,710 - INFO - [2025-05-31 11:41:16] INFO - Extracted 'resort ': TAN-N-SAND
2025-05-31 11:41:16,710 - INFO - [2025-05-31 11:41:16] INFO - Successfully added item to results
2025-05-31 11:41:16,724 - INFO - [2025-05-31 11:41:16] INFO - Extracted 'location': Cavelossim Beach, Cavelossim
2025-05-31 11:41:16,738 - INFO - [2025-05-31 11:41:16] INFO - Extracted 'resort ': The Byke Old Anchor Beach Resort & Spa
2025-05-31 11:41:16,738 - INFO - [2025-05-31 11:41:16] INFO - Successfully added item to results
2025-05-31 11:41:16,752 - INFO - [2025-05-31 11:41:16] INFO - Extracted 'location': Palolem Beach, Palolem
2025-05-31 11:41:16,766 - INFO - [2025-05-31 11:41:16] INFO - Extracted 'resort ': Yoga Culture Palolem
2025-05-31 11:41:16,766 - INFO - [2025-05-31 11:41:16] INFO - Successfully added item to results
2025-05-31 11:41:16,782 - INFO - [2025-05-31 11:41:16] INFO - Extracted 'location': Morjim Beach, Morjim
2025-05-31 11:41:16,798 - INFO - [2025-05-31 11:41:16] INFO - Extracted 'resort ': La Vaiencia Beach Resort, Morjim
2025-05-31 11:41:16,798 - INFO - [2025-05-31 11:41:16] INFO - Successfully added item to results
2025-05-31 11:41:16,814 - INFO - [2025-05-31 11:41:16] INFO - Extracted 'location': Benaulim Beach, Benaulim
2025-05-31 11:41:16,828 - INFO - [2025-05-31 11:41:16] INFO - Extracted 'resort ': Beira Mar Beach Resort
2025-05-31 11:41:16,828 - INFO - [2025-05-31 11:41:16] INFO - Successfully added item to results
2025-05-31 11:41:16,843 - INFO - [2025-05-31 11:41:16] INFO - Extracted 'location': Betalbatim
2025-05-31 11:41:16,856 - INFO - [2025-05-31 11:41:16] INFO - Extracted 'resort ': Goa Villagio Resort & Spa - A Unit of IHM, 10 Min Walk from Beach
2025-05-31 11:41:16,856 - INFO - [2025-05-31 11:41:16] INFO - Successfully added item to results
2025-05-31 11:41:16,873 - INFO - [2025-05-31 11:41:16] INFO - Extracted 'location': Calangute
2025-05-31 11:41:16,888 - INFO - [2025-05-31 11:41:16] INFO - Extracted 'resort ': Storii By ITC Hotels, Shanti Morada Goa
2025-05-31 11:41:16,888 - INFO - [2025-05-31 11:41:16] INFO - Successfully added item to results
2025-05-31 11:41:16,903 - INFO - [2025-05-31 11:41:16] INFO - Extracted 'location': Assagao
2025-05-31 11:41:16,917 - INFO - [2025-05-31 11:41:16] INFO - Extracted 'resort ': Romeo Lane The Boutique Resort
2025-05-31 11:41:16,917 - INFO - [2025-05-31 11:41:16] INFO - Successfully added item to results
2025-05-31 11:41:16,934 - INFO - [2025-05-31 11:41:16] INFO - Extracted 'location': Mandrem
2025-05-31 11:41:16,947 - INFO - [2025-05-31 11:41:16] INFO - Extracted 'resort ': Amritara Aura Resort & Spa
2025-05-31 11:41:16,947 - INFO - [2025-05-31 11:41:16] INFO - Successfully added item to results
2025-05-31 11:41:16,964 - INFO - [2025-05-31 11:41:16] INFO - Extracted 'location': Arpora
2025-05-31 11:41:16,978 - INFO - [2025-05-31 11:41:16] INFO - Extracted 'resort ': Park Regis Goa
2025-05-31 11:41:16,978 - INFO - [2025-05-31 11:41:16] INFO - Successfully added item to results
2025-05-31 11:41:16,993 - INFO - [2025-05-31 11:41:16] INFO - Extracted 'location': Mandrem
2025-05-31 11:41:17,007 - INFO - [2025-05-31 11:41:17] INFO - Extracted 'resort ': Larisa Resort Ashwem
2025-05-31 11:41:17,007 - INFO - [2025-05-31 11:41:17] INFO - Successfully added item to results
2025-05-31 11:41:17,023 - INFO - [2025-05-31 11:41:17] INFO - Extracted 'location': Canacona
2025-05-31 11:41:17,037 - INFO - [2025-05-31 11:41:17] INFO - Extracted 'resort ': SUNBATH beach EXOTICA
2025-05-31 11:41:17,038 - INFO - [2025-05-31 11:41:17] INFO - Successfully added item to results
2025-05-31 11:41:17,053 - INFO - [2025-05-31 11:41:17] INFO - Extracted 'location': Vagator
2025-05-31 11:41:17,065 - INFO - [2025-05-31 11:41:17] INFO - Extracted 'resort ': Sashas Holiday Village
2025-05-31 11:41:17,065 - INFO - [2025-05-31 11:41:17] INFO - Successfully added item to results
2025-05-31 11:41:17,082 - INFO - [2025-05-31 11:41:17] INFO - Extracted 'location': Candolim
2025-05-31 11:41:17,099 - INFO - [2025-05-31 11:41:17] INFO - Extracted 'resort ': Jolly Panda Resort Goa
2025-05-31 11:41:17,099 - INFO - [2025-05-31 11:41:17] INFO - Successfully added item to results
2025-05-31 11:41:17,112 - INFO - [2025-05-31 11:41:17] INFO - Extracted 'location': Betalbatim
2025-05-31 11:41:17,127 - INFO - [2025-05-31 11:41:17] INFO - Extracted 'resort ': Alagoa Resort
2025-05-31 11:41:17,127 - INFO - [2025-05-31 11:41:17] INFO - Successfully added item to results
2025-05-31 11:41:17,143 - INFO - [2025-05-31 11:41:17] INFO - Extracted 'location': Colva
2025-05-31 11:41:17,158 - INFO - [2025-05-31 11:41:17] INFO - Extracted 'resort ': Regenta Baywatch Resort, Goa
2025-05-31 11:41:17,158 - INFO - [2025-05-31 11:41:17] INFO - Successfully added item to results
2025-05-31 11:41:17,174 - INFO - [2025-05-31 11:41:17] INFO - Extracted 'location': Candolim Beach, Candolim
2025-05-31 11:41:17,188 - INFO - [2025-05-31 11:41:17] INFO - Extracted 'resort ': Whispering Palms Beach Resort
2025-05-31 11:41:17,188 - INFO - [2025-05-31 11:41:17] INFO - Successfully added item to results
2025-05-31 11:41:17,202 - INFO - [2025-05-31 11:41:17] INFO - Extracted 'location': Vagator
2025-05-31 11:41:17,214 - INFO - [2025-05-31 11:41:17] INFO - Extracted 'resort ': Leoney Resort Goa
2025-05-31 11:41:17,214 - INFO - [2025-05-31 11:41:17] INFO - Successfully added item to results
2025-05-31 11:41:17,227 - INFO - [2025-05-31 11:41:17] INFO - Extracted 'location': Agonda
2025-05-31 11:41:17,242 - INFO - [2025-05-31 11:41:17] INFO - Extracted 'resort ': Rio De Grande
2025-05-31 11:41:17,242 - INFO - [2025-05-31 11:41:17] INFO - Successfully added item to results
2025-05-31 11:41:17,258 - INFO - [2025-05-31 11:41:17] INFO - Extracted 'location': Candolim Beach, Candolim
2025-05-31 11:41:17,274 - INFO - [2025-05-31 11:41:17] INFO - Extracted 'resort ': Lemon Tree Amarante Beach Resort, Goa
2025-05-31 11:41:17,274 - INFO - [2025-05-31 11:41:17] INFO - Successfully added item to results
2025-05-31 11:41:17,290 - INFO - [2025-05-31 11:41:17] INFO - Extracted 'location': Vagator
2025-05-31 11:41:17,304 - INFO - [2025-05-31 11:41:17] INFO - Extracted 'resort ': The Evren, Vagator
2025-05-31 11:41:17,304 - INFO - [2025-05-31 11:41:17] INFO - Successfully added item to results
2025-05-31 11:41:17,319 - INFO - [2025-05-31 11:41:17] INFO - Extracted 'location': Calangute
2025-05-31 11:41:17,331 - INFO - [2025-05-31 11:41:17] INFO - Extracted 'resort ': Summit Calangute Resort & Spa
2025-05-31 11:41:17,331 - INFO - [2025-05-31 11:41:17] INFO - Successfully added item to results
2025-05-31 11:41:17,348 - INFO - [2025-05-31 11:41:17] INFO - Extracted 'location': Varca
2025-05-31 11:41:17,363 - INFO - [2025-05-31 11:41:17] INFO - Extracted 'resort ': Club Mahindra Emerald Palms, Goa
2025-05-31 11:41:17,363 - INFO - [2025-05-31 11:41:17] INFO - Successfully added item to results
2025-05-31 11:41:17,381 - INFO - [2025-05-31 11:41:17] INFO - Extracted 'location': Palolem
2025-05-31 11:41:17,395 - INFO - [2025-05-31 11:41:17] INFO - Extracted 'resort ': La La Land Resort Goa by Spicy Mango
2025-05-31 11:41:17,395 - INFO - [2025-05-31 11:41:17] INFO - Successfully added item to results
2025-05-31 11:41:17,409 - INFO - [2025-05-31 11:41:17] INFO - Extracted 'location': Anjuna
2025-05-31 11:41:17,423 - INFO - [2025-05-31 11:41:17] INFO - Extracted 'resort ': The Byke Royal Pearl Anjuna
2025-05-31 11:41:17,423 - INFO - [2025-05-31 11:41:17] INFO - Successfully added item to results
2025-05-31 11:41:17,437 - INFO - [2025-05-31 11:41:17] INFO - Extracted 'location': Mandrem
2025-05-31 11:41:17,451 - INFO - [2025-05-31 11:41:17] INFO - Extracted 'resort ': Mariners Bay Resort
2025-05-31 11:41:17,451 - INFO - [2025-05-31 11:41:17] INFO - Successfully added item to results
2025-05-31 11:41:17,464 - INFO - [2025-05-31 11:41:17] INFO - Extracted 'location': Baga
2025-05-31 11:41:17,479 - INFO - [2025-05-31 11:41:17] INFO - Extracted 'resort ': La Sunila Suites & Villas by WSI, Baga
2025-05-31 11:41:17,479 - INFO - [2025-05-31 11:41:17] INFO - Successfully added item to results
2025-05-31 11:41:17,494 - INFO - [2025-05-31 11:41:17] INFO - Extracted 'location': Morjim
2025-05-31 11:41:17,508 - INFO - [2025-05-31 11:41:17] INFO - Extracted 'resort ': Papa Jolly Eco Resort-Near Morjim Beach
2025-05-31 11:41:17,508 - INFO - [2025-05-31 11:41:17] INFO - Successfully added item to results
2025-05-31 11:41:17,524 - INFO - [2025-05-31 11:41:17] INFO - Extracted 'location': Arpora
2025-05-31 11:41:17,542 - INFO - [2025-05-31 11:41:17] INFO - Extracted 'resort ': Resort Rio
2025-05-31 11:41:17,542 - INFO - [2025-05-31 11:41:17] INFO - Successfully added item to results
2025-05-31 11:41:17,558 - INFO - [2025-05-31 11:41:17] INFO - Extracted 'location': Calangute Beach, Calangute
2025-05-31 11:41:17,574 - INFO - [2025-05-31 11:41:17] INFO - Extracted 'resort ': Grandeur De Sanchi- Luxury Beach Resort & Spa
2025-05-31 11:41:17,574 - INFO - [2025-05-31 11:41:17] INFO - Successfully added item to results
2025-05-31 11:41:17,588 - INFO - [2025-05-31 11:41:17] INFO - Extracted 'location': Benaulim
2025-05-31 11:41:17,609 - INFO - [2025-05-31 11:41:17] INFO - Extracted 'resort ': Silva Heritage Resort Goa
2025-05-31 11:41:17,609 - INFO - [2025-05-31 11:41:17] INFO - Successfully added item to results
2025-05-31 11:41:17,625 - INFO - [2025-05-31 11:41:17] INFO - Extracted 'location': Candolim
2025-05-31 11:41:17,640 - INFO - [2025-05-31 11:41:17] INFO - Extracted 'resort ': De Alturas Resort
2025-05-31 11:41:17,640 - INFO - [2025-05-31 11:41:17] INFO - Successfully added item to results
2025-05-31 11:41:17,658 - INFO - [2025-05-31 11:41:17] INFO - Extracted 'location': Patnem
2025-05-31 11:41:17,674 - INFO - [2025-05-31 11:41:17] INFO - Extracted 'resort ': Mia's beach resort goa
2025-05-31 11:41:17,674 - INFO - [2025-05-31 11:41:17] INFO - Successfully added item to results
2025-05-31 11:41:17,689 - INFO - [2025-05-31 11:41:17] INFO - Extracted 'location': Morjim
2025-05-31 11:41:17,706 - INFO - [2025-05-31 11:41:17] INFO - Extracted 'resort ': Shree Rajeshwari Resort
2025-05-31 11:41:17,706 - INFO - [2025-05-31 11:41:17] INFO - Successfully added item to results
2025-05-31 11:41:18,065 - INFO - [2025-05-31 11:41:18] INFO - 
[SUCCESS] Scraping complete. 91 items saved.
2025-05-31 11:41:18,065 - INFO - [2025-05-31 11:41:18] INFO - Results saved to JSON: output/deb2cb47-cef4-435f-a07b-43fe9d502533\scraped_data.json
2025-05-31 11:41:18,065 - INFO - [2025-05-31 11:41:18] INFO - Results saved to Excel: output/deb2cb47-cef4-435f-a07b-43fe9d502533\scraped_data.xlsx
2025-05-31 11:41:18,065 - INFO - [2025-05-31 11:41:18] INFO - Scraper completed successfully
2025-05-31 11:41:18,065 - INFO - [2025-05-31 11:41:18] INFO - Attempting to upload to Google Drive...
2025-05-31 11:41:20,144 - INFO - [2025-05-31 11:41:20] INFO - File uploaded to Google Drive with ID: 1YEmK7F-7Ibhg1wvXCGZ6sDwMh0NM3Irx
2025-05-31 11:41:20,145 - INFO - [2025-05-31 11:41:20] INFO - Successfully uploaded Excel file to Google Drive with ID: 1YEmK7F-7Ibhg1wvXCGZ6sDwMh0NM3Irx
