2025-05-31 12:05:16,289 - INFO - [2025-05-31 12:05:16] INFO - Added file handler for log file: output/f6e8e812-4c1e-4c8a-9db3-99b0390c7c59\scraper.log
2025-05-31 12:05:16,289 - INFO - [2025-05-31 12:05:16] INFO - Starting scraper with configuration:
2025-05-31 12:05:16,289 - INFO - [2025-05-31 12:05:16] INFO - base_url: https://www.booking.com/searchresults.html?label=gog235jc-1DCAEoggI46AdIM1gDaGyIAQGYATG4AQfIAQzYAQPoAQH4AQKIAgGoAgO4As_0h8AGwAIB0gIkMzJhOGRkNTItN2Y0NS00OGIyLWI0NDMtOGRjODk1MjQxNDlh2AIE4AIB&aid=397594&ss=Goa%2C%20India&efdco=1&lang=en-us&src=index&dest_id=4127&dest_type=region&group_adults=2&no_rooms=1&group_children=0&nflt=ht_id%3D206%3Bhotelfacility%3D54
2025-05-31 12:05:16,290 - INFO - [2025-05-31 12:05:16] INFO - concurrent_settings: {'base_request_delay': 2, 'job_spacing_delay': 3, 'max_concurrent_jobs': 3, 'max_concurrent_requests': 2}
2025-05-31 12:05:16,292 - INFO - [2025-05-31 12:05:16] INFO - container_selector: div.aa97d6032f
2025-05-31 12:05:16,292 - INFO - [2025-05-31 12:05:16] INFO - initial_wait: 5
2025-05-31 12:05:16,292 - INFO - [2025-05-31 12:05:16] INFO - load_more_selector: button.de576f5064.b46cd7aad7.d0a01e3d83.dda427e6b5.bbf83acb81.a0ddd706cc
2025-05-31 12:05:16,292 - INFO - [2025-05-31 12:05:16] INFO - load_more_wait: 10
2025-05-31 12:05:16,292 - INFO - [2025-05-31 12:05:16] INFO - max_pages: 1
2025-05-31 12:05:16,292 - INFO - [2025-05-31 12:05:16] INFO - max_scroll_attempts: 50
2025-05-31 12:05:16,292 - INFO - [2025-05-31 12:05:16] INFO - next_page_selector: 
2025-05-31 12:05:16,292 - INFO - [2025-05-31 12:05:16] INFO - output_excel: output/f6e8e812-4c1e-4c8a-9db3-99b0390c7c59\scraped_data.xlsx
2025-05-31 12:05:16,292 - INFO - [2025-05-31 12:05:16] INFO - output_json: output/f6e8e812-4c1e-4c8a-9db3-99b0390c7c59\scraped_data.json
2025-05-31 12:05:16,292 - INFO - [2025-05-31 12:05:16] INFO - page_wait: 2
2025-05-31 12:05:16,292 - INFO - [2025-05-31 12:05:16] INFO - paginate: False
2025-05-31 12:05:16,292 - INFO - [2025-05-31 12:05:16] INFO - scrape_subpages: False
2025-05-31 12:05:16,292 - INFO - [2025-05-31 12:05:16] INFO - scroll: True
2025-05-31 12:05:16,292 - INFO - [2025-05-31 12:05:16] INFO - scroll_wait: 10
2025-05-31 12:05:16,292 - INFO - [2025-05-31 12:05:16] INFO - start_page: 1
2025-05-31 12:05:16,292 - INFO - [2025-05-31 12:05:16] INFO - subpage_wait: 3
2025-05-31 12:05:16,292 - INFO - [2025-05-31 12:05:16] INFO - job_id: f6e8e812-4c1e-4c8a-9db3-99b0390c7c59
2025-05-31 12:05:16,292 - INFO - [2025-05-31 12:05:16] INFO - user_id: user_l8tq82mtc4d_1748601150733
2025-05-31 12:05:16,292 - INFO - [2025-05-31 12:05:16] INFO - concurrent: True
2025-05-31 12:05:16,293 - INFO - [2025-05-31 12:05:16] INFO - output_dir: output/f6e8e812-4c1e-4c8a-9db3-99b0390c7c59
2025-05-31 12:05:16,293 - INFO - [2025-05-31 12:05:16] INFO - log_file: output/f6e8e812-4c1e-4c8a-9db3-99b0390c7c59\scraper.log
2025-05-31 12:05:16,293 - INFO - [2025-05-31 12:05:16] INFO - request_delay: 6
2025-05-31 12:05:16,293 - INFO - [2025-05-31 12:05:16] INFO - max_concurrent_requests: 2
2025-05-31 12:05:16,293 - INFO - [2025-05-31 12:05:16] INFO - job_start_time: 2025-05-31T12:05:15.132763
2025-05-31 12:05:16,293 - INFO - [2025-05-31 12:05:16] INFO - headless: True
2025-05-31 12:05:16,293 - INFO - [2025-05-31 12:05:16] INFO - Concurrent scraping settings:
2025-05-31 12:05:16,293 - INFO - [2025-05-31 12:05:16] INFO - Job ID: f6e8e812-4c1e-4c8a-9db3-99b0390c7c59
2025-05-31 12:05:16,293 - INFO - [2025-05-31 12:05:16] INFO - User ID: user_l8tq82mtc4d_1748601150733
2025-05-31 12:05:16,293 - INFO - [2025-05-31 12:05:16] INFO - Request delay: 6s
2025-05-31 12:05:16,293 - INFO - [2025-05-31 12:05:16] INFO - Max concurrent requests: 2
2025-05-31 12:05:16,293 - INFO - [2025-05-31 12:05:16] INFO - Concurrent scraping settings:
2025-05-31 12:05:16,293 - INFO - [2025-05-31 12:05:16] INFO - Job ID: f6e8e812-4c1e-4c8a-9db3-99b0390c7c59
2025-05-31 12:05:16,293 - INFO - [2025-05-31 12:05:16] INFO - User ID: user_l8tq82mtc4d_1748601150733
2025-05-31 12:05:16,293 - INFO - [2025-05-31 12:05:16] INFO - Request delay: 6s
2025-05-31 12:05:16,293 - INFO - [2025-05-31 12:05:16] INFO - Max concurrent requests: 2
2025-05-31 12:05:16,293 - INFO - [2025-05-31 12:05:16] INFO - Starting scraper with configuration:
2025-05-31 12:05:16,293 - INFO - [2025-05-31 12:05:16] INFO - {
  "base_url": "https://www.booking.com/searchresults.html?label=gog235jc-1DCAEoggI46AdIM1gDaGyIAQGYATG4AQfIAQzYAQPoAQH4AQKIAgGoAgO4As_0h8AGwAIB0gIkMzJhOGRkNTItN2Y0NS00OGIyLWI0NDMtOGRjODk1MjQxNDlh2AIE4AIB&aid=397594&ss=Goa%2C%20India&efdco=1&lang=en-us&src=index&dest_id=4127&dest_type=region&group_adults=2&no_rooms=1&group_children=0&nflt=ht_id%3D206%3Bhotelfacility%3D54",
  "concurrent_settings": {
    "base_request_delay": 2,
    "job_spacing_delay": 3,
    "max_concurrent_jobs": 3,
    "max_concurrent_requests": 2
  },
  "container_selector": "div.aa97d6032f",
  "initial_wait": 5,
  "load_more_selector": "button.de576f5064.b46cd7aad7.d0a01e3d83.dda427e6b5.bbf83acb81.a0ddd706cc",
  "load_more_wait": 10,
  "max_pages": 1,
  "max_scroll_attempts": 50,
  "next_page_selector": "",
  "output_excel": "output/f6e8e812-4c1e-4c8a-9db3-99b0390c7c59\\scraped_data.xlsx",
  "output_json": "output/f6e8e812-4c1e-4c8a-9db3-99b0390c7c59\\scraped_data.json",
  "page_wait": 2,
  "paginate": false,
  "scrape_subpages": false,
  "scroll": true,
  "scroll_wait": 10,
  "start_page": 1,
  "subpage_wait": 3,
  "job_id": "f6e8e812-4c1e-4c8a-9db3-99b0390c7c59",
  "user_id": "user_l8tq82mtc4d_1748601150733",
  "concurrent": true,
  "output_dir": "output/f6e8e812-4c1e-4c8a-9db3-99b0390c7c59",
  "log_file": "output/f6e8e812-4c1e-4c8a-9db3-99b0390c7c59\\scraper.log",
  "request_delay": 6,
  "max_concurrent_requests": 2,
  "job_start_time": "2025-05-31T12:05:15.132763",
  "headless": true
}
2025-05-31 12:05:16,293 - INFO - [2025-05-31 12:05:16] INFO - Detected Chrome version from registry: 137.0.7151.55
2025-05-31 12:05:16,294 - INFO - [2025-05-31 12:05:16] INFO - Detected Chrome version: 137.0.7151.55
2025-05-31 12:05:17,738 - INFO - [2025-05-31 12:05:17] INFO - Installed ChromeDriver at: C:\Users\harim\.wdm\drivers\chromedriver\win64\137.0.7151.55\chromedriver-win32/chromedriver.exe
2025-05-31 12:05:18,805 - INFO - [2025-05-31 12:05:18] INFO - ChromeDriver version: 137.0.7151.55
2025-05-31 12:05:18,805 - INFO - [2025-05-31 12:05:18] INFO - Chrome WebDriver initialized successfully
2025-05-31 12:05:18,805 - INFO - [2025-05-31 12:05:18] INFO - Job started for user user_l8tq82mtc4d_1748601150733 (Job ID: f6e8e812-4c1e-4c8a-9db3-99b0390c7c59)
2025-05-31 12:05:18,805 - INFO - [2025-05-31 12:05:18] INFO - Phase 1: Collecting main fields and links from all pages...
2025-05-31 12:05:21,417 - INFO - [2025-05-31 12:05:21] INFO - Navigated to base URL: https://www.booking.com/searchresults.html?label=gog235jc-1DCAEoggI46AdIM1gDaGyIAQGYATG4AQfIAQzYAQPoAQH4AQKIAgGoAgO4As_0h8AGwAIB0gIkMzJhOGRkNTItN2Y0NS00OGIyLWI0NDMtOGRjODk1MjQxNDlh2AIE4AIB&aid=397594&ss=Goa%2C%20India&efdco=1&lang=en-us&src=index&dest_id=4127&dest_type=region&group_adults=2&no_rooms=1&group_children=0&nflt=ht_id%3D206%3Bhotelfacility%3D54
2025-05-31 12:05:21,417 - INFO - [2025-05-31 12:05:21] INFO - Waiting 5 seconds for page to load...
2025-05-31 12:05:32,447 - INFO - [2025-05-31 12:05:32] INFO - Scraping main fields from page 1...
2025-05-31 12:05:32,447 - INFO - [2025-05-31 12:05:32] INFO - Starting to scroll down the page to load all content...
2025-05-31 12:06:02,519 - INFO - [2025-05-31 12:06:02] INFO - Found 60 containers on page 1
2025-05-31 12:06:02,543 - INFO - [2025-05-31 12:06:02] INFO - Extracted 'location': Anjuna Beach, Anjuna
2025-05-31 12:06:02,563 - INFO - [2025-05-31 12:06:02] INFO - Extracted 'resort ': Zulu Land cottages - near Curlies beach shack and shiva valley - Anjuna beach
2025-05-31 12:06:02,563 - INFO - [2025-05-31 12:06:02] INFO - Successfully added item to results
2025-05-31 12:06:02,582 - INFO - [2025-05-31 12:06:02] INFO - Extracted 'location': Calangute
2025-05-31 12:06:02,599 - INFO - [2025-05-31 12:06:02] INFO - Extracted 'resort ': Summit Calangute Resort & Spa
2025-05-31 12:06:02,599 - INFO - [2025-05-31 12:06:02] INFO - Successfully added item to results
2025-05-31 12:06:02,618 - INFO - [2025-05-31 12:06:02] INFO - Extracted 'location': Calangute
2025-05-31 12:06:02,637 - INFO - [2025-05-31 12:06:02] INFO - Extracted 'resort ': Storii By ITC Hotels, Shanti Morada Goa
2025-05-31 12:06:02,637 - INFO - [2025-05-31 12:06:02] INFO - Successfully added item to results
2025-05-31 12:06:02,655 - INFO - [2025-05-31 12:06:02] INFO - Extracted 'location': Betalbatim
2025-05-31 12:06:02,673 - INFO - [2025-05-31 12:06:02] INFO - Extracted 'resort ': Goa Villagio Resort & Spa - A Unit of IHM, 10 Min Walk from Beach
2025-05-31 12:06:02,673 - INFO - [2025-05-31 12:06:02] INFO - Successfully added item to results
2025-05-31 12:06:02,692 - INFO - [2025-05-31 12:06:02] INFO - Extracted 'location': Mandrem
2025-05-31 12:06:02,710 - INFO - [2025-05-31 12:06:02] INFO - Extracted 'resort ': Larisa Resort Ashwem
2025-05-31 12:06:02,710 - INFO - [2025-05-31 12:06:02] INFO - Successfully added item to results
2025-05-31 12:06:02,728 - INFO - [2025-05-31 12:06:02] INFO - Extracted 'location': Moira
2025-05-31 12:06:02,746 - INFO - [2025-05-31 12:06:02] INFO - Extracted 'resort ': Storii By ITC Hotels Moira Riviera
2025-05-31 12:06:02,746 - INFO - [2025-05-31 12:06:02] INFO - Successfully added item to results
2025-05-31 12:06:02,765 - INFO - [2025-05-31 12:06:02] INFO - Extracted 'location': Morjim
2025-05-31 12:06:02,784 - INFO - [2025-05-31 12:06:02] INFO - Extracted 'resort ': TAN-N-SAND
2025-05-31 12:06:02,784 - INFO - [2025-05-31 12:06:02] INFO - Successfully added item to results
2025-05-31 12:06:02,799 - INFO - [2025-05-31 12:06:02] INFO - Extracted 'location': Morjim Beach, Morjim
2025-05-31 12:06:02,817 - INFO - [2025-05-31 12:06:02] INFO - Extracted 'resort ': Sibaya Beach Resort, Morjim
2025-05-31 12:06:02,817 - INFO - [2025-05-31 12:06:02] INFO - Successfully added item to results
2025-05-31 12:06:02,832 - INFO - [2025-05-31 12:06:02] INFO - Extracted 'location': Morjim Beach, Morjim
2025-05-31 12:06:02,847 - INFO - [2025-05-31 12:06:02] INFO - Extracted 'resort ': La Vaiencia Beach Resort, Morjim
2025-05-31 12:06:02,847 - INFO - [2025-05-31 12:06:02] INFO - Successfully added item to results
2025-05-31 12:06:02,866 - INFO - [2025-05-31 12:06:02] INFO - Extracted 'location': Benaulim
2025-05-31 12:06:02,884 - INFO - [2025-05-31 12:06:02] INFO - Extracted 'resort ': Silva Heritage Resort Goa
2025-05-31 12:06:02,884 - INFO - [2025-05-31 12:06:02] INFO - Successfully added item to results
2025-05-31 12:06:02,915 - INFO - [2025-05-31 12:06:02] INFO - Extracted 'location': Panaji
2025-05-31 12:06:02,932 - INFO - [2025-05-31 12:06:02] INFO - Extracted 'resort ': Taj Cidade de Goa Horizon, Goa
2025-05-31 12:06:02,932 - INFO - [2025-05-31 12:06:02] INFO - Successfully added item to results
2025-05-31 12:06:02,951 - INFO - [2025-05-31 12:06:02] INFO - Extracted 'location': Mandrem
2025-05-31 12:06:02,970 - INFO - [2025-05-31 12:06:02] INFO - Extracted 'resort ': Palma Beach Resort
2025-05-31 12:06:02,970 - INFO - [2025-05-31 12:06:02] INFO - Successfully added item to results
2025-05-31 12:06:02,989 - INFO - [2025-05-31 12:06:02] INFO - Extracted 'location': Calangute
2025-05-31 12:06:03,007 - INFO - [2025-05-31 12:06:03] INFO - Extracted 'resort ': Hyatt Ronil Goa - a JdV by Hyatt Hotel
2025-05-31 12:06:03,007 - INFO - [2025-05-31 12:06:03] INFO - Successfully added item to results
2025-05-31 12:06:03,021 - INFO - [2025-05-31 12:06:03] INFO - Extracted 'location': Panaji
2025-05-31 12:06:03,039 - INFO - [2025-05-31 12:06:03] INFO - Extracted 'resort ': Taj Cidade de Goa Heritage, Goa
2025-05-31 12:06:03,039 - INFO - [2025-05-31 12:06:03] INFO - Successfully added item to results
2025-05-31 12:06:03,055 - INFO - [2025-05-31 12:06:03] INFO - Extracted 'location': Goa
2025-05-31 12:06:03,072 - INFO - [2025-05-31 12:06:03] INFO - Extracted 'resort ': The Kimaya - By the Sea
2025-05-31 12:06:03,072 - INFO - [2025-05-31 12:06:03] INFO - Successfully added item to results
2025-05-31 12:06:03,091 - INFO - [2025-05-31 12:06:03] INFO - Extracted 'location': Baga
2025-05-31 12:06:03,109 - INFO - [2025-05-31 12:06:03] INFO - Extracted 'resort ': Radisson Resort Goa Baga
2025-05-31 12:06:03,109 - INFO - [2025-05-31 12:06:03] INFO - Successfully added item to results
2025-05-31 12:06:03,127 - INFO - [2025-05-31 12:06:03] INFO - Extracted 'location': Old Goa
2025-05-31 12:06:03,146 - INFO - [2025-05-31 12:06:03] INFO - Extracted 'resort ': Mercure Goa Devaaya Resort
2025-05-31 12:06:03,146 - INFO - [2025-05-31 12:06:03] INFO - Successfully added item to results
2025-05-31 12:06:03,164 - INFO - [2025-05-31 12:06:03] INFO - Extracted 'location': Vagator
2025-05-31 12:06:03,183 - INFO - [2025-05-31 12:06:03] INFO - Extracted 'resort ': The Evren, Vagator
2025-05-31 12:06:03,184 - INFO - [2025-05-31 12:06:03] INFO - Successfully added item to results
2025-05-31 12:06:03,201 - INFO - [2025-05-31 12:06:03] INFO - Extracted 'location': Arpora
2025-05-31 12:06:03,216 - INFO - [2025-05-31 12:06:03] INFO - Extracted 'resort ': Ramada by Wyndham Goa Arpora
2025-05-31 12:06:03,216 - INFO - [2025-05-31 12:06:03] INFO - Successfully added item to results
2025-05-31 12:06:03,230 - INFO - [2025-05-31 12:06:03] INFO - Extracted 'location': Agonda
2025-05-31 12:06:03,244 - INFO - [2025-05-31 12:06:03] INFO - Extracted 'resort ': Simrose
2025-05-31 12:06:03,244 - INFO - [2025-05-31 12:06:03] INFO - Successfully added item to results
2025-05-31 12:06:03,297 - INFO - [2025-05-31 12:06:03] INFO - Extracted 'location': Goa Velha
2025-05-31 12:06:03,315 - INFO - [2025-05-31 12:06:03] INFO - Extracted 'resort ': Skon Morjim Beach Resort by Orion Hotels
2025-05-31 12:06:03,315 - INFO - [2025-05-31 12:06:03] INFO - Successfully added item to results
2025-05-31 12:06:03,332 - INFO - [2025-05-31 12:06:03] INFO - Extracted 'location': Utorda
2025-05-31 12:06:03,350 - INFO - [2025-05-31 12:06:03] INFO - Extracted 'resort ': Royal Orchid Beach Resort & Spa, Utorda Beach Goa
2025-05-31 12:06:03,350 - INFO - [2025-05-31 12:06:03] INFO - Successfully added item to results
2025-05-31 12:06:03,365 - INFO - [2025-05-31 12:06:03] INFO - Extracted 'location': Candolim
2025-05-31 12:06:03,380 - INFO - [2025-05-31 12:06:03] INFO - Extracted 'resort ': Acron Candolim Regina
2025-05-31 12:06:03,380 - INFO - [2025-05-31 12:06:03] INFO - Successfully added item to results
2025-05-31 12:06:03,398 - INFO - [2025-05-31 12:06:03] INFO - Extracted 'location': Candolim
2025-05-31 12:06:03,419 - INFO - [2025-05-31 12:06:03] INFO - Extracted 'resort ': Grand Mercure Goa Candolim - An Accor Hotels Brand
2025-05-31 12:06:03,419 - INFO - [2025-05-31 12:06:03] INFO - Successfully added item to results
2025-05-31 12:06:03,437 - INFO - [2025-05-31 12:06:03] INFO - Extracted 'location': Candolim
2025-05-31 12:06:03,453 - INFO - [2025-05-31 12:06:03] INFO - Extracted 'resort ': Golden Tulip Candolim, Goa
2025-05-31 12:06:03,453 - INFO - [2025-05-31 12:06:03] INFO - Successfully added item to results
2025-05-31 12:06:03,468 - INFO - [2025-05-31 12:06:03] INFO - Extracted 'location': Cansaulim
2025-05-31 12:06:03,483 - INFO - [2025-05-31 12:06:03] INFO - Extracted 'resort ': Heritage Village Resort & Spa Goa
2025-05-31 12:06:03,483 - INFO - [2025-05-31 12:06:03] INFO - Successfully added item to results
2025-05-31 12:06:03,498 - INFO - [2025-05-31 12:06:03] INFO - Extracted 'location': Utorda
2025-05-31 12:06:03,514 - INFO - [2025-05-31 12:06:03] INFO - Extracted 'resort ': Kenilworth Resort & Spa, Goa
2025-05-31 12:06:03,515 - INFO - [2025-05-31 12:06:03] INFO - Successfully added item to results
2025-05-31 12:06:03,532 - INFO - [2025-05-31 12:06:03] INFO - Extracted 'location': Cabo de Rama
2025-05-31 12:06:03,549 - INFO - [2025-05-31 12:06:03] INFO - Extracted 'resort ': Obrigado by Craftels
2025-05-31 12:06:03,549 - INFO - [2025-05-31 12:06:03] INFO - Successfully added item to results
2025-05-31 12:06:03,565 - INFO - [2025-05-31 12:06:03] INFO - Extracted 'location': Agonda
2025-05-31 12:06:03,579 - INFO - [2025-05-31 12:06:03] INFO - Extracted 'resort ': The Rose Goa Beach Resort
2025-05-31 12:06:03,580 - INFO - [2025-05-31 12:06:03] INFO - Successfully added item to results
2025-05-31 12:06:03,599 - INFO - [2025-05-31 12:06:03] INFO - Extracted 'location': Benaulim Beach, Benaulim
2025-05-31 12:06:03,616 - INFO - [2025-05-31 12:06:03] INFO - Extracted 'resort ': Fortune Resort Benaulim Goa - Member ITC Hotels' Group
2025-05-31 12:06:03,617 - INFO - [2025-05-31 12:06:03] INFO - Successfully added item to results
2025-05-31 12:06:03,634 - INFO - [2025-05-31 12:06:03] INFO - Extracted 'location': Benaulim Beach, Benaulim
2025-05-31 12:06:03,652 - INFO - [2025-05-31 12:06:03] INFO - Extracted 'resort ': La Grace Resort
2025-05-31 12:06:03,652 - INFO - [2025-05-31 12:06:03] INFO - Successfully added item to results
2025-05-31 12:06:03,669 - INFO - [2025-05-31 12:06:03] INFO - Extracted 'location': Varca Beach, Varca
2025-05-31 12:06:03,687 - INFO - [2025-05-31 12:06:03] INFO - Extracted 'resort ': The Zuri White Sands, Goa Resort & Casino
2025-05-31 12:06:03,687 - INFO - [2025-05-31 12:06:03] INFO - Successfully added item to results
2025-05-31 12:06:03,705 - INFO - [2025-05-31 12:06:03] INFO - Extracted 'location': Bogmalo
2025-05-31 12:06:03,723 - INFO - [2025-05-31 12:06:03] INFO - Extracted 'resort ': Bogmallo Beach Resort
2025-05-31 12:06:03,723 - INFO - [2025-05-31 12:06:03] INFO - Successfully added item to results
2025-05-31 12:06:03,740 - INFO - [2025-05-31 12:06:03] INFO - Extracted 'location': Palolem Beach, Palolem
2025-05-31 12:06:03,758 - INFO - [2025-05-31 12:06:03] INFO - Extracted 'resort ': Art Resort Goa
2025-05-31 12:06:03,758 - INFO - [2025-05-31 12:06:03] INFO - Successfully added item to results
2025-05-31 12:06:03,775 - INFO - [2025-05-31 12:06:03] INFO - Extracted 'location': Candolim
2025-05-31 12:06:03,794 - INFO - [2025-05-31 12:06:03] INFO - Extracted 'resort ': Park Inn by Radisson Goa Candolim
2025-05-31 12:06:03,794 - INFO - [2025-05-31 12:06:03] INFO - Successfully added item to results
2025-05-31 12:06:03,811 - INFO - [2025-05-31 12:06:03] INFO - Extracted 'location': Candolim Beach, Candolim
2025-05-31 12:06:03,829 - INFO - [2025-05-31 12:06:03] INFO - Extracted 'resort ': Taj Fort Aguada Resort & Spa, Goa
2025-05-31 12:06:03,829 - INFO - [2025-05-31 12:06:03] INFO - Successfully added item to results
2025-05-31 12:06:03,847 - INFO - [2025-05-31 12:06:03] INFO - Extracted 'location': Candolim Beach, Candolim
2025-05-31 12:06:03,869 - INFO - [2025-05-31 12:06:03] INFO - Extracted 'resort ': Taj Holiday Village Resort & Spa, Goa
2025-05-31 12:06:03,869 - INFO - [2025-05-31 12:06:03] INFO - Successfully added item to results
2025-05-31 12:06:03,887 - INFO - [2025-05-31 12:06:03] INFO - Extracted 'location': Mandrem Beach , Mandrem
2025-05-31 12:06:03,903 - INFO - [2025-05-31 12:06:03] INFO - Extracted 'resort ': Riva Beach Resort
2025-05-31 12:06:03,903 - INFO - [2025-05-31 12:06:03] INFO - Successfully added item to results
2025-05-31 12:06:03,920 - INFO - [2025-05-31 12:06:03] INFO - Extracted 'location': Canacona
2025-05-31 12:06:03,937 - INFO - [2025-05-31 12:06:03] INFO - Extracted 'resort ': The LaLiT Golf & Spa Resort Goa
2025-05-31 12:06:03,937 - INFO - [2025-05-31 12:06:03] INFO - Successfully added item to results
2025-05-31 12:06:03,956 - INFO - [2025-05-31 12:06:03] INFO - Extracted 'location': Colva Beach, Colva
2025-05-31 12:06:03,974 - INFO - [2025-05-31 12:06:03] INFO - Extracted 'resort ': Soul Vacation Resort and Spa,Colva
2025-05-31 12:06:03,974 - INFO - [2025-05-31 12:06:03] INFO - Successfully added item to results
2025-05-31 12:06:03,992 - INFO - [2025-05-31 12:06:03] INFO - Extracted 'location': Calangute Beach, Calangute
2025-05-31 12:06:04,009 - INFO - [2025-05-31 12:06:04] INFO - Extracted 'resort ': Chalston Beach Resort
2025-05-31 12:06:04,010 - INFO - [2025-05-31 12:06:04] INFO - Successfully added item to results
2025-05-31 12:06:04,028 - INFO - [2025-05-31 12:06:04] INFO - Extracted 'location': Majorda
2025-05-31 12:06:04,047 - INFO - [2025-05-31 12:06:04] INFO - Extracted 'resort ': Diwa Club by Alila - A Hyatt Brand
2025-05-31 12:06:04,047 - INFO - [2025-05-31 12:06:04] INFO - Successfully added item to results
2025-05-31 12:06:04,065 - INFO - [2025-05-31 12:06:04] INFO - Extracted 'location': Colva Beach, Colva
2025-05-31 12:06:04,083 - INFO - [2025-05-31 12:06:04] INFO - Extracted 'resort ': Sea Queen Beach Resort & Spa
2025-05-31 12:06:04,083 - INFO - [2025-05-31 12:06:04] INFO - Successfully added item to results
2025-05-31 12:06:04,102 - INFO - [2025-05-31 12:06:04] INFO - Extracted 'location': Panaji
2025-05-31 12:06:04,120 - INFO - [2025-05-31 12:06:04] INFO - Extracted 'resort ': DoubleTree by Hilton Goa - Panaji
2025-05-31 12:06:04,120 - INFO - [2025-05-31 12:06:04] INFO - Successfully added item to results
2025-05-31 12:06:04,138 - INFO - [2025-05-31 12:06:04] INFO - Extracted 'location': Vichondrem
2025-05-31 12:06:04,156 - INFO - [2025-05-31 12:06:04] INFO - Extracted 'resort ': The Postcard Hideaway, Netravali Wildlife Sanctuary, Goa
2025-05-31 12:06:04,156 - INFO - [2025-05-31 12:06:04] INFO - Successfully added item to results
2025-05-31 12:06:04,174 - INFO - [2025-05-31 12:06:04] INFO - Extracted 'location': Vagator Beach, Vagator
2025-05-31 12:06:04,192 - INFO - [2025-05-31 12:06:04] INFO - Extracted 'resort ': W Goa
2025-05-31 12:06:04,192 - INFO - [2025-05-31 12:06:04] INFO - Successfully added item to results
2025-05-31 12:06:04,210 - INFO - [2025-05-31 12:06:04] INFO - Extracted 'location': Panaji
2025-05-31 12:06:04,231 - INFO - [2025-05-31 12:06:04] INFO - Extracted 'resort ': Goa Marriott Resort & Spa
2025-05-31 12:06:04,231 - INFO - [2025-05-31 12:06:04] INFO - Successfully added item to results
2025-05-31 12:06:04,249 - INFO - [2025-05-31 12:06:04] INFO - Extracted 'location': Candolim Beach, Candolim
2025-05-31 12:06:04,265 - INFO - [2025-05-31 12:06:04] INFO - Extracted 'resort ': Marquis Beach Resort
2025-05-31 12:06:04,265 - INFO - [2025-05-31 12:06:04] INFO - Successfully added item to results
2025-05-31 12:06:04,283 - INFO - [2025-05-31 12:06:04] INFO - Extracted 'location': Candolim
2025-05-31 12:06:04,301 - INFO - [2025-05-31 12:06:04] INFO - Extracted 'resort ': Novotel Goa Resort & Spa Candolim
2025-05-31 12:06:04,301 - INFO - [2025-05-31 12:06:04] INFO - Successfully added item to results
2025-05-31 12:06:04,317 - INFO - [2025-05-31 12:06:04] INFO - Extracted 'location': Patnem
2025-05-31 12:06:04,331 - INFO - [2025-05-31 12:06:04] INFO - Extracted 'resort ': Palm Trees Ayurvedic Heritage
2025-05-31 12:06:04,331 - INFO - [2025-05-31 12:06:04] INFO - Successfully added item to results
2025-05-31 12:06:04,350 - INFO - [2025-05-31 12:06:04] INFO - Extracted 'location': Baga
2025-05-31 12:06:04,367 - INFO - [2025-05-31 12:06:04] INFO - Extracted 'resort ': Acron Waterfront Resort
2025-05-31 12:06:04,368 - INFO - [2025-05-31 12:06:04] INFO - Successfully added item to results
2025-05-31 12:06:04,385 - INFO - [2025-05-31 12:06:04] INFO - Extracted 'location': Varca Beach, Varca
2025-05-31 12:06:04,402 - INFO - [2025-05-31 12:06:04] INFO - Extracted 'resort ': Sterling Goa Varca
2025-05-31 12:06:04,402 - INFO - [2025-05-31 12:06:04] INFO - Successfully added item to results
2025-05-31 12:06:04,420 - INFO - [2025-05-31 12:06:04] INFO - Extracted 'location': Bogmalo
2025-05-31 12:06:04,437 - INFO - [2025-05-31 12:06:04] INFO - Extracted 'resort ': Coconut Creek Resort - Dabolim Airport
2025-05-31 12:06:04,437 - INFO - [2025-05-31 12:06:04] INFO - Successfully added item to results
2025-05-31 12:06:04,456 - INFO - [2025-05-31 12:06:04] INFO - Extracted 'location': Cavelossim Beach, Cavelossim
2025-05-31 12:06:04,474 - INFO - [2025-05-31 12:06:04] INFO - Extracted 'resort ': The Byke Old Anchor Beach Resort & Spa
2025-05-31 12:06:04,475 - INFO - [2025-05-31 12:06:04] INFO - Successfully added item to results
2025-05-31 12:06:04,492 - INFO - [2025-05-31 12:06:04] INFO - Extracted 'location': Mandrem Beach , Mandrem
2025-05-31 12:06:04,509 - INFO - [2025-05-31 12:06:04] INFO - Extracted 'resort ': La Cabana Beach & Spa, By Ashvem Beach
2025-05-31 12:06:04,510 - INFO - [2025-05-31 12:06:04] INFO - Successfully added item to results
2025-05-31 12:06:04,539 - INFO - [2025-05-31 12:06:04] INFO - Extracted 'location': Palolem Beach, Palolem
2025-05-31 12:06:04,558 - INFO - [2025-05-31 12:06:04] INFO - Extracted 'resort ': Yoga Culture Palolem
2025-05-31 12:06:04,558 - INFO - [2025-05-31 12:06:04] INFO - Successfully added item to results
2025-05-31 12:06:04,576 - INFO - [2025-05-31 12:06:04] INFO - Extracted 'location': Vagator
2025-05-31 12:06:04,594 - INFO - [2025-05-31 12:06:04] INFO - Extracted 'resort ': 3102bce - A Vedic Resort
2025-05-31 12:06:04,594 - INFO - [2025-05-31 12:06:04] INFO - Successfully added item to results
2025-05-31 12:06:04,611 - INFO - [2025-05-31 12:06:04] INFO - Extracted 'location': Vagator Beach, Vagator
2025-05-31 12:06:04,628 - INFO - [2025-05-31 12:06:04] INFO - Extracted 'resort ': Alcove Resort Vagator
2025-05-31 12:06:04,628 - INFO - [2025-05-31 12:06:04] INFO - Successfully added item to results
2025-05-31 12:06:04,646 - INFO - [2025-05-31 12:06:04] INFO - Extracted 'location': Benaulim Beach, Benaulim
2025-05-31 12:06:04,663 - INFO - [2025-05-31 12:06:04] INFO - Extracted 'resort ': Beira Mar Beach Resort
2025-05-31 12:06:04,663 - INFO - [2025-05-31 12:06:04] INFO - Successfully added item to results
2025-05-31 12:06:04,680 - INFO - [2025-05-31 12:06:04] INFO - Extracted 'location': Calangute Beach, Calangute
2025-05-31 12:06:04,697 - INFO - [2025-05-31 12:06:04] INFO - Extracted 'resort ': Resort Terra Paraiso
2025-05-31 12:06:04,697 - INFO - [2025-05-31 12:06:04] INFO - Successfully added item to results
2025-05-31 12:06:05,119 - INFO - [2025-05-31 12:06:05] INFO - 
[SUCCESS] Scraping complete. 60 items saved.
2025-05-31 12:06:05,119 - INFO - [2025-05-31 12:06:05] INFO - Results saved to JSON: output/f6e8e812-4c1e-4c8a-9db3-99b0390c7c59\scraped_data.json
2025-05-31 12:06:05,119 - INFO - [2025-05-31 12:06:05] INFO - Results saved to Excel: output/f6e8e812-4c1e-4c8a-9db3-99b0390c7c59\scraped_data.xlsx
2025-05-31 12:06:05,119 - INFO - [2025-05-31 12:06:05] INFO - Scraper completed successfully
2025-05-31 12:06:05,119 - INFO - [2025-05-31 12:06:05] INFO - Attempting to upload to Google Drive...
2025-05-31 12:06:05,121 - INFO - [2025-05-31 12:06:05] INFO - Using port 3001 for OAuth authentication
2025-05-31 12:06:05,121 - INFO - [2025-05-31 12:06:05] INFO - Attempting OAuth authentication on port 3001...
2025-05-31 12:06:34,559 - INFO - [2025-05-31 12:06:34] INFO - Successfully authenticated on port 3001
2025-05-31 12:06:36,142 - INFO - [2025-05-31 12:06:36] INFO - Created new folder 'Web Scraper Results' in Google Drive
2025-05-31 12:06:39,050 - INFO - [2025-05-31 12:06:39] INFO - Created new file in Google Drive with ID: 1aoyfF2wnm7VLNM3dfaR3awHHgTfy1hyg
2025-05-31 12:06:39,051 - INFO - [2025-05-31 12:06:39] INFO - File can be accessed at: https://docs.google.com/spreadsheets/d/1aoyfF2wnm7VLNM3dfaR3awHHgTfy1hyg/edit?usp=drivesdk&ouid=101814913177234726422&rtpof=true&sd=true
2025-05-31 12:06:39,051 - INFO - [2025-05-31 12:06:39] INFO - Successfully uploaded Excel file to Google Drive with ID: 1aoyfF2wnm7VLNM3dfaR3awHHgTfy1hyg
