2025-05-31 10:37:15,512 - INFO - [2025-05-31 10:37:15] INFO - Added file handler for log file: output/ccddd796-f45e-4666-8ecc-cff68414ac4d\scraper.log
2025-05-31 10:37:15,512 - INFO - [2025-05-31 10:37:15] INFO - Starting scraper with configuration:
2025-05-31 10:37:15,512 - INFO - [2025-05-31 10:37:15] INFO - base_url: https://www.booking.com/searchresults.html?label=gog235jc-1DCAEoggI46AdIM1gDaGyIAQGYATG4AQfIAQzYAQPoAQH4AQKIAgGoAgO4As_0h8AGwAIB0gIkMzJhOGRkNTItN2Y0NS00OGIyLWI0NDMtOGRjODk1MjQxNDlh2AIE4AIB&aid=397594&ss=Goa%2C%20India&efdco=1&lang=en-us&src=index&dest_id=4127&dest_type=region&group_adults=2&no_rooms=1&group_children=0&nflt=ht_id%3D206%3Bhotelfacility%3D54
2025-05-31 10:37:15,512 - INFO - [2025-05-31 10:37:15] INFO - concurrent_settings: {'base_request_delay': 2, 'job_spacing_delay': 3, 'max_concurrent_jobs': 3, 'max_concurrent_requests': 2}
2025-05-31 10:37:15,512 - INFO - [2025-05-31 10:37:15] INFO - container_selector: div.aa97d6032f
2025-05-31 10:37:15,513 - INFO - [2025-05-31 10:37:15] INFO - initial_wait: 5
2025-05-31 10:37:15,513 - INFO - [2025-05-31 10:37:15] INFO - load_more_selector: button.de576f5064.b46cd7aad7.d0a01e3d83.dda427e6b5.bbf83acb81.a0ddd706cc
2025-05-31 10:37:15,513 - INFO - [2025-05-31 10:37:15] INFO - load_more_wait: 10
2025-05-31 10:37:15,514 - INFO - [2025-05-31 10:37:15] INFO - max_pages: 1
2025-05-31 10:37:15,514 - INFO - [2025-05-31 10:37:15] INFO - max_scroll_attempts: 50
2025-05-31 10:37:15,514 - INFO - [2025-05-31 10:37:15] INFO - next_page_selector: 
2025-05-31 10:37:15,515 - INFO - [2025-05-31 10:37:15] INFO - output_excel: output/ccddd796-f45e-4666-8ecc-cff68414ac4d\scraped_data.xlsx
2025-05-31 10:37:15,515 - INFO - [2025-05-31 10:37:15] INFO - output_json: output/ccddd796-f45e-4666-8ecc-cff68414ac4d\scraped_data.json
2025-05-31 10:37:15,515 - INFO - [2025-05-31 10:37:15] INFO - page_wait: 2
2025-05-31 10:37:15,515 - INFO - [2025-05-31 10:37:15] INFO - paginate: False
2025-05-31 10:37:15,515 - INFO - [2025-05-31 10:37:15] INFO - scrape_subpages: False
2025-05-31 10:37:15,515 - INFO - [2025-05-31 10:37:15] INFO - scroll: True
2025-05-31 10:37:15,515 - INFO - [2025-05-31 10:37:15] INFO - scroll_wait: 10
2025-05-31 10:37:15,516 - INFO - [2025-05-31 10:37:15] INFO - start_page: 1
2025-05-31 10:37:15,516 - INFO - [2025-05-31 10:37:15] INFO - subpage_wait: 3
2025-05-31 10:37:15,516 - INFO - [2025-05-31 10:37:15] INFO - job_id: ccddd796-f45e-4666-8ecc-cff68414ac4d
2025-05-31 10:37:15,516 - INFO - [2025-05-31 10:37:15] INFO - user_id: user_l8tq82mtc4d_1748601150733
2025-05-31 10:37:15,516 - INFO - [2025-05-31 10:37:15] INFO - concurrent: True
2025-05-31 10:37:15,516 - INFO - [2025-05-31 10:37:15] INFO - output_dir: output/ccddd796-f45e-4666-8ecc-cff68414ac4d
2025-05-31 10:37:15,516 - INFO - [2025-05-31 10:37:15] INFO - log_file: output/ccddd796-f45e-4666-8ecc-cff68414ac4d\scraper.log
2025-05-31 10:37:15,516 - INFO - [2025-05-31 10:37:15] INFO - request_delay: 4
2025-05-31 10:37:15,516 - INFO - [2025-05-31 10:37:15] INFO - max_concurrent_requests: 2
2025-05-31 10:37:15,517 - INFO - [2025-05-31 10:37:15] INFO - job_start_time: 2025-05-31T10:37:14.376431
2025-05-31 10:37:15,517 - INFO - [2025-05-31 10:37:15] INFO - headless: True
2025-05-31 10:37:15,517 - INFO - [2025-05-31 10:37:15] INFO - Concurrent scraping settings:
2025-05-31 10:37:15,517 - INFO - [2025-05-31 10:37:15] INFO - Job ID: ccddd796-f45e-4666-8ecc-cff68414ac4d
2025-05-31 10:37:15,517 - INFO - [2025-05-31 10:37:15] INFO - User ID: user_l8tq82mtc4d_1748601150733
2025-05-31 10:37:15,517 - INFO - [2025-05-31 10:37:15] INFO - Request delay: 4s
2025-05-31 10:37:15,518 - INFO - [2025-05-31 10:37:15] INFO - Max concurrent requests: 2
2025-05-31 10:37:15,518 - INFO - [2025-05-31 10:37:15] INFO - Concurrent scraping settings:
2025-05-31 10:37:15,518 - INFO - [2025-05-31 10:37:15] INFO - Job ID: ccddd796-f45e-4666-8ecc-cff68414ac4d
2025-05-31 10:37:15,519 - INFO - [2025-05-31 10:37:15] INFO - User ID: user_l8tq82mtc4d_1748601150733
2025-05-31 10:37:15,519 - INFO - [2025-05-31 10:37:15] INFO - Request delay: 4s
2025-05-31 10:37:15,519 - INFO - [2025-05-31 10:37:15] INFO - Max concurrent requests: 2
2025-05-31 10:37:15,519 - INFO - [2025-05-31 10:37:15] INFO - Starting scraper with configuration:
2025-05-31 10:37:15,519 - INFO - [2025-05-31 10:37:15] INFO - {
  "base_url": "https://www.booking.com/searchresults.html?label=gog235jc-1DCAEoggI46AdIM1gDaGyIAQGYATG4AQfIAQzYAQPoAQH4AQKIAgGoAgO4As_0h8AGwAIB0gIkMzJhOGRkNTItN2Y0NS00OGIyLWI0NDMtOGRjODk1MjQxNDlh2AIE4AIB&aid=397594&ss=Goa%2C%20India&efdco=1&lang=en-us&src=index&dest_id=4127&dest_type=region&group_adults=2&no_rooms=1&group_children=0&nflt=ht_id%3D206%3Bhotelfacility%3D54",
  "concurrent_settings": {
    "base_request_delay": 2,
    "job_spacing_delay": 3,
    "max_concurrent_jobs": 3,
    "max_concurrent_requests": 2
  },
  "container_selector": "div.aa97d6032f",
  "initial_wait": 5,
  "load_more_selector": "button.de576f5064.b46cd7aad7.d0a01e3d83.dda427e6b5.bbf83acb81.a0ddd706cc",
  "load_more_wait": 10,
  "max_pages": 1,
  "max_scroll_attempts": 50,
  "next_page_selector": "",
  "output_excel": "output/ccddd796-f45e-4666-8ecc-cff68414ac4d\\scraped_data.xlsx",
  "output_json": "output/ccddd796-f45e-4666-8ecc-cff68414ac4d\\scraped_data.json",
  "page_wait": 2,
  "paginate": false,
  "scrape_subpages": false,
  "scroll": true,
  "scroll_wait": 10,
  "start_page": 1,
  "subpage_wait": 3,
  "job_id": "ccddd796-f45e-4666-8ecc-cff68414ac4d",
  "user_id": "user_l8tq82mtc4d_1748601150733",
  "concurrent": true,
  "output_dir": "output/ccddd796-f45e-4666-8ecc-cff68414ac4d",
  "log_file": "output/ccddd796-f45e-4666-8ecc-cff68414ac4d\\scraper.log",
  "request_delay": 4,
  "max_concurrent_requests": 2,
  "job_start_time": "2025-05-31T10:37:14.376431",
  "headless": true
}
2025-05-31 10:37:15,520 - INFO - [2025-05-31 10:37:15] INFO - Detected Chrome version from registry: 137.0.7151.55
2025-05-31 10:37:15,520 - INFO - [2025-05-31 10:37:15] INFO - Detected Chrome version: 137.0.7151.55
2025-05-31 10:37:16,984 - INFO - [2025-05-31 10:37:16] INFO - Installed ChromeDriver at: C:\Users\harim\.wdm\drivers\chromedriver\win64\137.0.7151.55\chromedriver-win32/chromedriver.exe
2025-05-31 10:37:18,110 - INFO - [2025-05-31 10:37:18] INFO - ChromeDriver version: 137.0.7151.55
2025-05-31 10:37:18,110 - INFO - [2025-05-31 10:37:18] INFO - Chrome WebDriver initialized successfully
2025-05-31 10:37:18,110 - INFO - [2025-05-31 10:37:18] INFO - Job started for user user_l8tq82mtc4d_1748601150733 (Job ID: ccddd796-f45e-4666-8ecc-cff68414ac4d)
2025-05-31 10:37:18,110 - INFO - [2025-05-31 10:37:18] INFO - Phase 1: Collecting main fields and links from all pages...
2025-05-31 10:37:20,737 - INFO - [2025-05-31 10:37:20] INFO - Navigated to base URL: https://www.booking.com/searchresults.html?label=gog235jc-1DCAEoggI46AdIM1gDaGyIAQGYATG4AQfIAQzYAQPoAQH4AQKIAgGoAgO4As_0h8AGwAIB0gIkMzJhOGRkNTItN2Y0NS00OGIyLWI0NDMtOGRjODk1MjQxNDlh2AIE4AIB&aid=397594&ss=Goa%2C%20India&efdco=1&lang=en-us&src=index&dest_id=4127&dest_type=region&group_adults=2&no_rooms=1&group_children=0&nflt=ht_id%3D206%3Bhotelfacility%3D54
2025-05-31 10:37:20,738 - INFO - [2025-05-31 10:37:20] INFO - Waiting 5 seconds for page to load...
2025-05-31 10:37:29,765 - INFO - [2025-05-31 10:37:29] INFO - Scraping main fields from page 1...
2025-05-31 10:37:29,765 - INFO - [2025-05-31 10:37:29] INFO - Starting to scroll down the page to load all content...
2025-05-31 10:38:19,873 - INFO - [2025-05-31 10:38:19] INFO - Found 90 containers on page 1
2025-05-31 10:38:19,900 - INFO - [2025-05-31 10:38:19] INFO - Extracted 'location': Anjuna Beach, Anjuna
2025-05-31 10:38:19,923 - INFO - [2025-05-31 10:38:19] INFO - Extracted 'resort ': Zulu Land cottages - near Curlies beach shack and shiva valley - Anjuna beach
2025-05-31 10:38:19,923 - INFO - [2025-05-31 10:38:19] INFO - Successfully added item to results
2025-05-31 10:38:19,942 - INFO - [2025-05-31 10:38:19] INFO - Extracted 'location': Calangute
2025-05-31 10:38:19,958 - INFO - [2025-05-31 10:38:19] INFO - Extracted 'resort ': Summit Calangute Resort & Spa
2025-05-31 10:38:19,959 - INFO - [2025-05-31 10:38:19] INFO - Successfully added item to results
2025-05-31 10:38:19,975 - INFO - [2025-05-31 10:38:19] INFO - Extracted 'location': Calangute
2025-05-31 10:38:19,994 - INFO - [2025-05-31 10:38:19] INFO - Extracted 'resort ': Storii By ITC Hotels, Shanti Morada Goa
2025-05-31 10:38:19,994 - INFO - [2025-05-31 10:38:19] INFO - Successfully added item to results
2025-05-31 10:38:20,015 - INFO - [2025-05-31 10:38:20] INFO - Extracted 'location': Betalbatim
2025-05-31 10:38:20,036 - INFO - [2025-05-31 10:38:20] INFO - Extracted 'resort ': Goa Villagio Resort & Spa - A Unit of IHM, 10 Min Walk from Beach
2025-05-31 10:38:20,037 - INFO - [2025-05-31 10:38:20] INFO - Successfully added item to results
2025-05-31 10:38:20,057 - INFO - [2025-05-31 10:38:20] INFO - Extracted 'location': Mandrem
2025-05-31 10:38:20,072 - INFO - [2025-05-31 10:38:20] INFO - Extracted 'resort ': Palma Beach Resort
2025-05-31 10:38:20,072 - INFO - [2025-05-31 10:38:20] INFO - Successfully added item to results
2025-05-31 10:38:20,087 - INFO - [2025-05-31 10:38:20] INFO - Extracted 'location': Panaji
2025-05-31 10:38:20,103 - INFO - [2025-05-31 10:38:20] INFO - Extracted 'resort ': Taj Cidade de Goa Heritage, Goa
2025-05-31 10:38:20,103 - INFO - [2025-05-31 10:38:20] INFO - Successfully added item to results
2025-05-31 10:38:20,119 - INFO - [2025-05-31 10:38:20] INFO - Extracted 'location': Old Goa
2025-05-31 10:38:20,137 - INFO - [2025-05-31 10:38:20] INFO - Extracted 'resort ': Mercure Goa Devaaya Resort
2025-05-31 10:38:20,137 - INFO - [2025-05-31 10:38:20] INFO - Successfully added item to results
2025-05-31 10:38:20,156 - INFO - [2025-05-31 10:38:20] INFO - Extracted 'location': Mandrem
2025-05-31 10:38:20,173 - INFO - [2025-05-31 10:38:20] INFO - Extracted 'resort ': Larisa Resort Ashwem
2025-05-31 10:38:20,173 - INFO - [2025-05-31 10:38:20] INFO - Successfully added item to results
2025-05-31 10:38:20,189 - INFO - [2025-05-31 10:38:20] INFO - Extracted 'location': Goa Velha
2025-05-31 10:38:20,206 - INFO - [2025-05-31 10:38:20] INFO - Extracted 'resort ': Skon Morjim Beach Resort by Orion Hotels
2025-05-31 10:38:20,206 - INFO - [2025-05-31 10:38:20] INFO - Successfully added item to results
2025-05-31 10:38:20,221 - INFO - [2025-05-31 10:38:20] INFO - Extracted 'location': Candolim
2025-05-31 10:38:20,240 - INFO - [2025-05-31 10:38:20] INFO - Extracted 'resort ': Grand Mercure Goa Candolim - An Accor Hotels Brand
2025-05-31 10:38:20,240 - INFO - [2025-05-31 10:38:20] INFO - Successfully added item to results
2025-05-31 10:38:20,256 - INFO - [2025-05-31 10:38:20] INFO - Extracted 'location': Agonda
2025-05-31 10:38:20,273 - INFO - [2025-05-31 10:38:20] INFO - Extracted 'resort ': The Rose Goa Beach Resort
2025-05-31 10:38:20,273 - INFO - [2025-05-31 10:38:20] INFO - Successfully added item to results
2025-05-31 10:38:20,288 - INFO - [2025-05-31 10:38:20] INFO - Extracted 'location': Moira
2025-05-31 10:38:20,303 - INFO - [2025-05-31 10:38:20] INFO - Extracted 'resort ': Storii By ITC Hotels Moira Riviera
2025-05-31 10:38:20,303 - INFO - [2025-05-31 10:38:20] INFO - Successfully added item to results
2025-05-31 10:38:20,317 - INFO - [2025-05-31 10:38:20] INFO - Extracted 'location': Vagator Beach, Vagator
2025-05-31 10:38:20,332 - INFO - [2025-05-31 10:38:20] INFO - Extracted 'resort ': Alcove Resort Vagator
2025-05-31 10:38:20,332 - INFO - [2025-05-31 10:38:20] INFO - Successfully added item to results
2025-05-31 10:38:20,347 - INFO - [2025-05-31 10:38:20] INFO - Extracted 'location': Panaji
2025-05-31 10:38:20,400 - INFO - [2025-05-31 10:38:20] INFO - Extracted 'resort ': DoubleTree by Hilton Goa - Panaji
2025-05-31 10:38:20,400 - INFO - [2025-05-31 10:38:20] INFO - Successfully added item to results
2025-05-31 10:38:20,471 - INFO - [2025-05-31 10:38:20] INFO - Extracted 'location': Cavelossim Beach, Cavelossim
2025-05-31 10:38:20,499 - INFO - [2025-05-31 10:38:20] INFO - Extracted 'resort ': Holiday Inn Resort Goa by IHG
2025-05-31 10:38:20,499 - INFO - [2025-05-31 10:38:20] INFO - Successfully added item to results
2025-05-31 10:38:20,514 - INFO - [2025-05-31 10:38:20] INFO - Extracted 'location': Calangute Beach, Calangute
2025-05-31 10:38:20,531 - INFO - [2025-05-31 10:38:20] INFO - Extracted 'resort ': Chalston Beach Resort
2025-05-31 10:38:20,531 - INFO - [2025-05-31 10:38:20] INFO - Successfully added item to results
2025-05-31 10:38:20,548 - INFO - [2025-05-31 10:38:20] INFO - Extracted 'location': Baga
2025-05-31 10:38:20,564 - INFO - [2025-05-31 10:38:20] INFO - Extracted 'resort ': Acron Waterfront Resort
2025-05-31 10:38:20,564 - INFO - [2025-05-31 10:38:20] INFO - Successfully added item to results
2025-05-31 10:38:20,578 - INFO - [2025-05-31 10:38:20] INFO - Extracted 'location': Candolim Beach, Candolim
2025-05-31 10:38:20,593 - INFO - [2025-05-31 10:38:20] INFO - Extracted 'resort ': Taj Holiday Village Resort & Spa, Goa
2025-05-31 10:38:20,593 - INFO - [2025-05-31 10:38:20] INFO - Successfully added item to results
2025-05-31 10:38:20,607 - INFO - [2025-05-31 10:38:20] INFO - Extracted 'location': Mandrem Beach , Mandrem
2025-05-31 10:38:20,620 - INFO - [2025-05-31 10:38:20] INFO - Extracted 'resort ': Riva Beach Resort
2025-05-31 10:38:20,620 - INFO - [2025-05-31 10:38:20] INFO - Successfully added item to results
2025-05-31 10:38:20,636 - INFO - [2025-05-31 10:38:20] INFO - Extracted 'location': Colva
2025-05-31 10:38:20,652 - INFO - [2025-05-31 10:38:20] INFO - Extracted 'resort ': Beleza By The Beach
2025-05-31 10:38:20,652 - INFO - [2025-05-31 10:38:20] INFO - Successfully added item to results
2025-05-31 10:38:20,669 - INFO - [2025-05-31 10:38:20] INFO - Extracted 'location': Panaji
2025-05-31 10:38:20,684 - INFO - [2025-05-31 10:38:20] INFO - Extracted 'resort ': Goa Marriott Resort & Spa
2025-05-31 10:38:20,684 - INFO - [2025-05-31 10:38:20] INFO - Successfully added item to results
2025-05-31 10:38:20,698 - INFO - [2025-05-31 10:38:20] INFO - Extracted 'location': Mandrem Beach , Mandrem
2025-05-31 10:38:20,713 - INFO - [2025-05-31 10:38:20] INFO - Extracted 'resort ': Anahata Retreat Beach Front Ashwem Goa
2025-05-31 10:38:20,713 - INFO - [2025-05-31 10:38:20] INFO - Successfully added item to results
2025-05-31 10:38:20,729 - INFO - [2025-05-31 10:38:20] INFO - Extracted 'location': Benaulim Beach, Benaulim
2025-05-31 10:38:20,743 - INFO - [2025-05-31 10:38:20] INFO - Extracted 'resort ': Fairfield by Marriott Goa Benaulim
2025-05-31 10:38:20,743 - INFO - [2025-05-31 10:38:20] INFO - Successfully added item to results
2025-05-31 10:38:20,757 - INFO - [2025-05-31 10:38:20] INFO - Extracted 'location': Candolim
2025-05-31 10:38:20,771 - INFO - [2025-05-31 10:38:20] INFO - Extracted 'resort ': Novotel Goa Resort & Spa Candolim
2025-05-31 10:38:20,771 - INFO - [2025-05-31 10:38:20] INFO - Successfully added item to results
2025-05-31 10:38:20,788 - INFO - [2025-05-31 10:38:20] INFO - Extracted 'location': Calangute Beach, Calangute
2025-05-31 10:38:20,803 - INFO - [2025-05-31 10:38:20] INFO - Extracted 'resort ': Resort Terra Paraiso
2025-05-31 10:38:20,803 - INFO - [2025-05-31 10:38:20] INFO - Successfully added item to results
2025-05-31 10:38:20,816 - INFO - [2025-05-31 10:38:20] INFO - Extracted 'location': Palolem Beach, Palolem
2025-05-31 10:38:20,830 - INFO - [2025-05-31 10:38:20] INFO - Extracted 'resort ': Art Resort Goa
2025-05-31 10:38:20,831 - INFO - [2025-05-31 10:38:20] INFO - Successfully added item to results
2025-05-31 10:38:20,844 - INFO - [2025-05-31 10:38:20] INFO - Extracted 'location': Candolim
2025-05-31 10:38:20,860 - INFO - [2025-05-31 10:38:20] INFO - Extracted 'resort ': Park Inn by Radisson Goa Candolim
2025-05-31 10:38:20,860 - INFO - [2025-05-31 10:38:20] INFO - Successfully added item to results
2025-05-31 10:38:20,876 - INFO - [2025-05-31 10:38:20] INFO - Extracted 'location': Candolim Beach, Candolim
2025-05-31 10:38:20,891 - INFO - [2025-05-31 10:38:20] INFO - Extracted 'resort ': Taj Fort Aguada Resort & Spa, Goa
2025-05-31 10:38:20,891 - INFO - [2025-05-31 10:38:20] INFO - Successfully added item to results
2025-05-31 10:38:20,906 - INFO - [2025-05-31 10:38:20] INFO - Extracted 'location': Canacona
2025-05-31 10:38:20,919 - INFO - [2025-05-31 10:38:20] INFO - Extracted 'resort ': The LaLiT Golf & Spa Resort Goa
2025-05-31 10:38:20,919 - INFO - [2025-05-31 10:38:20] INFO - Successfully added item to results
2025-05-31 10:38:20,935 - INFO - [2025-05-31 10:38:20] INFO - Extracted 'location': Colva Beach, Colva
2025-05-31 10:38:20,949 - INFO - [2025-05-31 10:38:20] INFO - Extracted 'resort ': Soul Vacation Resort and Spa,Colva
2025-05-31 10:38:20,949 - INFO - [2025-05-31 10:38:20] INFO - Successfully added item to results
2025-05-31 10:38:20,963 - INFO - [2025-05-31 10:38:20] INFO - Extracted 'location': Majorda
2025-05-31 10:38:20,977 - INFO - [2025-05-31 10:38:20] INFO - Extracted 'resort ': Diwa Club by Alila - A Hyatt Brand
2025-05-31 10:38:20,977 - INFO - [2025-05-31 10:38:20] INFO - Successfully added item to results
2025-05-31 10:38:20,992 - INFO - [2025-05-31 10:38:20] INFO - Extracted 'location': Colva Beach, Colva
2025-05-31 10:38:21,007 - INFO - [2025-05-31 10:38:21] INFO - Extracted 'resort ': Sea Queen Beach Resort & Spa
2025-05-31 10:38:21,007 - INFO - [2025-05-31 10:38:21] INFO - Successfully added item to results
2025-05-31 10:38:21,023 - INFO - [2025-05-31 10:38:21] INFO - Extracted 'location': Vichondrem
2025-05-31 10:38:21,039 - INFO - [2025-05-31 10:38:21] INFO - Extracted 'resort ': The Postcard Hideaway, Netravali Wildlife Sanctuary, Goa
2025-05-31 10:38:21,040 - INFO - [2025-05-31 10:38:21] INFO - Successfully added item to results
2025-05-31 10:38:21,056 - INFO - [2025-05-31 10:38:21] INFO - Extracted 'location': Vagator Beach, Vagator
2025-05-31 10:38:21,072 - INFO - [2025-05-31 10:38:21] INFO - Extracted 'resort ': W Goa
2025-05-31 10:38:21,072 - INFO - [2025-05-31 10:38:21] INFO - Successfully added item to results
2025-05-31 10:38:21,085 - INFO - [2025-05-31 10:38:21] INFO - Extracted 'location': Goa Velha
2025-05-31 10:38:21,101 - INFO - [2025-05-31 10:38:21] INFO - Extracted 'resort ': Thalassa Beach Boutique Resort
2025-05-31 10:38:21,101 - INFO - [2025-05-31 10:38:21] INFO - Successfully added item to results
2025-05-31 10:38:21,119 - INFO - [2025-05-31 10:38:21] INFO - Extracted 'location': Patnem
2025-05-31 10:38:21,135 - INFO - [2025-05-31 10:38:21] INFO - Extracted 'resort ': Palm Trees Ayurvedic Heritage
2025-05-31 10:38:21,135 - INFO - [2025-05-31 10:38:21] INFO - Successfully added item to results
2025-05-31 10:38:21,161 - INFO - [2025-05-31 10:38:21] INFO - Extracted 'location': Varca Beach, Varca
2025-05-31 10:38:21,184 - INFO - [2025-05-31 10:38:21] INFO - Extracted 'resort ': Sterling Goa Varca
2025-05-31 10:38:21,184 - INFO - [2025-05-31 10:38:21] INFO - Successfully added item to results
2025-05-31 10:38:21,198 - INFO - [2025-05-31 10:38:21] INFO - Extracted 'location': Bogmalo
2025-05-31 10:38:21,212 - INFO - [2025-05-31 10:38:21] INFO - Extracted 'resort ': Coconut Creek Resort - Dabolim Airport
2025-05-31 10:38:21,212 - INFO - [2025-05-31 10:38:21] INFO - Successfully added item to results
2025-05-31 10:38:21,226 - INFO - [2025-05-31 10:38:21] INFO - Extracted 'location': Vagator
2025-05-31 10:38:21,240 - INFO - [2025-05-31 10:38:21] INFO - Extracted 'resort ': 3102bce - A Vedic Resort
2025-05-31 10:38:21,240 - INFO - [2025-05-31 10:38:21] INFO - Successfully added item to results
2025-05-31 10:38:21,253 - INFO - [2025-05-31 10:38:21] INFO - Extracted 'location': Panaji
2025-05-31 10:38:21,267 - INFO - [2025-05-31 10:38:21] INFO - Extracted 'resort ': Taj Cidade de Goa Horizon, Goa
2025-05-31 10:38:21,267 - INFO - [2025-05-31 10:38:21] INFO - Successfully added item to results
2025-05-31 10:38:21,281 - INFO - [2025-05-31 10:38:21] INFO - Extracted 'location': Calangute
2025-05-31 10:38:21,295 - INFO - [2025-05-31 10:38:21] INFO - Extracted 'resort ': Hyatt Ronil Goa - a JdV by Hyatt Hotel
2025-05-31 10:38:21,296 - INFO - [2025-05-31 10:38:21] INFO - Successfully added item to results
2025-05-31 10:38:21,309 - INFO - [2025-05-31 10:38:21] INFO - Extracted 'location': Nerul
2025-05-31 10:38:21,322 - INFO - [2025-05-31 10:38:21] INFO - Extracted 'resort ': Ahilya By The Sea
2025-05-31 10:38:21,322 - INFO - [2025-05-31 10:38:21] INFO - Successfully added item to results
2025-05-31 10:38:21,338 - INFO - [2025-05-31 10:38:21] INFO - Extracted 'location': Morjim Beach, Morjim
2025-05-31 10:38:21,353 - INFO - [2025-05-31 10:38:21] INFO - Extracted 'resort ': Montego Bay Beach Village - Morjim
2025-05-31 10:38:21,353 - INFO - [2025-05-31 10:38:21] INFO - Successfully added item to results
2025-05-31 10:38:21,369 - INFO - [2025-05-31 10:38:21] INFO - Extracted 'location': Benaulim
2025-05-31 10:38:21,385 - INFO - [2025-05-31 10:38:21] INFO - Extracted 'resort ': Regenta Beach House Resort, Goa
2025-05-31 10:38:21,386 - INFO - [2025-05-31 10:38:21] INFO - Successfully added item to results
2025-05-31 10:38:21,399 - INFO - [2025-05-31 10:38:21] INFO - Extracted 'location': Agonda
2025-05-31 10:38:21,414 - INFO - [2025-05-31 10:38:21] INFO - Extracted 'resort ': Simrose
2025-05-31 10:38:21,414 - INFO - [2025-05-31 10:38:21] INFO - Successfully added item to results
2025-05-31 10:38:21,428 - INFO - [2025-05-31 10:38:21] INFO - Extracted 'location': Utorda
2025-05-31 10:38:21,442 - INFO - [2025-05-31 10:38:21] INFO - Extracted 'resort ': Royal Orchid Beach Resort & Spa, Utorda Beach Goa
2025-05-31 10:38:21,442 - INFO - [2025-05-31 10:38:21] INFO - Successfully added item to results
2025-05-31 10:38:21,455 - INFO - [2025-05-31 10:38:21] INFO - Extracted 'location': Calangute Beach, Calangute
2025-05-31 10:38:21,468 - INFO - [2025-05-31 10:38:21] INFO - Extracted 'resort ': Andores Resort And Spa - Calangute
2025-05-31 10:38:21,468 - INFO - [2025-05-31 10:38:21] INFO - Successfully added item to results
2025-05-31 10:38:21,481 - INFO - [2025-05-31 10:38:21] INFO - Extracted 'location': Benaulim Beach, Benaulim
2025-05-31 10:38:21,496 - INFO - [2025-05-31 10:38:21] INFO - Extracted 'resort ': Azaya Beach Resort Goa
2025-05-31 10:38:21,496 - INFO - [2025-05-31 10:38:21] INFO - Successfully added item to results
2025-05-31 10:38:21,510 - INFO - [2025-05-31 10:38:21] INFO - Extracted 'location': Bogmalo
2025-05-31 10:38:21,526 - INFO - [2025-05-31 10:38:21] INFO - Extracted 'resort ': Bogmallo Beach Resort
2025-05-31 10:38:21,526 - INFO - [2025-05-31 10:38:21] INFO - Successfully added item to results
2025-05-31 10:38:21,541 - INFO - [2025-05-31 10:38:21] INFO - Extracted 'location': Baga Beach, Baga
2025-05-31 10:38:21,557 - INFO - [2025-05-31 10:38:21] INFO - Extracted 'resort ': Colonia Santa Maria
2025-05-31 10:38:21,557 - INFO - [2025-05-31 10:38:21] INFO - Successfully added item to results
2025-05-31 10:38:21,573 - INFO - [2025-05-31 10:38:21] INFO - Extracted 'location': Calangute
2025-05-31 10:38:21,584 - INFO - [2025-05-31 10:38:21] INFO - Extracted 'resort ': Somy Plaza Calangute Goa - Formerly Somy Resort
2025-05-31 10:38:21,584 - INFO - [2025-05-31 10:38:21] INFO - Successfully added item to results
2025-05-31 10:38:21,598 - INFO - [2025-05-31 10:38:21] INFO - Extracted 'location': Baga
2025-05-31 10:38:21,611 - INFO - [2025-05-31 10:38:21] INFO - Extracted 'resort ': Radisson Resort Goa Baga
2025-05-31 10:38:21,612 - INFO - [2025-05-31 10:38:21] INFO - Successfully added item to results
2025-05-31 10:38:21,625 - INFO - [2025-05-31 10:38:21] INFO - Extracted 'location': Arpora
2025-05-31 10:38:21,640 - INFO - [2025-05-31 10:38:21] INFO - Extracted 'resort ': Ramada by Wyndham Goa Arpora
2025-05-31 10:38:21,640 - INFO - [2025-05-31 10:38:21] INFO - Successfully added item to results
2025-05-31 10:38:21,655 - INFO - [2025-05-31 10:38:21] INFO - Extracted 'location': Morjim Beach, Morjim
2025-05-31 10:38:21,669 - INFO - [2025-05-31 10:38:21] INFO - Extracted 'resort ': Sibaya Beach Resort, Morjim
2025-05-31 10:38:21,670 - INFO - [2025-05-31 10:38:21] INFO - Successfully added item to results
2025-05-31 10:38:21,686 - INFO - [2025-05-31 10:38:21] INFO - Extracted 'location': Candolim Beach, Candolim
2025-05-31 10:38:21,702 - INFO - [2025-05-31 10:38:21] INFO - Extracted 'resort ': Marquis Beach Resort
2025-05-31 10:38:21,702 - INFO - [2025-05-31 10:38:21] INFO - Successfully added item to results
2025-05-31 10:38:21,715 - INFO - [2025-05-31 10:38:21] INFO - Extracted 'location': Candolim
2025-05-31 10:38:21,729 - INFO - [2025-05-31 10:38:21] INFO - Extracted 'resort ': Golden Tulip Candolim, Goa
2025-05-31 10:38:21,729 - INFO - [2025-05-31 10:38:21] INFO - Successfully added item to results
2025-05-31 10:38:21,743 - INFO - [2025-05-31 10:38:21] INFO - Extracted 'location': Goa
2025-05-31 10:38:21,757 - INFO - [2025-05-31 10:38:21] INFO - Extracted 'resort ': The Kimaya - By the Sea
2025-05-31 10:38:21,757 - INFO - [2025-05-31 10:38:21] INFO - Successfully added item to results
2025-05-31 10:38:21,771 - INFO - [2025-05-31 10:38:21] INFO - Extracted 'location': Candolim
2025-05-31 10:38:21,784 - INFO - [2025-05-31 10:38:21] INFO - Extracted 'resort ': Acron Candolim Regina
2025-05-31 10:38:21,784 - INFO - [2025-05-31 10:38:21] INFO - Successfully added item to results
2025-05-31 10:38:21,796 - INFO - [2025-05-31 10:38:21] INFO - Extracted 'location': Benaulim
2025-05-31 10:38:21,812 - INFO - [2025-05-31 10:38:21] INFO - Extracted 'resort ': Silva Heritage Resort Goa
2025-05-31 10:38:21,812 - INFO - [2025-05-31 10:38:21] INFO - Successfully added item to results
2025-05-31 10:38:21,826 - INFO - [2025-05-31 10:38:21] INFO - Extracted 'location': Candolim
2025-05-31 10:38:21,840 - INFO - [2025-05-31 10:38:21] INFO - Extracted 'resort ': Aldeia Santa Rita - Candolim
2025-05-31 10:38:21,840 - INFO - [2025-05-31 10:38:21] INFO - Successfully added item to results
2025-05-31 10:38:21,854 - INFO - [2025-05-31 10:38:21] INFO - Extracted 'location': Morjim
2025-05-31 10:38:21,866 - INFO - [2025-05-31 10:38:21] INFO - Extracted 'resort ': TAN-N-SAND
2025-05-31 10:38:21,866 - INFO - [2025-05-31 10:38:21] INFO - Successfully added item to results
2025-05-31 10:38:21,881 - INFO - [2025-05-31 10:38:21] INFO - Extracted 'location': Cavelossim Beach, Cavelossim
2025-05-31 10:38:21,895 - INFO - [2025-05-31 10:38:21] INFO - Extracted 'resort ': The Byke Old Anchor Beach Resort & Spa
2025-05-31 10:38:21,895 - INFO - [2025-05-31 10:38:21] INFO - Successfully added item to results
2025-05-31 10:38:21,908 - INFO - [2025-05-31 10:38:21] INFO - Extracted 'location': Mandrem Beach , Mandrem
2025-05-31 10:38:21,921 - INFO - [2025-05-31 10:38:21] INFO - Extracted 'resort ': La Cabana Beach & Spa, By Ashvem Beach
2025-05-31 10:38:21,921 - INFO - [2025-05-31 10:38:21] INFO - Successfully added item to results
2025-05-31 10:38:21,934 - INFO - [2025-05-31 10:38:21] INFO - Extracted 'location': Palolem Beach, Palolem
2025-05-31 10:38:21,954 - INFO - [2025-05-31 10:38:21] INFO - Extracted 'resort ': Yoga Culture Palolem
2025-05-31 10:38:21,954 - INFO - [2025-05-31 10:38:21] INFO - Successfully added item to results
2025-05-31 10:38:21,974 - INFO - [2025-05-31 10:38:21] INFO - Extracted 'location': Morjim Beach, Morjim
2025-05-31 10:38:21,988 - INFO - [2025-05-31 10:38:21] INFO - Extracted 'resort ': La Vaiencia Beach Resort, Morjim
2025-05-31 10:38:21,988 - INFO - [2025-05-31 10:38:21] INFO - Successfully added item to results
2025-05-31 10:38:22,005 - INFO - [2025-05-31 10:38:22] INFO - Extracted 'location': Benaulim Beach, Benaulim
2025-05-31 10:38:22,018 - INFO - [2025-05-31 10:38:22] INFO - Extracted 'resort ': Beira Mar Beach Resort
2025-05-31 10:38:22,018 - INFO - [2025-05-31 10:38:22] INFO - Successfully added item to results
2025-05-31 10:38:22,033 - INFO - [2025-05-31 10:38:22] INFO - Extracted 'location': Assagao
2025-05-31 10:38:22,047 - INFO - [2025-05-31 10:38:22] INFO - Extracted 'resort ': Romeo Lane The Boutique Resort
2025-05-31 10:38:22,048 - INFO - [2025-05-31 10:38:22] INFO - Successfully added item to results
2025-05-31 10:38:22,062 - INFO - [2025-05-31 10:38:22] INFO - Extracted 'location': Mandrem
2025-05-31 10:38:22,077 - INFO - [2025-05-31 10:38:22] INFO - Extracted 'resort ': Amritara Aura Resort & Spa
2025-05-31 10:38:22,078 - INFO - [2025-05-31 10:38:22] INFO - Successfully added item to results
2025-05-31 10:38:22,092 - INFO - [2025-05-31 10:38:22] INFO - Extracted 'location': Arpora
2025-05-31 10:38:22,105 - INFO - [2025-05-31 10:38:22] INFO - Extracted 'resort ': Park Regis Goa
2025-05-31 10:38:22,105 - INFO - [2025-05-31 10:38:22] INFO - Successfully added item to results
2025-05-31 10:38:22,118 - INFO - [2025-05-31 10:38:22] INFO - Extracted 'location': Canacona
2025-05-31 10:38:22,132 - INFO - [2025-05-31 10:38:22] INFO - Extracted 'resort ': SUNBATH beach EXOTICA
2025-05-31 10:38:22,132 - INFO - [2025-05-31 10:38:22] INFO - Successfully added item to results
2025-05-31 10:38:22,147 - INFO - [2025-05-31 10:38:22] INFO - Extracted 'location': Vagator
2025-05-31 10:38:22,162 - INFO - [2025-05-31 10:38:22] INFO - Extracted 'resort ': Sashas Holiday Village
2025-05-31 10:38:22,162 - INFO - [2025-05-31 10:38:22] INFO - Successfully added item to results
2025-05-31 10:38:22,177 - INFO - [2025-05-31 10:38:22] INFO - Extracted 'location': Candolim
2025-05-31 10:38:22,191 - INFO - [2025-05-31 10:38:22] INFO - Extracted 'resort ': Jolly Panda Resort Goa
2025-05-31 10:38:22,191 - INFO - [2025-05-31 10:38:22] INFO - Successfully added item to results
2025-05-31 10:38:22,206 - INFO - [2025-05-31 10:38:22] INFO - Extracted 'location': Betalbatim
2025-05-31 10:38:22,246 - INFO - [2025-05-31 10:38:22] INFO - Extracted 'resort ': Alagoa Resort
2025-05-31 10:38:22,246 - INFO - [2025-05-31 10:38:22] INFO - Successfully added item to results
2025-05-31 10:38:22,299 - INFO - [2025-05-31 10:38:22] INFO - Extracted 'location': Colva
2025-05-31 10:38:22,327 - INFO - [2025-05-31 10:38:22] INFO - Extracted 'resort ': Regenta Baywatch Resort, Goa
2025-05-31 10:38:22,327 - INFO - [2025-05-31 10:38:22] INFO - Successfully added item to results
2025-05-31 10:38:22,342 - INFO - [2025-05-31 10:38:22] INFO - Extracted 'location': Candolim Beach, Candolim
2025-05-31 10:38:22,356 - INFO - [2025-05-31 10:38:22] INFO - Extracted 'resort ': Whispering Palms Beach Resort
2025-05-31 10:38:22,357 - INFO - [2025-05-31 10:38:22] INFO - Successfully added item to results
2025-05-31 10:38:22,370 - INFO - [2025-05-31 10:38:22] INFO - Extracted 'location': Vagator
2025-05-31 10:38:22,384 - INFO - [2025-05-31 10:38:22] INFO - Extracted 'resort ': Leoney Resort Goa
2025-05-31 10:38:22,384 - INFO - [2025-05-31 10:38:22] INFO - Successfully added item to results
2025-05-31 10:38:22,400 - INFO - [2025-05-31 10:38:22] INFO - Extracted 'location': Agonda
2025-05-31 10:38:22,414 - INFO - [2025-05-31 10:38:22] INFO - Extracted 'resort ': Rio De Grande
2025-05-31 10:38:22,414 - INFO - [2025-05-31 10:38:22] INFO - Successfully added item to results
2025-05-31 10:38:22,428 - INFO - [2025-05-31 10:38:22] INFO - Extracted 'location': Candolim Beach, Candolim
2025-05-31 10:38:22,442 - INFO - [2025-05-31 10:38:22] INFO - Extracted 'resort ': Lemon Tree Amarante Beach Resort, Goa
2025-05-31 10:38:22,442 - INFO - [2025-05-31 10:38:22] INFO - Successfully added item to results
2025-05-31 10:38:22,456 - INFO - [2025-05-31 10:38:22] INFO - Extracted 'location': Vagator
2025-05-31 10:38:22,472 - INFO - [2025-05-31 10:38:22] INFO - Extracted 'resort ': The Evren, Vagator
2025-05-31 10:38:22,472 - INFO - [2025-05-31 10:38:22] INFO - Successfully added item to results
2025-05-31 10:38:22,485 - INFO - [2025-05-31 10:38:22] INFO - Extracted 'location': Varca
2025-05-31 10:38:22,499 - INFO - [2025-05-31 10:38:22] INFO - Extracted 'resort ': Club Mahindra Emerald Palms, Goa
2025-05-31 10:38:22,499 - INFO - [2025-05-31 10:38:22] INFO - Successfully added item to results
2025-05-31 10:38:22,513 - INFO - [2025-05-31 10:38:22] INFO - Extracted 'location': Palolem
2025-05-31 10:38:22,533 - INFO - [2025-05-31 10:38:22] INFO - Extracted 'resort ': La La Land Resort Goa by Spicy Mango
2025-05-31 10:38:22,533 - INFO - [2025-05-31 10:38:22] INFO - Successfully added item to results
2025-05-31 10:38:22,547 - INFO - [2025-05-31 10:38:22] INFO - Extracted 'location': Anjuna
2025-05-31 10:38:22,561 - INFO - [2025-05-31 10:38:22] INFO - Extracted 'resort ': The Byke Royal Pearl Anjuna
2025-05-31 10:38:22,561 - INFO - [2025-05-31 10:38:22] INFO - Successfully added item to results
2025-05-31 10:38:22,577 - INFO - [2025-05-31 10:38:22] INFO - Extracted 'location': Mandrem
2025-05-31 10:38:22,590 - INFO - [2025-05-31 10:38:22] INFO - Extracted 'resort ': Mariners Bay Resort
2025-05-31 10:38:22,590 - INFO - [2025-05-31 10:38:22] INFO - Successfully added item to results
2025-05-31 10:38:22,603 - INFO - [2025-05-31 10:38:22] INFO - Extracted 'location': Baga
2025-05-31 10:38:22,617 - INFO - [2025-05-31 10:38:22] INFO - Extracted 'resort ': La Sunila Suites & Villas by WSI, Baga
2025-05-31 10:38:22,617 - INFO - [2025-05-31 10:38:22] INFO - Successfully added item to results
2025-05-31 10:38:22,630 - INFO - [2025-05-31 10:38:22] INFO - Extracted 'location': Morjim
2025-05-31 10:38:22,645 - INFO - [2025-05-31 10:38:22] INFO - Extracted 'resort ': Papa Jolly Eco Resort-Near Morjim Beach
2025-05-31 10:38:22,645 - INFO - [2025-05-31 10:38:22] INFO - Successfully added item to results
2025-05-31 10:38:22,659 - INFO - [2025-05-31 10:38:22] INFO - Extracted 'location': Arpora
2025-05-31 10:38:22,674 - INFO - [2025-05-31 10:38:22] INFO - Extracted 'resort ': Resort Rio
2025-05-31 10:38:22,674 - INFO - [2025-05-31 10:38:22] INFO - Successfully added item to results
2025-05-31 10:38:22,688 - INFO - [2025-05-31 10:38:22] INFO - Extracted 'location': Calangute Beach, Calangute
2025-05-31 10:38:22,701 - INFO - [2025-05-31 10:38:22] INFO - Extracted 'resort ': Grandeur De Sanchi- Luxury Beach Resort & Spa
2025-05-31 10:38:22,701 - INFO - [2025-05-31 10:38:22] INFO - Successfully added item to results
2025-05-31 10:38:22,714 - INFO - [2025-05-31 10:38:22] INFO - Extracted 'location': Candolim
2025-05-31 10:38:22,728 - INFO - [2025-05-31 10:38:22] INFO - Extracted 'resort ': De Alturas Resort
2025-05-31 10:38:22,728 - INFO - [2025-05-31 10:38:22] INFO - Successfully added item to results
2025-05-31 10:38:22,741 - INFO - [2025-05-31 10:38:22] INFO - Extracted 'location': Patnem
2025-05-31 10:38:22,756 - INFO - [2025-05-31 10:38:22] INFO - Extracted 'resort ': Mia's beach resort goa
2025-05-31 10:38:22,756 - INFO - [2025-05-31 10:38:22] INFO - Successfully added item to results
2025-05-31 10:38:22,769 - INFO - [2025-05-31 10:38:22] INFO - Extracted 'location': Morjim
2025-05-31 10:38:22,783 - INFO - [2025-05-31 10:38:22] INFO - Extracted 'resort ': Shree Rajeshwari Resort
2025-05-31 10:38:22,784 - INFO - [2025-05-31 10:38:22] INFO - Successfully added item to results
2025-05-31 10:38:23,161 - INFO - [2025-05-31 10:38:23] INFO - 
[SUCCESS] Scraping complete. 90 items saved.
2025-05-31 10:38:23,161 - INFO - [2025-05-31 10:38:23] INFO - Results saved to JSON: output/ccddd796-f45e-4666-8ecc-cff68414ac4d\scraped_data.json
2025-05-31 10:38:23,161 - INFO - [2025-05-31 10:38:23] INFO - Results saved to Excel: output/ccddd796-f45e-4666-8ecc-cff68414ac4d\scraped_data.xlsx
2025-05-31 10:38:23,161 - INFO - [2025-05-31 10:38:23] INFO - Scraper completed successfully
