2025-04-23 01:04:17,988 - INFO - [2025-04-23 01:04:17] INFO - Added file handler for log file: output/d98bf348-1c38-4045-a187-f30827305510\scraper.log
2025-04-23 01:04:17,988 - INFO - [2025-04-23 01:04:17] INFO - Starting scraper with configuration:
2025-04-23 01:04:17,989 - INFO - [2025-04-23 01:04:17] INFO - base_url: https://www.griclub.org/program/participants/empowered-by-gcc-global-capital-connectors-series_1810
2025-04-23 01:04:17,989 - INFO - [2025-04-23 01:04:17] INFO - concurrent_settings: {'base_request_delay': 2, 'job_spacing_delay': 3, 'max_concurrent_jobs': 3, 'max_concurrent_requests': 2}
2025-04-23 01:04:17,989 - INFO - [2025-04-23 01:04:17] INFO - container_selector: div.member-card__body
2025-04-23 01:04:17,989 - INFO - [2025-04-23 01:04:17] INFO - initial_wait: 10
2025-04-23 01:04:17,989 - INFO - [2025-04-23 01:04:17] INFO - load_more_selector: 
2025-04-23 01:04:17,989 - INFO - [2025-04-23 01:04:17] INFO - load_more_wait: 3
2025-04-23 01:04:17,989 - INFO - [2025-04-23 01:04:17] INFO - max_pages: 1
2025-04-23 01:04:17,989 - INFO - [2025-04-23 01:04:17] INFO - max_scroll_attempts: 20
2025-04-23 01:04:17,990 - INFO - [2025-04-23 01:04:17] INFO - next_page_selector: 
2025-04-23 01:04:17,990 - INFO - [2025-04-23 01:04:17] INFO - output_excel: output/d98bf348-1c38-4045-a187-f30827305510\scraped_data.xlsx
2025-04-23 01:04:17,990 - INFO - [2025-04-23 01:04:17] INFO - output_json: output/d98bf348-1c38-4045-a187-f30827305510\scraped_data.json
2025-04-23 01:04:17,990 - INFO - [2025-04-23 01:04:17] INFO - page_wait: 2
2025-04-23 01:04:17,990 - INFO - [2025-04-23 01:04:17] INFO - paginate: False
2025-04-23 01:04:17,990 - INFO - [2025-04-23 01:04:17] INFO - scrape_subpages: False
2025-04-23 01:04:17,990 - INFO - [2025-04-23 01:04:17] INFO - scroll: False
2025-04-23 01:04:17,990 - INFO - [2025-04-23 01:04:17] INFO - scroll_wait: 3
2025-04-23 01:04:17,990 - INFO - [2025-04-23 01:04:17] INFO - start_page: 1
2025-04-23 01:04:17,990 - INFO - [2025-04-23 01:04:17] INFO - subpage_wait: 3
2025-04-23 01:04:17,990 - INFO - [2025-04-23 01:04:17] INFO - job_id: d98bf348-1c38-4045-a187-f30827305510
2025-04-23 01:04:17,990 - INFO - [2025-04-23 01:04:17] INFO - user_id: ang9rlp5bbn
2025-04-23 01:04:17,990 - INFO - [2025-04-23 01:04:17] INFO - concurrent: True
2025-04-23 01:04:17,990 - INFO - [2025-04-23 01:04:17] INFO - output_dir: output/d98bf348-1c38-4045-a187-f30827305510
2025-04-23 01:04:17,990 - INFO - [2025-04-23 01:04:17] INFO - log_file: output/d98bf348-1c38-4045-a187-f30827305510\scraper.log
2025-04-23 01:04:17,990 - INFO - [2025-04-23 01:04:17] INFO - request_delay: 6
2025-04-23 01:04:17,991 - INFO - [2025-04-23 01:04:17] INFO - max_concurrent_requests: 2
2025-04-23 01:04:17,991 - INFO - [2025-04-23 01:04:17] INFO - job_start_time: 2025-04-23T01:04:13.378927
2025-04-23 01:04:17,991 - INFO - [2025-04-23 01:04:17] INFO - headless: True
2025-04-23 01:04:17,991 - INFO - [2025-04-23 01:04:17] INFO - Concurrent scraping settings:
2025-04-23 01:04:17,991 - INFO - [2025-04-23 01:04:17] INFO - Job ID: d98bf348-1c38-4045-a187-f30827305510
2025-04-23 01:04:17,991 - INFO - [2025-04-23 01:04:17] INFO - User ID: ang9rlp5bbn
2025-04-23 01:04:17,991 - INFO - [2025-04-23 01:04:17] INFO - Request delay: 6s
2025-04-23 01:04:17,991 - INFO - [2025-04-23 01:04:17] INFO - Max concurrent requests: 2
2025-04-23 01:04:17,991 - INFO - [2025-04-23 01:04:17] INFO - Concurrent scraping settings:
2025-04-23 01:04:17,991 - INFO - [2025-04-23 01:04:17] INFO - Job ID: d98bf348-1c38-4045-a187-f30827305510
2025-04-23 01:04:17,991 - INFO - [2025-04-23 01:04:17] INFO - User ID: ang9rlp5bbn
2025-04-23 01:04:17,991 - INFO - [2025-04-23 01:04:17] INFO - Request delay: 6s
2025-04-23 01:04:17,991 - INFO - [2025-04-23 01:04:17] INFO - Max concurrent requests: 2
2025-04-23 01:04:17,991 - INFO - [2025-04-23 01:04:17] INFO - Starting scraper with configuration:
2025-04-23 01:04:17,992 - INFO - [2025-04-23 01:04:17] INFO - {
  "base_url": "https://www.griclub.org/program/participants/empowered-by-gcc-global-capital-connectors-series_1810",
  "concurrent_settings": {
    "base_request_delay": 2,
    "job_spacing_delay": 3,
    "max_concurrent_jobs": 3,
    "max_concurrent_requests": 2
  },
  "container_selector": "div.member-card__body",
  "initial_wait": 10,
  "load_more_selector": "",
  "load_more_wait": 3,
  "max_pages": 1,
  "max_scroll_attempts": 20,
  "next_page_selector": "",
  "output_excel": "output/d98bf348-1c38-4045-a187-f30827305510\\scraped_data.xlsx",
  "output_json": "output/d98bf348-1c38-4045-a187-f30827305510\\scraped_data.json",
  "page_wait": 2,
  "paginate": false,
  "scrape_subpages": false,
  "scroll": false,
  "scroll_wait": 3,
  "start_page": 1,
  "subpage_wait": 3,
  "job_id": "d98bf348-1c38-4045-a187-f30827305510",
  "user_id": "ang9rlp5bbn",
  "concurrent": true,
  "output_dir": "output/d98bf348-1c38-4045-a187-f30827305510",
  "log_file": "output/d98bf348-1c38-4045-a187-f30827305510\\scraper.log",
  "request_delay": 6,
  "max_concurrent_requests": 2,
  "job_start_time": "2025-04-23T01:04:13.378927",
  "headless": true
}
2025-04-23 01:04:17,992 - INFO - [2025-04-23 01:04:17] INFO - Attempting to use undetected-chromedriver...
2025-04-23 01:05:06,780 - WARNING - [2025-04-23 01:05:06] WARNING - undetected-chromedriver failed: <urlopen error retrieval incomplete: got only 8437760 out of 8852766 bytes>
