2025-04-22 23:54:58,556 - INFO - [2025-04-22 23:54:58] INFO - Added file handler for log file: output/e8c43035-6812-4b68-88e4-095583041386\scraper.log
2025-04-22 23:54:58,556 - INFO - [2025-04-22 23:54:58] INFO - Starting scraper with configuration:
2025-04-22 23:54:58,556 - INFO - [2025-04-22 23:54:58] INFO - base_url: https://www.booking.com/searchresults.html?label=gog235jc-1DCAEoggI46AdIM1gDaGyIAQGYATG4AQfIAQzYAQPoAQH4AQKIAgGoAgO4As_0h8AGwAIB0gIkMzJhOGRkNTItN2Y0NS00OGIyLWI0NDMtOGRjODk1MjQxNDlh2AIE4AIB&aid=397594&ss=Himachal+Pradesh%2C+India&ssne=Uttarakhand&ssne_untouched=Uttarakhand&lang=en-us&src=searchresults&dest_id=3482&dest_type=region&ac_position=1&ac_click_type=b&ac_langcode=en&ac_suggestion_list_length=5&search_selected=true&search_pageview_id=ce3f33fa3adb003e&checkin=2025-04-18&checkout=2025-04-19&group_adults=2&no_rooms=1&group_children=0&nflt=hotelfacility%3D54%3Bht_id%3D206
2025-04-22 23:54:58,556 - INFO - [2025-04-22 23:54:58] INFO - concurrent_settings: {'base_request_delay': 2, 'job_spacing_delay': 3, 'max_concurrent_jobs': 3, 'max_concurrent_requests': 2}
2025-04-22 23:54:58,556 - INFO - [2025-04-22 23:54:58] INFO - container_selector: div.c82435a4b8.a178069f51.a6ae3c2b40
2025-04-22 23:54:58,556 - INFO - [2025-04-22 23:54:58] INFO - initial_wait: 3
2025-04-22 23:54:58,556 - INFO - [2025-04-22 23:54:58] INFO - load_more_selector: 
2025-04-22 23:54:58,556 - INFO - [2025-04-22 23:54:58] INFO - load_more_wait: 3
2025-04-22 23:54:58,556 - INFO - [2025-04-22 23:54:58] INFO - max_pages: 1
2025-04-22 23:54:58,556 - INFO - [2025-04-22 23:54:58] INFO - max_scroll_attempts: 20
2025-04-22 23:54:58,556 - INFO - [2025-04-22 23:54:58] INFO - next_page_selector: 
2025-04-22 23:54:58,556 - INFO - [2025-04-22 23:54:58] INFO - output_excel: output/e8c43035-6812-4b68-88e4-095583041386\scraped_data.xlsx
2025-04-22 23:54:58,556 - INFO - [2025-04-22 23:54:58] INFO - output_json: output/e8c43035-6812-4b68-88e4-095583041386\scraped_data.json
2025-04-22 23:54:58,556 - INFO - [2025-04-22 23:54:58] INFO - page_wait: 2
2025-04-22 23:54:58,556 - INFO - [2025-04-22 23:54:58] INFO - paginate: False
2025-04-22 23:54:58,556 - INFO - [2025-04-22 23:54:58] INFO - scrape_subpages: False
2025-04-22 23:54:58,556 - INFO - [2025-04-22 23:54:58] INFO - scroll: True
2025-04-22 23:54:58,560 - INFO - [2025-04-22 23:54:58] INFO - scroll_wait: 3
2025-04-22 23:54:58,560 - INFO - [2025-04-22 23:54:58] INFO - start_page: 1
2025-04-22 23:54:58,560 - INFO - [2025-04-22 23:54:58] INFO - subpage_wait: 3
2025-04-22 23:54:58,560 - INFO - [2025-04-22 23:54:58] INFO - job_id: e8c43035-6812-4b68-88e4-095583041386
2025-04-22 23:54:58,560 - INFO - [2025-04-22 23:54:58] INFO - user_id: user_khiboz5p84_1745132256993
2025-04-22 23:54:58,561 - INFO - [2025-04-22 23:54:58] INFO - concurrent: True
2025-04-22 23:54:58,561 - INFO - [2025-04-22 23:54:58] INFO - output_dir: output/e8c43035-6812-4b68-88e4-095583041386
2025-04-22 23:54:58,561 - INFO - [2025-04-22 23:54:58] INFO - log_file: output/e8c43035-6812-4b68-88e4-095583041386\scraper.log
2025-04-22 23:54:58,561 - INFO - [2025-04-22 23:54:58] INFO - request_delay: 4
2025-04-22 23:54:58,561 - INFO - [2025-04-22 23:54:58] INFO - max_concurrent_requests: 2
2025-04-22 23:54:58,561 - INFO - [2025-04-22 23:54:58] INFO - job_start_time: 2025-04-22T23:54:54.099183
2025-04-22 23:54:58,561 - INFO - [2025-04-22 23:54:58] INFO - headless: True
2025-04-22 23:54:58,561 - INFO - [2025-04-22 23:54:58] INFO - Concurrent scraping settings:
2025-04-22 23:54:58,561 - INFO - [2025-04-22 23:54:58] INFO - Job ID: e8c43035-6812-4b68-88e4-095583041386
2025-04-22 23:54:58,561 - INFO - [2025-04-22 23:54:58] INFO - User ID: user_khiboz5p84_1745132256993
2025-04-22 23:54:58,561 - INFO - [2025-04-22 23:54:58] INFO - Request delay: 4s
2025-04-22 23:54:58,561 - INFO - [2025-04-22 23:54:58] INFO - Max concurrent requests: 2
2025-04-22 23:54:58,561 - INFO - [2025-04-22 23:54:58] INFO - Concurrent scraping settings:
2025-04-22 23:54:58,561 - INFO - [2025-04-22 23:54:58] INFO - Job ID: e8c43035-6812-4b68-88e4-095583041386
2025-04-22 23:54:58,561 - INFO - [2025-04-22 23:54:58] INFO - User ID: user_khiboz5p84_1745132256993
2025-04-22 23:54:58,561 - INFO - [2025-04-22 23:54:58] INFO - Request delay: 4s
2025-04-22 23:54:58,561 - INFO - [2025-04-22 23:54:58] INFO - Max concurrent requests: 2
2025-04-22 23:54:58,561 - INFO - [2025-04-22 23:54:58] INFO - Starting scraper with configuration:
2025-04-22 23:54:58,561 - INFO - [2025-04-22 23:54:58] INFO - {
  "base_url": "https://www.booking.com/searchresults.html?label=gog235jc-1DCAEoggI46AdIM1gDaGyIAQGYATG4AQfIAQzYAQPoAQH4AQKIAgGoAgO4As_0h8AGwAIB0gIkMzJhOGRkNTItN2Y0NS00OGIyLWI0NDMtOGRjODk1MjQxNDlh2AIE4AIB&aid=397594&ss=Himachal+Pradesh%2C+India&ssne=Uttarakhand&ssne_untouched=Uttarakhand&lang=en-us&src=searchresults&dest_id=3482&dest_type=region&ac_position=1&ac_click_type=b&ac_langcode=en&ac_suggestion_list_length=5&search_selected=true&search_pageview_id=ce3f33fa3adb003e&checkin=2025-04-18&checkout=2025-04-19&group_adults=2&no_rooms=1&group_children=0&nflt=hotelfacility%3D54%3Bht_id%3D206",
  "concurrent_settings": {
    "base_request_delay": 2,
    "job_spacing_delay": 3,
    "max_concurrent_jobs": 3,
    "max_concurrent_requests": 2
  },
  "container_selector": "div.c82435a4b8.a178069f51.a6ae3c2b40",
  "initial_wait": 3,
  "load_more_selector": "",
  "load_more_wait": 3,
  "max_pages": 1,
  "max_scroll_attempts": 20,
  "next_page_selector": "",
  "output_excel": "output/e8c43035-6812-4b68-88e4-095583041386\\scraped_data.xlsx",
  "output_json": "output/e8c43035-6812-4b68-88e4-095583041386\\scraped_data.json",
  "page_wait": 2,
  "paginate": false,
  "scrape_subpages": false,
  "scroll": true,
  "scroll_wait": 3,
  "start_page": 1,
  "subpage_wait": 3,
  "job_id": "e8c43035-6812-4b68-88e4-095583041386",
  "user_id": "user_khiboz5p84_1745132256993",
  "concurrent": true,
  "output_dir": "output/e8c43035-6812-4b68-88e4-095583041386",
  "log_file": "output/e8c43035-6812-4b68-88e4-095583041386\\scraper.log",
  "request_delay": 4,
  "max_concurrent_requests": 2,
  "job_start_time": "2025-04-22T23:54:54.099183",
  "headless": true
}
2025-04-22 23:54:58,561 - INFO - [2025-04-22 23:54:58] INFO - Attempting to use undetected-chromedriver...
2025-04-22 23:55:01,281 - INFO - [2025-04-22 23:55:01] INFO - Successfully initialized Chrome with undetected-chromedriver
2025-04-22 23:55:01,282 - INFO - [2025-04-22 23:55:01] INFO - Job started for user user_khiboz5p84_1745132256993 (Job ID: e8c43035-6812-4b68-88e4-095583041386)
2025-04-22 23:55:01,282 - INFO - [2025-04-22 23:55:01] INFO - Phase 1: Collecting main fields and links from all pages...
2025-04-22 23:55:06,316 - INFO - [2025-04-22 23:55:06] INFO - Navigated to base URL: https://www.booking.com/searchresults.html?label=gog235jc-1DCAEoggI46AdIM1gDaGyIAQGYATG4AQfIAQzYAQPoAQH4AQKIAgGoAgO4As_0h8AGwAIB0gIkMzJhOGRkNTItN2Y0NS00OGIyLWI0NDMtOGRjODk1MjQxNDlh2AIE4AIB&aid=397594&ss=Himachal+Pradesh%2C+India&ssne=Uttarakhand&ssne_untouched=Uttarakhand&lang=en-us&src=searchresults&dest_id=3482&dest_type=region&ac_position=1&ac_click_type=b&ac_langcode=en&ac_suggestion_list_length=5&search_selected=true&search_pageview_id=ce3f33fa3adb003e&checkin=2025-04-18&checkout=2025-04-19&group_adults=2&no_rooms=1&group_children=0&nflt=hotelfacility%3D54%3Bht_id%3D206
2025-04-22 23:55:10,332 - INFO - [2025-04-22 23:55:10] INFO - Scraping main fields from page 1...
2025-04-22 23:55:10,332 - INFO - [2025-04-22 23:55:10] INFO - Scrolling to load all content...
2025-04-22 23:55:19,396 - INFO - [2025-04-22 23:55:19] INFO - Reached end of scrollable content
2025-04-22 23:55:19,418 - INFO - [2025-04-22 23:55:19] INFO - Found 26 items on page 1
2025-04-22 23:55:19,465 - INFO - [2025-04-22 23:55:19] INFO - Extracted 'resorts': WelcomHeritage Parv Vilas Resort & Spa
2025-04-22 23:55:19,486 - INFO - [2025-04-22 23:55:19] INFO - Extracted 'resorts': Jannat Resort and Spa Manali A Centrally Heated Himalayas View Resort
2025-04-22 23:55:19,514 - INFO - [2025-04-22 23:55:19] INFO - Extracted 'resorts': Indraprastha Spa Resort
2025-04-22 23:55:19,536 - INFO - [2025-04-22 23:55:19] INFO - Extracted 'resorts': Hyatt Regency Dharamshala Resort
2025-04-22 23:55:19,562 - INFO - [2025-04-22 23:55:19] INFO - Extracted 'resorts': Storii By ITC Hotels, Amoha Retreat Dharamshala
2025-04-22 23:55:19,583 - INFO - [2025-04-22 23:55:19] INFO - Extracted 'resorts': Marigold Sarovar Portico Shimla
2025-04-22 23:55:19,604 - INFO - [2025-04-22 23:55:19] INFO - Extracted 'resorts': Chillaru Spa & Resort
2025-04-22 23:55:19,626 - INFO - [2025-04-22 23:55:19] INFO - Extracted 'resorts': Regenta Resort & Spa Mashobra
2025-04-22 23:55:19,647 - INFO - [2025-04-22 23:55:19] INFO - Extracted 'resorts': Toshali Royal View ,S H I M L A
2025-04-22 23:55:19,673 - INFO - [2025-04-22 23:55:19] INFO - Extracted 'resorts': Araiya Palampur
2025-04-22 23:55:19,690 - INFO - [2025-04-22 23:55:19] INFO - Extracted 'resorts': Span Resort and Spa, Manali
2025-04-22 23:55:19,712 - INFO - [2025-04-22 23:55:19] INFO - Extracted 'resorts': Manuallaya The Resort & Spa
2025-04-22 23:55:19,728 - INFO - [2025-04-22 23:55:19] INFO - Extracted 'resorts': The Chalets Naldehra
2025-04-22 23:55:19,747 - INFO - [2025-04-22 23:55:19] INFO - Extracted 'resorts': Deventure Shimla Hills
2025-04-22 23:55:19,762 - INFO - [2025-04-22 23:55:19] INFO - Extracted 'resorts': The Anantmaya Resort
2025-04-22 23:55:19,780 - INFO - [2025-04-22 23:55:19] INFO - Extracted 'resorts': The Mōcana Himalayas, Shimla
2025-04-22 23:55:19,795 - INFO - [2025-04-22 23:55:19] INFO - Extracted 'resorts': Sterling Kufri
2025-04-22 23:55:19,822 - INFO - [2025-04-22 23:55:19] INFO - Extracted 'resorts': juSTa Cliffend Resort & Spa, Mashobra
2025-04-22 23:55:19,840 - INFO - [2025-04-22 23:55:19] INFO - Extracted 'resorts': Club Mahindra Mashobra
2025-04-22 23:55:19,859 - INFO - [2025-04-22 23:55:19] INFO - Extracted 'resorts': juSTa Birding Resort & Spa - Best Dhauladhar View Resort
2025-04-22 23:55:19,879 - INFO - [2025-04-22 23:55:19] INFO - Extracted 'resorts': Tiaraa Jujurana Resort & Spa
2025-04-22 23:55:19,897 - INFO - [2025-04-22 23:55:19] INFO - Extracted 'resorts': Moksha Himalaya Spa Resort
2025-04-22 23:55:19,916 - INFO - [2025-04-22 23:55:19] INFO - Extracted 'resorts': Taj Theog Resort & Spa Shimla
2025-04-22 23:55:19,945 - INFO - [2025-04-22 23:55:19] INFO - Extracted 'resorts': The Fern Surya Resort Kasauli Hills, Dharampur
2025-04-22 23:55:19,962 - INFO - [2025-04-22 23:55:19] INFO - Extracted 'resorts': Anantam Resort & Spa
2025-04-22 23:55:19,979 - WARNING - [2025-04-22 23:55:19] WARNING - Couldn't extract 'resorts': Message: no such element: Unable to locate element: {"method":"css selector","selector":"div.f6431b446c.a15b38c233"}
  (Session info: chrome=135.0.7049.96); For documentation on this error, please visit: https://www.selenium.dev/documentation/webdriver/troubleshooting/errors#no-such-element-exception
Stacktrace:
	GetHandleVerifier [0x00D88073+60707]
	GetHandleVerifier [0x00D880B4+60772]
	(No symbol) [0x00BB0683]
	(No symbol) [0x00BF8660]
	(No symbol) [0x00BF89FB]
	(No symbol) [0x00BEDD81]
	(No symbol) [0x00C1D094]
	(No symbol) [0x00BEDCA4]
	(No symbol) [0x00C1D2C4]
	(No symbol) [0x00C3E824]
	(No symbol) [0x00C1CE46]
	(No symbol) [0x00BEC5D3]
	(No symbol) [0x00BED424]
	GetHandleVerifier [0x00FCBB53+2435075]
	GetHandleVerifier [0x00FC70F3+2416035]
	GetHandleVerifier [0x00FE349C+2531660]
	GetHandleVerifier [0x00D9F145+155125]
	GetHandleVerifier [0x00DA5AED+182173]
	GetHandleVerifier [0x00D8F948+91640]
	GetHandleVerifier [0x00D8FAF0+92064]
	GetHandleVerifier [0x00D7A5B0+4704]
	BaseThreadInitThunk [0x758A5D49+25]
	RtlInitializeExceptionChain [0x77E1CF0B+107]
	RtlGetAppContainerNamedObjectPath [0x77E1CE91+561]

2025-04-22 23:55:20,582 - INFO - [2025-04-22 23:55:20] INFO - 
[SUCCESS] Scraping complete. 26 items saved.
2025-04-22 23:55:20,582 - INFO - [2025-04-22 23:55:20] INFO - Results saved to JSON: output/e8c43035-6812-4b68-88e4-095583041386\scraped_data.json
2025-04-22 23:55:20,582 - INFO - [2025-04-22 23:55:20] INFO - Results saved to Excel: output/e8c43035-6812-4b68-88e4-095583041386\scraped_data.xlsx
