2025-05-01 10:27:23,958 - INFO - [2025-05-01 10:27:23] INFO - Added file handler for log file: output/3c92b464-fd1f-4bf6-bdcd-42e3f3f8a3ed/scraper.log
2025-05-01 10:27:23,958 - INFO - [2025-05-01 10:27:23] INFO - Starting scraper with configuration:
2025-05-01 10:27:23,960 - INFO - [2025-05-01 10:27:23] INFO - base_url: https://giohis.com/speakers/
2025-05-01 10:27:23,961 - INFO - [2025-05-01 10:27:23] INFO - concurrent_settings: {'base_request_delay': 2, 'job_spacing_delay': 3, 'max_concurrent_jobs': 3, 'max_concurrent_requests': 2}
2025-05-01 10:27:23,962 - INFO - [2025-05-01 10:27:23] INFO - container_selector: div.attendee_wrap.clearfix
2025-05-01 10:27:23,964 - INFO - [2025-05-01 10:27:23] INFO - initial_wait: 3
2025-05-01 10:27:23,965 - INFO - [2025-05-01 10:27:23] INFO - load_more_selector: 
2025-05-01 10:27:23,966 - INFO - [2025-05-01 10:27:23] INFO - load_more_wait: 3
2025-05-01 10:27:23,967 - INFO - [2025-05-01 10:27:23] INFO - max_pages: 1
2025-05-01 10:27:23,968 - INFO - [2025-05-01 10:27:23] INFO - max_scroll_attempts: 20
2025-05-01 10:27:23,969 - INFO - [2025-05-01 10:27:23] INFO - next_page_selector: 
2025-05-01 10:27:23,970 - INFO - [2025-05-01 10:27:23] INFO - output_excel: output/3c92b464-fd1f-4bf6-bdcd-42e3f3f8a3ed/scraped_data.xlsx
2025-05-01 10:27:23,970 - INFO - [2025-05-01 10:27:23] INFO - output_json: output/3c92b464-fd1f-4bf6-bdcd-42e3f3f8a3ed/scraped_data.json
2025-05-01 10:27:23,971 - INFO - [2025-05-01 10:27:23] INFO - page_wait: 2
2025-05-01 10:27:23,971 - INFO - [2025-05-01 10:27:23] INFO - paginate: False
2025-05-01 10:27:23,972 - INFO - [2025-05-01 10:27:23] INFO - scrape_subpages: False
2025-05-01 10:27:23,972 - INFO - [2025-05-01 10:27:23] INFO - scroll: True
2025-05-01 10:27:23,973 - INFO - [2025-05-01 10:27:23] INFO - scroll_wait: 3
2025-05-01 10:27:23,973 - INFO - [2025-05-01 10:27:23] INFO - start_page: 1
2025-05-01 10:27:23,974 - INFO - [2025-05-01 10:27:23] INFO - subpage_wait: 3
2025-05-01 10:27:23,974 - INFO - [2025-05-01 10:27:23] INFO - job_id: 3c92b464-fd1f-4bf6-bdcd-42e3f3f8a3ed
2025-05-01 10:27:23,975 - INFO - [2025-05-01 10:27:23] INFO - user_id: user_h4hctrxqreu_1745474290425
2025-05-01 10:27:23,976 - INFO - [2025-05-01 10:27:23] INFO - concurrent: True
2025-05-01 10:27:23,976 - INFO - [2025-05-01 10:27:23] INFO - output_dir: output/3c92b464-fd1f-4bf6-bdcd-42e3f3f8a3ed
2025-05-01 10:27:23,977 - INFO - [2025-05-01 10:27:23] INFO - log_file: output/3c92b464-fd1f-4bf6-bdcd-42e3f3f8a3ed/scraper.log
2025-05-01 10:27:23,980 - INFO - [2025-05-01 10:27:23] INFO - request_delay: 6
2025-05-01 10:27:23,981 - INFO - [2025-05-01 10:27:23] INFO - max_concurrent_requests: 2
2025-05-01 10:27:23,984 - INFO - [2025-05-01 10:27:23] INFO - job_start_time: 2025-05-01T10:27:22.221472
2025-05-01 10:27:23,988 - INFO - [2025-05-01 10:27:23] INFO - headless: True
2025-05-01 10:27:23,989 - INFO - [2025-05-01 10:27:23] INFO - Concurrent scraping settings:
2025-05-01 10:27:23,990 - INFO - [2025-05-01 10:27:23] INFO - Job ID: 3c92b464-fd1f-4bf6-bdcd-42e3f3f8a3ed
2025-05-01 10:27:23,991 - INFO - [2025-05-01 10:27:23] INFO - User ID: user_h4hctrxqreu_1745474290425
2025-05-01 10:27:23,992 - INFO - [2025-05-01 10:27:23] INFO - Request delay: 6s
2025-05-01 10:27:23,992 - INFO - [2025-05-01 10:27:23] INFO - Max concurrent requests: 2
2025-05-01 10:27:23,994 - INFO - [2025-05-01 10:27:23] INFO - Concurrent scraping settings:
2025-05-01 10:27:23,995 - INFO - [2025-05-01 10:27:23] INFO - Job ID: 3c92b464-fd1f-4bf6-bdcd-42e3f3f8a3ed
2025-05-01 10:27:23,995 - INFO - [2025-05-01 10:27:23] INFO - User ID: user_h4hctrxqreu_1745474290425
2025-05-01 10:27:23,996 - INFO - [2025-05-01 10:27:23] INFO - Request delay: 6s
2025-05-01 10:27:23,996 - INFO - [2025-05-01 10:27:23] INFO - Max concurrent requests: 2
2025-05-01 10:27:23,997 - INFO - [2025-05-01 10:27:23] INFO - Starting scraper with configuration:
2025-05-01 10:27:23,997 - INFO - [2025-05-01 10:27:23] INFO - {
  "base_url": "https://giohis.com/speakers/",
  "concurrent_settings": {
    "base_request_delay": 2,
    "job_spacing_delay": 3,
    "max_concurrent_jobs": 3,
    "max_concurrent_requests": 2
  },
  "container_selector": "div.attendee_wrap.clearfix",
  "initial_wait": 3,
  "load_more_selector": "",
  "load_more_wait": 3,
  "max_pages": 1,
  "max_scroll_attempts": 20,
  "next_page_selector": "",
  "output_excel": "output/3c92b464-fd1f-4bf6-bdcd-42e3f3f8a3ed/scraped_data.xlsx",
  "output_json": "output/3c92b464-fd1f-4bf6-bdcd-42e3f3f8a3ed/scraped_data.json",
  "page_wait": 2,
  "paginate": false,
  "scrape_subpages": false,
  "scroll": true,
  "scroll_wait": 3,
  "start_page": 1,
  "subpage_wait": 3,
  "job_id": "3c92b464-fd1f-4bf6-bdcd-42e3f3f8a3ed",
  "user_id": "user_h4hctrxqreu_1745474290425",
  "concurrent": true,
  "output_dir": "output/3c92b464-fd1f-4bf6-bdcd-42e3f3f8a3ed",
  "log_file": "output/3c92b464-fd1f-4bf6-bdcd-42e3f3f8a3ed/scraper.log",
  "request_delay": 6,
  "max_concurrent_requests": 2,
  "job_start_time": "2025-05-01T10:27:22.221472",
  "headless": true
}
2025-05-01 10:27:24,571 - INFO - [2025-05-01 10:27:24] INFO - Detected Chrome version: 136.0.7103.59
2025-05-01 10:27:24,572 - INFO - [2025-05-01 10:27:24] INFO - Using Chrome version 136.0.7103.59 with ChromeDriverManager
2025-05-01 10:27:22,740 - ERROR - [2025-05-01 10:27:22] ERROR - Error setting up Chrome WebDriver: There is no such driver by url https://chromedriver.storage.googleapis.com/136/chromedriver_linux64.zip
2025-05-01 10:27:22,741 - ERROR - [2025-05-01 10:27:22] ERROR - Error during scraping: There is no such driver by url https://chromedriver.storage.googleapis.com/136/chromedriver_linux64.zip
2025-05-01 10:27:22,745 - ERROR - [2025-05-01 10:27:22] ERROR - Scraper failed with return code 1
