2025-04-23 00:54:00,444 - INFO - [2025-04-23 00:54:00] INFO - Added file handler for log file: output/4b5c5a5b-c6a9-441d-9dad-d36b5616920d\scraper.log
2025-04-23 00:54:00,444 - INFO - [2025-04-23 00:54:00] INFO - Starting scraper with configuration:
2025-04-23 00:54:00,445 - INFO - [2025-04-23 00:54:00] INFO - base_url: https://www.booking.com/searchresults.html?label=gog235jc-1DCAEoggI46AdIM1gDaGyIAQGYATG4AQfIAQzYAQPoAQH4AQKIAgGoAgO4As_0h8AGwAIB0gIkMzJhOGRkNTItN2Y0NS00OGIyLWI0NDMtOGRjODk1MjQxNDlh2AIE4AIB&aid=397594&ss=Himachal+Pradesh%2C+India&ssne=Uttarakhand&ssne_untouched=Uttarakhand&lang=en-us&src=searchresults&dest_id=3482&dest_type=region&ac_position=1&ac_click_type=b&ac_langcode=en&ac_suggestion_list_length=5&search_selected=true&search_pageview_id=ce3f33fa3adb003e&checkin=2025-04-18&checkout=2025-04-19&group_adults=2&no_rooms=1&group_children=0&nflt=hotelfacility%3D54%3Bht_id%3D206
2025-04-23 00:54:00,445 - INFO - [2025-04-23 00:54:00] INFO - concurrent_settings: {'base_request_delay': 2, 'job_spacing_delay': 3, 'max_concurrent_jobs': 3, 'max_concurrent_requests': 2}
2025-04-23 00:54:00,445 - INFO - [2025-04-23 00:54:00] INFO - container_selector: div.c82435a4b8.a178069f51.a6ae3c2b40
2025-04-23 00:54:00,445 - INFO - [2025-04-23 00:54:00] INFO - initial_wait: 3
2025-04-23 00:54:00,445 - INFO - [2025-04-23 00:54:00] INFO - load_more_selector: 
2025-04-23 00:54:00,445 - INFO - [2025-04-23 00:54:00] INFO - load_more_wait: 3
2025-04-23 00:54:00,445 - INFO - [2025-04-23 00:54:00] INFO - max_pages: 1
2025-04-23 00:54:00,445 - INFO - [2025-04-23 00:54:00] INFO - max_scroll_attempts: 20
2025-04-23 00:54:00,445 - INFO - [2025-04-23 00:54:00] INFO - next_page_selector: 
2025-04-23 00:54:00,445 - INFO - [2025-04-23 00:54:00] INFO - output_excel: output/4b5c5a5b-c6a9-441d-9dad-d36b5616920d\scraped_data.xlsx
2025-04-23 00:54:00,445 - INFO - [2025-04-23 00:54:00] INFO - output_json: output/4b5c5a5b-c6a9-441d-9dad-d36b5616920d\scraped_data.json
2025-04-23 00:54:00,446 - INFO - [2025-04-23 00:54:00] INFO - page_wait: 2
2025-04-23 00:54:00,446 - INFO - [2025-04-23 00:54:00] INFO - paginate: False
2025-04-23 00:54:00,446 - INFO - [2025-04-23 00:54:00] INFO - scrape_subpages: False
2025-04-23 00:54:00,446 - INFO - [2025-04-23 00:54:00] INFO - scroll: False
2025-04-23 00:54:00,446 - INFO - [2025-04-23 00:54:00] INFO - scroll_wait: 3
2025-04-23 00:54:00,446 - INFO - [2025-04-23 00:54:00] INFO - start_page: 1
2025-04-23 00:54:00,446 - INFO - [2025-04-23 00:54:00] INFO - subpage_wait: 3
2025-04-23 00:54:00,446 - INFO - [2025-04-23 00:54:00] INFO - job_id: 4b5c5a5b-c6a9-441d-9dad-d36b5616920d
2025-04-23 00:54:00,446 - INFO - [2025-04-23 00:54:00] INFO - user_id: user_yhb37ahbkv_1745349248925
2025-04-23 00:54:00,446 - INFO - [2025-04-23 00:54:00] INFO - concurrent: True
2025-04-23 00:54:00,446 - INFO - [2025-04-23 00:54:00] INFO - output_dir: output/4b5c5a5b-c6a9-441d-9dad-d36b5616920d
2025-04-23 00:54:00,446 - INFO - [2025-04-23 00:54:00] INFO - log_file: output/4b5c5a5b-c6a9-441d-9dad-d36b5616920d\scraper.log
2025-04-23 00:54:00,446 - INFO - [2025-04-23 00:54:00] INFO - request_delay: 4
2025-04-23 00:54:00,446 - INFO - [2025-04-23 00:54:00] INFO - max_concurrent_requests: 2
2025-04-23 00:54:00,446 - INFO - [2025-04-23 00:54:00] INFO - job_start_time: 2025-04-23T00:53:56.190803
2025-04-23 00:54:00,446 - INFO - [2025-04-23 00:54:00] INFO - headless: True
2025-04-23 00:54:00,446 - INFO - [2025-04-23 00:54:00] INFO - Concurrent scraping settings:
2025-04-23 00:54:00,446 - INFO - [2025-04-23 00:54:00] INFO - Job ID: 4b5c5a5b-c6a9-441d-9dad-d36b5616920d
2025-04-23 00:54:00,447 - INFO - [2025-04-23 00:54:00] INFO - User ID: user_yhb37ahbkv_1745349248925
2025-04-23 00:54:00,447 - INFO - [2025-04-23 00:54:00] INFO - Request delay: 4s
2025-04-23 00:54:00,447 - INFO - [2025-04-23 00:54:00] INFO - Max concurrent requests: 2
2025-04-23 00:54:00,447 - INFO - [2025-04-23 00:54:00] INFO - Concurrent scraping settings:
2025-04-23 00:54:00,447 - INFO - [2025-04-23 00:54:00] INFO - Job ID: 4b5c5a5b-c6a9-441d-9dad-d36b5616920d
2025-04-23 00:54:00,447 - INFO - [2025-04-23 00:54:00] INFO - User ID: user_yhb37ahbkv_1745349248925
2025-04-23 00:54:00,447 - INFO - [2025-04-23 00:54:00] INFO - Request delay: 4s
2025-04-23 00:54:00,447 - INFO - [2025-04-23 00:54:00] INFO - Max concurrent requests: 2
2025-04-23 00:54:00,447 - INFO - [2025-04-23 00:54:00] INFO - Starting scraper with configuration:
2025-04-23 00:54:00,447 - INFO - [2025-04-23 00:54:00] INFO - {
  "base_url": "https://www.booking.com/searchresults.html?label=gog235jc-1DCAEoggI46AdIM1gDaGyIAQGYATG4AQfIAQzYAQPoAQH4AQKIAgGoAgO4As_0h8AGwAIB0gIkMzJhOGRkNTItN2Y0NS00OGIyLWI0NDMtOGRjODk1MjQxNDlh2AIE4AIB&aid=397594&ss=Himachal+Pradesh%2C+India&ssne=Uttarakhand&ssne_untouched=Uttarakhand&lang=en-us&src=searchresults&dest_id=3482&dest_type=region&ac_position=1&ac_click_type=b&ac_langcode=en&ac_suggestion_list_length=5&search_selected=true&search_pageview_id=ce3f33fa3adb003e&checkin=2025-04-18&checkout=2025-04-19&group_adults=2&no_rooms=1&group_children=0&nflt=hotelfacility%3D54%3Bht_id%3D206",
  "concurrent_settings": {
    "base_request_delay": 2,
    "job_spacing_delay": 3,
    "max_concurrent_jobs": 3,
    "max_concurrent_requests": 2
  },
  "container_selector": "div.c82435a4b8.a178069f51.a6ae3c2b40",
  "initial_wait": 3,
  "load_more_selector": "",
  "load_more_wait": 3,
  "max_pages": 1,
  "max_scroll_attempts": 20,
  "next_page_selector": "",
  "output_excel": "output/4b5c5a5b-c6a9-441d-9dad-d36b5616920d\\scraped_data.xlsx",
  "output_json": "output/4b5c5a5b-c6a9-441d-9dad-d36b5616920d\\scraped_data.json",
  "page_wait": 2,
  "paginate": false,
  "scrape_subpages": false,
  "scroll": false,
  "scroll_wait": 3,
  "start_page": 1,
  "subpage_wait": 3,
  "job_id": "4b5c5a5b-c6a9-441d-9dad-d36b5616920d",
  "user_id": "user_yhb37ahbkv_1745349248925",
  "concurrent": true,
  "output_dir": "output/4b5c5a5b-c6a9-441d-9dad-d36b5616920d",
  "log_file": "output/4b5c5a5b-c6a9-441d-9dad-d36b5616920d\\scraper.log",
  "request_delay": 4,
  "max_concurrent_requests": 2,
  "job_start_time": "2025-04-23T00:53:56.190803",
  "headless": true
}
2025-04-23 00:54:00,447 - INFO - [2025-04-23 00:54:00] INFO - Attempting to use undetected-chromedriver...
2025-04-23 00:54:05,326 - INFO - [2025-04-23 00:54:05] INFO - Successfully initialized Chrome with undetected-chromedriver
2025-04-23 00:54:05,326 - INFO - [2025-04-23 00:54:05] INFO - Job started for user user_yhb37ahbkv_1745349248925 (Job ID: 4b5c5a5b-c6a9-441d-9dad-d36b5616920d)
2025-04-23 00:54:05,326 - INFO - [2025-04-23 00:54:05] INFO - Phase 1: Collecting main fields and links from all pages...
2025-04-23 00:54:09,074 - INFO - [2025-04-23 00:54:09] INFO - Navigated to base URL: https://www.booking.com/searchresults.html?label=gog235jc-1DCAEoggI46AdIM1gDaGyIAQGYATG4AQfIAQzYAQPoAQH4AQKIAgGoAgO4As_0h8AGwAIB0gIkMzJhOGRkNTItN2Y0NS00OGIyLWI0NDMtOGRjODk1MjQxNDlh2AIE4AIB&aid=397594&ss=Himachal+Pradesh%2C+India&ssne=Uttarakhand&ssne_untouched=Uttarakhand&lang=en-us&src=searchresults&dest_id=3482&dest_type=region&ac_position=1&ac_click_type=b&ac_langcode=en&ac_suggestion_list_length=5&search_selected=true&search_pageview_id=ce3f33fa3adb003e&checkin=2025-04-18&checkout=2025-04-19&group_adults=2&no_rooms=1&group_children=0&nflt=hotelfacility%3D54%3Bht_id%3D206
2025-04-23 00:54:19,170 - INFO - [2025-04-23 00:54:19] INFO - Scraping main fields from page 1...
2025-04-23 00:54:19,192 - INFO - [2025-04-23 00:54:19] INFO - Found 25 items on page 1
2025-04-23 00:54:19,235 - INFO - [2025-04-23 00:54:19] INFO - Extracted 'resorts': WelcomHeritage Parv Vilas Resort & Spa
2025-04-23 00:54:19,261 - INFO - [2025-04-23 00:54:19] INFO - Extracted 'resorts': Jannat Resort and Spa Manali A Centrally Heated Himalayas View Resort
2025-04-23 00:54:19,285 - INFO - [2025-04-23 00:54:19] INFO - Extracted 'resorts': Indraprastha Spa Resort
2025-04-23 00:54:19,340 - INFO - [2025-04-23 00:54:19] INFO - Extracted 'resorts': Hyatt Regency Dharamshala Resort
2025-04-23 00:54:19,366 - INFO - [2025-04-23 00:54:19] INFO - Extracted 'resorts': Marigold Sarovar Portico Shimla
2025-04-23 00:54:19,394 - INFO - [2025-04-23 00:54:19] INFO - Extracted 'resorts': Chillaru Spa & Resort
2025-04-23 00:54:19,420 - INFO - [2025-04-23 00:54:19] INFO - Extracted 'resorts': Storii By ITC Hotels, Amoha Retreat Dharamshala
2025-04-23 00:54:19,443 - INFO - [2025-04-23 00:54:19] INFO - Extracted 'resorts': Taj Theog Resort & Spa Shimla
2025-04-23 00:54:19,467 - INFO - [2025-04-23 00:54:19] INFO - Extracted 'resorts': Regenta Resort & Spa Mashobra
2025-04-23 00:54:19,491 - INFO - [2025-04-23 00:54:19] INFO - Extracted 'resorts': Araiya Palampur
2025-04-23 00:54:19,542 - INFO - [2025-04-23 00:54:19] INFO - Extracted 'resorts': Anantam Resort & Spa
2025-04-23 00:54:19,568 - INFO - [2025-04-23 00:54:19] INFO - Extracted 'resorts': Span Resort and Spa, Manali
2025-04-23 00:54:19,595 - INFO - [2025-04-23 00:54:19] INFO - Extracted 'resorts': Toshali Royal View ,S H I M L A
2025-04-23 00:54:19,619 - INFO - [2025-04-23 00:54:19] INFO - Extracted 'resorts': The Chalets Naldehra
2025-04-23 00:54:19,644 - INFO - [2025-04-23 00:54:19] INFO - Extracted 'resorts': Manuallaya The Resort & Spa
2025-04-23 00:54:19,671 - INFO - [2025-04-23 00:54:19] INFO - Extracted 'resorts': The Mōcana Himalayas, Shimla
