2025-04-23 01:26:27,240 - INFO - [2025-04-23 01:26:27] INFO - Added file handler for log file: output/e95caa58-7704-4e52-99a4-97acf1ea7307\scraper.log
2025-04-23 01:26:27,240 - INFO - [2025-04-23 01:26:27] INFO - Starting scraper with configuration:
2025-04-23 01:26:27,240 - INFO - [2025-04-23 01:26:27] INFO - base_url: https://www.booking.com/searchresults.html?label=gog235jc-1DCAEoggI46AdIM1gDaGyIAQGYATG4AQfIAQzYAQPoAQH4AQKIAgGoAgO4As_0h8AGwAIB0gIkMzJhOGRkNTItN2Y0NS00OGIyLWI0NDMtOGRjODk1MjQxNDlh2AIE4AIB&aid=397594&ss=Himachal+Pradesh%2C+India&ssne=Uttarakhand&ssne_untouched=Uttarakhand&lang=en-us&src=searchresults&dest_id=3482&dest_type=region&ac_position=1&ac_click_type=b&ac_langcode=en&ac_suggestion_list_length=5&search_selected=true&search_pageview_id=ce3f33fa3adb003e&checkin=2025-04-18&checkout=2025-04-19&group_adults=2&no_rooms=1&group_children=0&nflt=hotelfacility%3D54%3Bht_id%3D206
2025-04-23 01:26:27,243 - INFO - [2025-04-23 01:26:27] INFO - concurrent_settings: {'base_request_delay': 2, 'job_spacing_delay': 3, 'max_concurrent_jobs': 3, 'max_concurrent_requests': 2}
2025-04-23 01:26:27,243 - INFO - [2025-04-23 01:26:27] INFO - container_selector: div.c82435a4b8.a178069f51.a6ae3c2b40
2025-04-23 01:26:27,243 - INFO - [2025-04-23 01:26:27] INFO - initial_wait: 3
2025-04-23 01:26:27,243 - INFO - [2025-04-23 01:26:27] INFO - load_more_selector: 
2025-04-23 01:26:27,243 - INFO - [2025-04-23 01:26:27] INFO - load_more_wait: 3
2025-04-23 01:26:27,243 - INFO - [2025-04-23 01:26:27] INFO - max_pages: 1
2025-04-23 01:26:27,243 - INFO - [2025-04-23 01:26:27] INFO - max_scroll_attempts: 20
2025-04-23 01:26:27,243 - INFO - [2025-04-23 01:26:27] INFO - next_page_selector: 
2025-04-23 01:26:27,243 - INFO - [2025-04-23 01:26:27] INFO - output_excel: output/e95caa58-7704-4e52-99a4-97acf1ea7307\scraped_data.xlsx
2025-04-23 01:26:27,243 - INFO - [2025-04-23 01:26:27] INFO - output_json: output/e95caa58-7704-4e52-99a4-97acf1ea7307\scraped_data.json
2025-04-23 01:26:27,243 - INFO - [2025-04-23 01:26:27] INFO - page_wait: 2
2025-04-23 01:26:27,243 - INFO - [2025-04-23 01:26:27] INFO - paginate: False
2025-04-23 01:26:27,243 - INFO - [2025-04-23 01:26:27] INFO - scrape_subpages: False
2025-04-23 01:26:27,243 - INFO - [2025-04-23 01:26:27] INFO - scroll: True
2025-04-23 01:26:27,243 - INFO - [2025-04-23 01:26:27] INFO - scroll_wait: 10
2025-04-23 01:26:27,243 - INFO - [2025-04-23 01:26:27] INFO - start_page: 1
2025-04-23 01:26:27,243 - INFO - [2025-04-23 01:26:27] INFO - subpage_wait: 3
2025-04-23 01:26:27,243 - INFO - [2025-04-23 01:26:27] INFO - job_id: e95caa58-7704-4e52-99a4-97acf1ea7307
2025-04-23 01:26:27,243 - INFO - [2025-04-23 01:26:27] INFO - user_id: user_yhb37ahbkv_1745349248925
2025-04-23 01:26:27,243 - INFO - [2025-04-23 01:26:27] INFO - concurrent: True
2025-04-23 01:26:27,243 - INFO - [2025-04-23 01:26:27] INFO - output_dir: output/e95caa58-7704-4e52-99a4-97acf1ea7307
2025-04-23 01:26:27,243 - INFO - [2025-04-23 01:26:27] INFO - log_file: output/e95caa58-7704-4e52-99a4-97acf1ea7307\scraper.log
2025-04-23 01:26:27,243 - INFO - [2025-04-23 01:26:27] INFO - request_delay: 4
2025-04-23 01:26:27,243 - INFO - [2025-04-23 01:26:27] INFO - max_concurrent_requests: 2
2025-04-23 01:26:27,243 - INFO - [2025-04-23 01:26:27] INFO - job_start_time: 2025-04-23T01:26:23.088586
2025-04-23 01:26:27,243 - INFO - [2025-04-23 01:26:27] INFO - headless: True
2025-04-23 01:26:27,243 - INFO - [2025-04-23 01:26:27] INFO - Concurrent scraping settings:
2025-04-23 01:26:27,243 - INFO - [2025-04-23 01:26:27] INFO - Job ID: e95caa58-7704-4e52-99a4-97acf1ea7307
2025-04-23 01:26:27,243 - INFO - [2025-04-23 01:26:27] INFO - User ID: user_yhb37ahbkv_1745349248925
2025-04-23 01:26:27,243 - INFO - [2025-04-23 01:26:27] INFO - Request delay: 4s
2025-04-23 01:26:27,243 - INFO - [2025-04-23 01:26:27] INFO - Max concurrent requests: 2
2025-04-23 01:26:27,243 - INFO - [2025-04-23 01:26:27] INFO - Concurrent scraping settings:
2025-04-23 01:26:27,243 - INFO - [2025-04-23 01:26:27] INFO - Job ID: e95caa58-7704-4e52-99a4-97acf1ea7307
2025-04-23 01:26:27,243 - INFO - [2025-04-23 01:26:27] INFO - User ID: user_yhb37ahbkv_1745349248925
2025-04-23 01:26:27,243 - INFO - [2025-04-23 01:26:27] INFO - Request delay: 4s
2025-04-23 01:26:27,243 - INFO - [2025-04-23 01:26:27] INFO - Max concurrent requests: 2
2025-04-23 01:26:27,243 - INFO - [2025-04-23 01:26:27] INFO - Starting scraper with configuration:
2025-04-23 01:26:27,243 - INFO - [2025-04-23 01:26:27] INFO - {
  "base_url": "https://www.booking.com/searchresults.html?label=gog235jc-1DCAEoggI46AdIM1gDaGyIAQGYATG4AQfIAQzYAQPoAQH4AQKIAgGoAgO4As_0h8AGwAIB0gIkMzJhOGRkNTItN2Y0NS00OGIyLWI0NDMtOGRjODk1MjQxNDlh2AIE4AIB&aid=397594&ss=Himachal+Pradesh%2C+India&ssne=Uttarakhand&ssne_untouched=Uttarakhand&lang=en-us&src=searchresults&dest_id=3482&dest_type=region&ac_position=1&ac_click_type=b&ac_langcode=en&ac_suggestion_list_length=5&search_selected=true&search_pageview_id=ce3f33fa3adb003e&checkin=2025-04-18&checkout=2025-04-19&group_adults=2&no_rooms=1&group_children=0&nflt=hotelfacility%3D54%3Bht_id%3D206",
  "concurrent_settings": {
    "base_request_delay": 2,
    "job_spacing_delay": 3,
    "max_concurrent_jobs": 3,
    "max_concurrent_requests": 2
  },
  "container_selector": "div.c82435a4b8.a178069f51.a6ae3c2b40",
  "initial_wait": 3,
  "load_more_selector": "",
  "load_more_wait": 3,
  "max_pages": 1,
  "max_scroll_attempts": 20,
  "next_page_selector": "",
  "output_excel": "output/e95caa58-7704-4e52-99a4-97acf1ea7307\\scraped_data.xlsx",
  "output_json": "output/e95caa58-7704-4e52-99a4-97acf1ea7307\\scraped_data.json",
  "page_wait": 2,
  "paginate": false,
  "scrape_subpages": false,
  "scroll": true,
  "scroll_wait": 10,
  "start_page": 1,
  "subpage_wait": 3,
  "job_id": "e95caa58-7704-4e52-99a4-97acf1ea7307",
  "user_id": "user_yhb37ahbkv_1745349248925",
  "concurrent": true,
  "output_dir": "output/e95caa58-7704-4e52-99a4-97acf1ea7307",
  "log_file": "output/e95caa58-7704-4e52-99a4-97acf1ea7307\\scraper.log",
  "request_delay": 4,
  "max_concurrent_requests": 2,
  "job_start_time": "2025-04-23T01:26:23.088586",
  "headless": true
}
2025-04-23 01:26:27,541 - INFO - [2025-04-23 01:26:27] INFO - Detected Chrome version: 135.0.7049.96
2025-04-23 01:26:33,275 - INFO - [2025-04-23 01:26:33] INFO - Successfully initialized Chrome driver with version 135.0.0
2025-04-23 01:26:33,275 - INFO - [2025-04-23 01:26:33] INFO - Job started for user user_yhb37ahbkv_1745349248925 (Job ID: e95caa58-7704-4e52-99a4-97acf1ea7307)
2025-04-23 01:26:33,275 - INFO - [2025-04-23 01:26:33] INFO - Phase 1: Collecting main fields and links from all pages...
2025-04-23 01:26:40,367 - INFO - [2025-04-23 01:26:40] INFO - Navigated to base URL: https://www.booking.com/searchresults.html?label=gog235jc-1DCAEoggI46AdIM1gDaGyIAQGYATG4AQfIAQzYAQPoAQH4AQKIAgGoAgO4As_0h8AGwAIB0gIkMzJhOGRkNTItN2Y0NS00OGIyLWI0NDMtOGRjODk1MjQxNDlh2AIE4AIB&aid=397594&ss=Himachal+Pradesh%2C+India&ssne=Uttarakhand&ssne_untouched=Uttarakhand&lang=en-us&src=searchresults&dest_id=3482&dest_type=region&ac_position=1&ac_click_type=b&ac_langcode=en&ac_suggestion_list_length=5&search_selected=true&search_pageview_id=ce3f33fa3adb003e&checkin=2025-04-18&checkout=2025-04-19&group_adults=2&no_rooms=1&group_children=0&nflt=hotelfacility%3D54%3Bht_id%3D206
2025-04-23 01:26:57,614 - INFO - [2025-04-23 01:26:57] INFO - Scraping main fields from page 1...
2025-04-23 01:26:57,614 - INFO - [2025-04-23 01:26:57] INFO - Scrolling to load all content...
2025-04-23 01:27:37,726 - INFO - [2025-04-23 01:27:37] INFO - Reached end of scrollable content
2025-04-23 01:27:37,743 - INFO - [2025-04-23 01:27:37] INFO - Found 33 items on page 1
2025-04-23 01:27:37,773 - INFO - [2025-04-23 01:27:37] INFO - Extracted 'resorts': Jannat Resort and Spa Manali A Centrally Heated Himalayas View Resort
2025-04-23 01:27:37,789 - INFO - [2025-04-23 01:27:37] INFO - Extracted 'resorts': Indraprastha Spa Resort
2025-04-23 01:27:37,822 - INFO - [2025-04-23 01:27:37] INFO - Extracted 'resorts': WelcomHeritage Parv Vilas Resort & Spa
2025-04-23 01:27:37,837 - INFO - [2025-04-23 01:27:37] INFO - Extracted 'resorts': Araiya Palampur
2025-04-23 01:27:37,861 - INFO - [2025-04-23 01:27:37] INFO - Extracted 'resorts': Toshali Royal View ,S H I M L A
2025-04-23 01:27:37,869 - INFO - [2025-04-23 01:27:37] INFO - Extracted 'resorts': Hyatt Regency Dharamshala Resort
2025-04-23 01:27:37,903 - INFO - [2025-04-23 01:27:37] INFO - Extracted 'resorts': Storii By ITC Hotels, Amoha Retreat Dharamshala
2025-04-23 01:27:37,917 - INFO - [2025-04-23 01:27:37] INFO - Extracted 'resorts': Marigold Sarovar Portico Shimla
2025-04-23 01:27:37,933 - INFO - [2025-04-23 01:27:37] INFO - Extracted 'resorts': Sterling Kufri
2025-04-23 01:27:37,948 - INFO - [2025-04-23 01:27:37] INFO - Extracted 'resorts': Regenta Resort & Spa Mashobra
2025-04-23 01:27:37,983 - INFO - [2025-04-23 01:27:37] INFO - Extracted 'resorts': Taj Theog Resort & Spa Shimla
2025-04-23 01:27:37,995 - INFO - [2025-04-23 01:27:37] INFO - Extracted 'resorts': Anantam Resort & Spa
2025-04-23 01:27:38,012 - INFO - [2025-04-23 01:27:38] INFO - Extracted 'resorts': Chillaru Spa & Resort
2025-04-23 01:27:38,033 - INFO - [2025-04-23 01:27:38] INFO - Extracted 'resorts': The Chalets Naldehra
2025-04-23 01:27:38,044 - INFO - [2025-04-23 01:27:38] INFO - Extracted 'resorts': Span Resort and Spa, Manali
2025-04-23 01:27:38,061 - INFO - [2025-04-23 01:27:38] INFO - Extracted 'resorts': Manuallaya The Resort & Spa
2025-04-23 01:27:38,076 - INFO - [2025-04-23 01:27:38] INFO - Extracted 'resorts': juSTa Cliffend Resort & Spa, Mashobra
2025-04-23 01:27:38,106 - INFO - [2025-04-23 01:27:38] INFO - Extracted 'resorts': juSTa Birding Resort & Spa - Best Dhauladhar View Resort
2025-04-23 01:27:38,126 - INFO - [2025-04-23 01:27:38] INFO - Extracted 'resorts': Deventure Shimla Hills
2025-04-23 01:27:38,144 - INFO - [2025-04-23 01:27:38] INFO - Extracted 'resorts': The Fern Surya Resort Kasauli Hills, Dharampur
2025-04-23 01:27:38,154 - INFO - [2025-04-23 01:27:38] INFO - Extracted 'resorts': The Mōcana Himalayas, Shimla
2025-04-23 01:27:38,169 - INFO - [2025-04-23 01:27:38] INFO - Extracted 'resorts': Club Mahindra Mashobra
2025-04-23 01:27:38,185 - INFO - [2025-04-23 01:27:38] INFO - Extracted 'resorts': Villasita resort By Montrose11
2025-04-23 01:27:38,201 - INFO - [2025-04-23 01:27:38] INFO - Extracted 'resorts': Tarika Resort & Spa , Chail
2025-04-23 01:27:38,224 - INFO - [2025-04-23 01:27:38] INFO - Extracted 'resorts': Cassia Resort, Kasauli
2025-04-23 01:27:38,234 - INFO - [2025-04-23 01:27:38] INFO - Extracted 'resorts': The Anantmaya Resort
2025-04-23 01:27:38,249 - INFO - [2025-04-23 01:27:38] INFO - Extracted 'resorts': Moksha Himalaya Spa Resort
2025-04-23 01:27:38,266 - INFO - [2025-04-23 01:27:38] INFO - Extracted 'resorts': Asia Spa Resort
2025-04-23 01:27:38,281 - INFO - [2025-04-23 01:27:38] INFO - Extracted 'resorts': Snow Flakes Resort And Spa Centrally Heated Luxury Resort
2025-04-23 01:27:38,297 - INFO - [2025-04-23 01:27:38] INFO - Extracted 'resorts': Antaraal Resort & Spa A Village Resort
2025-04-23 01:27:38,313 - INFO - [2025-04-23 01:27:38] INFO - Extracted 'resorts': Solang Valley Resort
2025-04-23 01:27:38,328 - INFO - [2025-04-23 01:27:38] INFO - Extracted 'resorts': Mastiff Grand Manali Resort
2025-04-23 01:27:38,344 - INFO - [2025-04-23 01:27:38] INFO - Extracted 'resorts': Tiaraa Jujurana Resort & Spa
2025-04-23 01:27:38,924 - INFO - [2025-04-23 01:27:38] INFO - 
[SUCCESS] Scraping complete. 33 items saved.
2025-04-23 01:27:38,924 - INFO - [2025-04-23 01:27:38] INFO - Results saved to JSON: output/e95caa58-7704-4e52-99a4-97acf1ea7307\scraped_data.json
2025-04-23 01:27:38,924 - INFO - [2025-04-23 01:27:38] INFO - Results saved to Excel: output/e95caa58-7704-4e52-99a4-97acf1ea7307\scraped_data.xlsx
