2025-05-01 08:02:49,224 - INFO - [2025-05-01 08:02:49] INFO - Added file handler for log file: output/52e0740b-5bfc-4038-aec8-3d876420a2cd/scraper.log
2025-05-01 08:02:49,225 - INFO - [2025-05-01 08:02:49] INFO - Starting scraper with configuration:
2025-05-01 08:02:49,231 - INFO - [2025-05-01 08:02:49] INFO - base_url: https://giohis.com/speakers/
2025-05-01 08:02:49,235 - INFO - [2025-05-01 08:02:49] INFO - concurrent_settings: {'base_request_delay': 2, 'job_spacing_delay': 3, 'max_concurrent_jobs': 3, 'max_concurrent_requests': 2}
2025-05-01 08:02:49,242 - INFO - [2025-05-01 08:02:49] INFO - container_selector: div.attendee_wrap.clearfix
2025-05-01 08:02:49,249 - INFO - [2025-05-01 08:02:49] INFO - initial_wait: 3
2025-05-01 08:02:49,249 - INFO - [2025-05-01 08:02:49] INFO - load_more_selector: 
2025-05-01 08:02:49,252 - INFO - [2025-05-01 08:02:49] INFO - load_more_wait: 3
2025-05-01 08:02:49,255 - INFO - [2025-05-01 08:02:49] INFO - max_pages: 1
2025-05-01 08:02:49,257 - INFO - [2025-05-01 08:02:49] INFO - max_scroll_attempts: 20
2025-05-01 08:02:49,260 - INFO - [2025-05-01 08:02:49] INFO - next_page_selector: 
2025-05-01 08:02:49,266 - INFO - [2025-05-01 08:02:49] INFO - output_excel: output/52e0740b-5bfc-4038-aec8-3d876420a2cd/scraped_data.xlsx
2025-05-01 08:02:49,267 - INFO - [2025-05-01 08:02:49] INFO - output_json: output/52e0740b-5bfc-4038-aec8-3d876420a2cd/scraped_data.json
2025-05-01 08:02:49,269 - INFO - [2025-05-01 08:02:49] INFO - page_wait: 2
2025-05-01 08:02:49,271 - INFO - [2025-05-01 08:02:49] INFO - paginate: False
2025-05-01 08:02:49,276 - INFO - [2025-05-01 08:02:49] INFO - scrape_subpages: False
2025-05-01 08:02:49,284 - INFO - [2025-05-01 08:02:49] INFO - scroll: True
2025-05-01 08:02:49,290 - INFO - [2025-05-01 08:02:49] INFO - scroll_wait: 3
2025-05-01 08:02:49,293 - INFO - [2025-05-01 08:02:49] INFO - start_page: 1
2025-05-01 08:02:49,297 - INFO - [2025-05-01 08:02:49] INFO - subpage_wait: 3
2025-05-01 08:02:49,302 - INFO - [2025-05-01 08:02:49] INFO - job_id: 52e0740b-5bfc-4038-aec8-3d876420a2cd
2025-05-01 08:02:49,305 - INFO - [2025-05-01 08:02:49] INFO - user_id: user_h4hctrxqreu_1745474290425
2025-05-01 08:02:49,307 - INFO - [2025-05-01 08:02:49] INFO - concurrent: True
2025-05-01 08:02:49,307 - INFO - [2025-05-01 08:02:49] INFO - output_dir: output/52e0740b-5bfc-4038-aec8-3d876420a2cd
2025-05-01 08:02:49,308 - INFO - [2025-05-01 08:02:49] INFO - log_file: output/52e0740b-5bfc-4038-aec8-3d876420a2cd/scraper.log
2025-05-01 08:02:49,308 - INFO - [2025-05-01 08:02:49] INFO - request_delay: 4
2025-05-01 08:02:49,309 - INFO - [2025-05-01 08:02:49] INFO - max_concurrent_requests: 2
2025-05-01 08:02:49,309 - INFO - [2025-05-01 08:02:49] INFO - job_start_time: 2025-05-01T08:02:47.548339
2025-05-01 08:02:49,310 - INFO - [2025-05-01 08:02:49] INFO - headless: True
2025-05-01 08:02:49,311 - INFO - [2025-05-01 08:02:49] INFO - Concurrent scraping settings:
2025-05-01 08:02:49,320 - INFO - [2025-05-01 08:02:49] INFO - Job ID: 52e0740b-5bfc-4038-aec8-3d876420a2cd
2025-05-01 08:02:49,325 - INFO - [2025-05-01 08:02:49] INFO - User ID: user_h4hctrxqreu_1745474290425
2025-05-01 08:02:49,333 - INFO - [2025-05-01 08:02:49] INFO - Request delay: 4s
2025-05-01 08:02:49,339 - INFO - [2025-05-01 08:02:49] INFO - Max concurrent requests: 2
2025-05-01 08:02:49,341 - INFO - [2025-05-01 08:02:49] INFO - Concurrent scraping settings:
2025-05-01 08:02:49,342 - INFO - [2025-05-01 08:02:49] INFO - Job ID: 52e0740b-5bfc-4038-aec8-3d876420a2cd
2025-05-01 08:02:49,342 - INFO - [2025-05-01 08:02:49] INFO - User ID: user_h4hctrxqreu_1745474290425
2025-05-01 08:02:49,343 - INFO - [2025-05-01 08:02:49] INFO - Request delay: 4s
2025-05-01 08:02:49,343 - INFO - [2025-05-01 08:02:49] INFO - Max concurrent requests: 2
2025-05-01 08:02:49,344 - INFO - [2025-05-01 08:02:49] INFO - Starting scraper with configuration:
2025-05-01 08:02:49,344 - INFO - [2025-05-01 08:02:49] INFO - {
  "base_url": "https://giohis.com/speakers/",
  "concurrent_settings": {
    "base_request_delay": 2,
    "job_spacing_delay": 3,
    "max_concurrent_jobs": 3,
    "max_concurrent_requests": 2
  },
  "container_selector": "div.attendee_wrap.clearfix",
  "initial_wait": 3,
  "load_more_selector": "",
  "load_more_wait": 3,
  "max_pages": 1,
  "max_scroll_attempts": 20,
  "next_page_selector": "",
  "output_excel": "output/52e0740b-5bfc-4038-aec8-3d876420a2cd/scraped_data.xlsx",
  "output_json": "output/52e0740b-5bfc-4038-aec8-3d876420a2cd/scraped_data.json",
  "page_wait": 2,
  "paginate": false,
  "scrape_subpages": false,
  "scroll": true,
  "scroll_wait": 3,
  "start_page": 1,
  "subpage_wait": 3,
  "job_id": "52e0740b-5bfc-4038-aec8-3d876420a2cd",
  "user_id": "user_h4hctrxqreu_1745474290425",
  "concurrent": true,
  "output_dir": "output/52e0740b-5bfc-4038-aec8-3d876420a2cd",
  "log_file": "output/52e0740b-5bfc-4038-aec8-3d876420a2cd/scraper.log",
  "request_delay": 4,
  "max_concurrent_requests": 2,
  "job_start_time": "2025-05-01T08:02:47.548339",
  "headless": true
}
2025-05-01 08:02:49,345 - WARNING - [2025-05-01 08:02:49] WARNING - Chrome version detection not implemented for this OS
2025-05-01 08:02:49,345 - INFO - [2025-05-01 08:02:49] INFO - Using default ChromeDriver version 122.0.6261.94
2025-05-01 08:02:49,346 - INFO - [2025-05-01 08:02:49] INFO - Attempting to download ChromeDriver 122.0.6261.94 manually...
2025-05-01 08:02:49,361 - INFO - [2025-05-01 08:02:49] INFO - Downloading from: https://chromedriver.storage.googleapis.com/122.0.6261.94/chromedriver_linux64.zip
2025-05-01 08:02:51,204 - ERROR - [2025-05-01 08:02:51] ERROR - Failed to download ChromeDriver manually: Failed to download ChromeDriver. Status code: 404
2025-05-01 08:02:51,206 - INFO - [2025-05-01 08:02:51] INFO - Using ChromeDriverManager as fallback
2025-05-01 08:02:51,922 - ERROR - [2025-05-01 08:02:51] ERROR - Error setting up Chrome WebDriver: There is no such driver by url https://chromedriver.storage.googleapis.com/LATEST_RELEASE_136.0.7103
2025-05-01 08:02:51,923 - ERROR - [2025-05-01 08:02:51] ERROR - Error during scraping: There is no such driver by url https://chromedriver.storage.googleapis.com/LATEST_RELEASE_136.0.7103
2025-05-01 08:02:51,928 - ERROR - [2025-05-01 08:02:51] ERROR - Scraper failed with return code 1
