2025-05-31 11:38:44,597 - INFO - [2025-05-31 11:38:44] INFO - Added file handler for log file: output/3e35cf62-61d5-4f17-b68e-764e856792b3\scraper.log
2025-05-31 11:38:44,597 - INFO - [2025-05-31 11:38:44] INFO - Starting scraper with configuration:
2025-05-31 11:38:44,597 - INFO - [2025-05-31 11:38:44] INFO - base_url: https://www.booking.com/searchresults.html?label=gog235jc-1DCAEoggI46AdIM1gDaGyIAQGYATG4AQfIAQzYAQPoAQH4AQKIAgGoAgO4As_0h8AGwAIB0gIkMzJhOGRkNTItN2Y0NS00OGIyLWI0NDMtOGRjODk1MjQxNDlh2AIE4AIB&aid=397594&ss=Goa%2C%20India&efdco=1&lang=en-us&src=index&dest_id=4127&dest_type=region&group_adults=2&no_rooms=1&group_children=0&nflt=ht_id%3D206%3Bhotelfacility%3D54
2025-05-31 11:38:44,597 - INFO - [2025-05-31 11:38:44] INFO - concurrent_settings: {'base_request_delay': 2, 'job_spacing_delay': 3, 'max_concurrent_jobs': 3, 'max_concurrent_requests': 2}
2025-05-31 11:38:44,597 - INFO - [2025-05-31 11:38:44] INFO - container_selector: div.aa97d6032f
2025-05-31 11:38:44,597 - INFO - [2025-05-31 11:38:44] INFO - initial_wait: 5
2025-05-31 11:38:44,597 - INFO - [2025-05-31 11:38:44] INFO - load_more_selector: button.de576f5064.b46cd7aad7.d0a01e3d83.dda427e6b5.bbf83acb81.a0ddd706cc
2025-05-31 11:38:44,597 - INFO - [2025-05-31 11:38:44] INFO - load_more_wait: 10
2025-05-31 11:38:44,597 - INFO - [2025-05-31 11:38:44] INFO - max_pages: 1
2025-05-31 11:38:44,597 - INFO - [2025-05-31 11:38:44] INFO - max_scroll_attempts: 50
2025-05-31 11:38:44,597 - INFO - [2025-05-31 11:38:44] INFO - next_page_selector: 
2025-05-31 11:38:44,597 - INFO - [2025-05-31 11:38:44] INFO - output_excel: output/3e35cf62-61d5-4f17-b68e-764e856792b3\scraped_data.xlsx
2025-05-31 11:38:44,597 - INFO - [2025-05-31 11:38:44] INFO - output_json: output/3e35cf62-61d5-4f17-b68e-764e856792b3\scraped_data.json
2025-05-31 11:38:44,597 - INFO - [2025-05-31 11:38:44] INFO - page_wait: 2
2025-05-31 11:38:44,598 - INFO - [2025-05-31 11:38:44] INFO - paginate: False
2025-05-31 11:38:44,598 - INFO - [2025-05-31 11:38:44] INFO - scrape_subpages: False
2025-05-31 11:38:44,598 - INFO - [2025-05-31 11:38:44] INFO - scroll: True
2025-05-31 11:38:44,598 - INFO - [2025-05-31 11:38:44] INFO - scroll_wait: 10
2025-05-31 11:38:44,598 - INFO - [2025-05-31 11:38:44] INFO - start_page: 1
2025-05-31 11:38:44,598 - INFO - [2025-05-31 11:38:44] INFO - subpage_wait: 3
2025-05-31 11:38:44,598 - INFO - [2025-05-31 11:38:44] INFO - job_id: 3e35cf62-61d5-4f17-b68e-764e856792b3
2025-05-31 11:38:44,598 - INFO - [2025-05-31 11:38:44] INFO - user_id: user_l8tq82mtc4d_1748601150733
2025-05-31 11:38:44,598 - INFO - [2025-05-31 11:38:44] INFO - concurrent: True
2025-05-31 11:38:44,598 - INFO - [2025-05-31 11:38:44] INFO - output_dir: output/3e35cf62-61d5-4f17-b68e-764e856792b3
2025-05-31 11:38:44,598 - INFO - [2025-05-31 11:38:44] INFO - log_file: output/3e35cf62-61d5-4f17-b68e-764e856792b3\scraper.log
2025-05-31 11:38:44,598 - INFO - [2025-05-31 11:38:44] INFO - request_delay: 6
2025-05-31 11:38:44,598 - INFO - [2025-05-31 11:38:44] INFO - max_concurrent_requests: 2
2025-05-31 11:38:44,598 - INFO - [2025-05-31 11:38:44] INFO - job_start_time: 2025-05-31T11:38:43.452098
2025-05-31 11:38:44,598 - INFO - [2025-05-31 11:38:44] INFO - headless: True
2025-05-31 11:38:44,598 - INFO - [2025-05-31 11:38:44] INFO - Concurrent scraping settings:
2025-05-31 11:38:44,598 - INFO - [2025-05-31 11:38:44] INFO - Job ID: 3e35cf62-61d5-4f17-b68e-764e856792b3
2025-05-31 11:38:44,598 - INFO - [2025-05-31 11:38:44] INFO - User ID: user_l8tq82mtc4d_1748601150733
2025-05-31 11:38:44,598 - INFO - [2025-05-31 11:38:44] INFO - Request delay: 6s
2025-05-31 11:38:44,598 - INFO - [2025-05-31 11:38:44] INFO - Max concurrent requests: 2
2025-05-31 11:38:44,598 - INFO - [2025-05-31 11:38:44] INFO - Concurrent scraping settings:
2025-05-31 11:38:44,598 - INFO - [2025-05-31 11:38:44] INFO - Job ID: 3e35cf62-61d5-4f17-b68e-764e856792b3
2025-05-31 11:38:44,598 - INFO - [2025-05-31 11:38:44] INFO - User ID: user_l8tq82mtc4d_1748601150733
2025-05-31 11:38:44,598 - INFO - [2025-05-31 11:38:44] INFO - Request delay: 6s
2025-05-31 11:38:44,599 - INFO - [2025-05-31 11:38:44] INFO - Max concurrent requests: 2
2025-05-31 11:38:44,599 - INFO - [2025-05-31 11:38:44] INFO - Starting scraper with configuration:
2025-05-31 11:38:44,599 - INFO - [2025-05-31 11:38:44] INFO - {
  "base_url": "https://www.booking.com/searchresults.html?label=gog235jc-1DCAEoggI46AdIM1gDaGyIAQGYATG4AQfIAQzYAQPoAQH4AQKIAgGoAgO4As_0h8AGwAIB0gIkMzJhOGRkNTItN2Y0NS00OGIyLWI0NDMtOGRjODk1MjQxNDlh2AIE4AIB&aid=397594&ss=Goa%2C%20India&efdco=1&lang=en-us&src=index&dest_id=4127&dest_type=region&group_adults=2&no_rooms=1&group_children=0&nflt=ht_id%3D206%3Bhotelfacility%3D54",
  "concurrent_settings": {
    "base_request_delay": 2,
    "job_spacing_delay": 3,
    "max_concurrent_jobs": 3,
    "max_concurrent_requests": 2
  },
  "container_selector": "div.aa97d6032f",
  "initial_wait": 5,
  "load_more_selector": "button.de576f5064.b46cd7aad7.d0a01e3d83.dda427e6b5.bbf83acb81.a0ddd706cc",
  "load_more_wait": 10,
  "max_pages": 1,
  "max_scroll_attempts": 50,
  "next_page_selector": "",
  "output_excel": "output/3e35cf62-61d5-4f17-b68e-764e856792b3\\scraped_data.xlsx",
  "output_json": "output/3e35cf62-61d5-4f17-b68e-764e856792b3\\scraped_data.json",
  "page_wait": 2,
  "paginate": false,
  "scrape_subpages": false,
  "scroll": true,
  "scroll_wait": 10,
  "start_page": 1,
  "subpage_wait": 3,
  "job_id": "3e35cf62-61d5-4f17-b68e-764e856792b3",
  "user_id": "user_l8tq82mtc4d_1748601150733",
  "concurrent": true,
  "output_dir": "output/3e35cf62-61d5-4f17-b68e-764e856792b3",
  "log_file": "output/3e35cf62-61d5-4f17-b68e-764e856792b3\\scraper.log",
  "request_delay": 6,
  "max_concurrent_requests": 2,
  "job_start_time": "2025-05-31T11:38:43.452098",
  "headless": true
}
2025-05-31 11:38:44,599 - INFO - [2025-05-31 11:38:44] INFO - Detected Chrome version from registry: 137.0.7151.55
2025-05-31 11:38:44,599 - INFO - [2025-05-31 11:38:44] INFO - Detected Chrome version: 137.0.7151.55
2025-05-31 11:38:46,043 - INFO - [2025-05-31 11:38:46] INFO - Installed ChromeDriver at: C:\Users\harim\.wdm\drivers\chromedriver\win64\137.0.7151.55\chromedriver-win32/chromedriver.exe
2025-05-31 11:38:47,259 - INFO - [2025-05-31 11:38:47] INFO - ChromeDriver version: 137.0.7151.55
2025-05-31 11:38:47,259 - INFO - [2025-05-31 11:38:47] INFO - Chrome WebDriver initialized successfully
2025-05-31 11:38:47,259 - INFO - [2025-05-31 11:38:47] INFO - Job started for user user_l8tq82mtc4d_1748601150733 (Job ID: 3e35cf62-61d5-4f17-b68e-764e856792b3)
2025-05-31 11:38:47,259 - INFO - [2025-05-31 11:38:47] INFO - Phase 1: Collecting main fields and links from all pages...
2025-05-31 11:38:49,803 - INFO - [2025-05-31 11:38:49] INFO - Navigated to base URL: https://www.booking.com/searchresults.html?label=gog235jc-1DCAEoggI46AdIM1gDaGyIAQGYATG4AQfIAQzYAQPoAQH4AQKIAgGoAgO4As_0h8AGwAIB0gIkMzJhOGRkNTItN2Y0NS00OGIyLWI0NDMtOGRjODk1MjQxNDlh2AIE4AIB&aid=397594&ss=Goa%2C%20India&efdco=1&lang=en-us&src=index&dest_id=4127&dest_type=region&group_adults=2&no_rooms=1&group_children=0&nflt=ht_id%3D206%3Bhotelfacility%3D54
2025-05-31 11:38:49,803 - INFO - [2025-05-31 11:38:49] INFO - Waiting 5 seconds for page to load...
2025-05-31 11:39:00,837 - INFO - [2025-05-31 11:39:00] INFO - Scraping main fields from page 1...
2025-05-31 11:39:00,837 - INFO - [2025-05-31 11:39:00] INFO - Starting to scroll down the page to load all content...
2025-05-31 11:39:40,928 - INFO - [2025-05-31 11:39:40] INFO - Found 90 containers on page 1
2025-05-31 11:39:40,955 - INFO - [2025-05-31 11:39:40] INFO - Extracted 'location': Anjuna Beach, Anjuna
2025-05-31 11:39:40,973 - INFO - [2025-05-31 11:39:40] INFO - Extracted 'resort ': Zulu Land cottages - near Curlies beach shack and shiva valley - Anjuna beach
2025-05-31 11:39:40,973 - INFO - [2025-05-31 11:39:40] INFO - Successfully added item to results
2025-05-31 11:39:40,989 - INFO - [2025-05-31 11:39:40] INFO - Extracted 'location': Calangute
2025-05-31 11:39:41,003 - INFO - [2025-05-31 11:39:41] INFO - Extracted 'resort ': Summit Calangute Resort & Spa
2025-05-31 11:39:41,003 - INFO - [2025-05-31 11:39:41] INFO - Successfully added item to results
2025-05-31 11:39:41,017 - INFO - [2025-05-31 11:39:41] INFO - Extracted 'location': Calangute
2025-05-31 11:39:41,032 - INFO - [2025-05-31 11:39:41] INFO - Extracted 'resort ': Storii By ITC Hotels, Shanti Morada Goa
2025-05-31 11:39:41,032 - INFO - [2025-05-31 11:39:41] INFO - Successfully added item to results
2025-05-31 11:39:41,047 - INFO - [2025-05-31 11:39:41] INFO - Extracted 'location': Panaji
2025-05-31 11:39:41,060 - INFO - [2025-05-31 11:39:41] INFO - Extracted 'resort ': Taj Cidade de Goa Horizon, Goa
2025-05-31 11:39:41,060 - INFO - [2025-05-31 11:39:41] INFO - Successfully added item to results
2025-05-31 11:39:41,074 - INFO - [2025-05-31 11:39:41] INFO - Extracted 'location': Betalbatim
2025-05-31 11:39:41,089 - INFO - [2025-05-31 11:39:41] INFO - Extracted 'resort ': Goa Villagio Resort & Spa - A Unit of IHM, 10 Min Walk from Beach
2025-05-31 11:39:41,089 - INFO - [2025-05-31 11:39:41] INFO - Successfully added item to results
2025-05-31 11:39:41,104 - INFO - [2025-05-31 11:39:41] INFO - Extracted 'location': Mandrem
2025-05-31 11:39:41,120 - INFO - [2025-05-31 11:39:41] INFO - Extracted 'resort ': Palma Beach Resort
2025-05-31 11:39:41,120 - INFO - [2025-05-31 11:39:41] INFO - Successfully added item to results
2025-05-31 11:39:41,136 - INFO - [2025-05-31 11:39:41] INFO - Extracted 'location': Calangute
2025-05-31 11:39:41,153 - INFO - [2025-05-31 11:39:41] INFO - Extracted 'resort ': Hyatt Ronil Goa - a JdV by Hyatt Hotel
2025-05-31 11:39:41,153 - INFO - [2025-05-31 11:39:41] INFO - Successfully added item to results
2025-05-31 11:39:41,171 - INFO - [2025-05-31 11:39:41] INFO - Extracted 'location': Panaji
2025-05-31 11:39:41,192 - INFO - [2025-05-31 11:39:41] INFO - Extracted 'resort ': Taj Cidade de Goa Heritage, Goa
2025-05-31 11:39:41,192 - INFO - [2025-05-31 11:39:41] INFO - Successfully added item to results
2025-05-31 11:39:41,210 - INFO - [2025-05-31 11:39:41] INFO - Extracted 'location': Baga
2025-05-31 11:39:41,230 - INFO - [2025-05-31 11:39:41] INFO - Extracted 'resort ': Radisson Resort Goa Baga
2025-05-31 11:39:41,230 - INFO - [2025-05-31 11:39:41] INFO - Successfully added item to results
2025-05-31 11:39:41,251 - INFO - [2025-05-31 11:39:41] INFO - Extracted 'location': Old Goa
2025-05-31 11:39:41,265 - INFO - [2025-05-31 11:39:41] INFO - Extracted 'resort ': Mercure Goa Devaaya Resort
2025-05-31 11:39:41,265 - INFO - [2025-05-31 11:39:41] INFO - Successfully added item to results
2025-05-31 11:39:41,279 - INFO - [2025-05-31 11:39:41] INFO - Extracted 'location': Mandrem
2025-05-31 11:39:41,296 - INFO - [2025-05-31 11:39:41] INFO - Extracted 'resort ': Larisa Resort Ashwem
2025-05-31 11:39:41,296 - INFO - [2025-05-31 11:39:41] INFO - Successfully added item to results
2025-05-31 11:39:41,312 - INFO - [2025-05-31 11:39:41] INFO - Extracted 'location': Goa Velha
2025-05-31 11:39:41,330 - INFO - [2025-05-31 11:39:41] INFO - Extracted 'resort ': Skon Morjim Beach Resort by Orion Hotels
2025-05-31 11:39:41,330 - INFO - [2025-05-31 11:39:41] INFO - Successfully added item to results
2025-05-31 11:39:41,348 - INFO - [2025-05-31 11:39:41] INFO - Extracted 'location': Candolim
2025-05-31 11:39:41,367 - INFO - [2025-05-31 11:39:41] INFO - Extracted 'resort ': Grand Mercure Goa Candolim - An Accor Hotels Brand
2025-05-31 11:39:41,367 - INFO - [2025-05-31 11:39:41] INFO - Successfully added item to results
2025-05-31 11:39:41,383 - INFO - [2025-05-31 11:39:41] INFO - Extracted 'location': Candolim
2025-05-31 11:39:41,398 - INFO - [2025-05-31 11:39:41] INFO - Extracted 'resort ': Golden Tulip Candolim, Goa
2025-05-31 11:39:41,398 - INFO - [2025-05-31 11:39:41] INFO - Successfully added item to results
2025-05-31 11:39:41,413 - INFO - [2025-05-31 11:39:41] INFO - Extracted 'location': Agonda
2025-05-31 11:39:41,428 - INFO - [2025-05-31 11:39:41] INFO - Extracted 'resort ': The Rose Goa Beach Resort
2025-05-31 11:39:41,428 - INFO - [2025-05-31 11:39:41] INFO - Successfully added item to results
2025-05-31 11:39:41,445 - INFO - [2025-05-31 11:39:41] INFO - Extracted 'location': Moira
2025-05-31 11:39:41,460 - INFO - [2025-05-31 11:39:41] INFO - Extracted 'resort ': Storii By ITC Hotels Moira Riviera
2025-05-31 11:39:41,460 - INFO - [2025-05-31 11:39:41] INFO - Successfully added item to results
2025-05-31 11:39:41,499 - INFO - [2025-05-31 11:39:41] INFO - Extracted 'location': Panaji
2025-05-31 11:39:41,516 - INFO - [2025-05-31 11:39:41] INFO - Extracted 'resort ': DoubleTree by Hilton Goa - Panaji
2025-05-31 11:39:41,516 - INFO - [2025-05-31 11:39:41] INFO - Successfully added item to results
2025-05-31 11:39:41,531 - INFO - [2025-05-31 11:39:41] INFO - Extracted 'location': Vagator Beach, Vagator
2025-05-31 11:39:41,564 - INFO - [2025-05-31 11:39:41] INFO - Extracted 'resort ': Alcove Resort Vagator
2025-05-31 11:39:41,564 - INFO - [2025-05-31 11:39:41] INFO - Successfully added item to results
2025-05-31 11:39:41,582 - INFO - [2025-05-31 11:39:41] INFO - Extracted 'location': Cavelossim Beach, Cavelossim
2025-05-31 11:39:41,600 - INFO - [2025-05-31 11:39:41] INFO - Extracted 'resort ': Holiday Inn Resort Goa by IHG
2025-05-31 11:39:41,600 - INFO - [2025-05-31 11:39:41] INFO - Successfully added item to results
2025-05-31 11:39:41,614 - INFO - [2025-05-31 11:39:41] INFO - Extracted 'location': Calangute Beach, Calangute
2025-05-31 11:39:41,628 - INFO - [2025-05-31 11:39:41] INFO - Extracted 'resort ': Chalston Beach Resort
2025-05-31 11:39:41,628 - INFO - [2025-05-31 11:39:41] INFO - Successfully added item to results
2025-05-31 11:39:41,645 - INFO - [2025-05-31 11:39:41] INFO - Extracted 'location': Baga
2025-05-31 11:39:41,678 - INFO - [2025-05-31 11:39:41] INFO - Extracted 'resort ': Acron Waterfront Resort
2025-05-31 11:39:41,678 - INFO - [2025-05-31 11:39:41] INFO - Successfully added item to results
2025-05-31 11:39:41,696 - INFO - [2025-05-31 11:39:41] INFO - Extracted 'location': Candolim Beach, Candolim
2025-05-31 11:39:41,732 - INFO - [2025-05-31 11:39:41] INFO - Extracted 'resort ': Taj Holiday Village Resort & Spa, Goa
2025-05-31 11:39:41,733 - INFO - [2025-05-31 11:39:41] INFO - Successfully added item to results
2025-05-31 11:39:41,784 - INFO - [2025-05-31 11:39:41] INFO - Extracted 'location': Mandrem Beach , Mandrem
2025-05-31 11:39:41,808 - INFO - [2025-05-31 11:39:41] INFO - Extracted 'resort ': Riva Beach Resort
2025-05-31 11:39:41,808 - INFO - [2025-05-31 11:39:41] INFO - Successfully added item to results
2025-05-31 11:39:41,825 - INFO - [2025-05-31 11:39:41] INFO - Extracted 'location': Colva
2025-05-31 11:39:41,839 - INFO - [2025-05-31 11:39:41] INFO - Extracted 'resort ': Beleza By The Beach
2025-05-31 11:39:41,839 - INFO - [2025-05-31 11:39:41] INFO - Successfully added item to results
2025-05-31 11:39:41,855 - INFO - [2025-05-31 11:39:41] INFO - Extracted 'location': Panaji
2025-05-31 11:39:41,869 - INFO - [2025-05-31 11:39:41] INFO - Extracted 'resort ': Goa Marriott Resort & Spa
2025-05-31 11:39:41,869 - INFO - [2025-05-31 11:39:41] INFO - Successfully added item to results
2025-05-31 11:39:41,883 - INFO - [2025-05-31 11:39:41] INFO - Extracted 'location': Varca Beach, Varca
2025-05-31 11:39:41,895 - INFO - [2025-05-31 11:39:41] INFO - Extracted 'resort ': The Zuri White Sands, Goa Resort & Casino
2025-05-31 11:39:41,895 - INFO - [2025-05-31 11:39:41] INFO - Successfully added item to results
2025-05-31 11:39:41,909 - INFO - [2025-05-31 11:39:41] INFO - Extracted 'location': Palolem Beach, Palolem
2025-05-31 11:39:41,923 - INFO - [2025-05-31 11:39:41] INFO - Extracted 'resort ': Art Resort Goa
2025-05-31 11:39:41,923 - INFO - [2025-05-31 11:39:41] INFO - Successfully added item to results
2025-05-31 11:39:41,936 - INFO - [2025-05-31 11:39:41] INFO - Extracted 'location': Candolim
2025-05-31 11:39:41,951 - INFO - [2025-05-31 11:39:41] INFO - Extracted 'resort ': Park Inn by Radisson Goa Candolim
2025-05-31 11:39:41,951 - INFO - [2025-05-31 11:39:41] INFO - Successfully added item to results
2025-05-31 11:39:41,966 - INFO - [2025-05-31 11:39:41] INFO - Extracted 'location': Candolim Beach, Candolim
2025-05-31 11:39:41,981 - INFO - [2025-05-31 11:39:41] INFO - Extracted 'resort ': Taj Fort Aguada Resort & Spa, Goa
2025-05-31 11:39:41,981 - INFO - [2025-05-31 11:39:41] INFO - Successfully added item to results
2025-05-31 11:39:41,996 - INFO - [2025-05-31 11:39:41] INFO - Extracted 'location': Canacona
2025-05-31 11:39:42,010 - INFO - [2025-05-31 11:39:42] INFO - Extracted 'resort ': The LaLiT Golf & Spa Resort Goa
2025-05-31 11:39:42,011 - INFO - [2025-05-31 11:39:42] INFO - Successfully added item to results
2025-05-31 11:39:42,026 - INFO - [2025-05-31 11:39:42] INFO - Extracted 'location': Colva Beach, Colva
2025-05-31 11:39:42,038 - INFO - [2025-05-31 11:39:42] INFO - Extracted 'resort ': Soul Vacation Resort and Spa,Colva
2025-05-31 11:39:42,039 - INFO - [2025-05-31 11:39:42] INFO - Successfully added item to results
2025-05-31 11:39:42,053 - INFO - [2025-05-31 11:39:42] INFO - Extracted 'location': Majorda
2025-05-31 11:39:42,069 - INFO - [2025-05-31 11:39:42] INFO - Extracted 'resort ': Diwa Club by Alila - A Hyatt Brand
2025-05-31 11:39:42,069 - INFO - [2025-05-31 11:39:42] INFO - Successfully added item to results
2025-05-31 11:39:42,085 - INFO - [2025-05-31 11:39:42] INFO - Extracted 'location': Colva Beach, Colva
2025-05-31 11:39:42,099 - INFO - [2025-05-31 11:39:42] INFO - Extracted 'resort ': Sea Queen Beach Resort & Spa
2025-05-31 11:39:42,099 - INFO - [2025-05-31 11:39:42] INFO - Successfully added item to results
2025-05-31 11:39:42,113 - INFO - [2025-05-31 11:39:42] INFO - Extracted 'location': Vichondrem
2025-05-31 11:39:42,126 - INFO - [2025-05-31 11:39:42] INFO - Extracted 'resort ': The Postcard Hideaway, Netravali Wildlife Sanctuary, Goa
2025-05-31 11:39:42,126 - INFO - [2025-05-31 11:39:42] INFO - Successfully added item to results
2025-05-31 11:39:42,142 - INFO - [2025-05-31 11:39:42] INFO - Extracted 'location': Vagator Beach, Vagator
2025-05-31 11:39:42,157 - INFO - [2025-05-31 11:39:42] INFO - Extracted 'resort ': W Goa
2025-05-31 11:39:42,157 - INFO - [2025-05-31 11:39:42] INFO - Successfully added item to results
2025-05-31 11:39:42,172 - INFO - [2025-05-31 11:39:42] INFO - Extracted 'location': Candolim
2025-05-31 11:39:42,187 - INFO - [2025-05-31 11:39:42] INFO - Extracted 'resort ': Novotel Goa Resort & Spa Candolim
2025-05-31 11:39:42,187 - INFO - [2025-05-31 11:39:42] INFO - Successfully added item to results
2025-05-31 11:39:42,203 - INFO - [2025-05-31 11:39:42] INFO - Extracted 'location': Goa Velha
2025-05-31 11:39:42,219 - INFO - [2025-05-31 11:39:42] INFO - Extracted 'resort ': Thalassa Beach Boutique Resort
2025-05-31 11:39:42,219 - INFO - [2025-05-31 11:39:42] INFO - Successfully added item to results
2025-05-31 11:39:42,234 - INFO - [2025-05-31 11:39:42] INFO - Extracted 'location': Patnem
2025-05-31 11:39:42,249 - INFO - [2025-05-31 11:39:42] INFO - Extracted 'resort ': Palm Trees Ayurvedic Heritage
2025-05-31 11:39:42,249 - INFO - [2025-05-31 11:39:42] INFO - Successfully added item to results
2025-05-31 11:39:42,261 - INFO - [2025-05-31 11:39:42] INFO - Extracted 'location': Varca Beach, Varca
2025-05-31 11:39:42,277 - INFO - [2025-05-31 11:39:42] INFO - Extracted 'resort ': Sterling Goa Varca
2025-05-31 11:39:42,277 - INFO - [2025-05-31 11:39:42] INFO - Successfully added item to results
2025-05-31 11:39:42,292 - INFO - [2025-05-31 11:39:42] INFO - Extracted 'location': Bogmalo
2025-05-31 11:39:42,306 - INFO - [2025-05-31 11:39:42] INFO - Extracted 'resort ': Coconut Creek Resort - Dabolim Airport
2025-05-31 11:39:42,306 - INFO - [2025-05-31 11:39:42] INFO - Successfully added item to results
2025-05-31 11:39:42,322 - INFO - [2025-05-31 11:39:42] INFO - Extracted 'location': Mandrem Beach , Mandrem
2025-05-31 11:39:42,336 - INFO - [2025-05-31 11:39:42] INFO - Extracted 'resort ': La Cabana Beach & Spa, By Ashvem Beach
2025-05-31 11:39:42,336 - INFO - [2025-05-31 11:39:42] INFO - Successfully added item to results
2025-05-31 11:39:42,351 - INFO - [2025-05-31 11:39:42] INFO - Extracted 'location': Vagator
2025-05-31 11:39:42,366 - INFO - [2025-05-31 11:39:42] INFO - Extracted 'resort ': 3102bce - A Vedic Resort
2025-05-31 11:39:42,366 - INFO - [2025-05-31 11:39:42] INFO - Successfully added item to results
2025-05-31 11:39:42,381 - INFO - [2025-05-31 11:39:42] INFO - Extracted 'location': Calangute Beach, Calangute
2025-05-31 11:39:42,395 - INFO - [2025-05-31 11:39:42] INFO - Extracted 'resort ': Resort Terra Paraiso
2025-05-31 11:39:42,395 - INFO - [2025-05-31 11:39:42] INFO - Successfully added item to results
2025-05-31 11:39:42,413 - INFO - [2025-05-31 11:39:42] INFO - Extracted 'location': Nerul
2025-05-31 11:39:42,471 - INFO - [2025-05-31 11:39:42] INFO - Extracted 'resort ': Ahilya By The Sea
2025-05-31 11:39:42,471 - INFO - [2025-05-31 11:39:42] INFO - Successfully added item to results
2025-05-31 11:39:42,487 - INFO - [2025-05-31 11:39:42] INFO - Extracted 'location': Morjim Beach, Morjim
2025-05-31 11:39:42,503 - INFO - [2025-05-31 11:39:42] INFO - Extracted 'resort ': Montego Bay Beach Village - Morjim
2025-05-31 11:39:42,503 - INFO - [2025-05-31 11:39:42] INFO - Successfully added item to results
2025-05-31 11:39:42,520 - INFO - [2025-05-31 11:39:42] INFO - Extracted 'location': Benaulim
2025-05-31 11:39:42,534 - INFO - [2025-05-31 11:39:42] INFO - Extracted 'resort ': Regenta Beach House Resort, Goa
2025-05-31 11:39:42,534 - INFO - [2025-05-31 11:39:42] INFO - Successfully added item to results
2025-05-31 11:39:42,552 - INFO - [2025-05-31 11:39:42] INFO - Extracted 'location': Agonda
2025-05-31 11:39:42,566 - INFO - [2025-05-31 11:39:42] INFO - Extracted 'resort ': Simrose
2025-05-31 11:39:42,567 - INFO - [2025-05-31 11:39:42] INFO - Successfully added item to results
2025-05-31 11:39:42,579 - INFO - [2025-05-31 11:39:42] INFO - Extracted 'location': Mandrem Beach , Mandrem
2025-05-31 11:39:42,592 - INFO - [2025-05-31 11:39:42] INFO - Extracted 'resort ': Anahata Retreat Beach Front Ashwem Goa
2025-05-31 11:39:42,592 - INFO - [2025-05-31 11:39:42] INFO - Successfully added item to results
2025-05-31 11:39:42,606 - INFO - [2025-05-31 11:39:42] INFO - Extracted 'location': Utorda
2025-05-31 11:39:42,620 - INFO - [2025-05-31 11:39:42] INFO - Extracted 'resort ': Royal Orchid Beach Resort & Spa, Utorda Beach Goa
2025-05-31 11:39:42,620 - INFO - [2025-05-31 11:39:42] INFO - Successfully added item to results
2025-05-31 11:39:42,635 - INFO - [2025-05-31 11:39:42] INFO - Extracted 'location': Calangute Beach, Calangute
2025-05-31 11:39:42,649 - INFO - [2025-05-31 11:39:42] INFO - Extracted 'resort ': Andores Resort And Spa - Calangute
2025-05-31 11:39:42,649 - INFO - [2025-05-31 11:39:42] INFO - Successfully added item to results
2025-05-31 11:39:42,665 - INFO - [2025-05-31 11:39:42] INFO - Extracted 'location': Benaulim Beach, Benaulim
2025-05-31 11:39:42,679 - INFO - [2025-05-31 11:39:42] INFO - Extracted 'resort ': Azaya Beach Resort Goa
2025-05-31 11:39:42,679 - INFO - [2025-05-31 11:39:42] INFO - Successfully added item to results
2025-05-31 11:39:42,697 - INFO - [2025-05-31 11:39:42] INFO - Extracted 'location': Bogmalo
2025-05-31 11:39:42,715 - INFO - [2025-05-31 11:39:42] INFO - Extracted 'resort ': Bogmallo Beach Resort
2025-05-31 11:39:42,715 - INFO - [2025-05-31 11:39:42] INFO - Successfully added item to results
2025-05-31 11:39:42,731 - INFO - [2025-05-31 11:39:42] INFO - Extracted 'location': Baga Beach, Baga
2025-05-31 11:39:42,748 - INFO - [2025-05-31 11:39:42] INFO - Extracted 'resort ': Colonia Santa Maria
2025-05-31 11:39:42,748 - INFO - [2025-05-31 11:39:42] INFO - Successfully added item to results
2025-05-31 11:39:42,763 - INFO - [2025-05-31 11:39:42] INFO - Extracted 'location': Calangute
2025-05-31 11:39:42,778 - INFO - [2025-05-31 11:39:42] INFO - Extracted 'resort ': Somy Plaza Calangute Goa - Formerly Somy Resort
2025-05-31 11:39:42,778 - INFO - [2025-05-31 11:39:42] INFO - Successfully added item to results
2025-05-31 11:39:42,793 - INFO - [2025-05-31 11:39:42] INFO - Extracted 'location': Arpora
2025-05-31 11:39:42,807 - INFO - [2025-05-31 11:39:42] INFO - Extracted 'resort ': Ramada by Wyndham Goa Arpora
2025-05-31 11:39:42,807 - INFO - [2025-05-31 11:39:42] INFO - Successfully added item to results
2025-05-31 11:39:42,820 - INFO - [2025-05-31 11:39:42] INFO - Extracted 'location': Morjim Beach, Morjim
2025-05-31 11:39:42,834 - INFO - [2025-05-31 11:39:42] INFO - Extracted 'resort ': Sibaya Beach Resort, Morjim
2025-05-31 11:39:42,834 - INFO - [2025-05-31 11:39:42] INFO - Successfully added item to results
2025-05-31 11:39:42,847 - INFO - [2025-05-31 11:39:42] INFO - Extracted 'location': Candolim Beach, Candolim
2025-05-31 11:39:42,859 - INFO - [2025-05-31 11:39:42] INFO - Extracted 'resort ': Marquis Beach Resort
2025-05-31 11:39:42,860 - INFO - [2025-05-31 11:39:42] INFO - Successfully added item to results
2025-05-31 11:39:42,873 - INFO - [2025-05-31 11:39:42] INFO - Extracted 'location': Goa
2025-05-31 11:39:42,886 - INFO - [2025-05-31 11:39:42] INFO - Extracted 'resort ': The Kimaya - By the Sea
2025-05-31 11:39:42,886 - INFO - [2025-05-31 11:39:42] INFO - Successfully added item to results
2025-05-31 11:39:42,901 - INFO - [2025-05-31 11:39:42] INFO - Extracted 'location': Candolim
2025-05-31 11:39:42,915 - INFO - [2025-05-31 11:39:42] INFO - Extracted 'resort ': Acron Candolim Regina
2025-05-31 11:39:42,916 - INFO - [2025-05-31 11:39:42] INFO - Successfully added item to results
2025-05-31 11:39:42,931 - INFO - [2025-05-31 11:39:42] INFO - Extracted 'location': Benaulim
2025-05-31 11:39:42,943 - INFO - [2025-05-31 11:39:42] INFO - Extracted 'resort ': Silva Heritage Resort Goa
2025-05-31 11:39:42,943 - INFO - [2025-05-31 11:39:42] INFO - Successfully added item to results
2025-05-31 11:39:42,958 - INFO - [2025-05-31 11:39:42] INFO - Extracted 'location': Candolim
2025-05-31 11:39:42,971 - INFO - [2025-05-31 11:39:42] INFO - Extracted 'resort ': Aldeia Santa Rita - Candolim
2025-05-31 11:39:42,972 - INFO - [2025-05-31 11:39:42] INFO - Successfully added item to results
2025-05-31 11:39:42,986 - INFO - [2025-05-31 11:39:42] INFO - Extracted 'location': Morjim
2025-05-31 11:39:43,011 - INFO - [2025-05-31 11:39:43] INFO - Extracted 'resort ': TAN-N-SAND
2025-05-31 11:39:43,011 - INFO - [2025-05-31 11:39:43] INFO - Successfully added item to results
2025-05-31 11:39:43,028 - INFO - [2025-05-31 11:39:43] INFO - Extracted 'location': Cavelossim Beach, Cavelossim
2025-05-31 11:39:43,044 - INFO - [2025-05-31 11:39:43] INFO - Extracted 'resort ': The Byke Old Anchor Beach Resort & Spa
2025-05-31 11:39:43,044 - INFO - [2025-05-31 11:39:43] INFO - Successfully added item to results
2025-05-31 11:39:43,061 - INFO - [2025-05-31 11:39:43] INFO - Extracted 'location': Palolem Beach, Palolem
2025-05-31 11:39:43,077 - INFO - [2025-05-31 11:39:43] INFO - Extracted 'resort ': Yoga Culture Palolem
2025-05-31 11:39:43,077 - INFO - [2025-05-31 11:39:43] INFO - Successfully added item to results
2025-05-31 11:39:43,091 - INFO - [2025-05-31 11:39:43] INFO - Extracted 'location': Morjim Beach, Morjim
2025-05-31 11:39:43,104 - INFO - [2025-05-31 11:39:43] INFO - Extracted 'resort ': La Vaiencia Beach Resort, Morjim
2025-05-31 11:39:43,105 - INFO - [2025-05-31 11:39:43] INFO - Successfully added item to results
2025-05-31 11:39:43,118 - INFO - [2025-05-31 11:39:43] INFO - Extracted 'location': Benaulim Beach, Benaulim
2025-05-31 11:39:43,133 - INFO - [2025-05-31 11:39:43] INFO - Extracted 'resort ': Beira Mar Beach Resort
2025-05-31 11:39:43,133 - INFO - [2025-05-31 11:39:43] INFO - Successfully added item to results
2025-05-31 11:39:43,146 - INFO - [2025-05-31 11:39:43] INFO - Extracted 'location': Assagao
2025-05-31 11:39:43,161 - INFO - [2025-05-31 11:39:43] INFO - Extracted 'resort ': Romeo Lane The Boutique Resort
2025-05-31 11:39:43,161 - INFO - [2025-05-31 11:39:43] INFO - Successfully added item to results
2025-05-31 11:39:43,177 - INFO - [2025-05-31 11:39:43] INFO - Extracted 'location': Mandrem
2025-05-31 11:39:43,192 - INFO - [2025-05-31 11:39:43] INFO - Extracted 'resort ': Amritara Aura Resort & Spa
2025-05-31 11:39:43,192 - INFO - [2025-05-31 11:39:43] INFO - Successfully added item to results
2025-05-31 11:39:43,209 - INFO - [2025-05-31 11:39:43] INFO - Extracted 'location': Arpora
2025-05-31 11:39:43,226 - INFO - [2025-05-31 11:39:43] INFO - Extracted 'resort ': Park Regis Goa
2025-05-31 11:39:43,226 - INFO - [2025-05-31 11:39:43] INFO - Successfully added item to results
2025-05-31 11:39:43,241 - INFO - [2025-05-31 11:39:43] INFO - Extracted 'location': Canacona
2025-05-31 11:39:43,256 - INFO - [2025-05-31 11:39:43] INFO - Extracted 'resort ': SUNBATH beach EXOTICA
2025-05-31 11:39:43,256 - INFO - [2025-05-31 11:39:43] INFO - Successfully added item to results
2025-05-31 11:39:43,272 - INFO - [2025-05-31 11:39:43] INFO - Extracted 'location': Vagator
2025-05-31 11:39:43,289 - INFO - [2025-05-31 11:39:43] INFO - Extracted 'resort ': Sashas Holiday Village
2025-05-31 11:39:43,289 - INFO - [2025-05-31 11:39:43] INFO - Successfully added item to results
2025-05-31 11:39:43,309 - INFO - [2025-05-31 11:39:43] INFO - Extracted 'location': Candolim
2025-05-31 11:39:43,331 - INFO - [2025-05-31 11:39:43] INFO - Extracted 'resort ': Jolly Panda Resort Goa
2025-05-31 11:39:43,331 - INFO - [2025-05-31 11:39:43] INFO - Successfully added item to results
2025-05-31 11:39:43,348 - INFO - [2025-05-31 11:39:43] INFO - Extracted 'location': Betalbatim
2025-05-31 11:39:43,360 - INFO - [2025-05-31 11:39:43] INFO - Extracted 'resort ': Alagoa Resort
2025-05-31 11:39:43,360 - INFO - [2025-05-31 11:39:43] INFO - Successfully added item to results
2025-05-31 11:39:43,373 - INFO - [2025-05-31 11:39:43] INFO - Extracted 'location': Colva
2025-05-31 11:39:43,388 - INFO - [2025-05-31 11:39:43] INFO - Extracted 'resort ': Regenta Baywatch Resort, Goa
2025-05-31 11:39:43,389 - INFO - [2025-05-31 11:39:43] INFO - Successfully added item to results
2025-05-31 11:39:43,402 - INFO - [2025-05-31 11:39:43] INFO - Extracted 'location': Candolim Beach, Candolim
2025-05-31 11:39:43,415 - INFO - [2025-05-31 11:39:43] INFO - Extracted 'resort ': Whispering Palms Beach Resort
2025-05-31 11:39:43,416 - INFO - [2025-05-31 11:39:43] INFO - Successfully added item to results
2025-05-31 11:39:43,432 - INFO - [2025-05-31 11:39:43] INFO - Extracted 'location': Vagator
2025-05-31 11:39:43,445 - INFO - [2025-05-31 11:39:43] INFO - Extracted 'resort ': Leoney Resort Goa
2025-05-31 11:39:43,446 - INFO - [2025-05-31 11:39:43] INFO - Successfully added item to results
2025-05-31 11:39:43,464 - INFO - [2025-05-31 11:39:43] INFO - Extracted 'location': Agonda
2025-05-31 11:39:43,479 - INFO - [2025-05-31 11:39:43] INFO - Extracted 'resort ': Rio De Grande
2025-05-31 11:39:43,480 - INFO - [2025-05-31 11:39:43] INFO - Successfully added item to results
2025-05-31 11:39:43,494 - INFO - [2025-05-31 11:39:43] INFO - Extracted 'location': Candolim Beach, Candolim
2025-05-31 11:39:43,509 - INFO - [2025-05-31 11:39:43] INFO - Extracted 'resort ': Lemon Tree Amarante Beach Resort, Goa
2025-05-31 11:39:43,509 - INFO - [2025-05-31 11:39:43] INFO - Successfully added item to results
2025-05-31 11:39:43,525 - INFO - [2025-05-31 11:39:43] INFO - Extracted 'location': Vagator
2025-05-31 11:39:43,547 - INFO - [2025-05-31 11:39:43] INFO - Extracted 'resort ': The Evren, Vagator
2025-05-31 11:39:43,547 - INFO - [2025-05-31 11:39:43] INFO - Successfully added item to results
2025-05-31 11:39:43,562 - INFO - [2025-05-31 11:39:43] INFO - Extracted 'location': Varca
2025-05-31 11:39:43,577 - INFO - [2025-05-31 11:39:43] INFO - Extracted 'resort ': Club Mahindra Emerald Palms, Goa
2025-05-31 11:39:43,577 - INFO - [2025-05-31 11:39:43] INFO - Successfully added item to results
2025-05-31 11:39:43,593 - INFO - [2025-05-31 11:39:43] INFO - Extracted 'location': Palolem
2025-05-31 11:39:43,611 - INFO - [2025-05-31 11:39:43] INFO - Extracted 'resort ': La La Land Resort Goa by Spicy Mango
2025-05-31 11:39:43,611 - INFO - [2025-05-31 11:39:43] INFO - Successfully added item to results
2025-05-31 11:39:43,630 - INFO - [2025-05-31 11:39:43] INFO - Extracted 'location': Anjuna
2025-05-31 11:39:43,652 - INFO - [2025-05-31 11:39:43] INFO - Extracted 'resort ': The Byke Royal Pearl Anjuna
2025-05-31 11:39:43,652 - INFO - [2025-05-31 11:39:43] INFO - Successfully added item to results
2025-05-31 11:39:43,668 - INFO - [2025-05-31 11:39:43] INFO - Extracted 'location': Mandrem
2025-05-31 11:39:43,684 - INFO - [2025-05-31 11:39:43] INFO - Extracted 'resort ': Mariners Bay Resort
2025-05-31 11:39:43,684 - INFO - [2025-05-31 11:39:43] INFO - Successfully added item to results
2025-05-31 11:39:43,702 - INFO - [2025-05-31 11:39:43] INFO - Extracted 'location': Baga
2025-05-31 11:39:43,716 - INFO - [2025-05-31 11:39:43] INFO - Extracted 'resort ': La Sunila Suites & Villas by WSI, Baga
2025-05-31 11:39:43,716 - INFO - [2025-05-31 11:39:43] INFO - Successfully added item to results
2025-05-31 11:39:43,732 - INFO - [2025-05-31 11:39:43] INFO - Extracted 'location': Morjim
2025-05-31 11:39:43,748 - INFO - [2025-05-31 11:39:43] INFO - Extracted 'resort ': Papa Jolly Eco Resort-Near Morjim Beach
2025-05-31 11:39:43,748 - INFO - [2025-05-31 11:39:43] INFO - Successfully added item to results
2025-05-31 11:39:43,764 - INFO - [2025-05-31 11:39:43] INFO - Extracted 'location': Arpora
2025-05-31 11:39:43,777 - INFO - [2025-05-31 11:39:43] INFO - Extracted 'resort ': Resort Rio
2025-05-31 11:39:43,778 - INFO - [2025-05-31 11:39:43] INFO - Successfully added item to results
2025-05-31 11:39:43,792 - INFO - [2025-05-31 11:39:43] INFO - Extracted 'location': Calangute Beach, Calangute
2025-05-31 11:39:43,806 - INFO - [2025-05-31 11:39:43] INFO - Extracted 'resort ': Grandeur De Sanchi- Luxury Beach Resort & Spa
2025-05-31 11:39:43,806 - INFO - [2025-05-31 11:39:43] INFO - Successfully added item to results
2025-05-31 11:39:43,822 - INFO - [2025-05-31 11:39:43] INFO - Extracted 'location': Candolim
2025-05-31 11:39:43,837 - INFO - [2025-05-31 11:39:43] INFO - Extracted 'resort ': De Alturas Resort
2025-05-31 11:39:43,837 - INFO - [2025-05-31 11:39:43] INFO - Successfully added item to results
2025-05-31 11:39:43,852 - INFO - [2025-05-31 11:39:43] INFO - Extracted 'location': Patnem
2025-05-31 11:39:43,867 - INFO - [2025-05-31 11:39:43] INFO - Extracted 'resort ': Mia's beach resort goa
2025-05-31 11:39:43,868 - INFO - [2025-05-31 11:39:43] INFO - Successfully added item to results
2025-05-31 11:39:43,883 - INFO - [2025-05-31 11:39:43] INFO - Extracted 'location': Morjim
2025-05-31 11:39:43,897 - INFO - [2025-05-31 11:39:43] INFO - Extracted 'resort ': Shree Rajeshwari Resort
2025-05-31 11:39:43,897 - INFO - [2025-05-31 11:39:43] INFO - Successfully added item to results
2025-05-31 11:39:44,306 - INFO - [2025-05-31 11:39:44] INFO - 
[SUCCESS] Scraping complete. 90 items saved.
2025-05-31 11:39:44,306 - INFO - [2025-05-31 11:39:44] INFO - Results saved to JSON: output/3e35cf62-61d5-4f17-b68e-764e856792b3\scraped_data.json
2025-05-31 11:39:44,306 - INFO - [2025-05-31 11:39:44] INFO - Results saved to Excel: output/3e35cf62-61d5-4f17-b68e-764e856792b3\scraped_data.xlsx
2025-05-31 11:39:44,307 - INFO - [2025-05-31 11:39:44] INFO - Scraper completed successfully
2025-05-31 11:39:44,307 - INFO - [2025-05-31 11:39:44] INFO - Attempting to upload to Google Drive...
2025-05-31 11:39:45,193 - INFO - [2025-05-31 11:39:45] INFO - Found existing file with ID: 1M9wppcK6U1KA3bs9exQnYV9ZgqU1bHWL
2025-05-31 11:39:46,467 - ERROR - [2025-05-31 11:39:46] ERROR - Error uploading to Google Drive: No engine for filetype: 'temp'
2025-05-31 11:39:46,467 - WARNING - [2025-05-31 11:39:46] WARNING - Failed to upload Excel file to Google Drive
