2025-05-01 10:03:47,833 - INFO - [2025-05-01 10:03:47] INFO - Added file handler for log file: output/b4801ce4-ba90-4a54-a3c7-5b79731527c6/scraper.log
2025-05-01 10:03:47,833 - INFO - [2025-05-01 10:03:47] INFO - Starting scraper with configuration:
2025-05-01 10:03:47,834 - INFO - [2025-05-01 10:03:47] INFO - base_url: https://giohis.com/speakers/
2025-05-01 10:03:47,834 - INFO - [2025-05-01 10:03:47] INFO - concurrent_settings: {'base_request_delay': 2, 'job_spacing_delay': 3, 'max_concurrent_jobs': 3, 'max_concurrent_requests': 2}
2025-05-01 10:03:47,835 - INFO - [2025-05-01 10:03:47] INFO - container_selector: div.attendee_wrap.clearfix
2025-05-01 10:03:47,836 - INFO - [2025-05-01 10:03:47] INFO - initial_wait: 3
2025-05-01 10:03:47,837 - INFO - [2025-05-01 10:03:47] INFO - load_more_selector: 
2025-05-01 10:03:47,838 - INFO - [2025-05-01 10:03:47] INFO - load_more_wait: 3
2025-05-01 10:03:47,838 - INFO - [2025-05-01 10:03:47] INFO - max_pages: 1
2025-05-01 10:03:47,839 - INFO - [2025-05-01 10:03:47] INFO - max_scroll_attempts: 20
2025-05-01 10:03:47,840 - INFO - [2025-05-01 10:03:47] INFO - next_page_selector: 
2025-05-01 10:03:47,840 - INFO - [2025-05-01 10:03:47] INFO - output_excel: output/b4801ce4-ba90-4a54-a3c7-5b79731527c6/scraped_data.xlsx
2025-05-01 10:03:47,841 - INFO - [2025-05-01 10:03:47] INFO - output_json: output/b4801ce4-ba90-4a54-a3c7-5b79731527c6/scraped_data.json
2025-05-01 10:03:47,843 - INFO - [2025-05-01 10:03:47] INFO - page_wait: 2
2025-05-01 10:03:47,843 - INFO - [2025-05-01 10:03:47] INFO - paginate: False
2025-05-01 10:03:47,844 - INFO - [2025-05-01 10:03:47] INFO - scrape_subpages: False
2025-05-01 10:03:47,844 - INFO - [2025-05-01 10:03:47] INFO - scroll: True
2025-05-01 10:03:47,845 - INFO - [2025-05-01 10:03:47] INFO - scroll_wait: 3
2025-05-01 10:03:47,845 - INFO - [2025-05-01 10:03:47] INFO - start_page: 1
2025-05-01 10:03:47,846 - INFO - [2025-05-01 10:03:47] INFO - subpage_wait: 3
2025-05-01 10:03:47,847 - INFO - [2025-05-01 10:03:47] INFO - job_id: b4801ce4-ba90-4a54-a3c7-5b79731527c6
2025-05-01 10:03:47,848 - INFO - [2025-05-01 10:03:47] INFO - user_id: user_h4hctrxqreu_1745474290425
2025-05-01 10:03:47,848 - INFO - [2025-05-01 10:03:47] INFO - concurrent: True
2025-05-01 10:03:47,848 - INFO - [2025-05-01 10:03:47] INFO - output_dir: output/b4801ce4-ba90-4a54-a3c7-5b79731527c6
2025-05-01 10:03:47,849 - INFO - [2025-05-01 10:03:47] INFO - log_file: output/b4801ce4-ba90-4a54-a3c7-5b79731527c6/scraper.log
2025-05-01 10:03:47,850 - INFO - [2025-05-01 10:03:47] INFO - request_delay: 4
2025-05-01 10:03:47,850 - INFO - [2025-05-01 10:03:47] INFO - max_concurrent_requests: 2
2025-05-01 10:03:47,850 - INFO - [2025-05-01 10:03:47] INFO - job_start_time: 2025-05-01T10:03:46.869881
2025-05-01 10:03:47,851 - INFO - [2025-05-01 10:03:47] INFO - headless: True
2025-05-01 10:03:47,851 - INFO - [2025-05-01 10:03:47] INFO - Concurrent scraping settings:
2025-05-01 10:03:47,852 - INFO - [2025-05-01 10:03:47] INFO - Job ID: b4801ce4-ba90-4a54-a3c7-5b79731527c6
2025-05-01 10:03:47,853 - INFO - [2025-05-01 10:03:47] INFO - User ID: user_h4hctrxqreu_1745474290425
2025-05-01 10:03:47,853 - INFO - [2025-05-01 10:03:47] INFO - Request delay: 4s
2025-05-01 10:03:47,854 - INFO - [2025-05-01 10:03:47] INFO - Max concurrent requests: 2
2025-05-01 10:03:47,854 - INFO - [2025-05-01 10:03:47] INFO - Concurrent scraping settings:
2025-05-01 10:03:47,855 - INFO - [2025-05-01 10:03:47] INFO - Job ID: b4801ce4-ba90-4a54-a3c7-5b79731527c6
2025-05-01 10:03:47,855 - INFO - [2025-05-01 10:03:47] INFO - User ID: user_h4hctrxqreu_1745474290425
2025-05-01 10:03:47,855 - INFO - [2025-05-01 10:03:47] INFO - Request delay: 4s
2025-05-01 10:03:47,856 - INFO - [2025-05-01 10:03:47] INFO - Max concurrent requests: 2
2025-05-01 10:03:47,856 - INFO - [2025-05-01 10:03:47] INFO - Starting scraper with configuration:
2025-05-01 10:03:47,857 - INFO - [2025-05-01 10:03:47] INFO - {
  "base_url": "https://giohis.com/speakers/",
  "concurrent_settings": {
    "base_request_delay": 2,
    "job_spacing_delay": 3,
    "max_concurrent_jobs": 3,
    "max_concurrent_requests": 2
  },
  "container_selector": "div.attendee_wrap.clearfix",
  "initial_wait": 3,
  "load_more_selector": "",
  "load_more_wait": 3,
  "max_pages": 1,
  "max_scroll_attempts": 20,
  "next_page_selector": "",
  "output_excel": "output/b4801ce4-ba90-4a54-a3c7-5b79731527c6/scraped_data.xlsx",
  "output_json": "output/b4801ce4-ba90-4a54-a3c7-5b79731527c6/scraped_data.json",
  "page_wait": 2,
  "paginate": false,
  "scrape_subpages": false,
  "scroll": true,
  "scroll_wait": 3,
  "start_page": 1,
  "subpage_wait": 3,
  "job_id": "b4801ce4-ba90-4a54-a3c7-5b79731527c6",
  "user_id": "user_h4hctrxqreu_1745474290425",
  "concurrent": true,
  "output_dir": "output/b4801ce4-ba90-4a54-a3c7-5b79731527c6",
  "log_file": "output/b4801ce4-ba90-4a54-a3c7-5b79731527c6/scraper.log",
  "request_delay": 4,
  "max_concurrent_requests": 2,
  "job_start_time": "2025-05-01T10:03:46.869881",
  "headless": true
}
2025-05-01 10:03:47,858 - WARNING - [2025-05-01 10:03:47] WARNING - Chrome version detection not implemented for this OS
2025-05-01 10:03:47,863 - INFO - [2025-05-01 10:03:47] INFO - Using default ChromeDriver version 122.0.6261.94
2025-05-01 10:03:47,871 - INFO - [2025-05-01 10:03:47] INFO - Attempting to download ChromeDriver 122.0.6261.94 manually...
2025-05-01 10:03:47,873 - INFO - [2025-05-01 10:03:47] INFO - Downloading from: https://edgedl.me.gvt1.com/edgedl/chrome/chrome-for-testing/122.0.6261.94/linux64/chromedriver-linux64.zip
2025-05-01 10:03:49,670 - ERROR - [2025-05-01 10:03:49] ERROR - Failed to download ChromeDriver manually: [Errno 2] No such file or directory: '/app/drivers/chromedriver'
2025-05-01 10:03:49,674 - INFO - [2025-05-01 10:03:49] INFO - Using ChromeDriverManager as fallback
2025-05-01 10:03:51,396 - ERROR - [2025-05-01 10:03:51] ERROR - Error setting up Chrome WebDriver: There is no such driver by url https://chromedriver.storage.googleapis.com/LATEST_RELEASE_136.0.7103
2025-05-01 10:03:51,397 - ERROR - [2025-05-01 10:03:51] ERROR - Error during scraping: There is no such driver by url https://chromedriver.storage.googleapis.com/LATEST_RELEASE_136.0.7103
2025-05-01 10:03:51,402 - ERROR - [2025-05-01 10:03:51] ERROR - Scraper failed with return code 1
