2025-04-23 01:16:47,421 - INFO - [2025-04-23 01:16:47] INFO - Added file handler for log file: output/83e53572-1a0b-45f8-b98b-2ea3038f3169\scraper.log
2025-04-23 01:16:47,421 - INFO - [2025-04-23 01:16:47] INFO - Starting scraper with configuration:
2025-04-23 01:16:47,421 - INFO - [2025-04-23 01:16:47] INFO - base_url: https://www.booking.com/searchresults.html?label=gog235jc-1DCAEoggI46AdIM1gDaGyIAQGYATG4AQfIAQzYAQPoAQH4AQKIAgGoAgO4As_0h8AGwAIB0gIkMzJhOGRkNTItN2Y0NS00OGIyLWI0NDMtOGRjODk1MjQxNDlh2AIE4AIB&aid=397594&ss=Himachal+Pradesh%2C+India&ssne=Uttarakhand&ssne_untouched=Uttarakhand&lang=en-us&src=searchresults&dest_id=3482&dest_type=region&ac_position=1&ac_click_type=b&ac_langcode=en&ac_suggestion_list_length=5&search_selected=true&search_pageview_id=ce3f33fa3adb003e&checkin=2025-04-18&checkout=2025-04-19&group_adults=2&no_rooms=1&group_children=0&nflt=hotelfacility%3D54%3Bht_id%3D206
2025-04-23 01:16:47,421 - INFO - [2025-04-23 01:16:47] INFO - concurrent_settings: {'base_request_delay': 2, 'job_spacing_delay': 3, 'max_concurrent_jobs': 3, 'max_concurrent_requests': 2}
2025-04-23 01:16:47,421 - INFO - [2025-04-23 01:16:47] INFO - container_selector: div.c82435a4b8.a178069f51.a6ae3c2b40
2025-04-23 01:16:47,421 - INFO - [2025-04-23 01:16:47] INFO - initial_wait: 3
2025-04-23 01:16:47,421 - INFO - [2025-04-23 01:16:47] INFO - load_more_selector: 
2025-04-23 01:16:47,421 - INFO - [2025-04-23 01:16:47] INFO - load_more_wait: 3
2025-04-23 01:16:47,421 - INFO - [2025-04-23 01:16:47] INFO - max_pages: 1
2025-04-23 01:16:47,425 - INFO - [2025-04-23 01:16:47] INFO - max_scroll_attempts: 20
2025-04-23 01:16:47,425 - INFO - [2025-04-23 01:16:47] INFO - next_page_selector: 
2025-04-23 01:16:47,425 - INFO - [2025-04-23 01:16:47] INFO - output_excel: output/83e53572-1a0b-45f8-b98b-2ea3038f3169\scraped_data.xlsx
2025-04-23 01:16:47,425 - INFO - [2025-04-23 01:16:47] INFO - output_json: output/83e53572-1a0b-45f8-b98b-2ea3038f3169\scraped_data.json
2025-04-23 01:16:47,425 - INFO - [2025-04-23 01:16:47] INFO - page_wait: 2
2025-04-23 01:16:47,425 - INFO - [2025-04-23 01:16:47] INFO - paginate: False
2025-04-23 01:16:47,425 - INFO - [2025-04-23 01:16:47] INFO - scrape_subpages: False
2025-04-23 01:16:47,425 - INFO - [2025-04-23 01:16:47] INFO - scroll: True
2025-04-23 01:16:47,425 - INFO - [2025-04-23 01:16:47] INFO - scroll_wait: 10
2025-04-23 01:16:47,425 - INFO - [2025-04-23 01:16:47] INFO - start_page: 1
2025-04-23 01:16:47,425 - INFO - [2025-04-23 01:16:47] INFO - subpage_wait: 3
2025-04-23 01:16:47,425 - INFO - [2025-04-23 01:16:47] INFO - job_id: 83e53572-1a0b-45f8-b98b-2ea3038f3169
2025-04-23 01:16:47,425 - INFO - [2025-04-23 01:16:47] INFO - user_id: user_yhb37ahbkv_1745349248925
2025-04-23 01:16:47,425 - INFO - [2025-04-23 01:16:47] INFO - concurrent: True
2025-04-23 01:16:47,425 - INFO - [2025-04-23 01:16:47] INFO - output_dir: output/83e53572-1a0b-45f8-b98b-2ea3038f3169
2025-04-23 01:16:47,425 - INFO - [2025-04-23 01:16:47] INFO - log_file: output/83e53572-1a0b-45f8-b98b-2ea3038f3169\scraper.log
2025-04-23 01:16:47,425 - INFO - [2025-04-23 01:16:47] INFO - request_delay: 6
2025-04-23 01:16:47,425 - INFO - [2025-04-23 01:16:47] INFO - max_concurrent_requests: 2
2025-04-23 01:16:47,425 - INFO - [2025-04-23 01:16:47] INFO - job_start_time: 2025-04-23T01:16:43.146442
2025-04-23 01:16:47,425 - INFO - [2025-04-23 01:16:47] INFO - headless: True
2025-04-23 01:16:47,425 - INFO - [2025-04-23 01:16:47] INFO - Concurrent scraping settings:
2025-04-23 01:16:47,425 - INFO - [2025-04-23 01:16:47] INFO - Job ID: 83e53572-1a0b-45f8-b98b-2ea3038f3169
2025-04-23 01:16:47,425 - INFO - [2025-04-23 01:16:47] INFO - User ID: user_yhb37ahbkv_1745349248925
2025-04-23 01:16:47,425 - INFO - [2025-04-23 01:16:47] INFO - Request delay: 6s
2025-04-23 01:16:47,425 - INFO - [2025-04-23 01:16:47] INFO - Max concurrent requests: 2
2025-04-23 01:16:47,425 - INFO - [2025-04-23 01:16:47] INFO - Concurrent scraping settings:
2025-04-23 01:16:47,425 - INFO - [2025-04-23 01:16:47] INFO - Job ID: 83e53572-1a0b-45f8-b98b-2ea3038f3169
2025-04-23 01:16:47,425 - INFO - [2025-04-23 01:16:47] INFO - User ID: user_yhb37ahbkv_1745349248925
2025-04-23 01:16:47,425 - INFO - [2025-04-23 01:16:47] INFO - Request delay: 6s
2025-04-23 01:16:47,425 - INFO - [2025-04-23 01:16:47] INFO - Max concurrent requests: 2
2025-04-23 01:16:47,425 - INFO - [2025-04-23 01:16:47] INFO - Starting scraper with configuration:
2025-04-23 01:16:47,425 - INFO - [2025-04-23 01:16:47] INFO - {
  "base_url": "https://www.booking.com/searchresults.html?label=gog235jc-1DCAEoggI46AdIM1gDaGyIAQGYATG4AQfIAQzYAQPoAQH4AQKIAgGoAgO4As_0h8AGwAIB0gIkMzJhOGRkNTItN2Y0NS00OGIyLWI0NDMtOGRjODk1MjQxNDlh2AIE4AIB&aid=397594&ss=Himachal+Pradesh%2C+India&ssne=Uttarakhand&ssne_untouched=Uttarakhand&lang=en-us&src=searchresults&dest_id=3482&dest_type=region&ac_position=1&ac_click_type=b&ac_langcode=en&ac_suggestion_list_length=5&search_selected=true&search_pageview_id=ce3f33fa3adb003e&checkin=2025-04-18&checkout=2025-04-19&group_adults=2&no_rooms=1&group_children=0&nflt=hotelfacility%3D54%3Bht_id%3D206",
  "concurrent_settings": {
    "base_request_delay": 2,
    "job_spacing_delay": 3,
    "max_concurrent_jobs": 3,
    "max_concurrent_requests": 2
  },
  "container_selector": "div.c82435a4b8.a178069f51.a6ae3c2b40",
  "initial_wait": 3,
  "load_more_selector": "",
  "load_more_wait": 3,
  "max_pages": 1,
  "max_scroll_attempts": 20,
  "next_page_selector": "",
  "output_excel": "output/83e53572-1a0b-45f8-b98b-2ea3038f3169\\scraped_data.xlsx",
  "output_json": "output/83e53572-1a0b-45f8-b98b-2ea3038f3169\\scraped_data.json",
  "page_wait": 2,
  "paginate": false,
  "scrape_subpages": false,
  "scroll": true,
  "scroll_wait": 10,
  "start_page": 1,
  "subpage_wait": 3,
  "job_id": "83e53572-1a0b-45f8-b98b-2ea3038f3169",
  "user_id": "user_yhb37ahbkv_1745349248925",
  "concurrent": true,
  "output_dir": "output/83e53572-1a0b-45f8-b98b-2ea3038f3169",
  "log_file": "output/83e53572-1a0b-45f8-b98b-2ea3038f3169\\scraper.log",
  "request_delay": 6,
  "max_concurrent_requests": 2,
  "job_start_time": "2025-04-23T01:16:43.146442",
  "headless": true
}
2025-04-23 01:16:47,425 - INFO - [2025-04-23 01:16:47] INFO - Attempting to use undetected-chromedriver...
2025-04-23 01:17:37,186 - WARNING - [2025-04-23 01:17:37] WARNING - undetected-chromedriver failed: <urlopen error retrieval incomplete: got only 8716288 out of 8852766 bytes>
2025-04-23 01:17:37,589 - INFO - [2025-04-23 01:17:37] INFO - Detected Chrome version: 135.0.7049.96
2025-04-23 01:17:37,589 - INFO - [2025-04-23 01:17:37] INFO - Using ChromeDriver version 114.0.5735.90 for Chrome 135.0.7049.96
2025-04-23 01:17:41,571 - ERROR - [2025-04-23 01:17:41] ERROR - All Chrome driver initialization methods failed
2025-04-23 01:17:41,571 - ERROR - [2025-04-23 01:17:41] ERROR - Error 1: <urlopen error retrieval incomplete: got only 8716288 out of 8852766 bytes>
2025-04-23 01:17:41,571 - ERROR - [2025-04-23 01:17:41] ERROR - Error 2: Message: session not created: This version of ChromeDriver only supports Chrome version 114
Current browser version is 135.0.7049.96 with binary path C:\Program Files\Google\Chrome\Application\chrome.exe
Stacktrace:
Backtrace:
	GetHandleVerifier [0x00B1A813+48355]
	(No symbol) [0x00AAC4B1]
	(No symbol) [0x009B5358]
	(No symbol) [0x009D61AC]
	(No symbol) [0x009D1EF3]
	(No symbol) [0x009D0579]
	(No symbol) [0x00A00C55]
	(No symbol) [0x00A0093C]
	(No symbol) [0x009FA536]
	(No symbol) [0x009D82DC]
	(No symbol) [0x009D93DD]
	GetHandleVerifier [0x00D7AABD+2539405]
	GetHandleVerifier [0x00DBA78F+2800735]
	GetHandleVerifier [0x00DB456C+2775612]
	GetHandleVerifier [0x00BA51E0+616112]
	(No symbol) [0x00AB5F8C]
	(No symbol) [0x00AB2328]
	(No symbol) [0x00AB240B]
	(No symbol) [0x00AA4FF7]
	BaseThreadInitThunk [0x76AB5D49+25]
	RtlInitializeExceptionChain [0x7771CF0B+107]
	RtlGetAppContainerNamedObjectPath [0x7771CE91+561]

2025-04-23 01:17:41,571 - ERROR - [2025-04-23 01:17:41] ERROR - 
Chrome driver initialization failed. Please try one of the following solutions:
1. Install a version of Chrome that matches ChromeDriver version (114)
2. Manually download ChromeDriver matching your Chrome version from: https://chromedriver.chromium.org/downloads
3. Add chromedriver.exe to your PATH

