2025-04-23 00:26:58,008 - INFO - [2025-04-23 00:26:58] INFO - Added file handler for log file: output/cf2f0086-2929-4f8d-ae2c-df338c09006a\scraper.log
2025-04-23 00:26:58,008 - INFO - [2025-04-23 00:26:58] INFO - Starting scraper with configuration:
2025-04-23 00:26:58,008 - INFO - [2025-04-23 00:26:58] INFO - base_url: https://www.booking.com/searchresults.html?label=gog235jc-1DCAEoggI46AdIM1gDaGyIAQGYATG4AQfIAQzYAQPoAQH4AQKIAgGoAgO4As_0h8AGwAIB0gIkMzJhOGRkNTItN2Y0NS00OGIyLWI0NDMtOGRjODk1MjQxNDlh2AIE4AIB&aid=397594&ss=Himachal+Pradesh%2C+India&ssne=Uttarakhand&ssne_untouched=Uttarakhand&lang=en-us&src=searchresults&dest_id=3482&dest_type=region&ac_position=1&ac_click_type=b&ac_langcode=en&ac_suggestion_list_length=5&search_selected=true&search_pageview_id=ce3f33fa3adb003e&checkin=2025-04-18&checkout=2025-04-19&group_adults=2&no_rooms=1&group_children=0&nflt=hotelfacility%3D54%3Bht_id%3D206
2025-04-23 00:26:58,009 - INFO - [2025-04-23 00:26:58] INFO - concurrent_settings: {'base_request_delay': 2, 'job_spacing_delay': 3, 'max_concurrent_jobs': 3, 'max_concurrent_requests': 2}
2025-04-23 00:26:58,009 - INFO - [2025-04-23 00:26:58] INFO - container_selector: div.c82435a4b8.a178069f51.a6ae3c2b40
2025-04-23 00:26:58,009 - INFO - [2025-04-23 00:26:58] INFO - initial_wait: 3
2025-04-23 00:26:58,009 - INFO - [2025-04-23 00:26:58] INFO - load_more_selector: 
2025-04-23 00:26:58,009 - INFO - [2025-04-23 00:26:58] INFO - load_more_wait: 3
2025-04-23 00:26:58,009 - INFO - [2025-04-23 00:26:58] INFO - max_pages: 1
2025-04-23 00:26:58,009 - INFO - [2025-04-23 00:26:58] INFO - max_scroll_attempts: 20
2025-04-23 00:26:58,009 - INFO - [2025-04-23 00:26:58] INFO - next_page_selector: 
2025-04-23 00:26:58,009 - INFO - [2025-04-23 00:26:58] INFO - output_excel: output/cf2f0086-2929-4f8d-ae2c-df338c09006a\scraped_data.xlsx
2025-04-23 00:26:58,010 - INFO - [2025-04-23 00:26:58] INFO - output_json: output/cf2f0086-2929-4f8d-ae2c-df338c09006a\scraped_data.json
2025-04-23 00:26:58,010 - INFO - [2025-04-23 00:26:58] INFO - page_wait: 2
2025-04-23 00:26:58,010 - INFO - [2025-04-23 00:26:58] INFO - paginate: False
2025-04-23 00:26:58,010 - INFO - [2025-04-23 00:26:58] INFO - scrape_subpages: False
2025-04-23 00:26:58,010 - INFO - [2025-04-23 00:26:58] INFO - scroll: True
2025-04-23 00:26:58,010 - INFO - [2025-04-23 00:26:58] INFO - scroll_wait: 3
2025-04-23 00:26:58,010 - INFO - [2025-04-23 00:26:58] INFO - start_page: 1
2025-04-23 00:26:58,010 - INFO - [2025-04-23 00:26:58] INFO - subpage_wait: 3
2025-04-23 00:26:58,010 - INFO - [2025-04-23 00:26:58] INFO - job_id: cf2f0086-2929-4f8d-ae2c-df338c09006a
2025-04-23 00:26:58,010 - INFO - [2025-04-23 00:26:58] INFO - user_id: user_khiboz5p84_1745132256993
2025-04-23 00:26:58,010 - INFO - [2025-04-23 00:26:58] INFO - concurrent: True
2025-04-23 00:26:58,011 - INFO - [2025-04-23 00:26:58] INFO - output_dir: output/cf2f0086-2929-4f8d-ae2c-df338c09006a
2025-04-23 00:26:58,011 - INFO - [2025-04-23 00:26:58] INFO - log_file: output/cf2f0086-2929-4f8d-ae2c-df338c09006a\scraper.log
2025-04-23 00:26:58,011 - INFO - [2025-04-23 00:26:58] INFO - request_delay: 4
2025-04-23 00:26:58,011 - INFO - [2025-04-23 00:26:58] INFO - max_concurrent_requests: 2
2025-04-23 00:26:58,011 - INFO - [2025-04-23 00:26:58] INFO - job_start_time: 2025-04-23T00:26:53.744909
2025-04-23 00:26:58,011 - INFO - [2025-04-23 00:26:58] INFO - headless: True
2025-04-23 00:26:58,011 - INFO - [2025-04-23 00:26:58] INFO - Concurrent scraping settings:
2025-04-23 00:26:58,011 - INFO - [2025-04-23 00:26:58] INFO - Job ID: cf2f0086-2929-4f8d-ae2c-df338c09006a
2025-04-23 00:26:58,011 - INFO - [2025-04-23 00:26:58] INFO - User ID: user_khiboz5p84_1745132256993
2025-04-23 00:26:58,011 - INFO - [2025-04-23 00:26:58] INFO - Request delay: 4s
2025-04-23 00:26:58,011 - INFO - [2025-04-23 00:26:58] INFO - Max concurrent requests: 2
2025-04-23 00:26:58,012 - INFO - [2025-04-23 00:26:58] INFO - Concurrent scraping settings:
2025-04-23 00:26:58,012 - INFO - [2025-04-23 00:26:58] INFO - Job ID: cf2f0086-2929-4f8d-ae2c-df338c09006a
2025-04-23 00:26:58,012 - INFO - [2025-04-23 00:26:58] INFO - User ID: user_khiboz5p84_1745132256993
2025-04-23 00:26:58,012 - INFO - [2025-04-23 00:26:58] INFO - Request delay: 4s
2025-04-23 00:26:58,012 - INFO - [2025-04-23 00:26:58] INFO - Max concurrent requests: 2
2025-04-23 00:26:58,012 - INFO - [2025-04-23 00:26:58] INFO - Starting scraper with configuration:
2025-04-23 00:26:58,012 - INFO - [2025-04-23 00:26:58] INFO - {
  "base_url": "https://www.booking.com/searchresults.html?label=gog235jc-1DCAEoggI46AdIM1gDaGyIAQGYATG4AQfIAQzYAQPoAQH4AQKIAgGoAgO4As_0h8AGwAIB0gIkMzJhOGRkNTItN2Y0NS00OGIyLWI0NDMtOGRjODk1MjQxNDlh2AIE4AIB&aid=397594&ss=Himachal+Pradesh%2C+India&ssne=Uttarakhand&ssne_untouched=Uttarakhand&lang=en-us&src=searchresults&dest_id=3482&dest_type=region&ac_position=1&ac_click_type=b&ac_langcode=en&ac_suggestion_list_length=5&search_selected=true&search_pageview_id=ce3f33fa3adb003e&checkin=2025-04-18&checkout=2025-04-19&group_adults=2&no_rooms=1&group_children=0&nflt=hotelfacility%3D54%3Bht_id%3D206",
  "concurrent_settings": {
    "base_request_delay": 2,
    "job_spacing_delay": 3,
    "max_concurrent_jobs": 3,
    "max_concurrent_requests": 2
  },
  "container_selector": "div.c82435a4b8.a178069f51.a6ae3c2b40",
  "initial_wait": 3,
  "load_more_selector": "",
  "load_more_wait": 3,
  "max_pages": 1,
  "max_scroll_attempts": 20,
  "next_page_selector": "",
  "output_excel": "output/cf2f0086-2929-4f8d-ae2c-df338c09006a\\scraped_data.xlsx",
  "output_json": "output/cf2f0086-2929-4f8d-ae2c-df338c09006a\\scraped_data.json",
  "page_wait": 2,
  "paginate": false,
  "scrape_subpages": false,
  "scroll": true,
  "scroll_wait": 3,
  "start_page": 1,
  "subpage_wait": 3,
  "job_id": "cf2f0086-2929-4f8d-ae2c-df338c09006a",
  "user_id": "user_khiboz5p84_1745132256993",
  "concurrent": true,
  "output_dir": "output/cf2f0086-2929-4f8d-ae2c-df338c09006a",
  "log_file": "output/cf2f0086-2929-4f8d-ae2c-df338c09006a\\scraper.log",
  "request_delay": 4,
  "max_concurrent_requests": 2,
  "job_start_time": "2025-04-23T00:26:53.744909",
  "headless": true
}
2025-04-23 00:26:58,012 - INFO - [2025-04-23 00:26:58] INFO - Attempting to use undetected-chromedriver...
2025-04-23 00:27:02,854 - INFO - [2025-04-23 00:27:02] INFO - Successfully initialized Chrome with undetected-chromedriver
2025-04-23 00:27:02,854 - INFO - [2025-04-23 00:27:02] INFO - Job started for user user_khiboz5p84_1745132256993 (Job ID: cf2f0086-2929-4f8d-ae2c-df338c09006a)
2025-04-23 00:27:02,854 - INFO - [2025-04-23 00:27:02] INFO - Phase 1: Collecting main fields and links from all pages...
2025-04-23 00:27:06,633 - INFO - [2025-04-23 00:27:06] INFO - Navigated to base URL: https://www.booking.com/searchresults.html?label=gog235jc-1DCAEoggI46AdIM1gDaGyIAQGYATG4AQfIAQzYAQPoAQH4AQKIAgGoAgO4As_0h8AGwAIB0gIkMzJhOGRkNTItN2Y0NS00OGIyLWI0NDMtOGRjODk1MjQxNDlh2AIE4AIB&aid=397594&ss=Himachal+Pradesh%2C+India&ssne=Uttarakhand&ssne_untouched=Uttarakhand&lang=en-us&src=searchresults&dest_id=3482&dest_type=region&ac_position=1&ac_click_type=b&ac_langcode=en&ac_suggestion_list_length=5&search_selected=true&search_pageview_id=ce3f33fa3adb003e&checkin=2025-04-18&checkout=2025-04-19&group_adults=2&no_rooms=1&group_children=0&nflt=hotelfacility%3D54%3Bht_id%3D206
2025-04-23 00:27:17,918 - INFO - [2025-04-23 00:27:17] INFO - Scraping main fields from page 1...
2025-04-23 00:27:17,918 - INFO - [2025-04-23 00:27:17] INFO - Scrolling to load all content...
