2025-04-23 01:15:10,729 - INFO - [2025-04-23 01:15:10] INFO - Added file handler for log file: output/eef640e0-478b-4d88-a122-82461b8b55e8\scraper.log
2025-04-23 01:15:10,729 - INFO - [2025-04-23 01:15:10] INFO - Starting scraper with configuration:
2025-04-23 01:15:10,730 - INFO - [2025-04-23 01:15:10] INFO - base_url: https://www.griclub.org/program/participants/empowered-by-gcc-global-capital-connectors-series_1810
2025-04-23 01:15:10,730 - INFO - [2025-04-23 01:15:10] INFO - concurrent_settings: {'base_request_delay': 2, 'job_spacing_delay': 3, 'max_concurrent_jobs': 3, 'max_concurrent_requests': 2}
2025-04-23 01:15:10,730 - INFO - [2025-04-23 01:15:10] INFO - container_selector: div.member-card__body
2025-04-23 01:15:10,730 - INFO - [2025-04-23 01:15:10] INFO - initial_wait: 10
2025-04-23 01:15:10,730 - INFO - [2025-04-23 01:15:10] INFO - load_more_selector: 
2025-04-23 01:15:10,731 - INFO - [2025-04-23 01:15:10] INFO - load_more_wait: 3
2025-04-23 01:15:10,731 - INFO - [2025-04-23 01:15:10] INFO - max_pages: 1
2025-04-23 01:15:10,731 - INFO - [2025-04-23 01:15:10] INFO - max_scroll_attempts: 20
2025-04-23 01:15:10,731 - INFO - [2025-04-23 01:15:10] INFO - next_page_selector: 
2025-04-23 01:15:10,731 - INFO - [2025-04-23 01:15:10] INFO - output_excel: output/eef640e0-478b-4d88-a122-82461b8b55e8\scraped_data.xlsx
2025-04-23 01:15:10,731 - INFO - [2025-04-23 01:15:10] INFO - output_json: output/eef640e0-478b-4d88-a122-82461b8b55e8\scraped_data.json
2025-04-23 01:15:10,731 - INFO - [2025-04-23 01:15:10] INFO - page_wait: 2
2025-04-23 01:15:10,731 - INFO - [2025-04-23 01:15:10] INFO - paginate: False
2025-04-23 01:15:10,731 - INFO - [2025-04-23 01:15:10] INFO - scrape_subpages: False
2025-04-23 01:15:10,731 - INFO - [2025-04-23 01:15:10] INFO - scroll: False
2025-04-23 01:15:10,731 - INFO - [2025-04-23 01:15:10] INFO - scroll_wait: 3
2025-04-23 01:15:10,731 - INFO - [2025-04-23 01:15:10] INFO - start_page: 1
2025-04-23 01:15:10,731 - INFO - [2025-04-23 01:15:10] INFO - subpage_wait: 3
2025-04-23 01:15:10,731 - INFO - [2025-04-23 01:15:10] INFO - job_id: eef640e0-478b-4d88-a122-82461b8b55e8
2025-04-23 01:15:10,732 - INFO - [2025-04-23 01:15:10] INFO - user_id: ang9rlp5bbn
2025-04-23 01:15:10,732 - INFO - [2025-04-23 01:15:10] INFO - concurrent: True
2025-04-23 01:15:10,732 - INFO - [2025-04-23 01:15:10] INFO - output_dir: output/eef640e0-478b-4d88-a122-82461b8b55e8
2025-04-23 01:15:10,732 - INFO - [2025-04-23 01:15:10] INFO - log_file: output/eef640e0-478b-4d88-a122-82461b8b55e8\scraper.log
2025-04-23 01:15:10,732 - INFO - [2025-04-23 01:15:10] INFO - request_delay: 4
2025-04-23 01:15:10,732 - INFO - [2025-04-23 01:15:10] INFO - max_concurrent_requests: 2
2025-04-23 01:15:10,732 - INFO - [2025-04-23 01:15:10] INFO - job_start_time: 2025-04-23T01:15:06.340944
2025-04-23 01:15:10,732 - INFO - [2025-04-23 01:15:10] INFO - headless: True
2025-04-23 01:15:10,732 - INFO - [2025-04-23 01:15:10] INFO - Concurrent scraping settings:
2025-04-23 01:15:10,732 - INFO - [2025-04-23 01:15:10] INFO - Job ID: eef640e0-478b-4d88-a122-82461b8b55e8
2025-04-23 01:15:10,732 - INFO - [2025-04-23 01:15:10] INFO - User ID: ang9rlp5bbn
2025-04-23 01:15:10,732 - INFO - [2025-04-23 01:15:10] INFO - Request delay: 4s
2025-04-23 01:15:10,732 - INFO - [2025-04-23 01:15:10] INFO - Max concurrent requests: 2
2025-04-23 01:15:10,732 - INFO - [2025-04-23 01:15:10] INFO - Concurrent scraping settings:
2025-04-23 01:15:10,732 - INFO - [2025-04-23 01:15:10] INFO - Job ID: eef640e0-478b-4d88-a122-82461b8b55e8
2025-04-23 01:15:10,733 - INFO - [2025-04-23 01:15:10] INFO - User ID: ang9rlp5bbn
2025-04-23 01:15:10,733 - INFO - [2025-04-23 01:15:10] INFO - Request delay: 4s
2025-04-23 01:15:10,733 - INFO - [2025-04-23 01:15:10] INFO - Max concurrent requests: 2
2025-04-23 01:15:10,733 - INFO - [2025-04-23 01:15:10] INFO - Starting scraper with configuration:
2025-04-23 01:15:10,733 - INFO - [2025-04-23 01:15:10] INFO - {
  "base_url": "https://www.griclub.org/program/participants/empowered-by-gcc-global-capital-connectors-series_1810",
  "concurrent_settings": {
    "base_request_delay": 2,
    "job_spacing_delay": 3,
    "max_concurrent_jobs": 3,
    "max_concurrent_requests": 2
  },
  "container_selector": "div.member-card__body",
  "initial_wait": 10,
  "load_more_selector": "",
  "load_more_wait": 3,
  "max_pages": 1,
  "max_scroll_attempts": 20,
  "next_page_selector": "",
  "output_excel": "output/eef640e0-478b-4d88-a122-82461b8b55e8\\scraped_data.xlsx",
  "output_json": "output/eef640e0-478b-4d88-a122-82461b8b55e8\\scraped_data.json",
  "page_wait": 2,
  "paginate": false,
  "scrape_subpages": false,
  "scroll": false,
  "scroll_wait": 3,
  "start_page": 1,
  "subpage_wait": 3,
  "job_id": "eef640e0-478b-4d88-a122-82461b8b55e8",
  "user_id": "ang9rlp5bbn",
  "concurrent": true,
  "output_dir": "output/eef640e0-478b-4d88-a122-82461b8b55e8",
  "log_file": "output/eef640e0-478b-4d88-a122-82461b8b55e8\\scraper.log",
  "request_delay": 4,
  "max_concurrent_requests": 2,
  "job_start_time": "2025-04-23T01:15:06.340944",
  "headless": true
}
2025-04-23 01:15:10,733 - INFO - [2025-04-23 01:15:10] INFO - Attempting to use undetected-chromedriver...
2025-04-23 01:16:00,086 - WARNING - [2025-04-23 01:16:00] WARNING - undetected-chromedriver failed: <urlopen error retrieval incomplete: got only 3768320 out of 8852766 bytes>
2025-04-23 01:16:00,665 - INFO - [2025-04-23 01:16:00] INFO - Detected Chrome version: 135.0.7049.96
2025-04-23 01:16:00,665 - INFO - [2025-04-23 01:16:00] INFO - Using ChromeDriver version 114.0.5735.90 for Chrome 135.0.7049.96
2025-04-23 01:16:05,532 - ERROR - [2025-04-23 01:16:05] ERROR - All Chrome driver initialization methods failed
2025-04-23 01:16:05,532 - ERROR - [2025-04-23 01:16:05] ERROR - Error 1: <urlopen error retrieval incomplete: got only 3768320 out of 8852766 bytes>
2025-04-23 01:16:05,532 - ERROR - [2025-04-23 01:16:05] ERROR - Error 2: Message: session not created: This version of ChromeDriver only supports Chrome version 114
Current browser version is 135.0.7049.96 with binary path C:\Program Files\Google\Chrome\Application\chrome.exe
Stacktrace:
Backtrace:
	GetHandleVerifier [0x00B1A813+48355]
	(No symbol) [0x00AAC4B1]
	(No symbol) [0x009B5358]
	(No symbol) [0x009D61AC]
	(No symbol) [0x009D1EF3]
	(No symbol) [0x009D0579]
	(No symbol) [0x00A00C55]
	(No symbol) [0x00A0093C]
	(No symbol) [0x009FA536]
	(No symbol) [0x009D82DC]
	(No symbol) [0x009D93DD]
	GetHandleVerifier [0x00D7AABD+2539405]
	GetHandleVerifier [0x00DBA78F+2800735]
	GetHandleVerifier [0x00DB456C+2775612]
	GetHandleVerifier [0x00BA51E0+616112]
	(No symbol) [0x00AB5F8C]
	(No symbol) [0x00AB2328]
	(No symbol) [0x00AB240B]
	(No symbol) [0x00AA4FF7]
	BaseThreadInitThunk [0x76AB5D49+25]
	RtlInitializeExceptionChain [0x7771CF0B+107]
	RtlGetAppContainerNamedObjectPath [0x7771CE91+561]

2025-04-23 01:16:05,532 - ERROR - [2025-04-23 01:16:05] ERROR - 
Chrome driver initialization failed. Please try one of the following solutions:
1. Install a version of Chrome that matches ChromeDriver version (114)
2. Manually download ChromeDriver matching your Chrome version from: https://chromedriver.chromium.org/downloads
3. Add chromedriver.exe to your PATH

