2025-05-31 11:56:04,974 - INFO - [2025-05-31 11:56:04] INFO - Added file handler for log file: output/99f1a9c2-b5a1-4f9b-81c4-09a7c3ed51ba\scraper.log
2025-05-31 11:56:04,974 - INFO - [2025-05-31 11:56:04] INFO - Starting scraper with configuration:
2025-05-31 11:56:04,975 - INFO - [2025-05-31 11:56:04] INFO - base_url: https://www.booking.com/searchresults.html?label=gog235jc-1DCAEoggI46AdIM1gDaGyIAQGYATG4AQfIAQzYAQPoAQH4AQKIAgGoAgO4As_0h8AGwAIB0gIkMzJhOGRkNTItN2Y0NS00OGIyLWI0NDMtOGRjODk1MjQxNDlh2AIE4AIB&aid=397594&ss=Goa%2C%20India&efdco=1&lang=en-us&src=index&dest_id=4127&dest_type=region&group_adults=2&no_rooms=1&group_children=0&nflt=ht_id%3D206%3Bhotelfacility%3D54
2025-05-31 11:56:04,975 - INFO - [2025-05-31 11:56:04] INFO - concurrent_settings: {'base_request_delay': 2, 'job_spacing_delay': 3, 'max_concurrent_jobs': 3, 'max_concurrent_requests': 2}
2025-05-31 11:56:04,975 - INFO - [2025-05-31 11:56:04] INFO - container_selector: div.aa97d6032f
2025-05-31 11:56:04,975 - INFO - [2025-05-31 11:56:04] INFO - initial_wait: 5
2025-05-31 11:56:04,975 - INFO - [2025-05-31 11:56:04] INFO - load_more_selector: button.de576f5064.b46cd7aad7.d0a01e3d83.dda427e6b5.bbf83acb81.a0ddd706cc
2025-05-31 11:56:04,975 - INFO - [2025-05-31 11:56:04] INFO - load_more_wait: 10
2025-05-31 11:56:04,975 - INFO - [2025-05-31 11:56:04] INFO - max_pages: 1
2025-05-31 11:56:04,975 - INFO - [2025-05-31 11:56:04] INFO - max_scroll_attempts: 50
2025-05-31 11:56:04,975 - INFO - [2025-05-31 11:56:04] INFO - next_page_selector: 
2025-05-31 11:56:04,975 - INFO - [2025-05-31 11:56:04] INFO - output_excel: output/99f1a9c2-b5a1-4f9b-81c4-09a7c3ed51ba\scraped_data.xlsx
2025-05-31 11:56:04,975 - INFO - [2025-05-31 11:56:04] INFO - output_json: output/99f1a9c2-b5a1-4f9b-81c4-09a7c3ed51ba\scraped_data.json
2025-05-31 11:56:04,975 - INFO - [2025-05-31 11:56:04] INFO - page_wait: 2
2025-05-31 11:56:04,975 - INFO - [2025-05-31 11:56:04] INFO - paginate: False
2025-05-31 11:56:04,976 - INFO - [2025-05-31 11:56:04] INFO - scrape_subpages: False
2025-05-31 11:56:04,976 - INFO - [2025-05-31 11:56:04] INFO - scroll: True
2025-05-31 11:56:04,976 - INFO - [2025-05-31 11:56:04] INFO - scroll_wait: 10
2025-05-31 11:56:04,976 - INFO - [2025-05-31 11:56:04] INFO - start_page: 1
2025-05-31 11:56:04,976 - INFO - [2025-05-31 11:56:04] INFO - subpage_wait: 3
2025-05-31 11:56:04,976 - INFO - [2025-05-31 11:56:04] INFO - job_id: 99f1a9c2-b5a1-4f9b-81c4-09a7c3ed51ba
2025-05-31 11:56:04,976 - INFO - [2025-05-31 11:56:04] INFO - user_id: user_l8tq82mtc4d_1748601150733
2025-05-31 11:56:04,976 - INFO - [2025-05-31 11:56:04] INFO - concurrent: True
2025-05-31 11:56:04,976 - INFO - [2025-05-31 11:56:04] INFO - output_dir: output/99f1a9c2-b5a1-4f9b-81c4-09a7c3ed51ba
2025-05-31 11:56:04,976 - INFO - [2025-05-31 11:56:04] INFO - log_file: output/99f1a9c2-b5a1-4f9b-81c4-09a7c3ed51ba\scraper.log
2025-05-31 11:56:04,976 - INFO - [2025-05-31 11:56:04] INFO - request_delay: 6
2025-05-31 11:56:04,976 - INFO - [2025-05-31 11:56:04] INFO - max_concurrent_requests: 2
2025-05-31 11:56:04,976 - INFO - [2025-05-31 11:56:04] INFO - job_start_time: 2025-05-31T11:56:03.844417
2025-05-31 11:56:04,976 - INFO - [2025-05-31 11:56:04] INFO - headless: True
2025-05-31 11:56:04,976 - INFO - [2025-05-31 11:56:04] INFO - Concurrent scraping settings:
2025-05-31 11:56:04,976 - INFO - [2025-05-31 11:56:04] INFO - Job ID: 99f1a9c2-b5a1-4f9b-81c4-09a7c3ed51ba
2025-05-31 11:56:04,976 - INFO - [2025-05-31 11:56:04] INFO - User ID: user_l8tq82mtc4d_1748601150733
2025-05-31 11:56:04,977 - INFO - [2025-05-31 11:56:04] INFO - Request delay: 6s
2025-05-31 11:56:04,977 - INFO - [2025-05-31 11:56:04] INFO - Max concurrent requests: 2
2025-05-31 11:56:04,977 - INFO - [2025-05-31 11:56:04] INFO - Concurrent scraping settings:
2025-05-31 11:56:04,977 - INFO - [2025-05-31 11:56:04] INFO - Job ID: 99f1a9c2-b5a1-4f9b-81c4-09a7c3ed51ba
2025-05-31 11:56:04,977 - INFO - [2025-05-31 11:56:04] INFO - User ID: user_l8tq82mtc4d_1748601150733
2025-05-31 11:56:04,977 - INFO - [2025-05-31 11:56:04] INFO - Request delay: 6s
2025-05-31 11:56:04,977 - INFO - [2025-05-31 11:56:04] INFO - Max concurrent requests: 2
2025-05-31 11:56:04,977 - INFO - [2025-05-31 11:56:04] INFO - Starting scraper with configuration:
2025-05-31 11:56:04,977 - INFO - [2025-05-31 11:56:04] INFO - {
  "base_url": "https://www.booking.com/searchresults.html?label=gog235jc-1DCAEoggI46AdIM1gDaGyIAQGYATG4AQfIAQzYAQPoAQH4AQKIAgGoAgO4As_0h8AGwAIB0gIkMzJhOGRkNTItN2Y0NS00OGIyLWI0NDMtOGRjODk1MjQxNDlh2AIE4AIB&aid=397594&ss=Goa%2C%20India&efdco=1&lang=en-us&src=index&dest_id=4127&dest_type=region&group_adults=2&no_rooms=1&group_children=0&nflt=ht_id%3D206%3Bhotelfacility%3D54",
  "concurrent_settings": {
    "base_request_delay": 2,
    "job_spacing_delay": 3,
    "max_concurrent_jobs": 3,
    "max_concurrent_requests": 2
  },
  "container_selector": "div.aa97d6032f",
  "initial_wait": 5,
  "load_more_selector": "button.de576f5064.b46cd7aad7.d0a01e3d83.dda427e6b5.bbf83acb81.a0ddd706cc",
  "load_more_wait": 10,
  "max_pages": 1,
  "max_scroll_attempts": 50,
  "next_page_selector": "",
  "output_excel": "output/99f1a9c2-b5a1-4f9b-81c4-09a7c3ed51ba\\scraped_data.xlsx",
  "output_json": "output/99f1a9c2-b5a1-4f9b-81c4-09a7c3ed51ba\\scraped_data.json",
  "page_wait": 2,
  "paginate": false,
  "scrape_subpages": false,
  "scroll": true,
  "scroll_wait": 10,
  "start_page": 1,
  "subpage_wait": 3,
  "job_id": "99f1a9c2-b5a1-4f9b-81c4-09a7c3ed51ba",
  "user_id": "user_l8tq82mtc4d_1748601150733",
  "concurrent": true,
  "output_dir": "output/99f1a9c2-b5a1-4f9b-81c4-09a7c3ed51ba",
  "log_file": "output/99f1a9c2-b5a1-4f9b-81c4-09a7c3ed51ba\\scraper.log",
  "request_delay": 6,
  "max_concurrent_requests": 2,
  "job_start_time": "2025-05-31T11:56:03.844417",
  "headless": true
}
2025-05-31 11:56:04,977 - INFO - [2025-05-31 11:56:04] INFO - Detected Chrome version from registry: 137.0.7151.55
2025-05-31 11:56:04,978 - INFO - [2025-05-31 11:56:04] INFO - Detected Chrome version: 137.0.7151.55
2025-05-31 11:56:06,421 - INFO - [2025-05-31 11:56:06] INFO - Installed ChromeDriver at: C:\Users\harim\.wdm\drivers\chromedriver\win64\137.0.7151.55\chromedriver-win32/chromedriver.exe
2025-05-31 11:56:07,512 - INFO - [2025-05-31 11:56:07] INFO - ChromeDriver version: 137.0.7151.55
2025-05-31 11:56:07,512 - INFO - [2025-05-31 11:56:07] INFO - Chrome WebDriver initialized successfully
2025-05-31 11:56:07,512 - INFO - [2025-05-31 11:56:07] INFO - Job started for user user_l8tq82mtc4d_1748601150733 (Job ID: 99f1a9c2-b5a1-4f9b-81c4-09a7c3ed51ba)
2025-05-31 11:56:07,512 - INFO - [2025-05-31 11:56:07] INFO - Phase 1: Collecting main fields and links from all pages...
2025-05-31 11:56:09,983 - INFO - [2025-05-31 11:56:09] INFO - Navigated to base URL: https://www.booking.com/searchresults.html?label=gog235jc-1DCAEoggI46AdIM1gDaGyIAQGYATG4AQfIAQzYAQPoAQH4AQKIAgGoAgO4As_0h8AGwAIB0gIkMzJhOGRkNTItN2Y0NS00OGIyLWI0NDMtOGRjODk1MjQxNDlh2AIE4AIB&aid=397594&ss=Goa%2C%20India&efdco=1&lang=en-us&src=index&dest_id=4127&dest_type=region&group_adults=2&no_rooms=1&group_children=0&nflt=ht_id%3D206%3Bhotelfacility%3D54
2025-05-31 11:56:09,983 - INFO - [2025-05-31 11:56:09] INFO - Waiting 5 seconds for page to load...
2025-05-31 11:56:21,013 - INFO - [2025-05-31 11:56:21] INFO - Scraping main fields from page 1...
2025-05-31 11:56:21,013 - INFO - [2025-05-31 11:56:21] INFO - Starting to scroll down the page to load all content...
2025-05-31 11:56:51,113 - INFO - [2025-05-31 11:56:51] INFO - Found 58 containers on page 1
2025-05-31 11:56:51,137 - INFO - [2025-05-31 11:56:51] INFO - Extracted 'location': Anjuna Beach, Anjuna
2025-05-31 11:56:51,195 - INFO - [2025-05-31 11:56:51] INFO - Extracted 'resort ': Zulu Land cottages - near Curlies beach shack and shiva valley - Anjuna beach
2025-05-31 11:56:51,195 - INFO - [2025-05-31 11:56:51] INFO - Successfully added item to results
2025-05-31 11:56:51,210 - INFO - [2025-05-31 11:56:51] INFO - Extracted 'location': Calangute
2025-05-31 11:56:51,224 - INFO - [2025-05-31 11:56:51] INFO - Extracted 'resort ': Summit Calangute Resort & Spa
2025-05-31 11:56:51,224 - INFO - [2025-05-31 11:56:51] INFO - Successfully added item to results
2025-05-31 11:56:51,239 - INFO - [2025-05-31 11:56:51] INFO - Extracted 'location': Calangute
2025-05-31 11:56:51,253 - INFO - [2025-05-31 11:56:51] INFO - Extracted 'resort ': Storii By ITC Hotels, Shanti Morada Goa
2025-05-31 11:56:51,254 - INFO - [2025-05-31 11:56:51] INFO - Successfully added item to results
2025-05-31 11:56:51,269 - INFO - [2025-05-31 11:56:51] INFO - Extracted 'location': Panaji
2025-05-31 11:56:51,283 - INFO - [2025-05-31 11:56:51] INFO - Extracted 'resort ': Taj Cidade de Goa Horizon, Goa
2025-05-31 11:56:51,284 - INFO - [2025-05-31 11:56:51] INFO - Successfully added item to results
2025-05-31 11:56:51,298 - INFO - [2025-05-31 11:56:51] INFO - Extracted 'location': Betalbatim
2025-05-31 11:56:51,312 - INFO - [2025-05-31 11:56:51] INFO - Extracted 'resort ': Goa Villagio Resort & Spa - A Unit of IHM, 10 Min Walk from Beach
2025-05-31 11:56:51,312 - INFO - [2025-05-31 11:56:51] INFO - Successfully added item to results
2025-05-31 11:56:51,324 - INFO - [2025-05-31 11:56:51] INFO - Extracted 'location': Mandrem
2025-05-31 11:56:51,338 - INFO - [2025-05-31 11:56:51] INFO - Extracted 'resort ': Palma Beach Resort
2025-05-31 11:56:51,338 - INFO - [2025-05-31 11:56:51] INFO - Successfully added item to results
2025-05-31 11:56:51,368 - INFO - [2025-05-31 11:56:51] INFO - Extracted 'location': Calangute
2025-05-31 11:56:51,381 - INFO - [2025-05-31 11:56:51] INFO - Extracted 'resort ': Hyatt Ronil Goa - a JdV by Hyatt Hotel
2025-05-31 11:56:51,381 - INFO - [2025-05-31 11:56:51] INFO - Successfully added item to results
2025-05-31 11:56:51,396 - INFO - [2025-05-31 11:56:51] INFO - Extracted 'location': Panaji
2025-05-31 11:56:51,409 - INFO - [2025-05-31 11:56:51] INFO - Extracted 'resort ': Taj Cidade de Goa Heritage, Goa
2025-05-31 11:56:51,409 - INFO - [2025-05-31 11:56:51] INFO - Successfully added item to results
2025-05-31 11:56:51,422 - INFO - [2025-05-31 11:56:51] INFO - Extracted 'location': Baga
2025-05-31 11:56:51,436 - INFO - [2025-05-31 11:56:51] INFO - Extracted 'resort ': Radisson Resort Goa Baga
2025-05-31 11:56:51,436 - INFO - [2025-05-31 11:56:51] INFO - Successfully added item to results
2025-05-31 11:56:51,450 - INFO - [2025-05-31 11:56:51] INFO - Extracted 'location': Old Goa
2025-05-31 11:56:51,464 - INFO - [2025-05-31 11:56:51] INFO - Extracted 'resort ': Mercure Goa Devaaya Resort
2025-05-31 11:56:51,465 - INFO - [2025-05-31 11:56:51] INFO - Successfully added item to results
2025-05-31 11:56:51,479 - INFO - [2025-05-31 11:56:51] INFO - Extracted 'location': Mandrem
2025-05-31 11:56:51,493 - INFO - [2025-05-31 11:56:51] INFO - Extracted 'resort ': Larisa Resort Ashwem
2025-05-31 11:56:51,493 - INFO - [2025-05-31 11:56:51] INFO - Successfully added item to results
2025-05-31 11:56:51,505 - INFO - [2025-05-31 11:56:51] INFO - Extracted 'location': Goa Velha
2025-05-31 11:56:51,520 - INFO - [2025-05-31 11:56:51] INFO - Extracted 'resort ': Skon Morjim Beach Resort by Orion Hotels
2025-05-31 11:56:51,520 - INFO - [2025-05-31 11:56:51] INFO - Successfully added item to results
2025-05-31 11:56:51,535 - INFO - [2025-05-31 11:56:51] INFO - Extracted 'location': Candolim
2025-05-31 11:56:51,550 - INFO - [2025-05-31 11:56:51] INFO - Extracted 'resort ': Grand Mercure Goa Candolim - An Accor Hotels Brand
2025-05-31 11:56:51,550 - INFO - [2025-05-31 11:56:51] INFO - Successfully added item to results
2025-05-31 11:56:51,565 - INFO - [2025-05-31 11:56:51] INFO - Extracted 'location': Candolim
2025-05-31 11:56:51,593 - INFO - [2025-05-31 11:56:51] INFO - Extracted 'resort ': Golden Tulip Candolim, Goa
2025-05-31 11:56:51,593 - INFO - [2025-05-31 11:56:51] INFO - Successfully added item to results
2025-05-31 11:56:51,605 - INFO - [2025-05-31 11:56:51] INFO - Extracted 'location': Agonda
2025-05-31 11:56:51,620 - INFO - [2025-05-31 11:56:51] INFO - Extracted 'resort ': The Rose Goa Beach Resort
2025-05-31 11:56:51,620 - INFO - [2025-05-31 11:56:51] INFO - Successfully added item to results
2025-05-31 11:56:51,634 - INFO - [2025-05-31 11:56:51] INFO - Extracted 'location': Moira
2025-05-31 11:56:51,648 - INFO - [2025-05-31 11:56:51] INFO - Extracted 'resort ': Storii By ITC Hotels Moira Riviera
2025-05-31 11:56:51,648 - INFO - [2025-05-31 11:56:51] INFO - Successfully added item to results
2025-05-31 11:56:51,662 - INFO - [2025-05-31 11:56:51] INFO - Extracted 'location': Panaji
2025-05-31 11:56:51,675 - INFO - [2025-05-31 11:56:51] INFO - Extracted 'resort ': DoubleTree by Hilton Goa - Panaji
2025-05-31 11:56:51,675 - INFO - [2025-05-31 11:56:51] INFO - Successfully added item to results
2025-05-31 11:56:51,688 - INFO - [2025-05-31 11:56:51] INFO - Extracted 'location': Vagator Beach, Vagator
2025-05-31 11:56:51,701 - INFO - [2025-05-31 11:56:51] INFO - Extracted 'resort ': Alcove Resort Vagator
2025-05-31 11:56:51,701 - INFO - [2025-05-31 11:56:51] INFO - Successfully added item to results
2025-05-31 11:56:51,714 - INFO - [2025-05-31 11:56:51] INFO - Extracted 'location': Cavelossim Beach, Cavelossim
2025-05-31 11:56:51,730 - INFO - [2025-05-31 11:56:51] INFO - Extracted 'resort ': Holiday Inn Resort Goa by IHG
2025-05-31 11:56:51,730 - INFO - [2025-05-31 11:56:51] INFO - Successfully added item to results
2025-05-31 11:56:51,744 - INFO - [2025-05-31 11:56:51] INFO - Extracted 'location': Calangute Beach, Calangute
2025-05-31 11:56:51,757 - INFO - [2025-05-31 11:56:51] INFO - Extracted 'resort ': Chalston Beach Resort
2025-05-31 11:56:51,757 - INFO - [2025-05-31 11:56:51] INFO - Successfully added item to results
2025-05-31 11:56:51,770 - INFO - [2025-05-31 11:56:51] INFO - Extracted 'location': Baga
2025-05-31 11:56:51,784 - INFO - [2025-05-31 11:56:51] INFO - Extracted 'resort ': Acron Waterfront Resort
2025-05-31 11:56:51,784 - INFO - [2025-05-31 11:56:51] INFO - Successfully added item to results
2025-05-31 11:56:51,798 - INFO - [2025-05-31 11:56:51] INFO - Extracted 'location': Candolim Beach, Candolim
2025-05-31 11:56:51,811 - INFO - [2025-05-31 11:56:51] INFO - Extracted 'resort ': Taj Holiday Village Resort & Spa, Goa
2025-05-31 11:56:51,811 - INFO - [2025-05-31 11:56:51] INFO - Successfully added item to results
2025-05-31 11:56:51,824 - INFO - [2025-05-31 11:56:51] INFO - Extracted 'location': Mandrem Beach , Mandrem
2025-05-31 11:56:51,862 - INFO - [2025-05-31 11:56:51] INFO - Extracted 'resort ': Riva Beach Resort
2025-05-31 11:56:51,862 - INFO - [2025-05-31 11:56:51] INFO - Successfully added item to results
2025-05-31 11:56:51,874 - INFO - [2025-05-31 11:56:51] INFO - Extracted 'location': Colva
2025-05-31 11:56:51,888 - INFO - [2025-05-31 11:56:51] INFO - Extracted 'resort ': Beleza By The Beach
2025-05-31 11:56:51,888 - INFO - [2025-05-31 11:56:51] INFO - Successfully added item to results
2025-05-31 11:56:51,936 - INFO - [2025-05-31 11:56:51] INFO - Extracted 'location': Panaji
2025-05-31 11:56:51,960 - INFO - [2025-05-31 11:56:51] INFO - Extracted 'resort ': Goa Marriott Resort & Spa
2025-05-31 11:56:51,960 - INFO - [2025-05-31 11:56:51] INFO - Successfully added item to results
2025-05-31 11:56:51,975 - INFO - [2025-05-31 11:56:51] INFO - Extracted 'location': Varca Beach, Varca
2025-05-31 11:56:51,988 - INFO - [2025-05-31 11:56:51] INFO - Extracted 'resort ': The Zuri White Sands, Goa Resort & Casino
2025-05-31 11:56:51,988 - INFO - [2025-05-31 11:56:51] INFO - Successfully added item to results
2025-05-31 11:56:52,004 - INFO - [2025-05-31 11:56:52] INFO - Extracted 'location': Palolem Beach, Palolem
2025-05-31 11:56:52,018 - INFO - [2025-05-31 11:56:52] INFO - Extracted 'resort ': Art Resort Goa
2025-05-31 11:56:52,018 - INFO - [2025-05-31 11:56:52] INFO - Successfully added item to results
2025-05-31 11:56:52,033 - INFO - [2025-05-31 11:56:52] INFO - Extracted 'location': Candolim
2025-05-31 11:56:52,046 - INFO - [2025-05-31 11:56:52] INFO - Extracted 'resort ': Park Inn by Radisson Goa Candolim
2025-05-31 11:56:52,046 - INFO - [2025-05-31 11:56:52] INFO - Successfully added item to results
2025-05-31 11:56:52,059 - INFO - [2025-05-31 11:56:52] INFO - Extracted 'location': Candolim Beach, Candolim
2025-05-31 11:56:52,073 - INFO - [2025-05-31 11:56:52] INFO - Extracted 'resort ': Taj Fort Aguada Resort & Spa, Goa
2025-05-31 11:56:52,073 - INFO - [2025-05-31 11:56:52] INFO - Successfully added item to results
2025-05-31 11:56:52,087 - INFO - [2025-05-31 11:56:52] INFO - Extracted 'location': Canacona
2025-05-31 11:56:52,101 - INFO - [2025-05-31 11:56:52] INFO - Extracted 'resort ': The LaLiT Golf & Spa Resort Goa
2025-05-31 11:56:52,101 - INFO - [2025-05-31 11:56:52] INFO - Successfully added item to results
2025-05-31 11:56:52,115 - INFO - [2025-05-31 11:56:52] INFO - Extracted 'location': Colva Beach, Colva
2025-05-31 11:56:52,145 - INFO - [2025-05-31 11:56:52] INFO - Extracted 'resort ': Soul Vacation Resort and Spa,Colva
2025-05-31 11:56:52,145 - INFO - [2025-05-31 11:56:52] INFO - Successfully added item to results
2025-05-31 11:56:52,158 - INFO - [2025-05-31 11:56:52] INFO - Extracted 'location': Majorda
2025-05-31 11:56:52,171 - INFO - [2025-05-31 11:56:52] INFO - Extracted 'resort ': Diwa Club by Alila - A Hyatt Brand
2025-05-31 11:56:52,171 - INFO - [2025-05-31 11:56:52] INFO - Successfully added item to results
2025-05-31 11:56:52,184 - INFO - [2025-05-31 11:56:52] INFO - Extracted 'location': Colva Beach, Colva
2025-05-31 11:56:52,197 - INFO - [2025-05-31 11:56:52] INFO - Extracted 'resort ': Sea Queen Beach Resort & Spa
2025-05-31 11:56:52,197 - INFO - [2025-05-31 11:56:52] INFO - Successfully added item to results
2025-05-31 11:56:52,211 - INFO - [2025-05-31 11:56:52] INFO - Extracted 'location': Vichondrem
2025-05-31 11:56:52,226 - INFO - [2025-05-31 11:56:52] INFO - Extracted 'resort ': The Postcard Hideaway, Netravali Wildlife Sanctuary, Goa
2025-05-31 11:56:52,226 - INFO - [2025-05-31 11:56:52] INFO - Successfully added item to results
2025-05-31 11:56:52,239 - INFO - [2025-05-31 11:56:52] INFO - Extracted 'location': Vagator Beach, Vagator
2025-05-31 11:56:52,253 - INFO - [2025-05-31 11:56:52] INFO - Extracted 'resort ': W Goa
2025-05-31 11:56:52,253 - INFO - [2025-05-31 11:56:52] INFO - Successfully added item to results
2025-05-31 11:56:52,267 - INFO - [2025-05-31 11:56:52] INFO - Extracted 'location': Candolim
2025-05-31 11:56:52,281 - INFO - [2025-05-31 11:56:52] INFO - Extracted 'resort ': Novotel Goa Resort & Spa Candolim
2025-05-31 11:56:52,281 - INFO - [2025-05-31 11:56:52] INFO - Successfully added item to results
2025-05-31 11:56:52,294 - INFO - [2025-05-31 11:56:52] INFO - Extracted 'location': Goa Velha
2025-05-31 11:56:52,306 - INFO - [2025-05-31 11:56:52] INFO - Extracted 'resort ': Thalassa Beach Boutique Resort
2025-05-31 11:56:52,306 - INFO - [2025-05-31 11:56:52] INFO - Successfully added item to results
2025-05-31 11:56:52,320 - INFO - [2025-05-31 11:56:52] INFO - Extracted 'location': Patnem
2025-05-31 11:56:52,349 - INFO - [2025-05-31 11:56:52] INFO - Extracted 'resort ': Palm Trees Ayurvedic Heritage
2025-05-31 11:56:52,349 - INFO - [2025-05-31 11:56:52] INFO - Successfully added item to results
2025-05-31 11:56:52,364 - INFO - [2025-05-31 11:56:52] INFO - Extracted 'location': Varca Beach, Varca
2025-05-31 11:56:52,378 - INFO - [2025-05-31 11:56:52] INFO - Extracted 'resort ': Sterling Goa Varca
2025-05-31 11:56:52,378 - INFO - [2025-05-31 11:56:52] INFO - Successfully added item to results
2025-05-31 11:56:52,390 - INFO - [2025-05-31 11:56:52] INFO - Extracted 'location': Bogmalo
2025-05-31 11:56:52,405 - INFO - [2025-05-31 11:56:52] INFO - Extracted 'resort ': Coconut Creek Resort - Dabolim Airport
2025-05-31 11:56:52,405 - INFO - [2025-05-31 11:56:52] INFO - Successfully added item to results
2025-05-31 11:56:52,419 - INFO - [2025-05-31 11:56:52] INFO - Extracted 'location': Mandrem Beach , Mandrem
2025-05-31 11:56:52,432 - INFO - [2025-05-31 11:56:52] INFO - Extracted 'resort ': La Cabana Beach & Spa, By Ashvem Beach
2025-05-31 11:56:52,432 - INFO - [2025-05-31 11:56:52] INFO - Successfully added item to results
2025-05-31 11:56:52,446 - INFO - [2025-05-31 11:56:52] INFO - Extracted 'location': Vagator
2025-05-31 11:56:52,460 - INFO - [2025-05-31 11:56:52] INFO - Extracted 'resort ': 3102bce - A Vedic Resort
2025-05-31 11:56:52,461 - INFO - [2025-05-31 11:56:52] INFO - Successfully added item to results
2025-05-31 11:56:52,545 - INFO - [2025-05-31 11:56:52] INFO - Extracted 'location': Calangute Beach, Calangute
2025-05-31 11:56:52,571 - INFO - [2025-05-31 11:56:52] INFO - Extracted 'resort ': Resort Terra Paraiso
2025-05-31 11:56:52,571 - INFO - [2025-05-31 11:56:52] INFO - Successfully added item to results
2025-05-31 11:56:52,585 - INFO - [2025-05-31 11:56:52] INFO - Extracted 'location': Nerul
2025-05-31 11:56:52,599 - INFO - [2025-05-31 11:56:52] INFO - Extracted 'resort ': Ahilya By The Sea
2025-05-31 11:56:52,599 - INFO - [2025-05-31 11:56:52] INFO - Successfully added item to results
2025-05-31 11:56:52,613 - INFO - [2025-05-31 11:56:52] INFO - Extracted 'location': Morjim Beach, Morjim
2025-05-31 11:56:52,626 - INFO - [2025-05-31 11:56:52] INFO - Extracted 'resort ': Montego Bay Beach Village - Morjim
2025-05-31 11:56:52,626 - INFO - [2025-05-31 11:56:52] INFO - Successfully added item to results
2025-05-31 11:56:52,638 - INFO - [2025-05-31 11:56:52] INFO - Extracted 'location': Benaulim
2025-05-31 11:56:52,651 - INFO - [2025-05-31 11:56:52] INFO - Extracted 'resort ': Regenta Beach House Resort, Goa
2025-05-31 11:56:52,652 - INFO - [2025-05-31 11:56:52] INFO - Successfully added item to results
2025-05-31 11:56:52,665 - INFO - [2025-05-31 11:56:52] INFO - Extracted 'location': Agonda
2025-05-31 11:56:52,678 - INFO - [2025-05-31 11:56:52] INFO - Extracted 'resort ': Simrose
2025-05-31 11:56:52,678 - INFO - [2025-05-31 11:56:52] INFO - Successfully added item to results
2025-05-31 11:56:52,691 - INFO - [2025-05-31 11:56:52] INFO - Extracted 'location': Mandrem Beach , Mandrem
2025-05-31 11:56:52,705 - INFO - [2025-05-31 11:56:52] INFO - Extracted 'resort ': Anahata Retreat Beach Front Ashwem Goa
2025-05-31 11:56:52,705 - INFO - [2025-05-31 11:56:52] INFO - Successfully added item to results
2025-05-31 11:56:52,719 - INFO - [2025-05-31 11:56:52] INFO - Extracted 'location': Utorda
2025-05-31 11:56:52,732 - INFO - [2025-05-31 11:56:52] INFO - Extracted 'resort ': Royal Orchid Beach Resort & Spa, Utorda Beach Goa
2025-05-31 11:56:52,732 - INFO - [2025-05-31 11:56:52] INFO - Successfully added item to results
2025-05-31 11:56:52,746 - INFO - [2025-05-31 11:56:52] INFO - Extracted 'location': Calangute Beach, Calangute
2025-05-31 11:56:52,760 - INFO - [2025-05-31 11:56:52] INFO - Extracted 'resort ': Andores Resort And Spa - Calangute
2025-05-31 11:56:52,760 - INFO - [2025-05-31 11:56:52] INFO - Successfully added item to results
2025-05-31 11:56:52,772 - INFO - [2025-05-31 11:56:52] INFO - Extracted 'location': Benaulim Beach, Benaulim
2025-05-31 11:56:52,785 - INFO - [2025-05-31 11:56:52] INFO - Extracted 'resort ': Azaya Beach Resort Goa
2025-05-31 11:56:52,786 - INFO - [2025-05-31 11:56:52] INFO - Successfully added item to results
2025-05-31 11:56:52,799 - INFO - [2025-05-31 11:56:52] INFO - Extracted 'location': Bogmalo
2025-05-31 11:56:52,812 - INFO - [2025-05-31 11:56:52] INFO - Extracted 'resort ': Bogmallo Beach Resort
2025-05-31 11:56:52,813 - INFO - [2025-05-31 11:56:52] INFO - Successfully added item to results
2025-05-31 11:56:52,826 - INFO - [2025-05-31 11:56:52] INFO - Extracted 'location': Baga Beach, Baga
2025-05-31 11:56:52,838 - INFO - [2025-05-31 11:56:52] INFO - Extracted 'resort ': Colonia Santa Maria
2025-05-31 11:56:52,838 - INFO - [2025-05-31 11:56:52] INFO - Successfully added item to results
2025-05-31 11:56:52,852 - INFO - [2025-05-31 11:56:52] INFO - Extracted 'location': Calangute
2025-05-31 11:56:52,867 - INFO - [2025-05-31 11:56:52] INFO - Extracted 'resort ': Somy Plaza Calangute Goa - Formerly Somy Resort
2025-05-31 11:56:52,867 - INFO - [2025-05-31 11:56:52] INFO - Successfully added item to results
2025-05-31 11:56:52,880 - INFO - [2025-05-31 11:56:52] INFO - Extracted 'location': Arpora
2025-05-31 11:56:52,916 - INFO - [2025-05-31 11:56:52] INFO - Extracted 'resort ': Ramada by Wyndham Goa Arpora
2025-05-31 11:56:52,916 - INFO - [2025-05-31 11:56:52] INFO - Successfully added item to results
2025-05-31 11:56:52,931 - INFO - [2025-05-31 11:56:52] INFO - Extracted 'location': Morjim Beach, Morjim
2025-05-31 11:56:52,955 - INFO - [2025-05-31 11:56:52] INFO - Extracted 'resort ': Sibaya Beach Resort, Morjim
2025-05-31 11:56:52,956 - INFO - [2025-05-31 11:56:52] INFO - Successfully added item to results
2025-05-31 11:56:52,971 - INFO - [2025-05-31 11:56:52] INFO - Extracted 'location': Candolim Beach, Candolim
2025-05-31 11:56:52,984 - INFO - [2025-05-31 11:56:52] INFO - Extracted 'resort ': Marquis Beach Resort
2025-05-31 11:56:52,984 - INFO - [2025-05-31 11:56:52] INFO - Successfully added item to results
2025-05-31 11:56:52,999 - INFO - [2025-05-31 11:56:52] INFO - Extracted 'location': Goa
2025-05-31 11:56:53,013 - INFO - [2025-05-31 11:56:53] INFO - Extracted 'resort ': The Kimaya - By the Sea
2025-05-31 11:56:53,013 - INFO - [2025-05-31 11:56:53] INFO - Successfully added item to results
2025-05-31 11:56:53,378 - INFO - [2025-05-31 11:56:53] INFO - 
[SUCCESS] Scraping complete. 58 items saved.
2025-05-31 11:56:53,378 - INFO - [2025-05-31 11:56:53] INFO - Results saved to JSON: output/99f1a9c2-b5a1-4f9b-81c4-09a7c3ed51ba\scraped_data.json
2025-05-31 11:56:53,378 - INFO - [2025-05-31 11:56:53] INFO - Results saved to Excel: output/99f1a9c2-b5a1-4f9b-81c4-09a7c3ed51ba\scraped_data.xlsx
2025-05-31 11:56:53,378 - INFO - [2025-05-31 11:56:53] INFO - Scraper completed successfully
2025-05-31 11:56:53,378 - INFO - [2025-05-31 11:56:53] INFO - Attempting to upload to Google Drive...
2025-05-31 11:56:54,178 - INFO - [2025-05-31 11:56:54] INFO - Using existing folder 'Web Scraper Results' in Google Drive
2025-05-31 11:56:54,531 - INFO - [2025-05-31 11:56:54] INFO - Found existing file 'scraped_data.xlsx', appending new data...
2025-05-31 11:56:58,545 - ERROR - [2025-05-31 11:56:58] ERROR - Error updating existing file: [WinError 32] The process cannot access the file because it is being used by another process: 'temp_combined.xlsx'
2025-05-31 11:56:58,545 - WARNING - [2025-05-31 11:56:58] WARNING - Failed to upload Excel file to Google Drive
