2025-05-31 10:59:15,975 - INFO - [2025-05-31 10:59:15] INFO - Added file handler for log file: output/0ae7992f-83d8-4f55-8885-ac0497c11c6e\scraper.log
2025-05-31 10:59:15,976 - INFO - [2025-05-31 10:59:15] INFO - Starting scraper with configuration:
2025-05-31 10:59:15,976 - INFO - [2025-05-31 10:59:15] INFO - base_url: https://www.booking.com/searchresults.html?label=gog235jc-1DCAEoggI46AdIM1gDaGyIAQGYATG4AQfIAQzYAQPoAQH4AQKIAgGoAgO4As_0h8AGwAIB0gIkMzJhOGRkNTItN2Y0NS00OGIyLWI0NDMtOGRjODk1MjQxNDlh2AIE4AIB&aid=397594&ss=Goa%2C%20India&efdco=1&lang=en-us&src=index&dest_id=4127&dest_type=region&group_adults=2&no_rooms=1&group_children=0&nflt=ht_id%3D206%3Bhotelfacility%3D54
2025-05-31 10:59:15,976 - INFO - [2025-05-31 10:59:15] INFO - concurrent_settings: {'base_request_delay': 2, 'job_spacing_delay': 3, 'max_concurrent_jobs': 3, 'max_concurrent_requests': 2}
2025-05-31 10:59:15,980 - INFO - [2025-05-31 10:59:15] INFO - container_selector: div.aa97d6032f
2025-05-31 10:59:15,980 - INFO - [2025-05-31 10:59:15] INFO - initial_wait: 5
2025-05-31 10:59:15,980 - INFO - [2025-05-31 10:59:15] INFO - load_more_selector: button.de576f5064.b46cd7aad7.d0a01e3d83.dda427e6b5.bbf83acb81.a0ddd706cc
2025-05-31 10:59:15,980 - INFO - [2025-05-31 10:59:15] INFO - load_more_wait: 10
2025-05-31 10:59:15,980 - INFO - [2025-05-31 10:59:15] INFO - max_pages: 1
2025-05-31 10:59:15,980 - INFO - [2025-05-31 10:59:15] INFO - max_scroll_attempts: 50
2025-05-31 10:59:15,980 - INFO - [2025-05-31 10:59:15] INFO - next_page_selector: 
2025-05-31 10:59:15,981 - INFO - [2025-05-31 10:59:15] INFO - output_excel: output/0ae7992f-83d8-4f55-8885-ac0497c11c6e\scraped_data.xlsx
2025-05-31 10:59:15,981 - INFO - [2025-05-31 10:59:15] INFO - output_json: output/0ae7992f-83d8-4f55-8885-ac0497c11c6e\scraped_data.json
2025-05-31 10:59:15,981 - INFO - [2025-05-31 10:59:15] INFO - page_wait: 2
2025-05-31 10:59:15,981 - INFO - [2025-05-31 10:59:15] INFO - paginate: False
2025-05-31 10:59:15,981 - INFO - [2025-05-31 10:59:15] INFO - scrape_subpages: False
2025-05-31 10:59:15,981 - INFO - [2025-05-31 10:59:15] INFO - scroll: True
2025-05-31 10:59:15,981 - INFO - [2025-05-31 10:59:15] INFO - scroll_wait: 10
2025-05-31 10:59:15,981 - INFO - [2025-05-31 10:59:15] INFO - start_page: 1
2025-05-31 10:59:15,981 - INFO - [2025-05-31 10:59:15] INFO - subpage_wait: 3
2025-05-31 10:59:15,981 - INFO - [2025-05-31 10:59:15] INFO - job_id: 0ae7992f-83d8-4f55-8885-ac0497c11c6e
2025-05-31 10:59:15,981 - INFO - [2025-05-31 10:59:15] INFO - user_id: user_l8tq82mtc4d_1748601150733
2025-05-31 10:59:15,981 - INFO - [2025-05-31 10:59:15] INFO - concurrent: True
2025-05-31 10:59:15,981 - INFO - [2025-05-31 10:59:15] INFO - output_dir: output/0ae7992f-83d8-4f55-8885-ac0497c11c6e
2025-05-31 10:59:15,981 - INFO - [2025-05-31 10:59:15] INFO - log_file: output/0ae7992f-83d8-4f55-8885-ac0497c11c6e\scraper.log
2025-05-31 10:59:15,981 - INFO - [2025-05-31 10:59:15] INFO - request_delay: 4
2025-05-31 10:59:15,982 - INFO - [2025-05-31 10:59:15] INFO - max_concurrent_requests: 2
2025-05-31 10:59:15,982 - INFO - [2025-05-31 10:59:15] INFO - job_start_time: 2025-05-31T10:59:14.937156
2025-05-31 10:59:15,982 - INFO - [2025-05-31 10:59:15] INFO - headless: True
2025-05-31 10:59:15,982 - INFO - [2025-05-31 10:59:15] INFO - Concurrent scraping settings:
2025-05-31 10:59:15,982 - INFO - [2025-05-31 10:59:15] INFO - Job ID: 0ae7992f-83d8-4f55-8885-ac0497c11c6e
2025-05-31 10:59:15,982 - INFO - [2025-05-31 10:59:15] INFO - User ID: user_l8tq82mtc4d_1748601150733
2025-05-31 10:59:15,982 - INFO - [2025-05-31 10:59:15] INFO - Request delay: 4s
2025-05-31 10:59:15,982 - INFO - [2025-05-31 10:59:15] INFO - Max concurrent requests: 2
2025-05-31 10:59:15,982 - INFO - [2025-05-31 10:59:15] INFO - Concurrent scraping settings:
2025-05-31 10:59:15,982 - INFO - [2025-05-31 10:59:15] INFO - Job ID: 0ae7992f-83d8-4f55-8885-ac0497c11c6e
2025-05-31 10:59:15,983 - INFO - [2025-05-31 10:59:15] INFO - User ID: user_l8tq82mtc4d_1748601150733
2025-05-31 10:59:15,983 - INFO - [2025-05-31 10:59:15] INFO - Request delay: 4s
2025-05-31 10:59:15,983 - INFO - [2025-05-31 10:59:15] INFO - Max concurrent requests: 2
2025-05-31 10:59:15,983 - INFO - [2025-05-31 10:59:15] INFO - Starting scraper with configuration:
2025-05-31 10:59:15,983 - INFO - [2025-05-31 10:59:15] INFO - {
  "base_url": "https://www.booking.com/searchresults.html?label=gog235jc-1DCAEoggI46AdIM1gDaGyIAQGYATG4AQfIAQzYAQPoAQH4AQKIAgGoAgO4As_0h8AGwAIB0gIkMzJhOGRkNTItN2Y0NS00OGIyLWI0NDMtOGRjODk1MjQxNDlh2AIE4AIB&aid=397594&ss=Goa%2C%20India&efdco=1&lang=en-us&src=index&dest_id=4127&dest_type=region&group_adults=2&no_rooms=1&group_children=0&nflt=ht_id%3D206%3Bhotelfacility%3D54",
  "concurrent_settings": {
    "base_request_delay": 2,
    "job_spacing_delay": 3,
    "max_concurrent_jobs": 3,
    "max_concurrent_requests": 2
  },
  "container_selector": "div.aa97d6032f",
  "initial_wait": 5,
  "load_more_selector": "button.de576f5064.b46cd7aad7.d0a01e3d83.dda427e6b5.bbf83acb81.a0ddd706cc",
  "load_more_wait": 10,
  "max_pages": 1,
  "max_scroll_attempts": 50,
  "next_page_selector": "",
  "output_excel": "output/0ae7992f-83d8-4f55-8885-ac0497c11c6e\\scraped_data.xlsx",
  "output_json": "output/0ae7992f-83d8-4f55-8885-ac0497c11c6e\\scraped_data.json",
  "page_wait": 2,
  "paginate": false,
  "scrape_subpages": false,
  "scroll": true,
  "scroll_wait": 10,
  "start_page": 1,
  "subpage_wait": 3,
  "job_id": "0ae7992f-83d8-4f55-8885-ac0497c11c6e",
  "user_id": "user_l8tq82mtc4d_1748601150733",
  "concurrent": true,
  "output_dir": "output/0ae7992f-83d8-4f55-8885-ac0497c11c6e",
  "log_file": "output/0ae7992f-83d8-4f55-8885-ac0497c11c6e\\scraper.log",
  "request_delay": 4,
  "max_concurrent_requests": 2,
  "job_start_time": "2025-05-31T10:59:14.937156",
  "headless": true
}
2025-05-31 10:59:15,983 - INFO - [2025-05-31 10:59:15] INFO - Detected Chrome version from registry: 137.0.7151.55
2025-05-31 10:59:15,983 - INFO - [2025-05-31 10:59:15] INFO - Detected Chrome version: 137.0.7151.55
2025-05-31 10:59:17,478 - INFO - [2025-05-31 10:59:17] INFO - Installed ChromeDriver at: C:\Users\harim\.wdm\drivers\chromedriver\win64\137.0.7151.55\chromedriver-win32/chromedriver.exe
2025-05-31 10:59:18,659 - INFO - [2025-05-31 10:59:18] INFO - ChromeDriver version: 137.0.7151.55
2025-05-31 10:59:18,659 - INFO - [2025-05-31 10:59:18] INFO - Chrome WebDriver initialized successfully
2025-05-31 10:59:18,659 - INFO - [2025-05-31 10:59:18] INFO - Job started for user user_l8tq82mtc4d_1748601150733 (Job ID: 0ae7992f-83d8-4f55-8885-ac0497c11c6e)
2025-05-31 10:59:18,659 - INFO - [2025-05-31 10:59:18] INFO - Phase 1: Collecting main fields and links from all pages...
2025-05-31 10:59:21,249 - INFO - [2025-05-31 10:59:21] INFO - Navigated to base URL: https://www.booking.com/searchresults.html?label=gog235jc-1DCAEoggI46AdIM1gDaGyIAQGYATG4AQfIAQzYAQPoAQH4AQKIAgGoAgO4As_0h8AGwAIB0gIkMzJhOGRkNTItN2Y0NS00OGIyLWI0NDMtOGRjODk1MjQxNDlh2AIE4AIB&aid=397594&ss=Goa%2C%20India&efdco=1&lang=en-us&src=index&dest_id=4127&dest_type=region&group_adults=2&no_rooms=1&group_children=0&nflt=ht_id%3D206%3Bhotelfacility%3D54
2025-05-31 10:59:21,250 - INFO - [2025-05-31 10:59:21] INFO - Waiting 5 seconds for page to load...
2025-05-31 10:59:30,283 - INFO - [2025-05-31 10:59:30] INFO - Scraping main fields from page 1...
2025-05-31 10:59:30,283 - INFO - [2025-05-31 10:59:30] INFO - Starting to scroll down the page to load all content...
2025-05-31 11:00:00,352 - INFO - [2025-05-31 11:00:00] INFO - Found 59 containers on page 1
2025-05-31 11:00:00,373 - INFO - [2025-05-31 11:00:00] INFO - Extracted 'location': Anjuna Beach, Anjuna
2025-05-31 11:00:00,392 - INFO - [2025-05-31 11:00:00] INFO - Extracted 'resort ': Zulu Land cottages - near Curlies beach shack and shiva valley - Anjuna beach
2025-05-31 11:00:00,392 - INFO - [2025-05-31 11:00:00] INFO - Successfully added item to results
2025-05-31 11:00:00,407 - INFO - [2025-05-31 11:00:00] INFO - Extracted 'location': Calangute
2025-05-31 11:00:00,422 - INFO - [2025-05-31 11:00:00] INFO - Extracted 'resort ': Summit Calangute Resort & Spa
2025-05-31 11:00:00,422 - INFO - [2025-05-31 11:00:00] INFO - Successfully added item to results
2025-05-31 11:00:00,437 - INFO - [2025-05-31 11:00:00] INFO - Extracted 'location': Calangute
2025-05-31 11:00:00,453 - INFO - [2025-05-31 11:00:00] INFO - Extracted 'resort ': Storii By ITC Hotels, Shanti Morada Goa
2025-05-31 11:00:00,453 - INFO - [2025-05-31 11:00:00] INFO - Successfully added item to results
2025-05-31 11:00:00,469 - INFO - [2025-05-31 11:00:00] INFO - Extracted 'location': Panaji
2025-05-31 11:00:00,484 - INFO - [2025-05-31 11:00:00] INFO - Extracted 'resort ': Taj Cidade de Goa Horizon, Goa
2025-05-31 11:00:00,485 - INFO - [2025-05-31 11:00:00] INFO - Successfully added item to results
2025-05-31 11:00:00,499 - INFO - [2025-05-31 11:00:00] INFO - Extracted 'location': Betalbatim
2025-05-31 11:00:00,533 - INFO - [2025-05-31 11:00:00] INFO - Extracted 'resort ': Goa Villagio Resort & Spa - A Unit of IHM, 10 Min Walk from Beach
2025-05-31 11:00:00,533 - INFO - [2025-05-31 11:00:00] INFO - Successfully added item to results
2025-05-31 11:00:00,552 - INFO - [2025-05-31 11:00:00] INFO - Extracted 'location': Mandrem
2025-05-31 11:00:00,568 - INFO - [2025-05-31 11:00:00] INFO - Extracted 'resort ': Palma Beach Resort
2025-05-31 11:00:00,568 - INFO - [2025-05-31 11:00:00] INFO - Successfully added item to results
2025-05-31 11:00:00,582 - INFO - [2025-05-31 11:00:00] INFO - Extracted 'location': Calangute
2025-05-31 11:00:00,611 - INFO - [2025-05-31 11:00:00] INFO - Extracted 'resort ': Hyatt Ronil Goa - a JdV by Hyatt Hotel
2025-05-31 11:00:00,611 - INFO - [2025-05-31 11:00:00] INFO - Successfully added item to results
2025-05-31 11:00:00,625 - INFO - [2025-05-31 11:00:00] INFO - Extracted 'location': Panaji
2025-05-31 11:00:00,641 - INFO - [2025-05-31 11:00:00] INFO - Extracted 'resort ': Taj Cidade de Goa Heritage, Goa
2025-05-31 11:00:00,641 - INFO - [2025-05-31 11:00:00] INFO - Successfully added item to results
2025-05-31 11:00:00,663 - INFO - [2025-05-31 11:00:00] INFO - Extracted 'location': Baga
2025-05-31 11:00:00,677 - INFO - [2025-05-31 11:00:00] INFO - Extracted 'resort ': Radisson Resort Goa Baga
2025-05-31 11:00:00,677 - INFO - [2025-05-31 11:00:00] INFO - Successfully added item to results
2025-05-31 11:00:00,690 - INFO - [2025-05-31 11:00:00] INFO - Extracted 'location': Old Goa
2025-05-31 11:00:00,704 - INFO - [2025-05-31 11:00:00] INFO - Extracted 'resort ': Mercure Goa Devaaya Resort
2025-05-31 11:00:00,705 - INFO - [2025-05-31 11:00:00] INFO - Successfully added item to results
2025-05-31 11:00:00,719 - INFO - [2025-05-31 11:00:00] INFO - Extracted 'location': Mandrem
2025-05-31 11:00:00,733 - INFO - [2025-05-31 11:00:00] INFO - Extracted 'resort ': Larisa Resort Ashwem
2025-05-31 11:00:00,733 - INFO - [2025-05-31 11:00:00] INFO - Successfully added item to results
2025-05-31 11:00:00,747 - INFO - [2025-05-31 11:00:00] INFO - Extracted 'location': Goa Velha
2025-05-31 11:00:00,759 - INFO - [2025-05-31 11:00:00] INFO - Extracted 'resort ': Skon Morjim Beach Resort by Orion Hotels
2025-05-31 11:00:00,759 - INFO - [2025-05-31 11:00:00] INFO - Successfully added item to results
2025-05-31 11:00:00,774 - INFO - [2025-05-31 11:00:00] INFO - Extracted 'location': Candolim
2025-05-31 11:00:00,789 - INFO - [2025-05-31 11:00:00] INFO - Extracted 'resort ': Grand Mercure Goa Candolim - An Accor Hotels Brand
2025-05-31 11:00:00,789 - INFO - [2025-05-31 11:00:00] INFO - Successfully added item to results
2025-05-31 11:00:00,803 - INFO - [2025-05-31 11:00:00] INFO - Extracted 'location': Agonda
2025-05-31 11:00:00,819 - INFO - [2025-05-31 11:00:00] INFO - Extracted 'resort ': The Rose Goa Beach Resort
2025-05-31 11:00:00,819 - INFO - [2025-05-31 11:00:00] INFO - Successfully added item to results
2025-05-31 11:00:00,858 - INFO - [2025-05-31 11:00:00] INFO - Extracted 'location': Candolim
2025-05-31 11:00:00,884 - INFO - [2025-05-31 11:00:00] INFO - Extracted 'resort ': Golden Tulip Candolim, Goa
2025-05-31 11:00:00,884 - INFO - [2025-05-31 11:00:00] INFO - Successfully added item to results
2025-05-31 11:00:00,900 - INFO - [2025-05-31 11:00:00] INFO - Extracted 'location': Moira
2025-05-31 11:00:00,913 - INFO - [2025-05-31 11:00:00] INFO - Extracted 'resort ': Storii By ITC Hotels Moira Riviera
2025-05-31 11:00:00,913 - INFO - [2025-05-31 11:00:00] INFO - Successfully added item to results
2025-05-31 11:00:00,925 - INFO - [2025-05-31 11:00:00] INFO - Extracted 'location': Vagator Beach, Vagator
2025-05-31 11:00:00,940 - INFO - [2025-05-31 11:00:00] INFO - Extracted 'resort ': Alcove Resort Vagator
2025-05-31 11:00:00,940 - INFO - [2025-05-31 11:00:00] INFO - Successfully added item to results
2025-05-31 11:00:00,953 - INFO - [2025-05-31 11:00:00] INFO - Extracted 'location': Panaji
2025-05-31 11:00:00,968 - INFO - [2025-05-31 11:00:00] INFO - Extracted 'resort ': DoubleTree by Hilton Goa - Panaji
2025-05-31 11:00:00,968 - INFO - [2025-05-31 11:00:00] INFO - Successfully added item to results
2025-05-31 11:00:00,983 - INFO - [2025-05-31 11:00:00] INFO - Extracted 'location': Cavelossim Beach, Cavelossim
2025-05-31 11:00:00,997 - INFO - [2025-05-31 11:00:00] INFO - Extracted 'resort ': Holiday Inn Resort Goa by IHG
2025-05-31 11:00:00,997 - INFO - [2025-05-31 11:00:00] INFO - Successfully added item to results
2025-05-31 11:00:01,013 - INFO - [2025-05-31 11:00:01] INFO - Extracted 'location': Calangute Beach, Calangute
2025-05-31 11:00:01,027 - INFO - [2025-05-31 11:00:01] INFO - Extracted 'resort ': Chalston Beach Resort
2025-05-31 11:00:01,027 - INFO - [2025-05-31 11:00:01] INFO - Successfully added item to results
2025-05-31 11:00:01,041 - INFO - [2025-05-31 11:00:01] INFO - Extracted 'location': Baga
2025-05-31 11:00:01,056 - INFO - [2025-05-31 11:00:01] INFO - Extracted 'resort ': Acron Waterfront Resort
2025-05-31 11:00:01,056 - INFO - [2025-05-31 11:00:01] INFO - Successfully added item to results
2025-05-31 11:00:01,069 - INFO - [2025-05-31 11:00:01] INFO - Extracted 'location': Candolim Beach, Candolim
2025-05-31 11:00:01,083 - INFO - [2025-05-31 11:00:01] INFO - Extracted 'resort ': Taj Holiday Village Resort & Spa, Goa
2025-05-31 11:00:01,084 - INFO - [2025-05-31 11:00:01] INFO - Successfully added item to results
2025-05-31 11:00:01,098 - INFO - [2025-05-31 11:00:01] INFO - Extracted 'location': Mandrem Beach , Mandrem
2025-05-31 11:00:01,112 - INFO - [2025-05-31 11:00:01] INFO - Extracted 'resort ': Riva Beach Resort
2025-05-31 11:00:01,112 - INFO - [2025-05-31 11:00:01] INFO - Successfully added item to results
2025-05-31 11:00:01,125 - INFO - [2025-05-31 11:00:01] INFO - Extracted 'location': Colva
2025-05-31 11:00:01,139 - INFO - [2025-05-31 11:00:01] INFO - Extracted 'resort ': Beleza By The Beach
2025-05-31 11:00:01,139 - INFO - [2025-05-31 11:00:01] INFO - Successfully added item to results
2025-05-31 11:00:01,153 - INFO - [2025-05-31 11:00:01] INFO - Extracted 'location': Panaji
2025-05-31 11:00:01,233 - INFO - [2025-05-31 11:00:01] INFO - Extracted 'resort ': Goa Marriott Resort & Spa
2025-05-31 11:00:01,233 - INFO - [2025-05-31 11:00:01] INFO - Successfully added item to results
2025-05-31 11:00:01,264 - INFO - [2025-05-31 11:00:01] INFO - Extracted 'location': Varca Beach, Varca
2025-05-31 11:00:01,279 - INFO - [2025-05-31 11:00:01] INFO - Extracted 'resort ': The Zuri White Sands, Goa Resort & Casino
2025-05-31 11:00:01,279 - INFO - [2025-05-31 11:00:01] INFO - Successfully added item to results
2025-05-31 11:00:01,291 - INFO - [2025-05-31 11:00:01] INFO - Extracted 'location': Palolem Beach, Palolem
2025-05-31 11:00:01,305 - INFO - [2025-05-31 11:00:01] INFO - Extracted 'resort ': Art Resort Goa
2025-05-31 11:00:01,306 - INFO - [2025-05-31 11:00:01] INFO - Successfully added item to results
2025-05-31 11:00:01,320 - INFO - [2025-05-31 11:00:01] INFO - Extracted 'location': Candolim Beach, Candolim
2025-05-31 11:00:01,333 - INFO - [2025-05-31 11:00:01] INFO - Extracted 'resort ': Taj Fort Aguada Resort & Spa, Goa
2025-05-31 11:00:01,333 - INFO - [2025-05-31 11:00:01] INFO - Successfully added item to results
2025-05-31 11:00:01,347 - INFO - [2025-05-31 11:00:01] INFO - Extracted 'location': Canacona
2025-05-31 11:00:01,361 - INFO - [2025-05-31 11:00:01] INFO - Extracted 'resort ': The LaLiT Golf & Spa Resort Goa
2025-05-31 11:00:01,361 - INFO - [2025-05-31 11:00:01] INFO - Successfully added item to results
2025-05-31 11:00:01,374 - INFO - [2025-05-31 11:00:01] INFO - Extracted 'location': Colva Beach, Colva
2025-05-31 11:00:01,388 - INFO - [2025-05-31 11:00:01] INFO - Extracted 'resort ': Soul Vacation Resort and Spa,Colva
2025-05-31 11:00:01,388 - INFO - [2025-05-31 11:00:01] INFO - Successfully added item to results
2025-05-31 11:00:01,402 - INFO - [2025-05-31 11:00:01] INFO - Extracted 'location': Majorda
2025-05-31 11:00:01,415 - INFO - [2025-05-31 11:00:01] INFO - Extracted 'resort ': Diwa Club by Alila - A Hyatt Brand
2025-05-31 11:00:01,415 - INFO - [2025-05-31 11:00:01] INFO - Successfully added item to results
2025-05-31 11:00:01,430 - INFO - [2025-05-31 11:00:01] INFO - Extracted 'location': Vichondrem
2025-05-31 11:00:01,442 - INFO - [2025-05-31 11:00:01] INFO - Extracted 'resort ': The Postcard Hideaway, Netravali Wildlife Sanctuary, Goa
2025-05-31 11:00:01,442 - INFO - [2025-05-31 11:00:01] INFO - Successfully added item to results
2025-05-31 11:00:01,456 - INFO - [2025-05-31 11:00:01] INFO - Extracted 'location': Vagator Beach, Vagator
2025-05-31 11:00:01,469 - INFO - [2025-05-31 11:00:01] INFO - Extracted 'resort ': W Goa
2025-05-31 11:00:01,469 - INFO - [2025-05-31 11:00:01] INFO - Successfully added item to results
2025-05-31 11:00:01,483 - INFO - [2025-05-31 11:00:01] INFO - Extracted 'location': Candolim
2025-05-31 11:00:01,496 - INFO - [2025-05-31 11:00:01] INFO - Extracted 'resort ': Novotel Goa Resort & Spa Candolim
2025-05-31 11:00:01,496 - INFO - [2025-05-31 11:00:01] INFO - Successfully added item to results
2025-05-31 11:00:01,508 - INFO - [2025-05-31 11:00:01] INFO - Extracted 'location': Goa Velha
2025-05-31 11:00:01,524 - INFO - [2025-05-31 11:00:01] INFO - Extracted 'resort ': Thalassa Beach Boutique Resort
2025-05-31 11:00:01,524 - INFO - [2025-05-31 11:00:01] INFO - Successfully added item to results
2025-05-31 11:00:01,538 - INFO - [2025-05-31 11:00:01] INFO - Extracted 'location': Patnem
2025-05-31 11:00:01,551 - INFO - [2025-05-31 11:00:01] INFO - Extracted 'resort ': Palm Trees Ayurvedic Heritage
2025-05-31 11:00:01,551 - INFO - [2025-05-31 11:00:01] INFO - Successfully added item to results
2025-05-31 11:00:01,564 - INFO - [2025-05-31 11:00:01] INFO - Extracted 'location': Varca Beach, Varca
2025-05-31 11:00:01,577 - INFO - [2025-05-31 11:00:01] INFO - Extracted 'resort ': Sterling Goa Varca
2025-05-31 11:00:01,577 - INFO - [2025-05-31 11:00:01] INFO - Successfully added item to results
2025-05-31 11:00:01,590 - INFO - [2025-05-31 11:00:01] INFO - Extracted 'location': Bogmalo
2025-05-31 11:00:01,603 - INFO - [2025-05-31 11:00:01] INFO - Extracted 'resort ': Coconut Creek Resort - Dabolim Airport
2025-05-31 11:00:01,603 - INFO - [2025-05-31 11:00:01] INFO - Successfully added item to results
2025-05-31 11:00:01,618 - INFO - [2025-05-31 11:00:01] INFO - Extracted 'location': Vagator
2025-05-31 11:00:01,631 - INFO - [2025-05-31 11:00:01] INFO - Extracted 'resort ': 3102bce - A Vedic Resort
2025-05-31 11:00:01,631 - INFO - [2025-05-31 11:00:01] INFO - Successfully added item to results
2025-05-31 11:00:01,644 - INFO - [2025-05-31 11:00:01] INFO - Extracted 'location': Calangute Beach, Calangute
2025-05-31 11:00:01,658 - INFO - [2025-05-31 11:00:01] INFO - Extracted 'resort ': Resort Terra Paraiso
2025-05-31 11:00:01,658 - INFO - [2025-05-31 11:00:01] INFO - Successfully added item to results
2025-05-31 11:00:01,675 - INFO - [2025-05-31 11:00:01] INFO - Extracted 'location': Nerul
2025-05-31 11:00:01,691 - INFO - [2025-05-31 11:00:01] INFO - Extracted 'resort ': Ahilya By The Sea
2025-05-31 11:00:01,691 - INFO - [2025-05-31 11:00:01] INFO - Successfully added item to results
2025-05-31 11:00:01,704 - INFO - [2025-05-31 11:00:01] INFO - Extracted 'location': Morjim Beach, Morjim
2025-05-31 11:00:01,718 - INFO - [2025-05-31 11:00:01] INFO - Extracted 'resort ': Montego Bay Beach Village - Morjim
2025-05-31 11:00:01,718 - INFO - [2025-05-31 11:00:01] INFO - Successfully added item to results
2025-05-31 11:00:01,731 - INFO - [2025-05-31 11:00:01] INFO - Extracted 'location': Benaulim
2025-05-31 11:00:01,744 - INFO - [2025-05-31 11:00:01] INFO - Extracted 'resort ': Regenta Beach House Resort, Goa
2025-05-31 11:00:01,744 - INFO - [2025-05-31 11:00:01] INFO - Successfully added item to results
2025-05-31 11:00:01,757 - INFO - [2025-05-31 11:00:01] INFO - Extracted 'location': Agonda
2025-05-31 11:00:01,769 - INFO - [2025-05-31 11:00:01] INFO - Extracted 'resort ': Simrose
2025-05-31 11:00:01,769 - INFO - [2025-05-31 11:00:01] INFO - Successfully added item to results
2025-05-31 11:00:01,784 - INFO - [2025-05-31 11:00:01] INFO - Extracted 'location': Mandrem Beach , Mandrem
2025-05-31 11:00:01,796 - INFO - [2025-05-31 11:00:01] INFO - Extracted 'resort ': Anahata Retreat Beach Front Ashwem Goa
2025-05-31 11:00:01,797 - INFO - [2025-05-31 11:00:01] INFO - Successfully added item to results
2025-05-31 11:00:01,810 - INFO - [2025-05-31 11:00:01] INFO - Extracted 'location': Utorda
2025-05-31 11:00:01,823 - INFO - [2025-05-31 11:00:01] INFO - Extracted 'resort ': Royal Orchid Beach Resort & Spa, Utorda Beach Goa
2025-05-31 11:00:01,823 - INFO - [2025-05-31 11:00:01] INFO - Successfully added item to results
2025-05-31 11:00:01,836 - INFO - [2025-05-31 11:00:01] INFO - Extracted 'location': Benaulim Beach, Benaulim
2025-05-31 11:00:01,850 - INFO - [2025-05-31 11:00:01] INFO - Extracted 'resort ': La Grace Resort
2025-05-31 11:00:01,850 - INFO - [2025-05-31 11:00:01] INFO - Successfully added item to results
2025-05-31 11:00:01,863 - INFO - [2025-05-31 11:00:01] INFO - Extracted 'location': Benaulim Beach, Benaulim
2025-05-31 11:00:01,875 - INFO - [2025-05-31 11:00:01] INFO - Extracted 'resort ': Azaya Beach Resort Goa
2025-05-31 11:00:01,875 - INFO - [2025-05-31 11:00:01] INFO - Successfully added item to results
2025-05-31 11:00:01,888 - INFO - [2025-05-31 11:00:01] INFO - Extracted 'location': Bogmalo
2025-05-31 11:00:01,901 - INFO - [2025-05-31 11:00:01] INFO - Extracted 'resort ': Bogmallo Beach Resort
2025-05-31 11:00:01,901 - INFO - [2025-05-31 11:00:01] INFO - Successfully added item to results
2025-05-31 11:00:01,914 - INFO - [2025-05-31 11:00:01] INFO - Extracted 'location': Candolim
2025-05-31 11:00:01,929 - INFO - [2025-05-31 11:00:01] INFO - Extracted 'resort ': Park Inn by Radisson Goa Candolim
2025-05-31 11:00:01,930 - INFO - [2025-05-31 11:00:01] INFO - Successfully added item to results
2025-05-31 11:00:01,943 - INFO - [2025-05-31 11:00:01] INFO - Extracted 'location': Baga Beach, Baga
2025-05-31 11:00:01,956 - INFO - [2025-05-31 11:00:01] INFO - Extracted 'resort ': Colonia Santa Maria
2025-05-31 11:00:01,956 - INFO - [2025-05-31 11:00:01] INFO - Successfully added item to results
2025-05-31 11:00:01,969 - INFO - [2025-05-31 11:00:01] INFO - Extracted 'location': Calangute
2025-05-31 11:00:01,983 - INFO - [2025-05-31 11:00:01] INFO - Extracted 'resort ': Somy Plaza Calangute Goa - Formerly Somy Resort
2025-05-31 11:00:01,984 - INFO - [2025-05-31 11:00:01] INFO - Successfully added item to results
2025-05-31 11:00:01,997 - INFO - [2025-05-31 11:00:01] INFO - Extracted 'location': Colva Beach, Colva
2025-05-31 11:00:02,009 - INFO - [2025-05-31 11:00:02] INFO - Extracted 'resort ': Sea Queen Beach Resort & Spa
2025-05-31 11:00:02,009 - INFO - [2025-05-31 11:00:02] INFO - Successfully added item to results
2025-05-31 11:00:02,023 - INFO - [2025-05-31 11:00:02] INFO - Extracted 'location': Arpora
2025-05-31 11:00:02,037 - INFO - [2025-05-31 11:00:02] INFO - Extracted 'resort ': Ramada by Wyndham Goa Arpora
2025-05-31 11:00:02,037 - INFO - [2025-05-31 11:00:02] INFO - Successfully added item to results
2025-05-31 11:00:02,052 - INFO - [2025-05-31 11:00:02] INFO - Extracted 'location': Morjim Beach, Morjim
2025-05-31 11:00:02,066 - INFO - [2025-05-31 11:00:02] INFO - Extracted 'resort ': Sibaya Beach Resort, Morjim
2025-05-31 11:00:02,066 - INFO - [2025-05-31 11:00:02] INFO - Successfully added item to results
2025-05-31 11:00:02,080 - INFO - [2025-05-31 11:00:02] INFO - Extracted 'location': Candolim Beach, Candolim
2025-05-31 11:00:02,093 - INFO - [2025-05-31 11:00:02] INFO - Extracted 'resort ': Marquis Beach Resort
2025-05-31 11:00:02,093 - INFO - [2025-05-31 11:00:02] INFO - Successfully added item to results
2025-05-31 11:00:02,106 - INFO - [2025-05-31 11:00:02] INFO - Extracted 'location': Goa
2025-05-31 11:00:02,119 - INFO - [2025-05-31 11:00:02] INFO - Extracted 'resort ': The Kimaya - By the Sea
2025-05-31 11:00:02,119 - INFO - [2025-05-31 11:00:02] INFO - Successfully added item to results
2025-05-31 11:00:02,132 - INFO - [2025-05-31 11:00:02] INFO - Extracted 'location': Candolim
2025-05-31 11:00:02,146 - INFO - [2025-05-31 11:00:02] INFO - Extracted 'resort ': Acron Candolim Regina
2025-05-31 11:00:02,146 - INFO - [2025-05-31 11:00:02] INFO - Successfully added item to results
2025-05-31 11:00:02,158 - INFO - [2025-05-31 11:00:02] INFO - Extracted 'location': Benaulim
2025-05-31 11:00:02,171 - INFO - [2025-05-31 11:00:02] INFO - Extracted 'resort ': Silva Heritage Resort Goa
2025-05-31 11:00:02,171 - INFO - [2025-05-31 11:00:02] INFO - Successfully added item to results
2025-05-31 11:00:02,464 - INFO - [2025-05-31 11:00:02] INFO - 
[SUCCESS] Scraping complete. 59 items saved.
2025-05-31 11:00:02,464 - INFO - [2025-05-31 11:00:02] INFO - Results saved to JSON: output/0ae7992f-83d8-4f55-8885-ac0497c11c6e\scraped_data.json
2025-05-31 11:00:02,464 - INFO - [2025-05-31 11:00:02] INFO - Results saved to Excel: output/0ae7992f-83d8-4f55-8885-ac0497c11c6e\scraped_data.xlsx
2025-05-31 11:00:02,464 - INFO - [2025-05-31 11:00:02] INFO - Scraper completed successfully
