2025-04-23 00:47:46,823 - INFO - [2025-04-23 00:47:46] INFO - Added file handler for log file: output/5d6bf6da-7ff0-44cd-bea7-e394e62f99dd\scraper.log
2025-04-23 00:47:46,823 - INFO - [2025-04-23 00:47:46] INFO - Starting scraper with configuration:
2025-04-23 00:47:46,823 - INFO - [2025-04-23 00:47:46] INFO - base_url: https://www.booking.com/searchresults.html?label=gog235jc-1DCAEoggI46AdIM1gDaGyIAQGYATG4AQfIAQzYAQPoAQH4AQKIAgGoAgO4As_0h8AGwAIB0gIkMzJhOGRkNTItN2Y0NS00OGIyLWI0NDMtOGRjODk1MjQxNDlh2AIE4AIB&aid=397594&ss=Himachal+Pradesh%2C+India&ssne=Uttarakhand&ssne_untouched=Uttarakhand&lang=en-us&src=searchresults&dest_id=3482&dest_type=region&ac_position=1&ac_click_type=b&ac_langcode=en&ac_suggestion_list_length=5&search_selected=true&search_pageview_id=ce3f33fa3adb003e&checkin=2025-04-18&checkout=2025-04-19&group_adults=2&no_rooms=1&group_children=0&nflt=hotelfacility%3D54%3Bht_id%3D206
2025-04-23 00:47:46,823 - INFO - [2025-04-23 00:47:46] INFO - concurrent_settings: {'base_request_delay': 2, 'job_spacing_delay': 3, 'max_concurrent_jobs': 3, 'max_concurrent_requests': 2}
2025-04-23 00:47:46,823 - INFO - [2025-04-23 00:47:46] INFO - container_selector: div.c82435a4b8.a178069f51.a6ae3c2b40
2025-04-23 00:47:46,823 - INFO - [2025-04-23 00:47:46] INFO - initial_wait: 3
2025-04-23 00:47:46,823 - INFO - [2025-04-23 00:47:46] INFO - load_more_selector: 
2025-04-23 00:47:46,823 - INFO - [2025-04-23 00:47:46] INFO - load_more_wait: 3
2025-04-23 00:47:46,823 - INFO - [2025-04-23 00:47:46] INFO - max_pages: 1
2025-04-23 00:47:46,823 - INFO - [2025-04-23 00:47:46] INFO - max_scroll_attempts: 20
2025-04-23 00:47:46,823 - INFO - [2025-04-23 00:47:46] INFO - next_page_selector: 
2025-04-23 00:47:46,823 - INFO - [2025-04-23 00:47:46] INFO - output_excel: output/5d6bf6da-7ff0-44cd-bea7-e394e62f99dd\scraped_data.xlsx
2025-04-23 00:47:46,823 - INFO - [2025-04-23 00:47:46] INFO - output_json: output/5d6bf6da-7ff0-44cd-bea7-e394e62f99dd\scraped_data.json
2025-04-23 00:47:46,823 - INFO - [2025-04-23 00:47:46] INFO - page_wait: 2
2025-04-23 00:47:46,823 - INFO - [2025-04-23 00:47:46] INFO - paginate: False
2025-04-23 00:47:46,823 - INFO - [2025-04-23 00:47:46] INFO - scrape_subpages: False
2025-04-23 00:47:46,823 - INFO - [2025-04-23 00:47:46] INFO - scroll: False
2025-04-23 00:47:46,823 - INFO - [2025-04-23 00:47:46] INFO - scroll_wait: 3
2025-04-23 00:47:46,823 - INFO - [2025-04-23 00:47:46] INFO - start_page: 1
2025-04-23 00:47:46,823 - INFO - [2025-04-23 00:47:46] INFO - subpage_wait: 3
2025-04-23 00:47:46,823 - INFO - [2025-04-23 00:47:46] INFO - job_id: 5d6bf6da-7ff0-44cd-bea7-e394e62f99dd
2025-04-23 00:47:46,823 - INFO - [2025-04-23 00:47:46] INFO - user_id: user_yhb37ahbkv_1745349248925
2025-04-23 00:47:46,823 - INFO - [2025-04-23 00:47:46] INFO - concurrent: True
2025-04-23 00:47:46,823 - INFO - [2025-04-23 00:47:46] INFO - output_dir: output/5d6bf6da-7ff0-44cd-bea7-e394e62f99dd
2025-04-23 00:47:46,823 - INFO - [2025-04-23 00:47:46] INFO - log_file: output/5d6bf6da-7ff0-44cd-bea7-e394e62f99dd\scraper.log
2025-04-23 00:47:46,823 - INFO - [2025-04-23 00:47:46] INFO - request_delay: 6
2025-04-23 00:47:46,823 - INFO - [2025-04-23 00:47:46] INFO - max_concurrent_requests: 2
2025-04-23 00:47:46,823 - INFO - [2025-04-23 00:47:46] INFO - job_start_time: 2025-04-23T00:47:42.501502
2025-04-23 00:47:46,823 - INFO - [2025-04-23 00:47:46] INFO - headless: True
2025-04-23 00:47:46,823 - INFO - [2025-04-23 00:47:46] INFO - Concurrent scraping settings:
2025-04-23 00:47:46,823 - INFO - [2025-04-23 00:47:46] INFO - Job ID: 5d6bf6da-7ff0-44cd-bea7-e394e62f99dd
2025-04-23 00:47:46,823 - INFO - [2025-04-23 00:47:46] INFO - User ID: user_yhb37ahbkv_1745349248925
2025-04-23 00:47:46,823 - INFO - [2025-04-23 00:47:46] INFO - Request delay: 6s
2025-04-23 00:47:46,823 - INFO - [2025-04-23 00:47:46] INFO - Max concurrent requests: 2
2025-04-23 00:47:46,823 - INFO - [2025-04-23 00:47:46] INFO - Concurrent scraping settings:
2025-04-23 00:47:46,823 - INFO - [2025-04-23 00:47:46] INFO - Job ID: 5d6bf6da-7ff0-44cd-bea7-e394e62f99dd
2025-04-23 00:47:46,823 - INFO - [2025-04-23 00:47:46] INFO - User ID: user_yhb37ahbkv_1745349248925
2025-04-23 00:47:46,823 - INFO - [2025-04-23 00:47:46] INFO - Request delay: 6s
2025-04-23 00:47:46,823 - INFO - [2025-04-23 00:47:46] INFO - Max concurrent requests: 2
2025-04-23 00:47:46,823 - INFO - [2025-04-23 00:47:46] INFO - Starting scraper with configuration:
2025-04-23 00:47:46,823 - INFO - [2025-04-23 00:47:46] INFO - {
  "base_url": "https://www.booking.com/searchresults.html?label=gog235jc-1DCAEoggI46AdIM1gDaGyIAQGYATG4AQfIAQzYAQPoAQH4AQKIAgGoAgO4As_0h8AGwAIB0gIkMzJhOGRkNTItN2Y0NS00OGIyLWI0NDMtOGRjODk1MjQxNDlh2AIE4AIB&aid=397594&ss=Himachal+Pradesh%2C+India&ssne=Uttarakhand&ssne_untouched=Uttarakhand&lang=en-us&src=searchresults&dest_id=3482&dest_type=region&ac_position=1&ac_click_type=b&ac_langcode=en&ac_suggestion_list_length=5&search_selected=true&search_pageview_id=ce3f33fa3adb003e&checkin=2025-04-18&checkout=2025-04-19&group_adults=2&no_rooms=1&group_children=0&nflt=hotelfacility%3D54%3Bht_id%3D206",
  "concurrent_settings": {
    "base_request_delay": 2,
    "job_spacing_delay": 3,
    "max_concurrent_jobs": 3,
    "max_concurrent_requests": 2
  },
  "container_selector": "div.c82435a4b8.a178069f51.a6ae3c2b40",
  "initial_wait": 3,
  "load_more_selector": "",
  "load_more_wait": 3,
  "max_pages": 1,
  "max_scroll_attempts": 20,
  "next_page_selector": "",
  "output_excel": "output/5d6bf6da-7ff0-44cd-bea7-e394e62f99dd\\scraped_data.xlsx",
  "output_json": "output/5d6bf6da-7ff0-44cd-bea7-e394e62f99dd\\scraped_data.json",
  "page_wait": 2,
  "paginate": false,
  "scrape_subpages": false,
  "scroll": false,
  "scroll_wait": 3,
  "start_page": 1,
  "subpage_wait": 3,
  "job_id": "5d6bf6da-7ff0-44cd-bea7-e394e62f99dd",
  "user_id": "user_yhb37ahbkv_1745349248925",
  "concurrent": true,
  "output_dir": "output/5d6bf6da-7ff0-44cd-bea7-e394e62f99dd",
  "log_file": "output/5d6bf6da-7ff0-44cd-bea7-e394e62f99dd\\scraper.log",
  "request_delay": 6,
  "max_concurrent_requests": 2,
  "job_start_time": "2025-04-23T00:47:42.501502",
  "headless": true
}
2025-04-23 00:47:46,823 - INFO - [2025-04-23 00:47:46] INFO - Attempting to use undetected-chromedriver...
2025-04-23 00:47:51,580 - INFO - [2025-04-23 00:47:51] INFO - Successfully initialized Chrome with undetected-chromedriver
2025-04-23 00:47:51,580 - INFO - [2025-04-23 00:47:51] INFO - Job started for user user_yhb37ahbkv_1745349248925 (Job ID: 5d6bf6da-7ff0-44cd-bea7-e394e62f99dd)
2025-04-23 00:47:51,580 - INFO - [2025-04-23 00:47:51] INFO - Phase 1: Collecting main fields and links from all pages...
2025-04-23 00:47:54,681 - INFO - [2025-04-23 00:47:54] INFO - Navigated to base URL: https://www.booking.com/searchresults.html?label=gog235jc-1DCAEoggI46AdIM1gDaGyIAQGYATG4AQfIAQzYAQPoAQH4AQKIAgGoAgO4As_0h8AGwAIB0gIkMzJhOGRkNTItN2Y0NS00OGIyLWI0NDMtOGRjODk1MjQxNDlh2AIE4AIB&aid=397594&ss=Himachal+Pradesh%2C+India&ssne=Uttarakhand&ssne_untouched=Uttarakhand&lang=en-us&src=searchresults&dest_id=3482&dest_type=region&ac_position=1&ac_click_type=b&ac_langcode=en&ac_suggestion_list_length=5&search_selected=true&search_pageview_id=ce3f33fa3adb003e&checkin=2025-04-18&checkout=2025-04-19&group_adults=2&no_rooms=1&group_children=0&nflt=hotelfacility%3D54%3Bht_id%3D206
2025-04-23 00:48:15,971 - INFO - [2025-04-23 00:48:15] INFO - Scraping main fields from page 1...
2025-04-23 00:48:16,004 - INFO - [2025-04-23 00:48:16] INFO - Found 25 items on page 1
2025-04-23 00:48:16,085 - INFO - [2025-04-23 00:48:16] INFO - Extracted 'resorts': WelcomHeritage Parv Vilas Resort & Spa
2025-04-23 00:48:16,155 - INFO - [2025-04-23 00:48:16] INFO - Extracted 'resorts': Jannat Resort and Spa Manali A Centrally Heated Himalayas View Resort
2025-04-23 00:48:16,211 - INFO - [2025-04-23 00:48:16] INFO - Extracted 'resorts': Indraprastha Spa Resort
2025-04-23 00:48:16,282 - INFO - [2025-04-23 00:48:16] INFO - Extracted 'resorts': Hyatt Regency Dharamshala Resort
2025-04-23 00:48:16,317 - INFO - [2025-04-23 00:48:16] INFO - Extracted 'resorts': Marigold Sarovar Portico Shimla
2025-04-23 00:48:16,352 - INFO - [2025-04-23 00:48:16] INFO - Extracted 'resorts': Chillaru Spa & Resort
2025-04-23 00:48:16,397 - INFO - [2025-04-23 00:48:16] INFO - Extracted 'resorts': Storii By ITC Hotels, Amoha Retreat Dharamshala
2025-04-23 00:48:16,441 - INFO - [2025-04-23 00:48:16] INFO - Extracted 'resorts': Taj Theog Resort & Spa Shimla
2025-04-23 00:48:16,476 - INFO - [2025-04-23 00:48:16] INFO - Extracted 'resorts': Regenta Resort & Spa Mashobra
2025-04-23 00:48:16,510 - INFO - [2025-04-23 00:48:16] INFO - Extracted 'resorts': Araiya Palampur
2025-04-23 00:48:16,553 - INFO - [2025-04-23 00:48:16] INFO - Extracted 'resorts': Anantam Resort & Spa
2025-04-23 00:48:16,596 - INFO - [2025-04-23 00:48:16] INFO - Extracted 'resorts': Span Resort and Spa, Manali
2025-04-23 00:48:16,626 - INFO - [2025-04-23 00:48:16] INFO - Extracted 'resorts': Manuallaya The Resort & Spa
2025-04-23 00:48:16,659 - INFO - [2025-04-23 00:48:16] INFO - Extracted 'resorts': The Mōcana Himalayas, Shimla
2025-04-23 00:48:16,693 - INFO - [2025-04-23 00:48:16] INFO - Extracted 'resorts': Deventure Shimla Hills
2025-04-23 00:48:16,727 - INFO - [2025-04-23 00:48:16] INFO - Extracted 'resorts': The Anantmaya Resort
2025-04-23 00:48:16,759 - INFO - [2025-04-23 00:48:16] INFO - Extracted 'resorts': juSTa Cliffend Resort & Spa, Mashobra
2025-04-23 00:48:16,810 - INFO - [2025-04-23 00:48:16] INFO - Extracted 'resorts': Moksha Himalaya Spa Resort
2025-04-23 00:48:16,858 - INFO - [2025-04-23 00:48:16] INFO - Extracted 'resorts': Snow Flakes Resort And Spa Centrally Heated Luxury Resort
2025-04-23 00:48:16,903 - INFO - [2025-04-23 00:48:16] INFO - Extracted 'resorts': Sterling Kufri
2025-04-23 00:48:16,949 - INFO - [2025-04-23 00:48:16] INFO - Extracted 'resorts': Cassia Resort, Kasauli
2025-04-23 00:48:16,993 - INFO - [2025-04-23 00:48:16] INFO - Extracted 'resorts': Club Mahindra Mashobra
2025-04-23 00:48:17,025 - INFO - [2025-04-23 00:48:17] INFO - Extracted 'resorts': The Fern Surya Resort Kasauli Hills, Dharampur
2025-04-23 00:48:17,060 - INFO - [2025-04-23 00:48:17] INFO - Extracted 'resorts': juSTa Birding Resort & Spa - Best Dhauladhar View Resort
2025-04-23 00:48:17,093 - INFO - [2025-04-23 00:48:17] INFO - Extracted 'resorts': Toshali Royal View ,S H I M L A
2025-04-23 00:48:18,003 - INFO - [2025-04-23 00:48:18] INFO - 
[SUCCESS] Scraping complete. 25 items saved.
2025-04-23 00:48:18,003 - INFO - [2025-04-23 00:48:18] INFO - Results saved to JSON: output/5d6bf6da-7ff0-44cd-bea7-e394e62f99dd\scraped_data.json
2025-04-23 00:48:18,003 - INFO - [2025-04-23 00:48:18] INFO - Results saved to Excel: output/5d6bf6da-7ff0-44cd-bea7-e394e62f99dd\scraped_data.xlsx
