2025-04-22 12:08:37,342 - INFO - [2025-04-22 12:08:37] INFO - Added file handler for log file: output/495c18d5-6c96-4e53-b36e-663400fb5baa\scraper.log
2025-04-22 12:08:37,342 - INFO - [2025-04-22 12:08:37] INFO - Starting scraper with configuration:
2025-04-22 12:08:37,342 - INFO - [2025-04-22 12:08:37] INFO - base_url: https://www.griclub.org/program/participants/empowered-by-gcc-global-capital-connectors-series_1810
2025-04-22 12:08:37,343 - INFO - [2025-04-22 12:08:37] INFO - concurrent_settings: {'base_request_delay': 2, 'job_spacing_delay': 3, 'max_concurrent_jobs': 3, 'max_concurrent_requests': 2}
2025-04-22 12:08:37,343 - INFO - [2025-04-22 12:08:37] INFO - container_selector: div.member-card__body
2025-04-22 12:08:37,343 - INFO - [2025-04-22 12:08:37] INFO - initial_wait: 10
2025-04-22 12:08:37,343 - INFO - [2025-04-22 12:08:37] INFO - load_more_selector: 
2025-04-22 12:08:37,343 - INFO - [2025-04-22 12:08:37] INFO - load_more_wait: 3
2025-04-22 12:08:37,343 - INFO - [2025-04-22 12:08:37] INFO - max_pages: 1
2025-04-22 12:08:37,343 - INFO - [2025-04-22 12:08:37] INFO - max_scroll_attempts: 20
2025-04-22 12:08:37,343 - INFO - [2025-04-22 12:08:37] INFO - next_page_selector: 
2025-04-22 12:08:37,343 - INFO - [2025-04-22 12:08:37] INFO - output_excel: output/495c18d5-6c96-4e53-b36e-663400fb5baa\scraped_data.xlsx
2025-04-22 12:08:37,343 - INFO - [2025-04-22 12:08:37] INFO - output_json: output/495c18d5-6c96-4e53-b36e-663400fb5baa\scraped_data.json
2025-04-22 12:08:37,343 - INFO - [2025-04-22 12:08:37] INFO - page_wait: 2
2025-04-22 12:08:37,344 - INFO - [2025-04-22 12:08:37] INFO - paginate: False
2025-04-22 12:08:37,344 - INFO - [2025-04-22 12:08:37] INFO - scrape_subpages: False
2025-04-22 12:08:37,344 - INFO - [2025-04-22 12:08:37] INFO - scroll: False
2025-04-22 12:08:37,344 - INFO - [2025-04-22 12:08:37] INFO - scroll_wait: 3
2025-04-22 12:08:37,344 - INFO - [2025-04-22 12:08:37] INFO - start_page: 1
2025-04-22 12:08:37,344 - INFO - [2025-04-22 12:08:37] INFO - subpage_wait: 3
2025-04-22 12:08:37,344 - INFO - [2025-04-22 12:08:37] INFO - job_id: 495c18d5-6c96-4e53-b36e-663400fb5baa
2025-04-22 12:08:37,344 - INFO - [2025-04-22 12:08:37] INFO - user_id: ang9rlp5bbn
2025-04-22 12:08:37,344 - INFO - [2025-04-22 12:08:37] INFO - concurrent: True
2025-04-22 12:08:37,344 - INFO - [2025-04-22 12:08:37] INFO - output_dir: output/495c18d5-6c96-4e53-b36e-663400fb5baa
2025-04-22 12:08:37,344 - INFO - [2025-04-22 12:08:37] INFO - log_file: output/495c18d5-6c96-4e53-b36e-663400fb5baa\scraper.log
2025-04-22 12:08:37,344 - INFO - [2025-04-22 12:08:37] INFO - request_delay: 4
2025-04-22 12:08:37,344 - INFO - [2025-04-22 12:08:37] INFO - max_concurrent_requests: 2
2025-04-22 12:08:37,344 - INFO - [2025-04-22 12:08:37] INFO - job_start_time: 2025-04-22T12:08:31.828648
2025-04-22 12:08:37,344 - INFO - [2025-04-22 12:08:37] INFO - headless: True
2025-04-22 12:08:37,345 - INFO - [2025-04-22 12:08:37] INFO - Concurrent scraping settings:
2025-04-22 12:08:37,345 - INFO - [2025-04-22 12:08:37] INFO - Job ID: 495c18d5-6c96-4e53-b36e-663400fb5baa
2025-04-22 12:08:37,345 - INFO - [2025-04-22 12:08:37] INFO - User ID: ang9rlp5bbn
2025-04-22 12:08:37,345 - INFO - [2025-04-22 12:08:37] INFO - Request delay: 4s
2025-04-22 12:08:37,345 - INFO - [2025-04-22 12:08:37] INFO - Max concurrent requests: 2
2025-04-22 12:08:37,345 - INFO - [2025-04-22 12:08:37] INFO - Concurrent scraping settings:
2025-04-22 12:08:37,345 - INFO - [2025-04-22 12:08:37] INFO - Job ID: 495c18d5-6c96-4e53-b36e-663400fb5baa
2025-04-22 12:08:37,345 - INFO - [2025-04-22 12:08:37] INFO - User ID: ang9rlp5bbn
2025-04-22 12:08:37,345 - INFO - [2025-04-22 12:08:37] INFO - Request delay: 4s
2025-04-22 12:08:37,345 - INFO - [2025-04-22 12:08:37] INFO - Max concurrent requests: 2
2025-04-22 12:08:37,345 - INFO - [2025-04-22 12:08:37] INFO - Starting scraper with configuration:
2025-04-22 12:08:37,345 - INFO - [2025-04-22 12:08:37] INFO - {
  "base_url": "https://www.griclub.org/program/participants/empowered-by-gcc-global-capital-connectors-series_1810",
  "concurrent_settings": {
    "base_request_delay": 2,
    "job_spacing_delay": 3,
    "max_concurrent_jobs": 3,
    "max_concurrent_requests": 2
  },
  "container_selector": "div.member-card__body",
  "initial_wait": 10,
  "load_more_selector": "",
  "load_more_wait": 3,
  "max_pages": 1,
  "max_scroll_attempts": 20,
  "next_page_selector": "",
  "output_excel": "output/495c18d5-6c96-4e53-b36e-663400fb5baa\\scraped_data.xlsx",
  "output_json": "output/495c18d5-6c96-4e53-b36e-663400fb5baa\\scraped_data.json",
  "page_wait": 2,
  "paginate": false,
  "scrape_subpages": false,
  "scroll": false,
  "scroll_wait": 3,
  "start_page": 1,
  "subpage_wait": 3,
  "job_id": "495c18d5-6c96-4e53-b36e-663400fb5baa",
  "user_id": "ang9rlp5bbn",
  "concurrent": true,
  "output_dir": "output/495c18d5-6c96-4e53-b36e-663400fb5baa",
  "log_file": "output/495c18d5-6c96-4e53-b36e-663400fb5baa\\scraper.log",
  "request_delay": 4,
  "max_concurrent_requests": 2,
  "job_start_time": "2025-04-22T12:08:31.828648",
  "headless": true
}
2025-04-22 12:08:37,345 - INFO - [2025-04-22 12:08:37] INFO - Attempting to use undetected-chromedriver...
2025-04-22 12:08:45,936 - INFO - [2025-04-22 12:08:45] INFO - Successfully initialized Chrome with undetected-chromedriver
2025-04-22 12:08:45,936 - INFO - [2025-04-22 12:08:45] INFO - Job started for user ang9rlp5bbn (Job ID: 495c18d5-6c96-4e53-b36e-663400fb5baa)
2025-04-22 12:08:45,936 - INFO - [2025-04-22 12:08:45] INFO - Phase 1: Collecting main fields and links from all pages...
2025-04-22 12:08:58,610 - INFO - [2025-04-22 12:08:58] INFO - Navigated to base URL: https://www.griclub.org/program/participants/empowered-by-gcc-global-capital-connectors-series_1810
2025-04-22 12:09:02,627 - INFO - [2025-04-22 12:09:02] INFO - Scraping main fields from page 1...
2025-04-22 12:09:02,651 - INFO - [2025-04-22 12:09:02] INFO - Found 30 items on page 1
2025-04-22 12:09:02,693 - INFO - [2025-04-22 12:09:02] INFO - Extracted 'name': Abdul Wahab Al Halabi
2025-04-22 12:09:02,725 - INFO - [2025-04-22 12:09:02] INFO - Extracted 'name': Adam Sadiq
2025-04-22 12:09:02,749 - INFO - [2025-04-22 12:09:02] INFO - Extracted 'name': Adnan Ozair
2025-04-22 12:09:02,773 - INFO - [2025-04-22 12:09:02] INFO - Extracted 'name': Ahmed El Rabbat
2025-04-22 12:09:02,819 - INFO - [2025-04-22 12:09:02] INFO - Extracted 'name': Ahmed Nasser Al Nowais
2025-04-22 12:09:02,853 - INFO - [2025-04-22 12:09:02] INFO - Extracted 'name': Aidan Gallagher
2025-04-22 12:09:02,881 - INFO - [2025-04-22 12:09:02] INFO - Extracted 'name': Aisha Al Hosani
2025-04-22 12:09:02,903 - INFO - [2025-04-22 12:09:02] INFO - Extracted 'name': Ajay Rajendran
2025-04-22 12:09:02,927 - INFO - [2025-04-22 12:09:02] INFO - Extracted 'name': Alberto López Balbas
2025-04-22 12:09:02,945 - INFO - [2025-04-22 12:09:02] INFO - Extracted 'name': Aleem Siddiqui
2025-04-22 12:09:02,968 - INFO - [2025-04-22 12:09:02] INFO - Extracted 'name': Alexandre Martin
2025-04-22 12:09:02,989 - INFO - [2025-04-22 12:09:02] INFO - Extracted 'name': Alexi Antolovich
2025-04-22 12:09:03,007 - INFO - [2025-04-22 12:09:03] INFO - Extracted 'name': Allen Chilten
2025-04-22 12:09:03,032 - INFO - [2025-04-22 12:09:03] INFO - Extracted 'name': Amit Goenka
2025-04-22 12:09:03,055 - INFO - [2025-04-22 12:09:03] INFO - Extracted 'name': Ammar Baroum
2025-04-22 12:09:03,072 - INFO - [2025-04-22 12:09:03] INFO - Extracted 'name': Anand Lakhotia
2025-04-22 12:09:03,098 - INFO - [2025-04-22 12:09:03] INFO - Extracted 'name': Anand Mirchandani
2025-04-22 12:09:03,120 - INFO - [2025-04-22 12:09:03] INFO - Extracted 'name': Anastasia Panina
2025-04-22 12:09:03,142 - INFO - [2025-04-22 12:09:03] INFO - Extracted 'name': Angad Bedi
2025-04-22 12:09:03,164 - INFO - [2025-04-22 12:09:03] INFO - Extracted 'name': Angad Bilochpura
2025-04-22 12:09:03,183 - INFO - [2025-04-22 12:09:03] INFO - Extracted 'name': Anna Shishkareva
2025-04-22 12:09:03,205 - INFO - [2025-04-22 12:09:03] INFO - Extracted 'name': Anshu Kapoor
2025-04-22 12:09:03,231 - INFO - [2025-04-22 12:09:03] INFO - Extracted 'name': Anthony Mohr
2025-04-22 12:09:03,249 - INFO - [2025-04-22 12:09:03] INFO - Extracted 'name': António Pereira Dias
2025-04-22 12:09:03,274 - INFO - [2025-04-22 12:09:03] INFO - Extracted 'name': Aparna Verma
2025-04-22 12:09:03,298 - INFO - [2025-04-22 12:09:03] INFO - Extracted 'name': Arvi Luoma
2025-04-22 12:09:03,316 - INFO - [2025-04-22 12:09:03] INFO - Extracted 'name': Arvind Ramamurthy
2025-04-22 12:09:03,341 - INFO - [2025-04-22 12:09:03] INFO - Extracted 'name': Asad Rahman
2025-04-22 12:09:03,360 - INFO - [2025-04-22 12:09:03] INFO - Extracted 'name': Ashish Khandelia
2025-04-22 12:09:03,382 - INFO - [2025-04-22 12:09:03] INFO - Extracted 'name': Audrey Klein
2025-04-22 12:09:03,895 - INFO - [2025-04-22 12:09:03] INFO - 
[SUCCESS] Scraping complete. 30 items saved.
2025-04-22 12:09:03,896 - INFO - [2025-04-22 12:09:03] INFO - Results saved to JSON: output/495c18d5-6c96-4e53-b36e-663400fb5baa\scraped_data.json
2025-04-22 12:09:03,896 - INFO - [2025-04-22 12:09:03] INFO - Results saved to Excel: output/495c18d5-6c96-4e53-b36e-663400fb5baa\scraped_data.xlsx
