2025-04-24 15:52:40,716 - INFO - [2025-04-24 15:52:40] INFO - Added file handler for log file: output/bf943247-a9b6-4bdb-938d-ac9ddab73674\scraper.log
2025-04-24 15:52:40,716 - INFO - [2025-04-24 15:52:40] INFO - Starting scraper with configuration:
2025-04-24 15:52:40,716 - INFO - [2025-04-24 15:52:40] INFO - base_url: https://giohis.com/speakers/
2025-04-24 15:52:40,716 - INFO - [2025-04-24 15:52:40] INFO - concurrent_settings: {'base_request_delay': 2, 'job_spacing_delay': 3, 'max_concurrent_jobs': 3, 'max_concurrent_requests': 2}
2025-04-24 15:52:40,716 - INFO - [2025-04-24 15:52:40] INFO - container_selector: div.attendee_wrap.clearfix
2025-04-24 15:52:40,716 - INFO - [2025-04-24 15:52:40] INFO - initial_wait: 3
2025-04-24 15:52:40,716 - INFO - [2025-04-24 15:52:40] INFO - load_more_selector: 
2025-04-24 15:52:40,716 - INFO - [2025-04-24 15:52:40] INFO - load_more_wait: 3
2025-04-24 15:52:40,716 - INFO - [2025-04-24 15:52:40] INFO - max_pages: 1
2025-04-24 15:52:40,716 - INFO - [2025-04-24 15:52:40] INFO - max_scroll_attempts: 20
2025-04-24 15:52:40,716 - INFO - [2025-04-24 15:52:40] INFO - next_page_selector: 
2025-04-24 15:52:40,716 - INFO - [2025-04-24 15:52:40] INFO - output_excel: output/bf943247-a9b6-4bdb-938d-ac9ddab73674\scraped_data.xlsx
2025-04-24 15:52:40,716 - INFO - [2025-04-24 15:52:40] INFO - output_json: output/bf943247-a9b6-4bdb-938d-ac9ddab73674\scraped_data.json
2025-04-24 15:52:40,716 - INFO - [2025-04-24 15:52:40] INFO - page_wait: 2
2025-04-24 15:52:40,716 - INFO - [2025-04-24 15:52:40] INFO - paginate: False
2025-04-24 15:52:40,722 - INFO - [2025-04-24 15:52:40] INFO - scrape_subpages: False
2025-04-24 15:52:40,722 - INFO - [2025-04-24 15:52:40] INFO - scroll: False
2025-04-24 15:52:40,722 - INFO - [2025-04-24 15:52:40] INFO - scroll_wait: 3
2025-04-24 15:52:40,722 - INFO - [2025-04-24 15:52:40] INFO - start_page: 1
2025-04-24 15:52:40,722 - INFO - [2025-04-24 15:52:40] INFO - subpage_wait: 3
2025-04-24 15:52:40,722 - INFO - [2025-04-24 15:52:40] INFO - job_id: bf943247-a9b6-4bdb-938d-ac9ddab73674
2025-04-24 15:52:40,723 - INFO - [2025-04-24 15:52:40] INFO - user_id: user_39t1zchvlyy_1745489851698
2025-04-24 15:52:40,723 - INFO - [2025-04-24 15:52:40] INFO - concurrent: True
2025-04-24 15:52:40,723 - INFO - [2025-04-24 15:52:40] INFO - output_dir: output/bf943247-a9b6-4bdb-938d-ac9ddab73674
2025-04-24 15:52:40,723 - INFO - [2025-04-24 15:52:40] INFO - log_file: output/bf943247-a9b6-4bdb-938d-ac9ddab73674\scraper.log
2025-04-24 15:52:40,723 - INFO - [2025-04-24 15:52:40] INFO - request_delay: 4
2025-04-24 15:52:40,723 - INFO - [2025-04-24 15:52:40] INFO - max_concurrent_requests: 2
2025-04-24 15:52:40,723 - INFO - [2025-04-24 15:52:40] INFO - job_start_time: 2025-04-24T15:52:36.194962
2025-04-24 15:52:40,723 - INFO - [2025-04-24 15:52:40] INFO - headless: True
2025-04-24 15:52:40,723 - INFO - [2025-04-24 15:52:40] INFO - Concurrent scraping settings:
2025-04-24 15:52:40,723 - INFO - [2025-04-24 15:52:40] INFO - Job ID: bf943247-a9b6-4bdb-938d-ac9ddab73674
2025-04-24 15:52:40,723 - INFO - [2025-04-24 15:52:40] INFO - User ID: user_39t1zchvlyy_1745489851698
2025-04-24 15:52:40,723 - INFO - [2025-04-24 15:52:40] INFO - Request delay: 4s
2025-04-24 15:52:40,723 - INFO - [2025-04-24 15:52:40] INFO - Max concurrent requests: 2
2025-04-24 15:52:40,723 - INFO - [2025-04-24 15:52:40] INFO - Concurrent scraping settings:
2025-04-24 15:52:40,723 - INFO - [2025-04-24 15:52:40] INFO - Job ID: bf943247-a9b6-4bdb-938d-ac9ddab73674
2025-04-24 15:52:40,723 - INFO - [2025-04-24 15:52:40] INFO - User ID: user_39t1zchvlyy_1745489851698
2025-04-24 15:52:40,723 - INFO - [2025-04-24 15:52:40] INFO - Request delay: 4s
2025-04-24 15:52:40,723 - INFO - [2025-04-24 15:52:40] INFO - Max concurrent requests: 2
2025-04-24 15:52:40,723 - INFO - [2025-04-24 15:52:40] INFO - Starting scraper with configuration:
2025-04-24 15:52:40,723 - INFO - [2025-04-24 15:52:40] INFO - {
  "base_url": "https://giohis.com/speakers/",
  "concurrent_settings": {
    "base_request_delay": 2,
    "job_spacing_delay": 3,
    "max_concurrent_jobs": 3,
    "max_concurrent_requests": 2
  },
  "container_selector": "div.attendee_wrap.clearfix",
  "initial_wait": 3,
  "load_more_selector": "",
  "load_more_wait": 3,
  "max_pages": 1,
  "max_scroll_attempts": 20,
  "next_page_selector": "",
  "output_excel": "output/bf943247-a9b6-4bdb-938d-ac9ddab73674\\scraped_data.xlsx",
  "output_json": "output/bf943247-a9b6-4bdb-938d-ac9ddab73674\\scraped_data.json",
  "page_wait": 2,
  "paginate": false,
  "scrape_subpages": false,
  "scroll": false,
  "scroll_wait": 3,
  "start_page": 1,
  "subpage_wait": 3,
  "job_id": "bf943247-a9b6-4bdb-938d-ac9ddab73674",
  "user_id": "user_39t1zchvlyy_1745489851698",
  "concurrent": true,
  "output_dir": "output/bf943247-a9b6-4bdb-938d-ac9ddab73674",
  "log_file": "output/bf943247-a9b6-4bdb-938d-ac9ddab73674\\scraper.log",
  "request_delay": 4,
  "max_concurrent_requests": 2,
  "job_start_time": "2025-04-24T15:52:36.194962",
  "headless": true
}
2025-04-24 15:52:41,131 - INFO - [2025-04-24 15:52:41] INFO - Detected Chrome version: 135.0.7049.114
2025-04-24 15:52:44,482 - INFO - [2025-04-24 15:52:44] INFO - Successfully initialized Chrome driver with version 135.0.0
2025-04-24 15:52:44,482 - INFO - [2025-04-24 15:52:44] INFO - Job started for user user_39t1zchvlyy_1745489851698 (Job ID: bf943247-a9b6-4bdb-938d-ac9ddab73674)
2025-04-24 15:52:44,482 - INFO - [2025-04-24 15:52:44] INFO - Phase 1: Collecting main fields and links from all pages...
2025-04-24 15:52:47,026 - INFO - [2025-04-24 15:52:47] INFO - Navigated to base URL: https://giohis.com/speakers/
2025-04-24 15:52:51,064 - INFO - [2025-04-24 15:52:51] INFO - Scraping main fields from page 1...
2025-04-24 15:52:51,093 - INFO - [2025-04-24 15:52:51] INFO - Found 30 items on page 1
2025-04-24 15:52:51,580 - INFO - [2025-04-24 15:52:51] INFO - 
[SUCCESS] Scraping complete. 30 items saved.
2025-04-24 15:52:51,580 - INFO - [2025-04-24 15:52:51] INFO - Results saved to JSON: output/bf943247-a9b6-4bdb-938d-ac9ddab73674\scraped_data.json
2025-04-24 15:52:51,580 - INFO - [2025-04-24 15:52:51] INFO - Results saved to Excel: output/bf943247-a9b6-4bdb-938d-ac9ddab73674\scraped_data.xlsx
2025-04-24 15:52:51,580 - INFO - [2025-04-24 15:52:51] INFO - Scraper completed successfully
2025-04-24 15:52:51,580 - INFO - [2025-04-24 15:52:51] INFO - Cleaning up driver after successful scraping...
2025-04-24 15:52:51,697 - INFO - [2025-04-24 15:52:51] INFO - Successfully closed browser window
2025-04-24 15:52:53,786 - INFO - [2025-04-24 15:52:53] INFO - Successfully quit driver
2025-04-24 15:52:54,401 - INFO - [2025-04-24 15:52:54] INFO - Killed 18 remaining Chrome processes
