2025-05-31 10:00:17,693 - INFO - [2025-05-31 10:00:17] INFO - Added file handler for log file: output/d0c664ab-a4d2-4ff2-ba23-19539791fbf6\scraper.log
2025-05-31 10:00:17,694 - INFO - [2025-05-31 10:00:17] INFO - Starting scraper with configuration:
2025-05-31 10:00:17,694 - INFO - [2025-05-31 10:00:17] INFO - base_url: https://www.booking.com/searchresults.html?label=gog235jc-1DCAEoggI46AdIM1gDaGyIAQGYATG4AQfIAQzYAQPoAQH4AQKIAgGoAgO4As_0h8AGwAIB0gIkMzJhOGRkNTItN2Y0NS00OGIyLWI0NDMtOGRjODk1MjQxNDlh2AIE4AIB&aid=397594&ss=Goa%2C%20India&efdco=1&lang=en-us&src=index&dest_id=4127&dest_type=region&group_adults=2&no_rooms=1&group_children=0&nflt=ht_id%3D206%3Bhotelfacility%3D54
2025-05-31 10:00:17,694 - INFO - [2025-05-31 10:00:17] INFO - concurrent_settings: {'base_request_delay': 2, 'job_spacing_delay': 3, 'max_concurrent_jobs': 3, 'max_concurrent_requests': 2}
2025-05-31 10:00:17,694 - INFO - [2025-05-31 10:00:17] INFO - container_selector: div.aa97d6032f
2025-05-31 10:00:17,694 - INFO - [2025-05-31 10:00:17] INFO - initial_wait: 5
2025-05-31 10:00:17,694 - INFO - [2025-05-31 10:00:17] INFO - load_more_selector: button.de576f5064.b46cd7aad7.d0a01e3d83.dda427e6b5.bbf83acb81.a0ddd706cc
2025-05-31 10:00:17,694 - INFO - [2025-05-31 10:00:17] INFO - load_more_wait: 10
2025-05-31 10:00:17,694 - INFO - [2025-05-31 10:00:17] INFO - max_pages: 1
2025-05-31 10:00:17,694 - INFO - [2025-05-31 10:00:17] INFO - max_scroll_attempts: 50
2025-05-31 10:00:17,694 - INFO - [2025-05-31 10:00:17] INFO - next_page_selector: 
2025-05-31 10:00:17,694 - INFO - [2025-05-31 10:00:17] INFO - output_excel: output/d0c664ab-a4d2-4ff2-ba23-19539791fbf6\scraped_data.xlsx
2025-05-31 10:00:17,695 - INFO - [2025-05-31 10:00:17] INFO - output_json: output/d0c664ab-a4d2-4ff2-ba23-19539791fbf6\scraped_data.json
2025-05-31 10:00:17,695 - INFO - [2025-05-31 10:00:17] INFO - page_wait: 2
2025-05-31 10:00:17,695 - INFO - [2025-05-31 10:00:17] INFO - paginate: False
2025-05-31 10:00:17,695 - INFO - [2025-05-31 10:00:17] INFO - scrape_subpages: False
2025-05-31 10:00:17,695 - INFO - [2025-05-31 10:00:17] INFO - scroll: True
2025-05-31 10:00:17,695 - INFO - [2025-05-31 10:00:17] INFO - scroll_wait: 10
2025-05-31 10:00:17,695 - INFO - [2025-05-31 10:00:17] INFO - start_page: 1
2025-05-31 10:00:17,696 - INFO - [2025-05-31 10:00:17] INFO - subpage_wait: 3
2025-05-31 10:00:17,696 - INFO - [2025-05-31 10:00:17] INFO - job_id: d0c664ab-a4d2-4ff2-ba23-19539791fbf6
2025-05-31 10:00:17,696 - INFO - [2025-05-31 10:00:17] INFO - user_id: user_l8tq82mtc4d_1748601150733
2025-05-31 10:00:17,696 - INFO - [2025-05-31 10:00:17] INFO - concurrent: True
2025-05-31 10:00:17,696 - INFO - [2025-05-31 10:00:17] INFO - output_dir: output/d0c664ab-a4d2-4ff2-ba23-19539791fbf6
2025-05-31 10:00:17,696 - INFO - [2025-05-31 10:00:17] INFO - log_file: output/d0c664ab-a4d2-4ff2-ba23-19539791fbf6\scraper.log
2025-05-31 10:00:17,696 - INFO - [2025-05-31 10:00:17] INFO - request_delay: 4
2025-05-31 10:00:17,696 - INFO - [2025-05-31 10:00:17] INFO - max_concurrent_requests: 2
2025-05-31 10:00:17,696 - INFO - [2025-05-31 10:00:17] INFO - job_start_time: 2025-05-31T10:00:16.153078
2025-05-31 10:00:17,696 - INFO - [2025-05-31 10:00:17] INFO - headless: True
2025-05-31 10:00:17,696 - INFO - [2025-05-31 10:00:17] INFO - Concurrent scraping settings:
2025-05-31 10:00:17,696 - INFO - [2025-05-31 10:00:17] INFO - Job ID: d0c664ab-a4d2-4ff2-ba23-19539791fbf6
2025-05-31 10:00:17,696 - INFO - [2025-05-31 10:00:17] INFO - User ID: user_l8tq82mtc4d_1748601150733
2025-05-31 10:00:17,696 - INFO - [2025-05-31 10:00:17] INFO - Request delay: 4s
2025-05-31 10:00:17,696 - INFO - [2025-05-31 10:00:17] INFO - Max concurrent requests: 2
2025-05-31 10:00:17,696 - INFO - [2025-05-31 10:00:17] INFO - Concurrent scraping settings:
2025-05-31 10:00:17,696 - INFO - [2025-05-31 10:00:17] INFO - Job ID: d0c664ab-a4d2-4ff2-ba23-19539791fbf6
2025-05-31 10:00:17,696 - INFO - [2025-05-31 10:00:17] INFO - User ID: user_l8tq82mtc4d_1748601150733
2025-05-31 10:00:17,696 - INFO - [2025-05-31 10:00:17] INFO - Request delay: 4s
2025-05-31 10:00:17,696 - INFO - [2025-05-31 10:00:17] INFO - Max concurrent requests: 2
2025-05-31 10:00:17,696 - INFO - [2025-05-31 10:00:17] INFO - Starting scraper with configuration:
2025-05-31 10:00:17,696 - INFO - [2025-05-31 10:00:17] INFO - {
  "base_url": "https://www.booking.com/searchresults.html?label=gog235jc-1DCAEoggI46AdIM1gDaGyIAQGYATG4AQfIAQzYAQPoAQH4AQKIAgGoAgO4As_0h8AGwAIB0gIkMzJhOGRkNTItN2Y0NS00OGIyLWI0NDMtOGRjODk1MjQxNDlh2AIE4AIB&aid=397594&ss=Goa%2C%20India&efdco=1&lang=en-us&src=index&dest_id=4127&dest_type=region&group_adults=2&no_rooms=1&group_children=0&nflt=ht_id%3D206%3Bhotelfacility%3D54",
  "concurrent_settings": {
    "base_request_delay": 2,
    "job_spacing_delay": 3,
    "max_concurrent_jobs": 3,
    "max_concurrent_requests": 2
  },
  "container_selector": "div.aa97d6032f",
  "initial_wait": 5,
  "load_more_selector": "button.de576f5064.b46cd7aad7.d0a01e3d83.dda427e6b5.bbf83acb81.a0ddd706cc",
  "load_more_wait": 10,
  "max_pages": 1,
  "max_scroll_attempts": 50,
  "next_page_selector": "",
  "output_excel": "output/d0c664ab-a4d2-4ff2-ba23-19539791fbf6\\scraped_data.xlsx",
  "output_json": "output/d0c664ab-a4d2-4ff2-ba23-19539791fbf6\\scraped_data.json",
  "page_wait": 2,
  "paginate": false,
  "scrape_subpages": false,
  "scroll": true,
  "scroll_wait": 10,
  "start_page": 1,
  "subpage_wait": 3,
  "job_id": "d0c664ab-a4d2-4ff2-ba23-19539791fbf6",
  "user_id": "user_l8tq82mtc4d_1748601150733",
  "concurrent": true,
  "output_dir": "output/d0c664ab-a4d2-4ff2-ba23-19539791fbf6",
  "log_file": "output/d0c664ab-a4d2-4ff2-ba23-19539791fbf6\\scraper.log",
  "request_delay": 4,
  "max_concurrent_requests": 2,
  "job_start_time": "2025-05-31T10:00:16.153078",
  "headless": true
}
2025-05-31 10:00:17,696 - INFO - [2025-05-31 10:00:17] INFO - Detected Chrome version from registry: 137.0.7151.55
2025-05-31 10:00:17,696 - INFO - [2025-05-31 10:00:17] INFO - Detected Chrome version: 137.0.7151.55
