2025-04-23 01:00:43,720 - INFO - [2025-04-23 01:00:43] INFO - Added file handler for log file: output/cf32b4ea-87a8-4882-8370-63337e5550ef\scraper.log
2025-04-23 01:00:43,720 - INFO - [2025-04-23 01:00:43] INFO - Starting scraper with configuration:
2025-04-23 01:00:43,720 - INFO - [2025-04-23 01:00:43] INFO - base_url: https://www.booking.com/searchresults.html?label=gog235jc-1DCAEoggI46AdIM1gDaGyIAQGYATG4AQfIAQzYAQPoAQH4AQKIAgGoAgO4As_0h8AGwAIB0gIkMzJhOGRkNTItN2Y0NS00OGIyLWI0NDMtOGRjODk1MjQxNDlh2AIE4AIB&aid=397594&ss=Himachal+Pradesh%2C+India&ssne=Uttarakhand&ssne_untouched=Uttarakhand&lang=en-us&src=searchresults&dest_id=3482&dest_type=region&ac_position=1&ac_click_type=b&ac_langcode=en&ac_suggestion_list_length=5&search_selected=true&search_pageview_id=ce3f33fa3adb003e&checkin=2025-04-18&checkout=2025-04-19&group_adults=2&no_rooms=1&group_children=0&nflt=hotelfacility%3D54%3Bht_id%3D206
2025-04-23 01:00:43,739 - INFO - [2025-04-23 01:00:43] INFO - concurrent_settings: {'base_request_delay': 2, 'job_spacing_delay': 3, 'max_concurrent_jobs': 3, 'max_concurrent_requests': 2}
2025-04-23 01:00:43,739 - INFO - [2025-04-23 01:00:43] INFO - container_selector: div.c82435a4b8.a178069f51.a6ae3c2b40
2025-04-23 01:00:43,739 - INFO - [2025-04-23 01:00:43] INFO - initial_wait: 3
2025-04-23 01:00:43,740 - INFO - [2025-04-23 01:00:43] INFO - load_more_selector: 
2025-04-23 01:00:43,740 - INFO - [2025-04-23 01:00:43] INFO - load_more_wait: 3
2025-04-23 01:00:43,740 - INFO - [2025-04-23 01:00:43] INFO - max_pages: 1
2025-04-23 01:00:43,740 - INFO - [2025-04-23 01:00:43] INFO - max_scroll_attempts: 20
2025-04-23 01:00:43,740 - INFO - [2025-04-23 01:00:43] INFO - next_page_selector: 
2025-04-23 01:00:43,741 - INFO - [2025-04-23 01:00:43] INFO - output_excel: output/cf32b4ea-87a8-4882-8370-63337e5550ef\scraped_data.xlsx
2025-04-23 01:00:43,741 - INFO - [2025-04-23 01:00:43] INFO - output_json: output/cf32b4ea-87a8-4882-8370-63337e5550ef\scraped_data.json
2025-04-23 01:00:43,741 - INFO - [2025-04-23 01:00:43] INFO - page_wait: 2
2025-04-23 01:00:43,741 - INFO - [2025-04-23 01:00:43] INFO - paginate: False
2025-04-23 01:00:43,741 - INFO - [2025-04-23 01:00:43] INFO - scrape_subpages: False
2025-04-23 01:00:43,741 - INFO - [2025-04-23 01:00:43] INFO - scroll: False
2025-04-23 01:00:43,741 - INFO - [2025-04-23 01:00:43] INFO - scroll_wait: 3
2025-04-23 01:00:43,741 - INFO - [2025-04-23 01:00:43] INFO - start_page: 1
2025-04-23 01:00:43,741 - INFO - [2025-04-23 01:00:43] INFO - subpage_wait: 3
2025-04-23 01:00:43,741 - INFO - [2025-04-23 01:00:43] INFO - job_id: cf32b4ea-87a8-4882-8370-63337e5550ef
2025-04-23 01:00:43,741 - INFO - [2025-04-23 01:00:43] INFO - user_id: user_yhb37ahbkv_1745349248925
2025-04-23 01:00:43,741 - INFO - [2025-04-23 01:00:43] INFO - concurrent: True
2025-04-23 01:00:43,741 - INFO - [2025-04-23 01:00:43] INFO - output_dir: output/cf32b4ea-87a8-4882-8370-63337e5550ef
2025-04-23 01:00:43,741 - INFO - [2025-04-23 01:00:43] INFO - log_file: output/cf32b4ea-87a8-4882-8370-63337e5550ef\scraper.log
2025-04-23 01:00:43,741 - INFO - [2025-04-23 01:00:43] INFO - request_delay: 6
2025-04-23 01:00:43,741 - INFO - [2025-04-23 01:00:43] INFO - max_concurrent_requests: 2
2025-04-23 01:00:43,741 - INFO - [2025-04-23 01:00:43] INFO - job_start_time: 2025-04-23T01:00:39.517803
2025-04-23 01:00:43,742 - INFO - [2025-04-23 01:00:43] INFO - headless: True
2025-04-23 01:00:43,742 - INFO - [2025-04-23 01:00:43] INFO - Concurrent scraping settings:
2025-04-23 01:00:43,742 - INFO - [2025-04-23 01:00:43] INFO - Job ID: cf32b4ea-87a8-4882-8370-63337e5550ef
2025-04-23 01:00:43,742 - INFO - [2025-04-23 01:00:43] INFO - User ID: user_yhb37ahbkv_1745349248925
2025-04-23 01:00:43,742 - INFO - [2025-04-23 01:00:43] INFO - Request delay: 6s
2025-04-23 01:00:43,742 - INFO - [2025-04-23 01:00:43] INFO - Max concurrent requests: 2
2025-04-23 01:00:43,742 - INFO - [2025-04-23 01:00:43] INFO - Concurrent scraping settings:
2025-04-23 01:00:43,742 - INFO - [2025-04-23 01:00:43] INFO - Job ID: cf32b4ea-87a8-4882-8370-63337e5550ef
2025-04-23 01:00:43,742 - INFO - [2025-04-23 01:00:43] INFO - User ID: user_yhb37ahbkv_1745349248925
2025-04-23 01:00:43,742 - INFO - [2025-04-23 01:00:43] INFO - Request delay: 6s
2025-04-23 01:00:43,742 - INFO - [2025-04-23 01:00:43] INFO - Max concurrent requests: 2
2025-04-23 01:00:43,742 - INFO - [2025-04-23 01:00:43] INFO - Starting scraper with configuration:
2025-04-23 01:00:43,742 - INFO - [2025-04-23 01:00:43] INFO - {
  "base_url": "https://www.booking.com/searchresults.html?label=gog235jc-1DCAEoggI46AdIM1gDaGyIAQGYATG4AQfIAQzYAQPoAQH4AQKIAgGoAgO4As_0h8AGwAIB0gIkMzJhOGRkNTItN2Y0NS00OGIyLWI0NDMtOGRjODk1MjQxNDlh2AIE4AIB&aid=397594&ss=Himachal+Pradesh%2C+India&ssne=Uttarakhand&ssne_untouched=Uttarakhand&lang=en-us&src=searchresults&dest_id=3482&dest_type=region&ac_position=1&ac_click_type=b&ac_langcode=en&ac_suggestion_list_length=5&search_selected=true&search_pageview_id=ce3f33fa3adb003e&checkin=2025-04-18&checkout=2025-04-19&group_adults=2&no_rooms=1&group_children=0&nflt=hotelfacility%3D54%3Bht_id%3D206",
  "concurrent_settings": {
    "base_request_delay": 2,
    "job_spacing_delay": 3,
    "max_concurrent_jobs": 3,
    "max_concurrent_requests": 2
  },
  "container_selector": "div.c82435a4b8.a178069f51.a6ae3c2b40",
  "initial_wait": 3,
  "load_more_selector": "",
  "load_more_wait": 3,
  "max_pages": 1,
  "max_scroll_attempts": 20,
  "next_page_selector": "",
  "output_excel": "output/cf32b4ea-87a8-4882-8370-63337e5550ef\\scraped_data.xlsx",
  "output_json": "output/cf32b4ea-87a8-4882-8370-63337e5550ef\\scraped_data.json",
  "page_wait": 2,
  "paginate": false,
  "scrape_subpages": false,
  "scroll": false,
  "scroll_wait": 3,
  "start_page": 1,
  "subpage_wait": 3,
  "job_id": "cf32b4ea-87a8-4882-8370-63337e5550ef",
  "user_id": "user_yhb37ahbkv_1745349248925",
  "concurrent": true,
  "output_dir": "output/cf32b4ea-87a8-4882-8370-63337e5550ef",
  "log_file": "output/cf32b4ea-87a8-4882-8370-63337e5550ef\\scraper.log",
  "request_delay": 6,
  "max_concurrent_requests": 2,
  "job_start_time": "2025-04-23T01:00:39.517803",
  "headless": true
}
2025-04-23 01:00:43,742 - INFO - [2025-04-23 01:00:43] INFO - Attempting to use undetected-chromedriver...
2025-04-23 01:00:44,978 - INFO - [2025-04-23 01:00:44] INFO - Successfully initialized Chrome with undetected-chromedriver
2025-04-23 01:00:44,978 - INFO - [2025-04-23 01:00:44] INFO - Job started for user user_yhb37ahbkv_1745349248925 (Job ID: cf32b4ea-87a8-4882-8370-63337e5550ef)
2025-04-23 01:00:44,978 - INFO - [2025-04-23 01:00:44] INFO - Phase 1: Collecting main fields and links from all pages...
2025-04-23 01:00:50,695 - INFO - [2025-04-23 01:00:50] INFO - Navigated to base URL: https://www.booking.com/searchresults.html?label=gog235jc-1DCAEoggI46AdIM1gDaGyIAQGYATG4AQfIAQzYAQPoAQH4AQKIAgGoAgO4As_0h8AGwAIB0gIkMzJhOGRkNTItN2Y0NS00OGIyLWI0NDMtOGRjODk1MjQxNDlh2AIE4AIB&aid=397594&ss=Himachal+Pradesh%2C+India&ssne=Uttarakhand&ssne_untouched=Uttarakhand&lang=en-us&src=searchresults&dest_id=3482&dest_type=region&ac_position=1&ac_click_type=b&ac_langcode=en&ac_suggestion_list_length=5&search_selected=true&search_pageview_id=ce3f33fa3adb003e&checkin=2025-04-18&checkout=2025-04-19&group_adults=2&no_rooms=1&group_children=0&nflt=hotelfacility%3D54%3Bht_id%3D206
