2025-04-23 01:25:01,303 - INFO - [2025-04-23 01:25:01] INFO - Added file handler for log file: output/49fc6b48-adb0-4f1f-a1b3-10521df751a0\scraper.log
2025-04-23 01:25:01,303 - INFO - [2025-04-23 01:25:01] INFO - Starting scraper with configuration:
2025-04-23 01:25:01,303 - INFO - [2025-04-23 01:25:01] INFO - base_url: https://www.booking.com/searchresults.html?label=gog235jc-1DCAEoggI46AdIM1gDaGyIAQGYATG4AQfIAQzYAQPoAQH4AQKIAgGoAgO4As_0h8AGwAIB0gIkMzJhOGRkNTItN2Y0NS00OGIyLWI0NDMtOGRjODk1MjQxNDlh2AIE4AIB&aid=397594&ss=Himachal+Pradesh%2C+India&ssne=Uttarakhand&ssne_untouched=Uttarakhand&lang=en-us&src=searchresults&dest_id=3482&dest_type=region&ac_position=1&ac_click_type=b&ac_langcode=en&ac_suggestion_list_length=5&search_selected=true&search_pageview_id=ce3f33fa3adb003e&checkin=2025-04-18&checkout=2025-04-19&group_adults=2&no_rooms=1&group_children=0&nflt=hotelfacility%3D54%3Bht_id%3D206
2025-04-23 01:25:01,327 - INFO - [2025-04-23 01:25:01] INFO - concurrent_settings: {'base_request_delay': 2, 'job_spacing_delay': 3, 'max_concurrent_jobs': 3, 'max_concurrent_requests': 2}
2025-04-23 01:25:01,327 - INFO - [2025-04-23 01:25:01] INFO - container_selector: div.c82435a4b8.a178069f51.a6ae3c2b40
2025-04-23 01:25:01,327 - INFO - [2025-04-23 01:25:01] INFO - initial_wait: 3
2025-04-23 01:25:01,327 - INFO - [2025-04-23 01:25:01] INFO - load_more_selector: 
2025-04-23 01:25:01,327 - INFO - [2025-04-23 01:25:01] INFO - load_more_wait: 3
2025-04-23 01:25:01,327 - INFO - [2025-04-23 01:25:01] INFO - max_pages: 1
2025-04-23 01:25:01,327 - INFO - [2025-04-23 01:25:01] INFO - max_scroll_attempts: 20
2025-04-23 01:25:01,327 - INFO - [2025-04-23 01:25:01] INFO - next_page_selector: 
2025-04-23 01:25:01,327 - INFO - [2025-04-23 01:25:01] INFO - output_excel: output/49fc6b48-adb0-4f1f-a1b3-10521df751a0\scraped_data.xlsx
2025-04-23 01:25:01,327 - INFO - [2025-04-23 01:25:01] INFO - output_json: output/49fc6b48-adb0-4f1f-a1b3-10521df751a0\scraped_data.json
2025-04-23 01:25:01,327 - INFO - [2025-04-23 01:25:01] INFO - page_wait: 2
2025-04-23 01:25:01,327 - INFO - [2025-04-23 01:25:01] INFO - paginate: False
2025-04-23 01:25:01,327 - INFO - [2025-04-23 01:25:01] INFO - scrape_subpages: False
2025-04-23 01:25:01,327 - INFO - [2025-04-23 01:25:01] INFO - scroll: True
2025-04-23 01:25:01,327 - INFO - [2025-04-23 01:25:01] INFO - scroll_wait: 10
2025-04-23 01:25:01,327 - INFO - [2025-04-23 01:25:01] INFO - start_page: 1
2025-04-23 01:25:01,327 - INFO - [2025-04-23 01:25:01] INFO - subpage_wait: 3
2025-04-23 01:25:01,327 - INFO - [2025-04-23 01:25:01] INFO - job_id: 49fc6b48-adb0-4f1f-a1b3-10521df751a0
2025-04-23 01:25:01,327 - INFO - [2025-04-23 01:25:01] INFO - user_id: user_yhb37ahbkv_1745349248925
2025-04-23 01:25:01,327 - INFO - [2025-04-23 01:25:01] INFO - concurrent: True
2025-04-23 01:25:01,327 - INFO - [2025-04-23 01:25:01] INFO - output_dir: output/49fc6b48-adb0-4f1f-a1b3-10521df751a0
2025-04-23 01:25:01,327 - INFO - [2025-04-23 01:25:01] INFO - log_file: output/49fc6b48-adb0-4f1f-a1b3-10521df751a0\scraper.log
2025-04-23 01:25:01,327 - INFO - [2025-04-23 01:25:01] INFO - request_delay: 4
2025-04-23 01:25:01,327 - INFO - [2025-04-23 01:25:01] INFO - max_concurrent_requests: 2
2025-04-23 01:25:01,327 - INFO - [2025-04-23 01:25:01] INFO - job_start_time: 2025-04-23T01:24:57.074585
2025-04-23 01:25:01,327 - INFO - [2025-04-23 01:25:01] INFO - headless: True
2025-04-23 01:25:01,327 - INFO - [2025-04-23 01:25:01] INFO - Concurrent scraping settings:
2025-04-23 01:25:01,327 - INFO - [2025-04-23 01:25:01] INFO - Job ID: 49fc6b48-adb0-4f1f-a1b3-10521df751a0
2025-04-23 01:25:01,327 - INFO - [2025-04-23 01:25:01] INFO - User ID: user_yhb37ahbkv_1745349248925
2025-04-23 01:25:01,327 - INFO - [2025-04-23 01:25:01] INFO - Request delay: 4s
2025-04-23 01:25:01,327 - INFO - [2025-04-23 01:25:01] INFO - Max concurrent requests: 2
2025-04-23 01:25:01,327 - INFO - [2025-04-23 01:25:01] INFO - Concurrent scraping settings:
2025-04-23 01:25:01,327 - INFO - [2025-04-23 01:25:01] INFO - Job ID: 49fc6b48-adb0-4f1f-a1b3-10521df751a0
2025-04-23 01:25:01,327 - INFO - [2025-04-23 01:25:01] INFO - User ID: user_yhb37ahbkv_1745349248925
2025-04-23 01:25:01,327 - INFO - [2025-04-23 01:25:01] INFO - Request delay: 4s
2025-04-23 01:25:01,327 - INFO - [2025-04-23 01:25:01] INFO - Max concurrent requests: 2
2025-04-23 01:25:01,327 - INFO - [2025-04-23 01:25:01] INFO - Starting scraper with configuration:
2025-04-23 01:25:01,327 - INFO - [2025-04-23 01:25:01] INFO - {
  "base_url": "https://www.booking.com/searchresults.html?label=gog235jc-1DCAEoggI46AdIM1gDaGyIAQGYATG4AQfIAQzYAQPoAQH4AQKIAgGoAgO4As_0h8AGwAIB0gIkMzJhOGRkNTItN2Y0NS00OGIyLWI0NDMtOGRjODk1MjQxNDlh2AIE4AIB&aid=397594&ss=Himachal+Pradesh%2C+India&ssne=Uttarakhand&ssne_untouched=Uttarakhand&lang=en-us&src=searchresults&dest_id=3482&dest_type=region&ac_position=1&ac_click_type=b&ac_langcode=en&ac_suggestion_list_length=5&search_selected=true&search_pageview_id=ce3f33fa3adb003e&checkin=2025-04-18&checkout=2025-04-19&group_adults=2&no_rooms=1&group_children=0&nflt=hotelfacility%3D54%3Bht_id%3D206",
  "concurrent_settings": {
    "base_request_delay": 2,
    "job_spacing_delay": 3,
    "max_concurrent_jobs": 3,
    "max_concurrent_requests": 2
  },
  "container_selector": "div.c82435a4b8.a178069f51.a6ae3c2b40",
  "initial_wait": 3,
  "load_more_selector": "",
  "load_more_wait": 3,
  "max_pages": 1,
  "max_scroll_attempts": 20,
  "next_page_selector": "",
  "output_excel": "output/49fc6b48-adb0-4f1f-a1b3-10521df751a0\\scraped_data.xlsx",
  "output_json": "output/49fc6b48-adb0-4f1f-a1b3-10521df751a0\\scraped_data.json",
  "page_wait": 2,
  "paginate": false,
  "scrape_subpages": false,
  "scroll": true,
  "scroll_wait": 10,
  "start_page": 1,
  "subpage_wait": 3,
  "job_id": "49fc6b48-adb0-4f1f-a1b3-10521df751a0",
  "user_id": "user_yhb37ahbkv_1745349248925",
  "concurrent": true,
  "output_dir": "output/49fc6b48-adb0-4f1f-a1b3-10521df751a0",
  "log_file": "output/49fc6b48-adb0-4f1f-a1b3-10521df751a0\\scraper.log",
  "request_delay": 4,
  "max_concurrent_requests": 2,
  "job_start_time": "2025-04-23T01:24:57.074585",
  "headless": true
}
2025-04-23 01:25:01,583 - INFO - [2025-04-23 01:25:01] INFO - Detected Chrome version: 135.0.7049.96
2025-04-23 01:25:01,586 - WARNING - [2025-04-23 01:25:01] WARNING - Failed to initialize with exact version match: ChromeDriverManager.__init__() got an unexpected keyword argument 'version'
2025-04-23 01:25:39,527 - INFO - [2025-04-23 01:25:39] INFO - Successfully initialized Chrome driver with latest compatible version
2025-04-23 01:25:39,527 - INFO - [2025-04-23 01:25:39] INFO - Job started for user user_yhb37ahbkv_1745349248925 (Job ID: 49fc6b48-adb0-4f1f-a1b3-10521df751a0)
2025-04-23 01:25:39,527 - INFO - [2025-04-23 01:25:39] INFO - Phase 1: Collecting main fields and links from all pages...
2025-04-23 01:25:52,235 - INFO - [2025-04-23 01:25:52] INFO - Navigated to base URL: https://www.booking.com/searchresults.html?label=gog235jc-1DCAEoggI46AdIM1gDaGyIAQGYATG4AQfIAQzYAQPoAQH4AQKIAgGoAgO4As_0h8AGwAIB0gIkMzJhOGRkNTItN2Y0NS00OGIyLWI0NDMtOGRjODk1MjQxNDlh2AIE4AIB&aid=397594&ss=Himachal+Pradesh%2C+India&ssne=Uttarakhand&ssne_untouched=Uttarakhand&lang=en-us&src=searchresults&dest_id=3482&dest_type=region&ac_position=1&ac_click_type=b&ac_langcode=en&ac_suggestion_list_length=5&search_selected=true&search_pageview_id=ce3f33fa3adb003e&checkin=2025-04-18&checkout=2025-04-19&group_adults=2&no_rooms=1&group_children=0&nflt=hotelfacility%3D54%3Bht_id%3D206
