2025-05-01 10:16:27,737 - INFO - [2025-05-01 10:16:27] INFO - Added file handler for log file: output/b18dc766-d171-417b-ae47-8cc32e83e455/scraper.log
2025-05-01 10:16:27,738 - INFO - [2025-05-01 10:16:27] INFO - Starting scraper with configuration:
2025-05-01 10:16:27,739 - INFO - [2025-05-01 10:16:27] INFO - base_url: https://giohis.com/speakers/
2025-05-01 10:16:27,739 - INFO - [2025-05-01 10:16:27] INFO - concurrent_settings: {'base_request_delay': 2, 'job_spacing_delay': 3, 'max_concurrent_jobs': 3, 'max_concurrent_requests': 2}
2025-05-01 10:16:27,740 - INFO - [2025-05-01 10:16:27] INFO - container_selector: div.attendee_wrap.clearfix
2025-05-01 10:16:27,741 - INFO - [2025-05-01 10:16:27] INFO - initial_wait: 3
2025-05-01 10:16:27,741 - INFO - [2025-05-01 10:16:27] INFO - load_more_selector: 
2025-05-01 10:16:27,742 - INFO - [2025-05-01 10:16:27] INFO - load_more_wait: 3
2025-05-01 10:16:27,743 - INFO - [2025-05-01 10:16:27] INFO - max_pages: 1
2025-05-01 10:16:27,743 - INFO - [2025-05-01 10:16:27] INFO - max_scroll_attempts: 20
2025-05-01 10:16:27,744 - INFO - [2025-05-01 10:16:27] INFO - next_page_selector: 
2025-05-01 10:16:27,744 - INFO - [2025-05-01 10:16:27] INFO - output_excel: output/b18dc766-d171-417b-ae47-8cc32e83e455/scraped_data.xlsx
2025-05-01 10:16:27,745 - INFO - [2025-05-01 10:16:27] INFO - output_json: output/b18dc766-d171-417b-ae47-8cc32e83e455/scraped_data.json
2025-05-01 10:16:27,747 - INFO - [2025-05-01 10:16:27] INFO - page_wait: 2
2025-05-01 10:16:27,748 - INFO - [2025-05-01 10:16:27] INFO - paginate: False
2025-05-01 10:16:27,748 - INFO - [2025-05-01 10:16:27] INFO - scrape_subpages: False
2025-05-01 10:16:27,749 - INFO - [2025-05-01 10:16:27] INFO - scroll: True
2025-05-01 10:16:27,749 - INFO - [2025-05-01 10:16:27] INFO - scroll_wait: 3
2025-05-01 10:16:27,749 - INFO - [2025-05-01 10:16:27] INFO - start_page: 1
2025-05-01 10:16:27,750 - INFO - [2025-05-01 10:16:27] INFO - subpage_wait: 3
2025-05-01 10:16:27,750 - INFO - [2025-05-01 10:16:27] INFO - job_id: b18dc766-d171-417b-ae47-8cc32e83e455
2025-05-01 10:16:27,751 - INFO - [2025-05-01 10:16:27] INFO - user_id: user_h4hctrxqreu_1745474290425
2025-05-01 10:16:27,751 - INFO - [2025-05-01 10:16:27] INFO - concurrent: True
2025-05-01 10:16:27,751 - INFO - [2025-05-01 10:16:27] INFO - output_dir: output/b18dc766-d171-417b-ae47-8cc32e83e455
2025-05-01 10:16:27,752 - INFO - [2025-05-01 10:16:27] INFO - log_file: output/b18dc766-d171-417b-ae47-8cc32e83e455/scraper.log
2025-05-01 10:16:27,752 - INFO - [2025-05-01 10:16:27] INFO - request_delay: 4
2025-05-01 10:16:27,753 - INFO - [2025-05-01 10:16:27] INFO - max_concurrent_requests: 2
2025-05-01 10:16:27,753 - INFO - [2025-05-01 10:16:27] INFO - job_start_time: 2025-05-01T10:16:26.107879
2025-05-01 10:16:27,754 - INFO - [2025-05-01 10:16:27] INFO - headless: True
2025-05-01 10:16:27,754 - INFO - [2025-05-01 10:16:27] INFO - Concurrent scraping settings:
2025-05-01 10:16:27,754 - INFO - [2025-05-01 10:16:27] INFO - Job ID: b18dc766-d171-417b-ae47-8cc32e83e455
2025-05-01 10:16:27,755 - INFO - [2025-05-01 10:16:27] INFO - User ID: user_h4hctrxqreu_1745474290425
2025-05-01 10:16:27,755 - INFO - [2025-05-01 10:16:27] INFO - Request delay: 4s
2025-05-01 10:16:27,755 - INFO - [2025-05-01 10:16:27] INFO - Max concurrent requests: 2
2025-05-01 10:16:27,756 - INFO - [2025-05-01 10:16:27] INFO - Concurrent scraping settings:
2025-05-01 10:16:27,756 - INFO - [2025-05-01 10:16:27] INFO - Job ID: b18dc766-d171-417b-ae47-8cc32e83e455
2025-05-01 10:16:27,758 - INFO - [2025-05-01 10:16:27] INFO - User ID: user_h4hctrxqreu_1745474290425
2025-05-01 10:16:27,759 - INFO - [2025-05-01 10:16:27] INFO - Request delay: 4s
2025-05-01 10:16:27,766 - INFO - [2025-05-01 10:16:27] INFO - Max concurrent requests: 2
2025-05-01 10:16:27,767 - INFO - [2025-05-01 10:16:27] INFO - Starting scraper with configuration:
2025-05-01 10:16:27,768 - INFO - [2025-05-01 10:16:27] INFO - {
  "base_url": "https://giohis.com/speakers/",
  "concurrent_settings": {
    "base_request_delay": 2,
    "job_spacing_delay": 3,
    "max_concurrent_jobs": 3,
    "max_concurrent_requests": 2
  },
  "container_selector": "div.attendee_wrap.clearfix",
  "initial_wait": 3,
  "load_more_selector": "",
  "load_more_wait": 3,
  "max_pages": 1,
  "max_scroll_attempts": 20,
  "next_page_selector": "",
  "output_excel": "output/b18dc766-d171-417b-ae47-8cc32e83e455/scraped_data.xlsx",
  "output_json": "output/b18dc766-d171-417b-ae47-8cc32e83e455/scraped_data.json",
  "page_wait": 2,
  "paginate": false,
  "scrape_subpages": false,
  "scroll": true,
  "scroll_wait": 3,
  "start_page": 1,
  "subpage_wait": 3,
  "job_id": "b18dc766-d171-417b-ae47-8cc32e83e455",
  "user_id": "user_h4hctrxqreu_1745474290425",
  "concurrent": true,
  "output_dir": "output/b18dc766-d171-417b-ae47-8cc32e83e455",
  "log_file": "output/b18dc766-d171-417b-ae47-8cc32e83e455/scraper.log",
  "request_delay": 4,
  "max_concurrent_requests": 2,
  "job_start_time": "2025-05-01T10:16:26.107879",
  "headless": true
}
2025-05-01 10:16:27,768 - WARNING - [2025-05-01 10:16:27] WARNING - Chrome version detection not implemented for this OS
2025-05-01 10:16:27,768 - INFO - [2025-05-01 10:16:27] INFO - Using default ChromeDriver version 122.0.6261.94
2025-05-01 10:16:27,769 - INFO - [2025-05-01 10:16:27] INFO - Attempting to download ChromeDriver 122.0.6261.94 manually...
2025-05-01 10:16:27,770 - INFO - [2025-05-01 10:16:27] INFO - Downloading from: https://edgedl.me.gvt1.com/edgedl/chrome/chrome-for-testing/122.0.6261.94/linux64/chromedriver-linux64.zip
2025-05-01 10:16:31,717 - ERROR - [2025-05-01 10:16:31] ERROR - Failed to download ChromeDriver manually: [Errno 2] No such file or directory: '/app/drivers/chromedriver'
2025-05-01 10:16:31,722 - INFO - [2025-05-01 10:16:31] INFO - Using ChromeDriverManager as fallback
2025-05-01 10:16:32,427 - ERROR - [2025-05-01 10:16:32] ERROR - Error setting up Chrome WebDriver: There is no such driver by url https://chromedriver.storage.googleapis.com/LATEST_RELEASE_136.0.7103
2025-05-01 10:16:32,428 - ERROR - [2025-05-01 10:16:32] ERROR - Error during scraping: There is no such driver by url https://chromedriver.storage.googleapis.com/LATEST_RELEASE_136.0.7103
2025-05-01 10:16:32,432 - ERROR - [2025-05-01 10:16:32] ERROR - Scraper failed with return code 1
