2025-05-31 10:44:07,871 - INFO - [2025-05-31 10:44:07] INFO - Added file handler for log file: output/64e09264-0745-43b7-8c1f-f6db7a690bac\scraper.log
2025-05-31 10:44:07,872 - INFO - [2025-05-31 10:44:07] INFO - Starting scraper with configuration:
2025-05-31 10:44:07,872 - INFO - [2025-05-31 10:44:07] INFO - base_url: https://www.booking.com/searchresults.html?label=gog235jc-1DCAEoggI46AdIM1gDaGyIAQGYATG4AQfIAQzYAQPoAQH4AQKIAgGoAgO4As_0h8AGwAIB0gIkMzJhOGRkNTItN2Y0NS00OGIyLWI0NDMtOGRjODk1MjQxNDlh2AIE4AIB&aid=397594&ss=Goa%2C%20India&efdco=1&lang=en-us&src=index&dest_id=4127&dest_type=region&group_adults=2&no_rooms=1&group_children=0&nflt=ht_id%3D206%3Bhotelfacility%3D54
2025-05-31 10:44:07,872 - INFO - [2025-05-31 10:44:07] INFO - concurrent_settings: {'base_request_delay': 2, 'job_spacing_delay': 3, 'max_concurrent_jobs': 3, 'max_concurrent_requests': 2}
2025-05-31 10:44:07,874 - INFO - [2025-05-31 10:44:07] INFO - container_selector: div.aa97d6032f
2025-05-31 10:44:07,874 - INFO - [2025-05-31 10:44:07] INFO - initial_wait: 5
2025-05-31 10:44:07,874 - INFO - [2025-05-31 10:44:07] INFO - load_more_selector: button.de576f5064.b46cd7aad7.d0a01e3d83.dda427e6b5.bbf83acb81.a0ddd706cc
2025-05-31 10:44:07,874 - INFO - [2025-05-31 10:44:07] INFO - load_more_wait: 10
2025-05-31 10:44:07,874 - INFO - [2025-05-31 10:44:07] INFO - max_pages: 1
2025-05-31 10:44:07,874 - INFO - [2025-05-31 10:44:07] INFO - max_scroll_attempts: 50
2025-05-31 10:44:07,874 - INFO - [2025-05-31 10:44:07] INFO - next_page_selector: 
2025-05-31 10:44:07,874 - INFO - [2025-05-31 10:44:07] INFO - output_excel: output/64e09264-0745-43b7-8c1f-f6db7a690bac\scraped_data.xlsx
2025-05-31 10:44:07,874 - INFO - [2025-05-31 10:44:07] INFO - output_json: output/64e09264-0745-43b7-8c1f-f6db7a690bac\scraped_data.json
2025-05-31 10:44:07,874 - INFO - [2025-05-31 10:44:07] INFO - page_wait: 2
2025-05-31 10:44:07,874 - INFO - [2025-05-31 10:44:07] INFO - paginate: False
2025-05-31 10:44:07,874 - INFO - [2025-05-31 10:44:07] INFO - scrape_subpages: False
2025-05-31 10:44:07,874 - INFO - [2025-05-31 10:44:07] INFO - scroll: True
2025-05-31 10:44:07,874 - INFO - [2025-05-31 10:44:07] INFO - scroll_wait: 10
2025-05-31 10:44:07,874 - INFO - [2025-05-31 10:44:07] INFO - start_page: 1
2025-05-31 10:44:07,874 - INFO - [2025-05-31 10:44:07] INFO - subpage_wait: 3
2025-05-31 10:44:07,874 - INFO - [2025-05-31 10:44:07] INFO - job_id: 64e09264-0745-43b7-8c1f-f6db7a690bac
2025-05-31 10:44:07,874 - INFO - [2025-05-31 10:44:07] INFO - user_id: user_l8tq82mtc4d_1748601150733
2025-05-31 10:44:07,875 - INFO - [2025-05-31 10:44:07] INFO - concurrent: True
2025-05-31 10:44:07,875 - INFO - [2025-05-31 10:44:07] INFO - output_dir: output/64e09264-0745-43b7-8c1f-f6db7a690bac
2025-05-31 10:44:07,875 - INFO - [2025-05-31 10:44:07] INFO - log_file: output/64e09264-0745-43b7-8c1f-f6db7a690bac\scraper.log
2025-05-31 10:44:07,875 - INFO - [2025-05-31 10:44:07] INFO - request_delay: 6
2025-05-31 10:44:07,875 - INFO - [2025-05-31 10:44:07] INFO - max_concurrent_requests: 2
2025-05-31 10:44:07,875 - INFO - [2025-05-31 10:44:07] INFO - job_start_time: 2025-05-31T10:44:06.669710
2025-05-31 10:44:07,875 - INFO - [2025-05-31 10:44:07] INFO - headless: True
2025-05-31 10:44:07,875 - INFO - [2025-05-31 10:44:07] INFO - Concurrent scraping settings:
2025-05-31 10:44:07,875 - INFO - [2025-05-31 10:44:07] INFO - Job ID: 64e09264-0745-43b7-8c1f-f6db7a690bac
2025-05-31 10:44:07,875 - INFO - [2025-05-31 10:44:07] INFO - User ID: user_l8tq82mtc4d_1748601150733
2025-05-31 10:44:07,875 - INFO - [2025-05-31 10:44:07] INFO - Request delay: 6s
2025-05-31 10:44:07,875 - INFO - [2025-05-31 10:44:07] INFO - Max concurrent requests: 2
2025-05-31 10:44:07,875 - INFO - [2025-05-31 10:44:07] INFO - Concurrent scraping settings:
2025-05-31 10:44:07,875 - INFO - [2025-05-31 10:44:07] INFO - Job ID: 64e09264-0745-43b7-8c1f-f6db7a690bac
2025-05-31 10:44:07,875 - INFO - [2025-05-31 10:44:07] INFO - User ID: user_l8tq82mtc4d_1748601150733
2025-05-31 10:44:07,875 - INFO - [2025-05-31 10:44:07] INFO - Request delay: 6s
2025-05-31 10:44:07,875 - INFO - [2025-05-31 10:44:07] INFO - Max concurrent requests: 2
2025-05-31 10:44:07,875 - INFO - [2025-05-31 10:44:07] INFO - Starting scraper with configuration:
2025-05-31 10:44:07,876 - INFO - [2025-05-31 10:44:07] INFO - {
  "base_url": "https://www.booking.com/searchresults.html?label=gog235jc-1DCAEoggI46AdIM1gDaGyIAQGYATG4AQfIAQzYAQPoAQH4AQKIAgGoAgO4As_0h8AGwAIB0gIkMzJhOGRkNTItN2Y0NS00OGIyLWI0NDMtOGRjODk1MjQxNDlh2AIE4AIB&aid=397594&ss=Goa%2C%20India&efdco=1&lang=en-us&src=index&dest_id=4127&dest_type=region&group_adults=2&no_rooms=1&group_children=0&nflt=ht_id%3D206%3Bhotelfacility%3D54",
  "concurrent_settings": {
    "base_request_delay": 2,
    "job_spacing_delay": 3,
    "max_concurrent_jobs": 3,
    "max_concurrent_requests": 2
  },
  "container_selector": "div.aa97d6032f",
  "initial_wait": 5,
  "load_more_selector": "button.de576f5064.b46cd7aad7.d0a01e3d83.dda427e6b5.bbf83acb81.a0ddd706cc",
  "load_more_wait": 10,
  "max_pages": 1,
  "max_scroll_attempts": 50,
  "next_page_selector": "",
  "output_excel": "output/64e09264-0745-43b7-8c1f-f6db7a690bac\\scraped_data.xlsx",
  "output_json": "output/64e09264-0745-43b7-8c1f-f6db7a690bac\\scraped_data.json",
  "page_wait": 2,
  "paginate": false,
  "scrape_subpages": false,
  "scroll": true,
  "scroll_wait": 10,
  "start_page": 1,
  "subpage_wait": 3,
  "job_id": "64e09264-0745-43b7-8c1f-f6db7a690bac",
  "user_id": "user_l8tq82mtc4d_1748601150733",
  "concurrent": true,
  "output_dir": "output/64e09264-0745-43b7-8c1f-f6db7a690bac",
  "log_file": "output/64e09264-0745-43b7-8c1f-f6db7a690bac\\scraper.log",
  "request_delay": 6,
  "max_concurrent_requests": 2,
  "job_start_time": "2025-05-31T10:44:06.669710",
  "headless": true
}
2025-05-31 10:44:07,876 - INFO - [2025-05-31 10:44:07] INFO - Detected Chrome version from registry: 137.0.7151.55
2025-05-31 10:44:07,876 - INFO - [2025-05-31 10:44:07] INFO - Detected Chrome version: 137.0.7151.55
2025-05-31 10:44:09,355 - INFO - [2025-05-31 10:44:09] INFO - Installed ChromeDriver at: C:\Users\harim\.wdm\drivers\chromedriver\win64\137.0.7151.55\chromedriver-win32/chromedriver.exe
2025-05-31 10:44:10,494 - INFO - [2025-05-31 10:44:10] INFO - ChromeDriver version: 137.0.7151.55
2025-05-31 10:44:10,495 - INFO - [2025-05-31 10:44:10] INFO - Chrome WebDriver initialized successfully
2025-05-31 10:44:10,495 - INFO - [2025-05-31 10:44:10] INFO - Job started for user user_l8tq82mtc4d_1748601150733 (Job ID: 64e09264-0745-43b7-8c1f-f6db7a690bac)
2025-05-31 10:44:10,495 - INFO - [2025-05-31 10:44:10] INFO - Phase 1: Collecting main fields and links from all pages...
2025-05-31 10:44:13,126 - INFO - [2025-05-31 10:44:13] INFO - Navigated to base URL: https://www.booking.com/searchresults.html?label=gog235jc-1DCAEoggI46AdIM1gDaGyIAQGYATG4AQfIAQzYAQPoAQH4AQKIAgGoAgO4As_0h8AGwAIB0gIkMzJhOGRkNTItN2Y0NS00OGIyLWI0NDMtOGRjODk1MjQxNDlh2AIE4AIB&aid=397594&ss=Goa%2C%20India&efdco=1&lang=en-us&src=index&dest_id=4127&dest_type=region&group_adults=2&no_rooms=1&group_children=0&nflt=ht_id%3D206%3Bhotelfacility%3D54
2025-05-31 10:44:13,126 - INFO - [2025-05-31 10:44:13] INFO - Waiting 5 seconds for page to load...
2025-05-31 10:44:24,219 - INFO - [2025-05-31 10:44:24] INFO - Scraping main fields from page 1...
2025-05-31 10:44:24,219 - INFO - [2025-05-31 10:44:24] INFO - Starting to scroll down the page to load all content...
2025-05-31 10:45:14,326 - INFO - [2025-05-31 10:45:14] INFO - Found 89 containers on page 1
2025-05-31 10:45:14,351 - INFO - [2025-05-31 10:45:14] INFO - Extracted 'location': Morjim
2025-05-31 10:45:14,371 - INFO - [2025-05-31 10:45:14] INFO - Extracted 'resort ': TAN-N-SAND
2025-05-31 10:45:14,371 - INFO - [2025-05-31 10:45:14] INFO - Successfully added item to results
2025-05-31 10:45:14,390 - INFO - [2025-05-31 10:45:14] INFO - Extracted 'location': Morjim Beach, Morjim
2025-05-31 10:45:14,407 - INFO - [2025-05-31 10:45:14] INFO - Extracted 'resort ': Sibaya Beach Resort, Morjim
2025-05-31 10:45:14,407 - INFO - [2025-05-31 10:45:14] INFO - Successfully added item to results
2025-05-31 10:45:14,427 - INFO - [2025-05-31 10:45:14] INFO - Extracted 'location': Morjim Beach, Morjim
2025-05-31 10:45:14,443 - INFO - [2025-05-31 10:45:14] INFO - Extracted 'resort ': La Vaiencia Beach Resort, Morjim
2025-05-31 10:45:14,443 - INFO - [2025-05-31 10:45:14] INFO - Successfully added item to results
2025-05-31 10:45:14,460 - INFO - [2025-05-31 10:45:14] INFO - Extracted 'location': Panaji
2025-05-31 10:45:14,477 - INFO - [2025-05-31 10:45:14] INFO - Extracted 'resort ': Taj Cidade de Goa Horizon, Goa
2025-05-31 10:45:14,477 - INFO - [2025-05-31 10:45:14] INFO - Successfully added item to results
2025-05-31 10:45:14,493 - INFO - [2025-05-31 10:45:14] INFO - Extracted 'location': Anjuna Beach, Anjuna
2025-05-31 10:45:14,511 - INFO - [2025-05-31 10:45:14] INFO - Extracted 'resort ': Zulu Land cottages - near Curlies beach shack and shiva valley - Anjuna beach
2025-05-31 10:45:14,511 - INFO - [2025-05-31 10:45:14] INFO - Successfully added item to results
2025-05-31 10:45:14,529 - INFO - [2025-05-31 10:45:14] INFO - Extracted 'location': Mandrem
2025-05-31 10:45:14,545 - INFO - [2025-05-31 10:45:14] INFO - Extracted 'resort ': Palma Beach Resort
2025-05-31 10:45:14,546 - INFO - [2025-05-31 10:45:14] INFO - Successfully added item to results
2025-05-31 10:45:14,563 - INFO - [2025-05-31 10:45:14] INFO - Extracted 'location': Calangute
2025-05-31 10:45:14,579 - INFO - [2025-05-31 10:45:14] INFO - Extracted 'resort ': Hyatt Ronil Goa - a JdV by Hyatt Hotel
2025-05-31 10:45:14,579 - INFO - [2025-05-31 10:45:14] INFO - Successfully added item to results
2025-05-31 10:45:14,596 - INFO - [2025-05-31 10:45:14] INFO - Extracted 'location': Panaji
2025-05-31 10:45:14,614 - INFO - [2025-05-31 10:45:14] INFO - Extracted 'resort ': Taj Cidade de Goa Heritage, Goa
2025-05-31 10:45:14,614 - INFO - [2025-05-31 10:45:14] INFO - Successfully added item to results
2025-05-31 10:45:14,630 - INFO - [2025-05-31 10:45:14] INFO - Extracted 'location': Goa
2025-05-31 10:45:14,647 - INFO - [2025-05-31 10:45:14] INFO - Extracted 'resort ': The Kimaya - By the Sea
2025-05-31 10:45:14,647 - INFO - [2025-05-31 10:45:14] INFO - Successfully added item to results
2025-05-31 10:45:14,664 - INFO - [2025-05-31 10:45:14] INFO - Extracted 'location': Baga
2025-05-31 10:45:14,680 - INFO - [2025-05-31 10:45:14] INFO - Extracted 'resort ': Radisson Resort Goa Baga
2025-05-31 10:45:14,680 - INFO - [2025-05-31 10:45:14] INFO - Successfully added item to results
2025-05-31 10:45:14,697 - INFO - [2025-05-31 10:45:14] INFO - Extracted 'location': Old Goa
2025-05-31 10:45:14,716 - INFO - [2025-05-31 10:45:14] INFO - Extracted 'resort ': Mercure Goa Devaaya Resort
2025-05-31 10:45:14,716 - INFO - [2025-05-31 10:45:14] INFO - Successfully added item to results
2025-05-31 10:45:14,735 - INFO - [2025-05-31 10:45:14] INFO - Extracted 'location': Vagator
2025-05-31 10:45:14,753 - INFO - [2025-05-31 10:45:14] INFO - Extracted 'resort ': The Evren, Vagator
2025-05-31 10:45:14,753 - INFO - [2025-05-31 10:45:14] INFO - Successfully added item to results
2025-05-31 10:45:14,770 - INFO - [2025-05-31 10:45:14] INFO - Extracted 'location': Arpora
2025-05-31 10:45:14,785 - INFO - [2025-05-31 10:45:14] INFO - Extracted 'resort ': Ramada by Wyndham Goa Arpora
2025-05-31 10:45:14,785 - INFO - [2025-05-31 10:45:14] INFO - Successfully added item to results
2025-05-31 10:45:14,800 - INFO - [2025-05-31 10:45:14] INFO - Extracted 'location': Agonda
2025-05-31 10:45:14,816 - INFO - [2025-05-31 10:45:14] INFO - Extracted 'resort ': Simrose
2025-05-31 10:45:14,816 - INFO - [2025-05-31 10:45:14] INFO - Successfully added item to results
2025-05-31 10:45:14,832 - INFO - [2025-05-31 10:45:14] INFO - Extracted 'location': Goa Velha
2025-05-31 10:45:14,886 - INFO - [2025-05-31 10:45:14] INFO - Extracted 'resort ': Skon Morjim Beach Resort by Orion Hotels
2025-05-31 10:45:14,886 - INFO - [2025-05-31 10:45:14] INFO - Successfully added item to results
2025-05-31 10:45:14,899 - INFO - [2025-05-31 10:45:14] INFO - Extracted 'location': Utorda
2025-05-31 10:45:14,913 - INFO - [2025-05-31 10:45:14] INFO - Extracted 'resort ': Royal Orchid Beach Resort & Spa, Utorda Beach Goa
2025-05-31 10:45:14,913 - INFO - [2025-05-31 10:45:14] INFO - Successfully added item to results
2025-05-31 10:45:14,927 - INFO - [2025-05-31 10:45:14] INFO - Extracted 'location': Candolim
2025-05-31 10:45:14,941 - INFO - [2025-05-31 10:45:14] INFO - Extracted 'resort ': Acron Candolim Regina
2025-05-31 10:45:14,941 - INFO - [2025-05-31 10:45:14] INFO - Successfully added item to results
2025-05-31 10:45:14,955 - INFO - [2025-05-31 10:45:14] INFO - Extracted 'location': Candolim
2025-05-31 10:45:14,969 - INFO - [2025-05-31 10:45:14] INFO - Extracted 'resort ': Grand Mercure Goa Candolim - An Accor Hotels Brand
2025-05-31 10:45:14,969 - INFO - [2025-05-31 10:45:14] INFO - Successfully added item to results
2025-05-31 10:45:14,984 - INFO - [2025-05-31 10:45:14] INFO - Extracted 'location': Agonda
2025-05-31 10:45:14,999 - INFO - [2025-05-31 10:45:14] INFO - Extracted 'resort ': The Rose Goa Beach Resort
2025-05-31 10:45:14,999 - INFO - [2025-05-31 10:45:14] INFO - Successfully added item to results
2025-05-31 10:45:15,016 - INFO - [2025-05-31 10:45:15] INFO - Extracted 'location': Candolim
2025-05-31 10:45:15,032 - INFO - [2025-05-31 10:45:15] INFO - Extracted 'resort ': Golden Tulip Candolim, Goa
2025-05-31 10:45:15,032 - INFO - [2025-05-31 10:45:15] INFO - Successfully added item to results
2025-05-31 10:45:15,048 - INFO - [2025-05-31 10:45:15] INFO - Extracted 'location': Agonda
2025-05-31 10:45:15,064 - INFO - [2025-05-31 10:45:15] INFO - Extracted 'resort ': Rio De Grande
2025-05-31 10:45:15,064 - INFO - [2025-05-31 10:45:15] INFO - Successfully added item to results
2025-05-31 10:45:15,079 - INFO - [2025-05-31 10:45:15] INFO - Extracted 'location': Assagao
2025-05-31 10:45:15,095 - INFO - [2025-05-31 10:45:15] INFO - Extracted 'resort ': Romeo Lane The Boutique Resort
2025-05-31 10:45:15,095 - INFO - [2025-05-31 10:45:15] INFO - Successfully added item to results
2025-05-31 10:45:15,112 - INFO - [2025-05-31 10:45:15] INFO - Extracted 'location': Vagator Beach, Vagator
2025-05-31 10:45:15,126 - INFO - [2025-05-31 10:45:15] INFO - Extracted 'resort ': Alcove Resort Vagator
2025-05-31 10:45:15,126 - INFO - [2025-05-31 10:45:15] INFO - Successfully added item to results
2025-05-31 10:45:15,141 - INFO - [2025-05-31 10:45:15] INFO - Extracted 'location': Panaji
2025-05-31 10:45:15,156 - INFO - [2025-05-31 10:45:15] INFO - Extracted 'resort ': DoubleTree by Hilton Goa - Panaji
2025-05-31 10:45:15,156 - INFO - [2025-05-31 10:45:15] INFO - Successfully added item to results
2025-05-31 10:45:15,234 - INFO - [2025-05-31 10:45:15] INFO - Extracted 'location': Cavelossim Beach, Cavelossim
2025-05-31 10:45:15,261 - INFO - [2025-05-31 10:45:15] INFO - Extracted 'resort ': Holiday Inn Resort Goa by IHG
2025-05-31 10:45:15,262 - INFO - [2025-05-31 10:45:15] INFO - Successfully added item to results
2025-05-31 10:45:15,276 - INFO - [2025-05-31 10:45:15] INFO - Extracted 'location': Benaulim Beach, Benaulim
2025-05-31 10:45:15,290 - INFO - [2025-05-31 10:45:15] INFO - Extracted 'resort ': Fortune Resort Benaulim Goa - Member ITC Hotels' Group
2025-05-31 10:45:15,290 - INFO - [2025-05-31 10:45:15] INFO - Successfully added item to results
2025-05-31 10:45:15,304 - INFO - [2025-05-31 10:45:15] INFO - Extracted 'location': Benaulim Beach, Benaulim
2025-05-31 10:45:15,317 - INFO - [2025-05-31 10:45:15] INFO - Extracted 'resort ': La Grace Resort
2025-05-31 10:45:15,318 - INFO - [2025-05-31 10:45:15] INFO - Successfully added item to results
2025-05-31 10:45:15,334 - INFO - [2025-05-31 10:45:15] INFO - Extracted 'location': Varca Beach, Varca
2025-05-31 10:45:15,351 - INFO - [2025-05-31 10:45:15] INFO - Extracted 'resort ': The Zuri White Sands, Goa Resort & Casino
2025-05-31 10:45:15,352 - INFO - [2025-05-31 10:45:15] INFO - Successfully added item to results
2025-05-31 10:45:15,369 - INFO - [2025-05-31 10:45:15] INFO - Extracted 'location': Bogmalo
2025-05-31 10:45:15,385 - INFO - [2025-05-31 10:45:15] INFO - Extracted 'resort ': Bogmallo Beach Resort
2025-05-31 10:45:15,385 - INFO - [2025-05-31 10:45:15] INFO - Successfully added item to results
2025-05-31 10:45:15,399 - INFO - [2025-05-31 10:45:15] INFO - Extracted 'location': Palolem Beach, Palolem
2025-05-31 10:45:15,414 - INFO - [2025-05-31 10:45:15] INFO - Extracted 'resort ': Art Resort Goa
2025-05-31 10:45:15,414 - INFO - [2025-05-31 10:45:15] INFO - Successfully added item to results
2025-05-31 10:45:15,429 - INFO - [2025-05-31 10:45:15] INFO - Extracted 'location': Candolim
2025-05-31 10:45:15,445 - INFO - [2025-05-31 10:45:15] INFO - Extracted 'resort ': Park Inn by Radisson Goa Candolim
2025-05-31 10:45:15,445 - INFO - [2025-05-31 10:45:15] INFO - Successfully added item to results
2025-05-31 10:45:15,460 - INFO - [2025-05-31 10:45:15] INFO - Extracted 'location': Candolim Beach, Candolim
2025-05-31 10:45:15,475 - INFO - [2025-05-31 10:45:15] INFO - Extracted 'resort ': Taj Fort Aguada Resort & Spa, Goa
2025-05-31 10:45:15,475 - INFO - [2025-05-31 10:45:15] INFO - Successfully added item to results
2025-05-31 10:45:15,489 - INFO - [2025-05-31 10:45:15] INFO - Extracted 'location': Candolim Beach, Candolim
2025-05-31 10:45:15,504 - INFO - [2025-05-31 10:45:15] INFO - Extracted 'resort ': Taj Holiday Village Resort & Spa, Goa
2025-05-31 10:45:15,504 - INFO - [2025-05-31 10:45:15] INFO - Successfully added item to results
2025-05-31 10:45:15,521 - INFO - [2025-05-31 10:45:15] INFO - Extracted 'location': Mandrem Beach , Mandrem
2025-05-31 10:45:15,537 - INFO - [2025-05-31 10:45:15] INFO - Extracted 'resort ': Riva Beach Resort
2025-05-31 10:45:15,537 - INFO - [2025-05-31 10:45:15] INFO - Successfully added item to results
2025-05-31 10:45:15,552 - INFO - [2025-05-31 10:45:15] INFO - Extracted 'location': Canacona
2025-05-31 10:45:15,566 - INFO - [2025-05-31 10:45:15] INFO - Extracted 'resort ': The LaLiT Golf & Spa Resort Goa
2025-05-31 10:45:15,566 - INFO - [2025-05-31 10:45:15] INFO - Successfully added item to results
2025-05-31 10:45:15,581 - INFO - [2025-05-31 10:45:15] INFO - Extracted 'location': Colva Beach, Colva
2025-05-31 10:45:15,596 - INFO - [2025-05-31 10:45:15] INFO - Extracted 'resort ': Soul Vacation Resort and Spa,Colva
2025-05-31 10:45:15,596 - INFO - [2025-05-31 10:45:15] INFO - Successfully added item to results
2025-05-31 10:45:15,610 - INFO - [2025-05-31 10:45:15] INFO - Extracted 'location': Calangute Beach, Calangute
2025-05-31 10:45:15,625 - INFO - [2025-05-31 10:45:15] INFO - Extracted 'resort ': Chalston Beach Resort
2025-05-31 10:45:15,626 - INFO - [2025-05-31 10:45:15] INFO - Successfully added item to results
2025-05-31 10:45:15,641 - INFO - [2025-05-31 10:45:15] INFO - Extracted 'location': Majorda
2025-05-31 10:45:15,655 - INFO - [2025-05-31 10:45:15] INFO - Extracted 'resort ': Diwa Club by Alila - A Hyatt Brand
2025-05-31 10:45:15,655 - INFO - [2025-05-31 10:45:15] INFO - Successfully added item to results
2025-05-31 10:45:15,668 - INFO - [2025-05-31 10:45:15] INFO - Extracted 'location': Colva Beach, Colva
2025-05-31 10:45:15,683 - INFO - [2025-05-31 10:45:15] INFO - Extracted 'resort ': Sea Queen Beach Resort & Spa
2025-05-31 10:45:15,684 - INFO - [2025-05-31 10:45:15] INFO - Successfully added item to results
2025-05-31 10:45:15,700 - INFO - [2025-05-31 10:45:15] INFO - Extracted 'location': Moira
2025-05-31 10:45:15,715 - INFO - [2025-05-31 10:45:15] INFO - Extracted 'resort ': Storii By ITC Hotels Moira Riviera
2025-05-31 10:45:15,715 - INFO - [2025-05-31 10:45:15] INFO - Successfully added item to results
2025-05-31 10:45:15,730 - INFO - [2025-05-31 10:45:15] INFO - Extracted 'location': Vichondrem
2025-05-31 10:45:15,746 - INFO - [2025-05-31 10:45:15] INFO - Extracted 'resort ': The Postcard Hideaway, Netravali Wildlife Sanctuary, Goa
2025-05-31 10:45:15,746 - INFO - [2025-05-31 10:45:15] INFO - Successfully added item to results
2025-05-31 10:45:15,762 - INFO - [2025-05-31 10:45:15] INFO - Extracted 'location': Vagator Beach, Vagator
2025-05-31 10:45:15,779 - INFO - [2025-05-31 10:45:15] INFO - Extracted 'resort ': W Goa
2025-05-31 10:45:15,780 - INFO - [2025-05-31 10:45:15] INFO - Successfully added item to results
2025-05-31 10:45:15,796 - INFO - [2025-05-31 10:45:15] INFO - Extracted 'location': Panaji
2025-05-31 10:45:15,813 - INFO - [2025-05-31 10:45:15] INFO - Extracted 'resort ': Goa Marriott Resort & Spa
2025-05-31 10:45:15,813 - INFO - [2025-05-31 10:45:15] INFO - Successfully added item to results
2025-05-31 10:45:15,831 - INFO - [2025-05-31 10:45:15] INFO - Extracted 'location': Candolim Beach, Candolim
2025-05-31 10:45:15,848 - INFO - [2025-05-31 10:45:15] INFO - Extracted 'resort ': Marquis Beach Resort
2025-05-31 10:45:15,848 - INFO - [2025-05-31 10:45:15] INFO - Successfully added item to results
2025-05-31 10:45:15,865 - INFO - [2025-05-31 10:45:15] INFO - Extracted 'location': Candolim
2025-05-31 10:45:15,881 - INFO - [2025-05-31 10:45:15] INFO - Extracted 'resort ': Novotel Goa Resort & Spa Candolim
2025-05-31 10:45:15,881 - INFO - [2025-05-31 10:45:15] INFO - Successfully added item to results
2025-05-31 10:45:15,899 - INFO - [2025-05-31 10:45:15] INFO - Extracted 'location': Patnem
2025-05-31 10:45:15,915 - INFO - [2025-05-31 10:45:15] INFO - Extracted 'resort ': Palm Trees Ayurvedic Heritage
2025-05-31 10:45:15,916 - INFO - [2025-05-31 10:45:15] INFO - Successfully added item to results
2025-05-31 10:45:15,932 - INFO - [2025-05-31 10:45:15] INFO - Extracted 'location': Baga
2025-05-31 10:45:15,959 - INFO - [2025-05-31 10:45:15] INFO - Extracted 'resort ': Acron Waterfront Resort
2025-05-31 10:45:15,959 - INFO - [2025-05-31 10:45:15] INFO - Successfully added item to results
2025-05-31 10:45:15,978 - INFO - [2025-05-31 10:45:15] INFO - Extracted 'location': Varca Beach, Varca
2025-05-31 10:45:15,995 - INFO - [2025-05-31 10:45:15] INFO - Extracted 'resort ': Sterling Goa Varca
2025-05-31 10:45:15,995 - INFO - [2025-05-31 10:45:15] INFO - Successfully added item to results
2025-05-31 10:45:16,012 - INFO - [2025-05-31 10:45:16] INFO - Extracted 'location': Bogmalo
2025-05-31 10:45:16,027 - INFO - [2025-05-31 10:45:16] INFO - Extracted 'resort ': Coconut Creek Resort - Dabolim Airport
2025-05-31 10:45:16,027 - INFO - [2025-05-31 10:45:16] INFO - Successfully added item to results
2025-05-31 10:45:16,042 - INFO - [2025-05-31 10:45:16] INFO - Extracted 'location': Cavelossim Beach, Cavelossim
2025-05-31 10:45:16,057 - INFO - [2025-05-31 10:45:16] INFO - Extracted 'resort ': The Byke Old Anchor Beach Resort & Spa
2025-05-31 10:45:16,057 - INFO - [2025-05-31 10:45:16] INFO - Successfully added item to results
2025-05-31 10:45:16,076 - INFO - [2025-05-31 10:45:16] INFO - Extracted 'location': Mandrem Beach , Mandrem
2025-05-31 10:45:16,092 - INFO - [2025-05-31 10:45:16] INFO - Extracted 'resort ': La Cabana Beach & Spa, By Ashvem Beach
2025-05-31 10:45:16,092 - INFO - [2025-05-31 10:45:16] INFO - Successfully added item to results
2025-05-31 10:45:16,108 - INFO - [2025-05-31 10:45:16] INFO - Extracted 'location': Palolem Beach, Palolem
2025-05-31 10:45:16,124 - INFO - [2025-05-31 10:45:16] INFO - Extracted 'resort ': Yoga Culture Palolem
2025-05-31 10:45:16,124 - INFO - [2025-05-31 10:45:16] INFO - Successfully added item to results
2025-05-31 10:45:16,140 - INFO - [2025-05-31 10:45:16] INFO - Extracted 'location': Vagator
2025-05-31 10:45:16,155 - INFO - [2025-05-31 10:45:16] INFO - Extracted 'resort ': 3102bce - A Vedic Resort
2025-05-31 10:45:16,155 - INFO - [2025-05-31 10:45:16] INFO - Successfully added item to results
2025-05-31 10:45:16,174 - INFO - [2025-05-31 10:45:16] INFO - Extracted 'location': Benaulim Beach, Benaulim
2025-05-31 10:45:16,192 - INFO - [2025-05-31 10:45:16] INFO - Extracted 'resort ': Beira Mar Beach Resort
2025-05-31 10:45:16,193 - INFO - [2025-05-31 10:45:16] INFO - Successfully added item to results
2025-05-31 10:45:16,211 - INFO - [2025-05-31 10:45:16] INFO - Extracted 'location': Betalbatim
2025-05-31 10:45:16,228 - INFO - [2025-05-31 10:45:16] INFO - Extracted 'resort ': Goa Villagio Resort & Spa - A Unit of IHM, 10 Min Walk from Beach
2025-05-31 10:45:16,228 - INFO - [2025-05-31 10:45:16] INFO - Successfully added item to results
2025-05-31 10:45:16,246 - INFO - [2025-05-31 10:45:16] INFO - Extracted 'location': Calangute Beach, Calangute
2025-05-31 10:45:16,263 - INFO - [2025-05-31 10:45:16] INFO - Extracted 'resort ': Resort Terra Paraiso
2025-05-31 10:45:16,263 - INFO - [2025-05-31 10:45:16] INFO - Successfully added item to results
2025-05-31 10:45:16,280 - INFO - [2025-05-31 10:45:16] INFO - Extracted 'location': Calangute
2025-05-31 10:45:16,296 - INFO - [2025-05-31 10:45:16] INFO - Extracted 'resort ': Storii By ITC Hotels, Shanti Morada Goa
2025-05-31 10:45:16,296 - INFO - [2025-05-31 10:45:16] INFO - Successfully added item to results
2025-05-31 10:45:16,313 - INFO - [2025-05-31 10:45:16] INFO - Extracted 'location': Mandrem
2025-05-31 10:45:16,329 - INFO - [2025-05-31 10:45:16] INFO - Extracted 'resort ': Amritara Aura Resort & Spa
2025-05-31 10:45:16,329 - INFO - [2025-05-31 10:45:16] INFO - Successfully added item to results
2025-05-31 10:45:16,347 - INFO - [2025-05-31 10:45:16] INFO - Extracted 'location': Morjim Beach, Morjim
2025-05-31 10:45:16,364 - INFO - [2025-05-31 10:45:16] INFO - Extracted 'resort ': Montego Bay Beach Village - Morjim
2025-05-31 10:45:16,364 - INFO - [2025-05-31 10:45:16] INFO - Successfully added item to results
2025-05-31 10:45:16,382 - INFO - [2025-05-31 10:45:16] INFO - Extracted 'location': Benaulim
2025-05-31 10:45:16,400 - INFO - [2025-05-31 10:45:16] INFO - Extracted 'resort ': Regenta Beach House Resort, Goa
2025-05-31 10:45:16,400 - INFO - [2025-05-31 10:45:16] INFO - Successfully added item to results
2025-05-31 10:45:16,416 - INFO - [2025-05-31 10:45:16] INFO - Extracted 'location': Mandrem Beach , Mandrem
2025-05-31 10:45:16,431 - INFO - [2025-05-31 10:45:16] INFO - Extracted 'resort ': Anahata Retreat Beach Front Ashwem Goa
2025-05-31 10:45:16,431 - INFO - [2025-05-31 10:45:16] INFO - Successfully added item to results
2025-05-31 10:45:16,446 - INFO - [2025-05-31 10:45:16] INFO - Extracted 'location': Arpora
2025-05-31 10:45:16,462 - INFO - [2025-05-31 10:45:16] INFO - Extracted 'resort ': Park Regis Goa
2025-05-31 10:45:16,462 - INFO - [2025-05-31 10:45:16] INFO - Successfully added item to results
2025-05-31 10:45:16,478 - INFO - [2025-05-31 10:45:16] INFO - Extracted 'location': Calangute Beach, Calangute
2025-05-31 10:45:16,493 - INFO - [2025-05-31 10:45:16] INFO - Extracted 'resort ': Andores Resort And Spa - Calangute
2025-05-31 10:45:16,493 - INFO - [2025-05-31 10:45:16] INFO - Successfully added item to results
2025-05-31 10:45:16,508 - INFO - [2025-05-31 10:45:16] INFO - Extracted 'location': Mandrem
2025-05-31 10:45:16,525 - INFO - [2025-05-31 10:45:16] INFO - Extracted 'resort ': Larisa Resort Ashwem
2025-05-31 10:45:16,525 - INFO - [2025-05-31 10:45:16] INFO - Successfully added item to results
2025-05-31 10:45:16,541 - INFO - [2025-05-31 10:45:16] INFO - Extracted 'location': Benaulim Beach, Benaulim
2025-05-31 10:45:16,555 - INFO - [2025-05-31 10:45:16] INFO - Extracted 'resort ': Azaya Beach Resort Goa
2025-05-31 10:45:16,555 - INFO - [2025-05-31 10:45:16] INFO - Successfully added item to results
2025-05-31 10:45:16,570 - INFO - [2025-05-31 10:45:16] INFO - Extracted 'location': Canacona
2025-05-31 10:45:16,585 - INFO - [2025-05-31 10:45:16] INFO - Extracted 'resort ': SUNBATH beach EXOTICA
2025-05-31 10:45:16,585 - INFO - [2025-05-31 10:45:16] INFO - Successfully added item to results
2025-05-31 10:45:16,600 - INFO - [2025-05-31 10:45:16] INFO - Extracted 'location': Candolim
2025-05-31 10:45:16,615 - INFO - [2025-05-31 10:45:16] INFO - Extracted 'resort ': Jolly Panda Resort Goa
2025-05-31 10:45:16,615 - INFO - [2025-05-31 10:45:16] INFO - Successfully added item to results
2025-05-31 10:45:16,630 - INFO - [2025-05-31 10:45:16] INFO - Extracted 'location': Baga Beach, Baga
2025-05-31 10:45:16,645 - INFO - [2025-05-31 10:45:16] INFO - Extracted 'resort ': Colonia Santa Maria
2025-05-31 10:45:16,645 - INFO - [2025-05-31 10:45:16] INFO - Successfully added item to results
2025-05-31 10:45:16,660 - INFO - [2025-05-31 10:45:16] INFO - Extracted 'location': Betalbatim
2025-05-31 10:45:16,674 - INFO - [2025-05-31 10:45:16] INFO - Extracted 'resort ': Alagoa Resort
2025-05-31 10:45:16,674 - INFO - [2025-05-31 10:45:16] INFO - Successfully added item to results
2025-05-31 10:45:16,690 - INFO - [2025-05-31 10:45:16] INFO - Extracted 'location': Colva
2025-05-31 10:45:16,705 - INFO - [2025-05-31 10:45:16] INFO - Extracted 'resort ': Regenta Baywatch Resort, Goa
2025-05-31 10:45:16,705 - INFO - [2025-05-31 10:45:16] INFO - Successfully added item to results
2025-05-31 10:45:16,720 - INFO - [2025-05-31 10:45:16] INFO - Extracted 'location': Calangute
2025-05-31 10:45:16,736 - INFO - [2025-05-31 10:45:16] INFO - Extracted 'resort ': Somy Plaza Calangute Goa - Formerly Somy Resort
2025-05-31 10:45:16,736 - INFO - [2025-05-31 10:45:16] INFO - Successfully added item to results
2025-05-31 10:45:16,752 - INFO - [2025-05-31 10:45:16] INFO - Extracted 'location': Candolim Beach, Candolim
2025-05-31 10:45:16,767 - INFO - [2025-05-31 10:45:16] INFO - Extracted 'resort ': Whispering Palms Beach Resort
2025-05-31 10:45:16,768 - INFO - [2025-05-31 10:45:16] INFO - Successfully added item to results
2025-05-31 10:45:16,786 - INFO - [2025-05-31 10:45:16] INFO - Extracted 'location': Vagator
2025-05-31 10:45:16,803 - INFO - [2025-05-31 10:45:16] INFO - Extracted 'resort ': Leoney Resort Goa
2025-05-31 10:45:16,803 - INFO - [2025-05-31 10:45:16] INFO - Successfully added item to results
2025-05-31 10:45:16,821 - INFO - [2025-05-31 10:45:16] INFO - Extracted 'location': Candolim Beach, Candolim
2025-05-31 10:45:16,837 - INFO - [2025-05-31 10:45:16] INFO - Extracted 'resort ': Lemon Tree Amarante Beach Resort, Goa
2025-05-31 10:45:16,837 - INFO - [2025-05-31 10:45:16] INFO - Successfully added item to results
2025-05-31 10:45:16,856 - INFO - [2025-05-31 10:45:16] INFO - Extracted 'location': Calangute
2025-05-31 10:45:16,872 - INFO - [2025-05-31 10:45:16] INFO - Extracted 'resort ': Summit Calangute Resort & Spa
2025-05-31 10:45:16,873 - INFO - [2025-05-31 10:45:16] INFO - Successfully added item to results
2025-05-31 10:45:16,889 - INFO - [2025-05-31 10:45:16] INFO - Extracted 'location': Varca
2025-05-31 10:45:16,906 - INFO - [2025-05-31 10:45:16] INFO - Extracted 'resort ': Club Mahindra Emerald Palms, Goa
2025-05-31 10:45:16,906 - INFO - [2025-05-31 10:45:16] INFO - Successfully added item to results
2025-05-31 10:45:16,924 - INFO - [2025-05-31 10:45:16] INFO - Extracted 'location': Palolem
2025-05-31 10:45:16,941 - INFO - [2025-05-31 10:45:16] INFO - Extracted 'resort ': La La Land Resort Goa by Spicy Mango
2025-05-31 10:45:16,942 - INFO - [2025-05-31 10:45:16] INFO - Successfully added item to results
2025-05-31 10:45:16,959 - INFO - [2025-05-31 10:45:16] INFO - Extracted 'location': Candolim
2025-05-31 10:45:16,977 - INFO - [2025-05-31 10:45:16] INFO - Extracted 'resort ': Aldeia Santa Rita - Candolim
2025-05-31 10:45:16,977 - INFO - [2025-05-31 10:45:16] INFO - Successfully added item to results
2025-05-31 10:45:16,993 - INFO - [2025-05-31 10:45:16] INFO - Extracted 'location': Mandrem
2025-05-31 10:45:17,010 - INFO - [2025-05-31 10:45:17] INFO - Extracted 'resort ': Mariners Bay Resort
2025-05-31 10:45:17,010 - INFO - [2025-05-31 10:45:17] INFO - Successfully added item to results
2025-05-31 10:45:17,027 - INFO - [2025-05-31 10:45:17] INFO - Extracted 'location': Vagator
2025-05-31 10:45:17,042 - INFO - [2025-05-31 10:45:17] INFO - Extracted 'resort ': Sashas Holiday Village
2025-05-31 10:45:17,042 - INFO - [2025-05-31 10:45:17] INFO - Successfully added item to results
2025-05-31 10:45:17,057 - INFO - [2025-05-31 10:45:17] INFO - Extracted 'location': Baga
2025-05-31 10:45:17,072 - INFO - [2025-05-31 10:45:17] INFO - Extracted 'resort ': La Sunila Suites & Villas by WSI, Baga
2025-05-31 10:45:17,072 - INFO - [2025-05-31 10:45:17] INFO - Successfully added item to results
2025-05-31 10:45:17,087 - INFO - [2025-05-31 10:45:17] INFO - Extracted 'location': Morjim
2025-05-31 10:45:17,103 - INFO - [2025-05-31 10:45:17] INFO - Extracted 'resort ': Papa Jolly Eco Resort-Near Morjim Beach
2025-05-31 10:45:17,103 - INFO - [2025-05-31 10:45:17] INFO - Successfully added item to results
2025-05-31 10:45:17,119 - INFO - [2025-05-31 10:45:17] INFO - Extracted 'location': Arpora
2025-05-31 10:45:17,135 - INFO - [2025-05-31 10:45:17] INFO - Extracted 'resort ': Resort Rio
2025-05-31 10:45:17,135 - INFO - [2025-05-31 10:45:17] INFO - Successfully added item to results
2025-05-31 10:45:17,153 - INFO - [2025-05-31 10:45:17] INFO - Extracted 'location': Calangute Beach, Calangute
2025-05-31 10:45:17,168 - INFO - [2025-05-31 10:45:17] INFO - Extracted 'resort ': Grandeur De Sanchi- Luxury Beach Resort & Spa
2025-05-31 10:45:17,168 - INFO - [2025-05-31 10:45:17] INFO - Successfully added item to results
2025-05-31 10:45:17,185 - INFO - [2025-05-31 10:45:17] INFO - Extracted 'location': Benaulim
2025-05-31 10:45:17,198 - INFO - [2025-05-31 10:45:17] INFO - Extracted 'resort ': Silva Heritage Resort Goa
2025-05-31 10:45:17,198 - INFO - [2025-05-31 10:45:17] INFO - Successfully added item to results
2025-05-31 10:45:17,214 - INFO - [2025-05-31 10:45:17] INFO - Extracted 'location': Candolim
2025-05-31 10:45:17,230 - INFO - [2025-05-31 10:45:17] INFO - Extracted 'resort ': De Alturas Resort
2025-05-31 10:45:17,230 - INFO - [2025-05-31 10:45:17] INFO - Successfully added item to results
2025-05-31 10:45:17,246 - INFO - [2025-05-31 10:45:17] INFO - Extracted 'location': Patnem
2025-05-31 10:45:17,263 - INFO - [2025-05-31 10:45:17] INFO - Extracted 'resort ': Mia's beach resort goa
2025-05-31 10:45:17,263 - INFO - [2025-05-31 10:45:17] INFO - Successfully added item to results
2025-05-31 10:45:17,279 - INFO - [2025-05-31 10:45:17] INFO - Extracted 'location': Anjuna
2025-05-31 10:45:17,296 - INFO - [2025-05-31 10:45:17] INFO - Extracted 'resort ': The Byke Royal Pearl Anjuna
2025-05-31 10:45:17,297 - INFO - [2025-05-31 10:45:17] INFO - Successfully added item to results
2025-05-31 10:45:17,314 - INFO - [2025-05-31 10:45:17] INFO - Extracted 'location': Morjim
2025-05-31 10:45:17,330 - INFO - [2025-05-31 10:45:17] INFO - Extracted 'resort ': Shree Rajeshwari Resort
2025-05-31 10:45:17,331 - INFO - [2025-05-31 10:45:17] INFO - Successfully added item to results
2025-05-31 10:45:17,747 - INFO - [2025-05-31 10:45:17] INFO - 
[SUCCESS] Scraping complete. 89 items saved.
2025-05-31 10:45:17,747 - INFO - [2025-05-31 10:45:17] INFO - Results saved to JSON: output/64e09264-0745-43b7-8c1f-f6db7a690bac\scraped_data.json
2025-05-31 10:45:17,747 - INFO - [2025-05-31 10:45:17] INFO - Results saved to Excel: output/64e09264-0745-43b7-8c1f-f6db7a690bac\scraped_data.xlsx
2025-05-31 10:45:17,747 - INFO - [2025-05-31 10:45:17] INFO - Scraper completed successfully
2025-05-31 10:45:17,747 - INFO - [2025-05-31 10:45:17] INFO - Attempting OAuth authentication on port 3000...
2025-05-31 10:45:17,748 - WARNING - [2025-05-31 10:45:17] WARNING - Failed to authenticate on port 3000: [WinError 10048] Only one usage of each socket address (protocol/network address/port) is normally permitted
2025-05-31 10:45:17,748 - ERROR - [2025-05-31 10:45:17] ERROR - Authentication failed: Authentication failed: [WinError 10048] Only one usage of each socket address (protocol/network address/port) is normally permitted
2025-05-31 10:45:17,749 - ERROR - [2025-05-31 10:45:17] ERROR - Error uploading to Google Drive: Failed to authenticate with Google Drive. Please check your credentials.json file and make sure the OAuth consent screen is properly configured.
2025-05-31 10:45:17,749 - WARNING - [2025-05-31 10:45:17] WARNING - Failed to upload Excel file to Google Drive
