2025-04-24 18:27:59,204 - INFO - [2025-04-24 18:27:59] INFO - Added file handler for log file: output/0d8146ed-55f9-46de-a63d-1db46d223dec\scraper.log
2025-04-24 18:27:59,204 - INFO - [2025-04-24 18:27:59] INFO - Starting scraper with configuration:
2025-04-24 18:27:59,204 - INFO - [2025-04-24 18:27:59] INFO - base_url: https://www.griclub.org/program/participants/empowered-by-gcc-global-capital-connectors-series_1810
2025-04-24 18:27:59,204 - INFO - [2025-04-24 18:27:59] INFO - concurrent_settings: {'base_request_delay': 2, 'job_spacing_delay': 3, 'max_concurrent_jobs': 3, 'max_concurrent_requests': 2}
2025-04-24 18:27:59,204 - INFO - [2025-04-24 18:27:59] INFO - container_selector: div.c82435a4b8.a178069f51.a6ae3c2b40
2025-04-24 18:27:59,205 - INFO - [2025-04-24 18:27:59] INFO - initial_wait: 3
2025-04-24 18:27:59,205 - INFO - [2025-04-24 18:27:59] INFO - load_more_selector: 
2025-04-24 18:27:59,205 - INFO - [2025-04-24 18:27:59] INFO - load_more_wait: 3
2025-04-24 18:27:59,205 - INFO - [2025-04-24 18:27:59] INFO - max_pages: 1
2025-04-24 18:27:59,205 - INFO - [2025-04-24 18:27:59] INFO - max_scroll_attempts: 20
2025-04-24 18:27:59,205 - INFO - [2025-04-24 18:27:59] INFO - next_page_selector: 
2025-04-24 18:27:59,205 - INFO - [2025-04-24 18:27:59] INFO - output_excel: output/0d8146ed-55f9-46de-a63d-1db46d223dec\scraped_data.xlsx
2025-04-24 18:27:59,205 - INFO - [2025-04-24 18:27:59] INFO - output_json: output/0d8146ed-55f9-46de-a63d-1db46d223dec\scraped_data.json
2025-04-24 18:27:59,205 - INFO - [2025-04-24 18:27:59] INFO - page_wait: 2
2025-04-24 18:27:59,205 - INFO - [2025-04-24 18:27:59] INFO - paginate: False
2025-04-24 18:27:59,205 - INFO - [2025-04-24 18:27:59] INFO - scrape_subpages: False
2025-04-24 18:27:59,206 - INFO - [2025-04-24 18:27:59] INFO - scroll: False
2025-04-24 18:27:59,206 - INFO - [2025-04-24 18:27:59] INFO - scroll_wait: 3
2025-04-24 18:27:59,206 - INFO - [2025-04-24 18:27:59] INFO - start_page: 1
2025-04-24 18:27:59,206 - INFO - [2025-04-24 18:27:59] INFO - subpage_wait: 3
2025-04-24 18:27:59,206 - INFO - [2025-04-24 18:27:59] INFO - job_id: 0d8146ed-55f9-46de-a63d-1db46d223dec
2025-04-24 18:27:59,206 - INFO - [2025-04-24 18:27:59] INFO - user_id: user_h4hctrxqreu_1745474290425
2025-04-24 18:27:59,206 - INFO - [2025-04-24 18:27:59] INFO - concurrent: True
2025-04-24 18:27:59,206 - INFO - [2025-04-24 18:27:59] INFO - output_dir: output/0d8146ed-55f9-46de-a63d-1db46d223dec
2025-04-24 18:27:59,206 - INFO - [2025-04-24 18:27:59] INFO - log_file: output/0d8146ed-55f9-46de-a63d-1db46d223dec\scraper.log
2025-04-24 18:27:59,206 - INFO - [2025-04-24 18:27:59] INFO - request_delay: 4
2025-04-24 18:27:59,207 - INFO - [2025-04-24 18:27:59] INFO - max_concurrent_requests: 2
2025-04-24 18:27:59,207 - INFO - [2025-04-24 18:27:59] INFO - job_start_time: 2025-04-24T18:27:55.062118
2025-04-24 18:27:59,207 - INFO - [2025-04-24 18:27:59] INFO - headless: True
2025-04-24 18:27:59,207 - INFO - [2025-04-24 18:27:59] INFO - Concurrent scraping settings:
2025-04-24 18:27:59,207 - INFO - [2025-04-24 18:27:59] INFO - Job ID: 0d8146ed-55f9-46de-a63d-1db46d223dec
2025-04-24 18:27:59,207 - INFO - [2025-04-24 18:27:59] INFO - User ID: user_h4hctrxqreu_1745474290425
2025-04-24 18:27:59,207 - INFO - [2025-04-24 18:27:59] INFO - Request delay: 4s
2025-04-24 18:27:59,207 - INFO - [2025-04-24 18:27:59] INFO - Max concurrent requests: 2
2025-04-24 18:27:59,207 - INFO - [2025-04-24 18:27:59] INFO - Concurrent scraping settings:
2025-04-24 18:27:59,207 - INFO - [2025-04-24 18:27:59] INFO - Job ID: 0d8146ed-55f9-46de-a63d-1db46d223dec
2025-04-24 18:27:59,207 - INFO - [2025-04-24 18:27:59] INFO - User ID: user_h4hctrxqreu_1745474290425
2025-04-24 18:27:59,207 - INFO - [2025-04-24 18:27:59] INFO - Request delay: 4s
2025-04-24 18:27:59,207 - INFO - [2025-04-24 18:27:59] INFO - Max concurrent requests: 2
2025-04-24 18:27:59,207 - INFO - [2025-04-24 18:27:59] INFO - Starting scraper with configuration:
2025-04-24 18:27:59,207 - INFO - [2025-04-24 18:27:59] INFO - {
  "base_url": "https://www.griclub.org/program/participants/empowered-by-gcc-global-capital-connectors-series_1810",
  "concurrent_settings": {
    "base_request_delay": 2,
    "job_spacing_delay": 3,
    "max_concurrent_jobs": 3,
    "max_concurrent_requests": 2
  },
  "container_selector": "div.c82435a4b8.a178069f51.a6ae3c2b40",
  "initial_wait": 3,
  "load_more_selector": "",
  "load_more_wait": 3,
  "max_pages": 1,
  "max_scroll_attempts": 20,
  "next_page_selector": "",
  "output_excel": "output/0d8146ed-55f9-46de-a63d-1db46d223dec\\scraped_data.xlsx",
  "output_json": "output/0d8146ed-55f9-46de-a63d-1db46d223dec\\scraped_data.json",
  "page_wait": 2,
  "paginate": false,
  "scrape_subpages": false,
  "scroll": false,
  "scroll_wait": 3,
  "start_page": 1,
  "subpage_wait": 3,
  "job_id": "0d8146ed-55f9-46de-a63d-1db46d223dec",
  "user_id": "user_h4hctrxqreu_1745474290425",
  "concurrent": true,
  "output_dir": "output/0d8146ed-55f9-46de-a63d-1db46d223dec",
  "log_file": "output/0d8146ed-55f9-46de-a63d-1db46d223dec\\scraper.log",
  "request_delay": 4,
  "max_concurrent_requests": 2,
  "job_start_time": "2025-04-24T18:27:55.062118",
  "headless": true
}
2025-04-24 18:27:59,704 - INFO - [2025-04-24 18:27:59] INFO - Detected Chrome version: 135.0.7049.114
2025-04-24 18:28:01,039 - WARNING - [2025-04-24 18:28:01] WARNING - Failed to initialize with exact version match: There is no such driver by url https://chromedriver.storage.googleapis.com/LATEST_RELEASE_135.0.7049
2025-04-24 18:28:02,071 - WARNING - [2025-04-24 18:28:02] WARNING - Failed to initialize with latest version: There is no such driver by url https://chromedriver.storage.googleapis.com/LATEST_RELEASE_135.0.7049
2025-04-24 18:28:06,960 - INFO - [2025-04-24 18:28:06] INFO - Successfully initialized Chrome with undetected-chromedriver
2025-04-24 18:28:06,962 - INFO - [2025-04-24 18:28:06] INFO - Job started for user user_h4hctrxqreu_1745474290425 (Job ID: 0d8146ed-55f9-46de-a63d-1db46d223dec)
2025-04-24 18:28:06,963 - INFO - [2025-04-24 18:28:06] INFO - Phase 1: Collecting main fields and links from all pages...
2025-04-24 18:28:12,143 - INFO - [2025-04-24 18:28:12] INFO - Navigated to base URL: https://www.griclub.org/program/participants/empowered-by-gcc-global-capital-connectors-series_1810
2025-04-24 18:28:16,152 - INFO - [2025-04-24 18:28:16] INFO - Scraping main fields from page 1...
2025-04-24 18:28:16,162 - INFO - [2025-04-24 18:28:16] INFO - Found 0 items on page 1
2025-04-24 18:28:16,162 - INFO - [2025-04-24 18:28:16] INFO - No items found on this page, might be last page
2025-04-24 18:28:16,700 - INFO - [2025-04-24 18:28:16] INFO - 
[SUCCESS] Scraping complete. 0 items saved.
2025-04-24 18:28:16,700 - INFO - [2025-04-24 18:28:16] INFO - Results saved to JSON: output/0d8146ed-55f9-46de-a63d-1db46d223dec\scraped_data.json
2025-04-24 18:28:16,700 - INFO - [2025-04-24 18:28:16] INFO - Results saved to Excel: output/0d8146ed-55f9-46de-a63d-1db46d223dec\scraped_data.xlsx
2025-04-24 18:28:16,700 - INFO - [2025-04-24 18:28:16] INFO - Scraper completed successfully
2025-04-24 18:28:16,700 - INFO - [2025-04-24 18:28:16] INFO - Cleaning up driver after successful scraping...
2025-04-24 18:28:16,763 - INFO - [2025-04-24 18:28:16] INFO - Successfully closed browser window
2025-04-24 18:28:16,953 - INFO - [2025-04-24 18:28:16] INFO - Successfully quit driver
2025-04-24 18:28:17,577 - INFO - [2025-04-24 18:28:17] INFO - Killed 6 remaining Chrome processes
