2025-04-22 11:55:05,092 - INFO - [2025-04-22 11:55:05] INFO - Added file handler for log file: output/ed5f9534-119d-4f8f-99f1-643d18b8eb8f\scraper.log
2025-04-22 11:55:05,092 - INFO - [2025-04-22 11:55:05] INFO - Starting scraper with configuration:
2025-04-22 11:55:05,093 - INFO - [2025-04-22 11:55:05] INFO - base_url: https://www.booking.com/searchresults.html?label=gog235jc-1DCAEoggI46AdIM1gDaGyIAQGYATG4AQfIAQzYAQPoAQH4AQKIAgGoAgO4As_0h8AGwAIB0gIkMzJhOGRkNTItN2Y0NS00OGIyLWI0NDMtOGRjODk1MjQxNDlh2AIE4AIB&aid=397594&ss=Himachal+Pradesh%2C+India&ssne=Uttarakhand&ssne_untouched=Uttarakhand&lang=en-us&src=searchresults&dest_id=3482&dest_type=region&ac_position=1&ac_click_type=b&ac_langcode=en&ac_suggestion_list_length=5&search_selected=true&search_pageview_id=ce3f33fa3adb003e&checkin=2025-04-18&checkout=2025-04-19&group_adults=2&no_rooms=1&group_children=0&nflt=hotelfacility%3D54%3Bht_id%3D206
2025-04-22 11:55:05,097 - INFO - [2025-04-22 11:55:05] INFO - concurrent_settings: {'base_request_delay': 2, 'job_spacing_delay': 3, 'max_concurrent_jobs': 3, 'max_concurrent_requests': 2}
2025-04-22 11:55:05,097 - INFO - [2025-04-22 11:55:05] INFO - container_selector: div.c82435a4b8.a178069f51.a6ae3c2b40
2025-04-22 11:55:05,097 - INFO - [2025-04-22 11:55:05] INFO - initial_wait: 3
2025-04-22 11:55:05,098 - INFO - [2025-04-22 11:55:05] INFO - load_more_selector: 
2025-04-22 11:55:05,098 - INFO - [2025-04-22 11:55:05] INFO - load_more_wait: 3
2025-04-22 11:55:05,098 - INFO - [2025-04-22 11:55:05] INFO - max_pages: 1
2025-04-22 11:55:05,098 - INFO - [2025-04-22 11:55:05] INFO - max_scroll_attempts: 20
2025-04-22 11:55:05,098 - INFO - [2025-04-22 11:55:05] INFO - next_page_selector: 
2025-04-22 11:55:05,098 - INFO - [2025-04-22 11:55:05] INFO - output_excel: output/ed5f9534-119d-4f8f-99f1-643d18b8eb8f\scraped_data.xlsx
2025-04-22 11:55:05,098 - INFO - [2025-04-22 11:55:05] INFO - output_json: output/ed5f9534-119d-4f8f-99f1-643d18b8eb8f\scraped_data.json
2025-04-22 11:55:05,098 - INFO - [2025-04-22 11:55:05] INFO - page_wait: 2
2025-04-22 11:55:05,098 - INFO - [2025-04-22 11:55:05] INFO - paginate: False
2025-04-22 11:55:05,098 - INFO - [2025-04-22 11:55:05] INFO - scrape_subpages: False
2025-04-22 11:55:05,098 - INFO - [2025-04-22 11:55:05] INFO - scroll: True
2025-04-22 11:55:05,098 - INFO - [2025-04-22 11:55:05] INFO - scroll_wait: 3
2025-04-22 11:55:05,098 - INFO - [2025-04-22 11:55:05] INFO - start_page: 1
2025-04-22 11:55:05,098 - INFO - [2025-04-22 11:55:05] INFO - subpage_wait: 3
2025-04-22 11:55:05,098 - INFO - [2025-04-22 11:55:05] INFO - job_id: ed5f9534-119d-4f8f-99f1-643d18b8eb8f
2025-04-22 11:55:05,100 - INFO - [2025-04-22 11:55:05] INFO - user_id: user_khiboz5p84_1745132256993
2025-04-22 11:55:05,100 - INFO - [2025-04-22 11:55:05] INFO - concurrent: True
2025-04-22 11:55:05,100 - INFO - [2025-04-22 11:55:05] INFO - output_dir: output/ed5f9534-119d-4f8f-99f1-643d18b8eb8f
2025-04-22 11:55:05,100 - INFO - [2025-04-22 11:55:05] INFO - log_file: output/ed5f9534-119d-4f8f-99f1-643d18b8eb8f\scraper.log
2025-04-22 11:55:05,100 - INFO - [2025-04-22 11:55:05] INFO - request_delay: 4
2025-04-22 11:55:05,100 - INFO - [2025-04-22 11:55:05] INFO - max_concurrent_requests: 2
2025-04-22 11:55:05,100 - INFO - [2025-04-22 11:55:05] INFO - job_start_time: 2025-04-22T11:55:01.092877
2025-04-22 11:55:05,100 - INFO - [2025-04-22 11:55:05] INFO - headless: True
2025-04-22 11:55:05,100 - INFO - [2025-04-22 11:55:05] INFO - Concurrent scraping settings:
2025-04-22 11:55:05,100 - INFO - [2025-04-22 11:55:05] INFO - Job ID: ed5f9534-119d-4f8f-99f1-643d18b8eb8f
2025-04-22 11:55:05,102 - INFO - [2025-04-22 11:55:05] INFO - User ID: user_khiboz5p84_1745132256993
2025-04-22 11:55:05,102 - INFO - [2025-04-22 11:55:05] INFO - Request delay: 4s
2025-04-22 11:55:05,102 - INFO - [2025-04-22 11:55:05] INFO - Max concurrent requests: 2
2025-04-22 11:55:05,102 - INFO - [2025-04-22 11:55:05] INFO - Concurrent scraping settings:
2025-04-22 11:55:05,102 - INFO - [2025-04-22 11:55:05] INFO - Job ID: ed5f9534-119d-4f8f-99f1-643d18b8eb8f
2025-04-22 11:55:05,102 - INFO - [2025-04-22 11:55:05] INFO - User ID: user_khiboz5p84_1745132256993
2025-04-22 11:55:05,102 - INFO - [2025-04-22 11:55:05] INFO - Request delay: 4s
2025-04-22 11:55:05,102 - INFO - [2025-04-22 11:55:05] INFO - Max concurrent requests: 2
2025-04-22 11:55:05,104 - INFO - [2025-04-22 11:55:05] INFO - Starting scraper with configuration:
2025-04-22 11:55:05,104 - INFO - [2025-04-22 11:55:05] INFO - {
  "base_url": "https://www.booking.com/searchresults.html?label=gog235jc-1DCAEoggI46AdIM1gDaGyIAQGYATG4AQfIAQzYAQPoAQH4AQKIAgGoAgO4As_0h8AGwAIB0gIkMzJhOGRkNTItN2Y0NS00OGIyLWI0NDMtOGRjODk1MjQxNDlh2AIE4AIB&aid=397594&ss=Himachal+Pradesh%2C+India&ssne=Uttarakhand&ssne_untouched=Uttarakhand&lang=en-us&src=searchresults&dest_id=3482&dest_type=region&ac_position=1&ac_click_type=b&ac_langcode=en&ac_suggestion_list_length=5&search_selected=true&search_pageview_id=ce3f33fa3adb003e&checkin=2025-04-18&checkout=2025-04-19&group_adults=2&no_rooms=1&group_children=0&nflt=hotelfacility%3D54%3Bht_id%3D206",
  "concurrent_settings": {
    "base_request_delay": 2,
    "job_spacing_delay": 3,
    "max_concurrent_jobs": 3,
    "max_concurrent_requests": 2
  },
  "container_selector": "div.c82435a4b8.a178069f51.a6ae3c2b40",
  "initial_wait": 3,
  "load_more_selector": "",
  "load_more_wait": 3,
  "max_pages": 1,
  "max_scroll_attempts": 20,
  "next_page_selector": "",
  "output_excel": "output/ed5f9534-119d-4f8f-99f1-643d18b8eb8f\\scraped_data.xlsx",
  "output_json": "output/ed5f9534-119d-4f8f-99f1-643d18b8eb8f\\scraped_data.json",
  "page_wait": 2,
  "paginate": false,
  "scrape_subpages": false,
  "scroll": true,
  "scroll_wait": 3,
  "start_page": 1,
  "subpage_wait": 3,
  "job_id": "ed5f9534-119d-4f8f-99f1-643d18b8eb8f",
  "user_id": "user_khiboz5p84_1745132256993",
  "concurrent": true,
  "output_dir": "output/ed5f9534-119d-4f8f-99f1-643d18b8eb8f",
  "log_file": "output/ed5f9534-119d-4f8f-99f1-643d18b8eb8f\\scraper.log",
  "request_delay": 4,
  "max_concurrent_requests": 2,
  "job_start_time": "2025-04-22T11:55:01.092877",
  "headless": true
}
2025-04-22 11:55:05,104 - INFO - [2025-04-22 11:55:05] INFO - Attempting to use undetected-chromedriver...
2025-04-22 11:55:10,256 - INFO - [2025-04-22 11:55:10] INFO - Successfully initialized Chrome with undetected-chromedriver
2025-04-22 11:55:10,256 - INFO - [2025-04-22 11:55:10] INFO - Job started for user user_khiboz5p84_1745132256993 (Job ID: ed5f9534-119d-4f8f-99f1-643d18b8eb8f)
2025-04-22 11:55:10,256 - INFO - [2025-04-22 11:55:10] INFO - Phase 1: Collecting main fields and links from all pages...
2025-04-22 11:55:15,067 - INFO - [2025-04-22 11:55:15] INFO - Navigated to base URL: https://www.booking.com/searchresults.html?label=gog235jc-1DCAEoggI46AdIM1gDaGyIAQGYATG4AQfIAQzYAQPoAQH4AQKIAgGoAgO4As_0h8AGwAIB0gIkMzJhOGRkNTItN2Y0NS00OGIyLWI0NDMtOGRjODk1MjQxNDlh2AIE4AIB&aid=397594&ss=Himachal+Pradesh%2C+India&ssne=Uttarakhand&ssne_untouched=Uttarakhand&lang=en-us&src=searchresults&dest_id=3482&dest_type=region&ac_position=1&ac_click_type=b&ac_langcode=en&ac_suggestion_list_length=5&search_selected=true&search_pageview_id=ce3f33fa3adb003e&checkin=2025-04-18&checkout=2025-04-19&group_adults=2&no_rooms=1&group_children=0&nflt=hotelfacility%3D54%3Bht_id%3D206
2025-04-22 11:55:19,092 - INFO - [2025-04-22 11:55:19] INFO - Scraping main fields from page 1...
2025-04-22 11:55:19,093 - INFO - [2025-04-22 11:55:19] INFO - Scrolling to load all content...
