2025-05-01 08:09:32,542 - INFO - [2025-05-01 08:09:32] INFO - Added file handler for log file: output/eb01b15f-fa33-4979-9adf-548fbf81a80d/scraper.log
2025-05-01 08:09:32,542 - INFO - [2025-05-01 08:09:32] INFO - Starting scraper with configuration:
2025-05-01 08:09:32,543 - INFO - [2025-05-01 08:09:32] INFO - base_url: https://giohis.com/speakers/
2025-05-01 08:09:32,543 - INFO - [2025-05-01 08:09:32] INFO - concurrent_settings: {'base_request_delay': 2, 'job_spacing_delay': 3, 'max_concurrent_jobs': 3, 'max_concurrent_requests': 2}
2025-05-01 08:09:32,544 - INFO - [2025-05-01 08:09:32] INFO - container_selector: div.attendee_wrap.clearfix
2025-05-01 08:09:32,546 - INFO - [2025-05-01 08:09:32] INFO - initial_wait: 3
2025-05-01 08:09:32,546 - INFO - [2025-05-01 08:09:32] INFO - load_more_selector: 
2025-05-01 08:09:32,546 - INFO - [2025-05-01 08:09:32] INFO - load_more_wait: 3
2025-05-01 08:09:32,547 - INFO - [2025-05-01 08:09:32] INFO - max_pages: 1
2025-05-01 08:09:32,547 - INFO - [2025-05-01 08:09:32] INFO - max_scroll_attempts: 20
2025-05-01 08:09:32,548 - INFO - [2025-05-01 08:09:32] INFO - next_page_selector: 
2025-05-01 08:09:32,549 - INFO - [2025-05-01 08:09:32] INFO - output_excel: output/eb01b15f-fa33-4979-9adf-548fbf81a80d/scraped_data.xlsx
2025-05-01 08:09:32,550 - INFO - [2025-05-01 08:09:32] INFO - output_json: output/eb01b15f-fa33-4979-9adf-548fbf81a80d/scraped_data.json
2025-05-01 08:09:32,550 - INFO - [2025-05-01 08:09:32] INFO - page_wait: 2
2025-05-01 08:09:32,551 - INFO - [2025-05-01 08:09:32] INFO - paginate: False
2025-05-01 08:09:32,552 - INFO - [2025-05-01 08:09:32] INFO - scrape_subpages: False
2025-05-01 08:09:32,552 - INFO - [2025-05-01 08:09:32] INFO - scroll: True
2025-05-01 08:09:32,553 - INFO - [2025-05-01 08:09:32] INFO - scroll_wait: 3
2025-05-01 08:09:32,553 - INFO - [2025-05-01 08:09:32] INFO - start_page: 1
2025-05-01 08:09:32,554 - INFO - [2025-05-01 08:09:32] INFO - subpage_wait: 3
2025-05-01 08:09:32,556 - INFO - [2025-05-01 08:09:32] INFO - job_id: eb01b15f-fa33-4979-9adf-548fbf81a80d
2025-05-01 08:09:32,557 - INFO - [2025-05-01 08:09:32] INFO - user_id: user_h4hctrxqreu_1745474290425
2025-05-01 08:09:32,557 - INFO - [2025-05-01 08:09:32] INFO - concurrent: True
2025-05-01 08:09:32,557 - INFO - [2025-05-01 08:09:32] INFO - output_dir: output/eb01b15f-fa33-4979-9adf-548fbf81a80d
2025-05-01 08:09:32,558 - INFO - [2025-05-01 08:09:32] INFO - log_file: output/eb01b15f-fa33-4979-9adf-548fbf81a80d/scraper.log
2025-05-01 08:09:32,559 - INFO - [2025-05-01 08:09:32] INFO - request_delay: 4
2025-05-01 08:09:32,559 - INFO - [2025-05-01 08:09:32] INFO - max_concurrent_requests: 2
2025-05-01 08:09:32,559 - INFO - [2025-05-01 08:09:32] INFO - job_start_time: 2025-05-01T08:09:29.427637
2025-05-01 08:09:32,560 - INFO - [2025-05-01 08:09:32] INFO - headless: True
2025-05-01 08:09:32,560 - INFO - [2025-05-01 08:09:32] INFO - Concurrent scraping settings:
2025-05-01 08:09:32,560 - INFO - [2025-05-01 08:09:32] INFO - Job ID: eb01b15f-fa33-4979-9adf-548fbf81a80d
2025-05-01 08:09:32,561 - INFO - [2025-05-01 08:09:32] INFO - User ID: user_h4hctrxqreu_1745474290425
2025-05-01 08:09:32,563 - INFO - [2025-05-01 08:09:32] INFO - Request delay: 4s
2025-05-01 08:09:32,563 - INFO - [2025-05-01 08:09:32] INFO - Max concurrent requests: 2
2025-05-01 08:09:32,564 - INFO - [2025-05-01 08:09:32] INFO - Concurrent scraping settings:
2025-05-01 08:09:32,564 - INFO - [2025-05-01 08:09:32] INFO - Job ID: eb01b15f-fa33-4979-9adf-548fbf81a80d
2025-05-01 08:09:32,565 - INFO - [2025-05-01 08:09:32] INFO - User ID: user_h4hctrxqreu_1745474290425
2025-05-01 08:09:32,565 - INFO - [2025-05-01 08:09:32] INFO - Request delay: 4s
2025-05-01 08:09:32,565 - INFO - [2025-05-01 08:09:32] INFO - Max concurrent requests: 2
2025-05-01 08:09:32,566 - INFO - [2025-05-01 08:09:32] INFO - Starting scraper with configuration:
2025-05-01 08:09:32,566 - INFO - [2025-05-01 08:09:32] INFO - {
  "base_url": "https://giohis.com/speakers/",
  "concurrent_settings": {
    "base_request_delay": 2,
    "job_spacing_delay": 3,
    "max_concurrent_jobs": 3,
    "max_concurrent_requests": 2
  },
  "container_selector": "div.attendee_wrap.clearfix",
  "initial_wait": 3,
  "load_more_selector": "",
  "load_more_wait": 3,
  "max_pages": 1,
  "max_scroll_attempts": 20,
  "next_page_selector": "",
  "output_excel": "output/eb01b15f-fa33-4979-9adf-548fbf81a80d/scraped_data.xlsx",
  "output_json": "output/eb01b15f-fa33-4979-9adf-548fbf81a80d/scraped_data.json",
  "page_wait": 2,
  "paginate": false,
  "scrape_subpages": false,
  "scroll": true,
  "scroll_wait": 3,
  "start_page": 1,
  "subpage_wait": 3,
  "job_id": "eb01b15f-fa33-4979-9adf-548fbf81a80d",
  "user_id": "user_h4hctrxqreu_1745474290425",
  "concurrent": true,
  "output_dir": "output/eb01b15f-fa33-4979-9adf-548fbf81a80d",
  "log_file": "output/eb01b15f-fa33-4979-9adf-548fbf81a80d/scraper.log",
  "request_delay": 4,
  "max_concurrent_requests": 2,
  "job_start_time": "2025-05-01T08:09:29.427637",
  "headless": true
}
2025-05-01 08:09:32,567 - WARNING - [2025-05-01 08:09:32] WARNING - Chrome version detection not implemented for this OS
2025-05-01 08:09:32,569 - INFO - [2025-05-01 08:09:32] INFO - Using default ChromeDriver version 122.0.6261.94
2025-05-01 08:09:32,569 - INFO - [2025-05-01 08:09:32] INFO - Attempting to download ChromeDriver 122.0.6261.94 manually...
2025-05-01 08:09:32,571 - INFO - [2025-05-01 08:09:32] INFO - Downloading from: https://chromedriver.storage.googleapis.com/122.0.6261.94/chromedriver_linux64.zip
2025-05-01 08:09:33,150 - ERROR - [2025-05-01 08:09:33] ERROR - Failed to download ChromeDriver manually: Failed to download ChromeDriver. Status code: 404
2025-05-01 08:09:33,154 - INFO - [2025-05-01 08:09:33] INFO - Using ChromeDriverManager as fallback
2025-05-01 08:09:34,039 - ERROR - [2025-05-01 08:09:34] ERROR - Error setting up Chrome WebDriver: There is no such driver by url https://chromedriver.storage.googleapis.com/LATEST_RELEASE_136.0.7103
2025-05-01 08:09:34,039 - ERROR - [2025-05-01 08:09:34] ERROR - Error during scraping: There is no such driver by url https://chromedriver.storage.googleapis.com/LATEST_RELEASE_136.0.7103
2025-05-01 08:09:34,042 - ERROR - [2025-05-01 08:09:34] ERROR - Scraper failed with return code 1
