2025-04-24 21:05:20,235 - INFO - [2025-04-24 21:05:20] INFO - Added file handler for log file: output/88a8ace7-d776-42d8-999a-889c988b3abe\scraper.log
2025-04-24 21:05:20,235 - INFO - [2025-04-24 21:05:20] INFO - Starting scraper with configuration:
2025-04-24 21:05:20,235 - INFO - [2025-04-24 21:05:20] INFO - base_url: https://www.griclub.org/program/participants/empowered-by-gcc-global-capital-connectors-series_1810
2025-04-24 21:05:20,236 - INFO - [2025-04-24 21:05:20] INFO - concurrent_settings: {'base_request_delay': 2, 'job_spacing_delay': 3, 'max_concurrent_jobs': 3, 'max_concurrent_requests': 2}
2025-04-24 21:05:20,236 - INFO - [2025-04-24 21:05:20] INFO - container_selector: div.c82435a4b8.a178069f51.a6ae3c2b40
2025-04-24 21:05:20,236 - INFO - [2025-04-24 21:05:20] INFO - initial_wait: 3
2025-04-24 21:05:20,236 - INFO - [2025-04-24 21:05:20] INFO - load_more_selector: 
2025-04-24 21:05:20,236 - INFO - [2025-04-24 21:05:20] INFO - load_more_wait: 3
2025-04-24 21:05:20,236 - INFO - [2025-04-24 21:05:20] INFO - max_pages: 1
2025-04-24 21:05:20,236 - INFO - [2025-04-24 21:05:20] INFO - max_scroll_attempts: 20
2025-04-24 21:05:20,236 - INFO - [2025-04-24 21:05:20] INFO - next_page_selector: 
2025-04-24 21:05:20,236 - INFO - [2025-04-24 21:05:20] INFO - output_excel: output/88a8ace7-d776-42d8-999a-889c988b3abe\scraped_data.xlsx
2025-04-24 21:05:20,237 - INFO - [2025-04-24 21:05:20] INFO - output_json: output/88a8ace7-d776-42d8-999a-889c988b3abe\scraped_data.json
2025-04-24 21:05:20,237 - INFO - [2025-04-24 21:05:20] INFO - page_wait: 2
2025-04-24 21:05:20,237 - INFO - [2025-04-24 21:05:20] INFO - paginate: False
2025-04-24 21:05:20,237 - INFO - [2025-04-24 21:05:20] INFO - scrape_subpages: False
2025-04-24 21:05:20,237 - INFO - [2025-04-24 21:05:20] INFO - scroll: False
2025-04-24 21:05:20,237 - INFO - [2025-04-24 21:05:20] INFO - scroll_wait: 3
2025-04-24 21:05:20,237 - INFO - [2025-04-24 21:05:20] INFO - start_page: 1
2025-04-24 21:05:20,237 - INFO - [2025-04-24 21:05:20] INFO - subpage_wait: 3
2025-04-24 21:05:20,237 - INFO - [2025-04-24 21:05:20] INFO - job_id: 88a8ace7-d776-42d8-999a-889c988b3abe
2025-04-24 21:05:20,237 - INFO - [2025-04-24 21:05:20] INFO - user_id: user_h4hctrxqreu_1745474290425
2025-04-24 21:05:20,237 - INFO - [2025-04-24 21:05:20] INFO - concurrent: True
2025-04-24 21:05:20,237 - INFO - [2025-04-24 21:05:20] INFO - output_dir: output/88a8ace7-d776-42d8-999a-889c988b3abe
2025-04-24 21:05:20,237 - INFO - [2025-04-24 21:05:20] INFO - log_file: output/88a8ace7-d776-42d8-999a-889c988b3abe\scraper.log
2025-04-24 21:05:20,237 - INFO - [2025-04-24 21:05:20] INFO - request_delay: 4
2025-04-24 21:05:20,237 - INFO - [2025-04-24 21:05:20] INFO - max_concurrent_requests: 2
2025-04-24 21:05:20,238 - INFO - [2025-04-24 21:05:20] INFO - job_start_time: 2025-04-24T21:05:15.811771
2025-04-24 21:05:20,238 - INFO - [2025-04-24 21:05:20] INFO - headless: True
2025-04-24 21:05:20,238 - INFO - [2025-04-24 21:05:20] INFO - Concurrent scraping settings:
2025-04-24 21:05:20,238 - INFO - [2025-04-24 21:05:20] INFO - Job ID: 88a8ace7-d776-42d8-999a-889c988b3abe
2025-04-24 21:05:20,238 - INFO - [2025-04-24 21:05:20] INFO - User ID: user_h4hctrxqreu_1745474290425
2025-04-24 21:05:20,238 - INFO - [2025-04-24 21:05:20] INFO - Request delay: 4s
2025-04-24 21:05:20,238 - INFO - [2025-04-24 21:05:20] INFO - Max concurrent requests: 2
2025-04-24 21:05:20,238 - INFO - [2025-04-24 21:05:20] INFO - Concurrent scraping settings:
2025-04-24 21:05:20,238 - INFO - [2025-04-24 21:05:20] INFO - Job ID: 88a8ace7-d776-42d8-999a-889c988b3abe
2025-04-24 21:05:20,238 - INFO - [2025-04-24 21:05:20] INFO - User ID: user_h4hctrxqreu_1745474290425
2025-04-24 21:05:20,238 - INFO - [2025-04-24 21:05:20] INFO - Request delay: 4s
2025-04-24 21:05:20,238 - INFO - [2025-04-24 21:05:20] INFO - Max concurrent requests: 2
2025-04-24 21:05:20,238 - INFO - [2025-04-24 21:05:20] INFO - Starting scraper with configuration:
2025-04-24 21:05:20,239 - INFO - [2025-04-24 21:05:20] INFO - {
  "base_url": "https://www.griclub.org/program/participants/empowered-by-gcc-global-capital-connectors-series_1810",
  "concurrent_settings": {
    "base_request_delay": 2,
    "job_spacing_delay": 3,
    "max_concurrent_jobs": 3,
    "max_concurrent_requests": 2
  },
  "container_selector": "div.c82435a4b8.a178069f51.a6ae3c2b40",
  "initial_wait": 3,
  "load_more_selector": "",
  "load_more_wait": 3,
  "max_pages": 1,
  "max_scroll_attempts": 20,
  "next_page_selector": "",
  "output_excel": "output/88a8ace7-d776-42d8-999a-889c988b3abe\\scraped_data.xlsx",
  "output_json": "output/88a8ace7-d776-42d8-999a-889c988b3abe\\scraped_data.json",
  "page_wait": 2,
  "paginate": false,
  "scrape_subpages": false,
  "scroll": false,
  "scroll_wait": 3,
  "start_page": 1,
  "subpage_wait": 3,
  "job_id": "88a8ace7-d776-42d8-999a-889c988b3abe",
  "user_id": "user_h4hctrxqreu_1745474290425",
  "concurrent": true,
  "output_dir": "output/88a8ace7-d776-42d8-999a-889c988b3abe",
  "log_file": "output/88a8ace7-d776-42d8-999a-889c988b3abe\\scraper.log",
  "request_delay": 4,
  "max_concurrent_requests": 2,
  "job_start_time": "2025-04-24T21:05:15.811771",
  "headless": true
}
2025-04-24 21:05:20,743 - INFO - [2025-04-24 21:05:20] INFO - Detected Chrome version: 135.0.7049.114
2025-04-24 21:05:22,209 - WARNING - [2025-04-24 21:05:22] WARNING - Failed to initialize with exact version match: There is no such driver by url https://chromedriver.storage.googleapis.com/LATEST_RELEASE_135.0.7049
2025-04-24 21:05:23,394 - WARNING - [2025-04-24 21:05:23] WARNING - Failed to initialize with latest version: There is no such driver by url https://chromedriver.storage.googleapis.com/LATEST_RELEASE_135.0.7049
