2025-04-23 01:46:36,890 - INFO - [2025-04-23 01:46:36] INFO - Added file handler for log file: output/1cce6faf-d16a-45f9-b930-296d5c5ed2c4\scraper.log
2025-04-23 01:46:36,890 - INFO - [2025-04-23 01:46:36] INFO - Starting scraper with configuration:
2025-04-23 01:46:36,890 - INFO - [2025-04-23 01:46:36] INFO - base_url: https://www.booking.com/searchresults.html?label=gog235jc-1DCAEoggI46AdIM1gDaGyIAQGYATG4AQfIAQzYAQPoAQH4AQKIAgGoAgO4As_0h8AGwAIB0gIkMzJhOGRkNTItN2Y0NS00OGIyLWI0NDMtOGRjODk1MjQxNDlh2AIE4AIB&aid=397594&ss=Himachal+Pradesh%2C+India&ssne=Uttarakhand&ssne_untouched=Uttarakhand&lang=en-us&src=searchresults&dest_id=3482&dest_type=region&ac_position=1&ac_click_type=b&ac_langcode=en&ac_suggestion_list_length=5&search_selected=true&search_pageview_id=ce3f33fa3adb003e&checkin=2025-04-18&checkout=2025-04-19&group_adults=2&no_rooms=1&group_children=0&nflt=hotelfacility%3D54%3Bht_id%3D206
2025-04-23 01:46:36,891 - INFO - [2025-04-23 01:46:36] INFO - concurrent_settings: {'base_request_delay': 2, 'job_spacing_delay': 3, 'max_concurrent_jobs': 3, 'max_concurrent_requests': 2}
2025-04-23 01:46:36,891 - INFO - [2025-04-23 01:46:36] INFO - container_selector: div.c82435a4b8.a178069f51.a6ae3c2b40
2025-04-23 01:46:36,891 - INFO - [2025-04-23 01:46:36] INFO - initial_wait: 3
2025-04-23 01:46:36,891 - INFO - [2025-04-23 01:46:36] INFO - load_more_selector: 
2025-04-23 01:46:36,891 - INFO - [2025-04-23 01:46:36] INFO - load_more_wait: 3
2025-04-23 01:46:36,891 - INFO - [2025-04-23 01:46:36] INFO - max_pages: 1
2025-04-23 01:46:36,892 - INFO - [2025-04-23 01:46:36] INFO - max_scroll_attempts: 20
2025-04-23 01:46:36,892 - INFO - [2025-04-23 01:46:36] INFO - next_page_selector: 
2025-04-23 01:46:36,892 - INFO - [2025-04-23 01:46:36] INFO - output_excel: output/1cce6faf-d16a-45f9-b930-296d5c5ed2c4\scraped_data.xlsx
2025-04-23 01:46:36,892 - INFO - [2025-04-23 01:46:36] INFO - output_json: output/1cce6faf-d16a-45f9-b930-296d5c5ed2c4\scraped_data.json
2025-04-23 01:46:36,892 - INFO - [2025-04-23 01:46:36] INFO - page_wait: 2
2025-04-23 01:46:36,892 - INFO - [2025-04-23 01:46:36] INFO - paginate: False
2025-04-23 01:46:36,892 - INFO - [2025-04-23 01:46:36] INFO - scrape_subpages: False
2025-04-23 01:46:36,892 - INFO - [2025-04-23 01:46:36] INFO - scroll: True
2025-04-23 01:46:36,892 - INFO - [2025-04-23 01:46:36] INFO - scroll_wait: 10
2025-04-23 01:46:36,892 - INFO - [2025-04-23 01:46:36] INFO - start_page: 1
2025-04-23 01:46:36,892 - INFO - [2025-04-23 01:46:36] INFO - subpage_wait: 3
2025-04-23 01:46:36,893 - INFO - [2025-04-23 01:46:36] INFO - job_id: 1cce6faf-d16a-45f9-b930-296d5c5ed2c4
2025-04-23 01:46:36,893 - INFO - [2025-04-23 01:46:36] INFO - user_id: user_yhb37ahbkv_1745349248925
2025-04-23 01:46:36,893 - INFO - [2025-04-23 01:46:36] INFO - concurrent: True
2025-04-23 01:46:36,893 - INFO - [2025-04-23 01:46:36] INFO - output_dir: output/1cce6faf-d16a-45f9-b930-296d5c5ed2c4
2025-04-23 01:46:36,893 - INFO - [2025-04-23 01:46:36] INFO - log_file: output/1cce6faf-d16a-45f9-b930-296d5c5ed2c4\scraper.log
2025-04-23 01:46:36,893 - INFO - [2025-04-23 01:46:36] INFO - request_delay: 4
2025-04-23 01:46:36,893 - INFO - [2025-04-23 01:46:36] INFO - max_concurrent_requests: 2
2025-04-23 01:46:36,893 - INFO - [2025-04-23 01:46:36] INFO - job_start_time: 2025-04-23T01:46:32.573760
2025-04-23 01:46:36,893 - INFO - [2025-04-23 01:46:36] INFO - headless: True
2025-04-23 01:46:36,893 - INFO - [2025-04-23 01:46:36] INFO - Concurrent scraping settings:
2025-04-23 01:46:36,893 - INFO - [2025-04-23 01:46:36] INFO - Job ID: 1cce6faf-d16a-45f9-b930-296d5c5ed2c4
2025-04-23 01:46:36,893 - INFO - [2025-04-23 01:46:36] INFO - User ID: user_yhb37ahbkv_1745349248925
2025-04-23 01:46:36,893 - INFO - [2025-04-23 01:46:36] INFO - Request delay: 4s
2025-04-23 01:46:36,893 - INFO - [2025-04-23 01:46:36] INFO - Max concurrent requests: 2
2025-04-23 01:46:36,893 - INFO - [2025-04-23 01:46:36] INFO - Concurrent scraping settings:
2025-04-23 01:46:36,893 - INFO - [2025-04-23 01:46:36] INFO - Job ID: 1cce6faf-d16a-45f9-b930-296d5c5ed2c4
2025-04-23 01:46:36,894 - INFO - [2025-04-23 01:46:36] INFO - User ID: user_yhb37ahbkv_1745349248925
2025-04-23 01:46:36,894 - INFO - [2025-04-23 01:46:36] INFO - Request delay: 4s
2025-04-23 01:46:36,894 - INFO - [2025-04-23 01:46:36] INFO - Max concurrent requests: 2
2025-04-23 01:46:36,894 - INFO - [2025-04-23 01:46:36] INFO - Starting scraper with configuration:
2025-04-23 01:46:36,894 - INFO - [2025-04-23 01:46:36] INFO - {
  "base_url": "https://www.booking.com/searchresults.html?label=gog235jc-1DCAEoggI46AdIM1gDaGyIAQGYATG4AQfIAQzYAQPoAQH4AQKIAgGoAgO4As_0h8AGwAIB0gIkMzJhOGRkNTItN2Y0NS00OGIyLWI0NDMtOGRjODk1MjQxNDlh2AIE4AIB&aid=397594&ss=Himachal+Pradesh%2C+India&ssne=Uttarakhand&ssne_untouched=Uttarakhand&lang=en-us&src=searchresults&dest_id=3482&dest_type=region&ac_position=1&ac_click_type=b&ac_langcode=en&ac_suggestion_list_length=5&search_selected=true&search_pageview_id=ce3f33fa3adb003e&checkin=2025-04-18&checkout=2025-04-19&group_adults=2&no_rooms=1&group_children=0&nflt=hotelfacility%3D54%3Bht_id%3D206",
  "concurrent_settings": {
    "base_request_delay": 2,
    "job_spacing_delay": 3,
    "max_concurrent_jobs": 3,
    "max_concurrent_requests": 2
  },
  "container_selector": "div.c82435a4b8.a178069f51.a6ae3c2b40",
  "initial_wait": 3,
  "load_more_selector": "",
  "load_more_wait": 3,
  "max_pages": 1,
  "max_scroll_attempts": 20,
  "next_page_selector": "",
  "output_excel": "output/1cce6faf-d16a-45f9-b930-296d5c5ed2c4\\scraped_data.xlsx",
  "output_json": "output/1cce6faf-d16a-45f9-b930-296d5c5ed2c4\\scraped_data.json",
  "page_wait": 2,
  "paginate": false,
  "scrape_subpages": false,
  "scroll": true,
  "scroll_wait": 10,
  "start_page": 1,
  "subpage_wait": 3,
  "job_id": "1cce6faf-d16a-45f9-b930-296d5c5ed2c4",
  "user_id": "user_yhb37ahbkv_1745349248925",
  "concurrent": true,
  "output_dir": "output/1cce6faf-d16a-45f9-b930-296d5c5ed2c4",
  "log_file": "output/1cce6faf-d16a-45f9-b930-296d5c5ed2c4\\scraper.log",
  "request_delay": 4,
  "max_concurrent_requests": 2,
  "job_start_time": "2025-04-23T01:46:32.573760",
  "headless": true
}
2025-04-23 01:46:37,218 - INFO - [2025-04-23 01:46:37] INFO - Detected Chrome version: 135.0.7049.96
