2025-04-23 10:09:25,221 - INFO - [2025-04-23 10:09:25] INFO - Added file handler for log file: output/b9906477-5e21-4901-9eeb-6241291d8971\scraper.log
2025-04-23 10:09:25,221 - INFO - [2025-04-23 10:09:25] INFO - Starting scraper with configuration:
2025-04-23 10:09:25,221 - INFO - [2025-04-23 10:09:25] INFO - base_url: https://www.booking.com/searchresults.html?label=gog235jc-1DCAEoggI46AdIM1gDaGyIAQGYATG4AQfIAQzYAQPoAQH4AQKIAgGoAgO4As_0h8AGwAIB0gIkMzJhOGRkNTItN2Y0NS00OGIyLWI0NDMtOGRjODk1MjQxNDlh2AIE4AIB&aid=397594&ss=Himachal+Pradesh%2C+India&ssne=Uttarakhand&ssne_untouched=Uttarakhand&lang=en-us&src=searchresults&dest_id=3482&dest_type=region&ac_position=1&ac_click_type=b&ac_langcode=en&ac_suggestion_list_length=5&search_selected=true&search_pageview_id=ce3f33fa3adb003e&checkin=2025-04-18&checkout=2025-04-19&group_adults=2&no_rooms=1&group_children=0&nflt=hotelfacility%3D54%3Bht_id%3D206
2025-04-23 10:09:25,222 - INFO - [2025-04-23 10:09:25] INFO - concurrent_settings: {'base_request_delay': 2, 'job_spacing_delay': 3, 'max_concurrent_jobs': 3, 'max_concurrent_requests': 2}
2025-04-23 10:09:25,222 - INFO - [2025-04-23 10:09:25] INFO - container_selector: div.c82435a4b8.a178069f51.a6ae3c2b40
2025-04-23 10:09:25,222 - INFO - [2025-04-23 10:09:25] INFO - initial_wait: 3
2025-04-23 10:09:25,222 - INFO - [2025-04-23 10:09:25] INFO - load_more_selector: 
2025-04-23 10:09:25,222 - INFO - [2025-04-23 10:09:25] INFO - load_more_wait: 3
2025-04-23 10:09:25,222 - INFO - [2025-04-23 10:09:25] INFO - max_pages: 1
2025-04-23 10:09:25,222 - INFO - [2025-04-23 10:09:25] INFO - max_scroll_attempts: 20
2025-04-23 10:09:25,222 - INFO - [2025-04-23 10:09:25] INFO - next_page_selector: 
2025-04-23 10:09:25,222 - INFO - [2025-04-23 10:09:25] INFO - output_excel: output/b9906477-5e21-4901-9eeb-6241291d8971\scraped_data.xlsx
2025-04-23 10:09:25,222 - INFO - [2025-04-23 10:09:25] INFO - output_json: output/b9906477-5e21-4901-9eeb-6241291d8971\scraped_data.json
2025-04-23 10:09:25,222 - INFO - [2025-04-23 10:09:25] INFO - page_wait: 2
2025-04-23 10:09:25,223 - INFO - [2025-04-23 10:09:25] INFO - paginate: False
2025-04-23 10:09:25,223 - INFO - [2025-04-23 10:09:25] INFO - scrape_subpages: False
2025-04-23 10:09:25,223 - INFO - [2025-04-23 10:09:25] INFO - scroll: True
2025-04-23 10:09:25,223 - INFO - [2025-04-23 10:09:25] INFO - scroll_wait: 10
2025-04-23 10:09:25,223 - INFO - [2025-04-23 10:09:25] INFO - start_page: 1
2025-04-23 10:09:25,223 - INFO - [2025-04-23 10:09:25] INFO - subpage_wait: 3
2025-04-23 10:09:25,223 - INFO - [2025-04-23 10:09:25] INFO - job_id: b9906477-5e21-4901-9eeb-6241291d8971
2025-04-23 10:09:25,223 - INFO - [2025-04-23 10:09:25] INFO - user_id: user_yhb37ahbkv_1745349248925
2025-04-23 10:09:25,223 - INFO - [2025-04-23 10:09:25] INFO - concurrent: True
2025-04-23 10:09:25,223 - INFO - [2025-04-23 10:09:25] INFO - output_dir: output/b9906477-5e21-4901-9eeb-6241291d8971
2025-04-23 10:09:25,223 - INFO - [2025-04-23 10:09:25] INFO - log_file: output/b9906477-5e21-4901-9eeb-6241291d8971\scraper.log
2025-04-23 10:09:25,223 - INFO - [2025-04-23 10:09:25] INFO - request_delay: 6
2025-04-23 10:09:25,223 - INFO - [2025-04-23 10:09:25] INFO - max_concurrent_requests: 2
2025-04-23 10:09:25,223 - INFO - [2025-04-23 10:09:25] INFO - job_start_time: 2025-04-23T10:09:21.249016
2025-04-23 10:09:25,223 - INFO - [2025-04-23 10:09:25] INFO - headless: True
2025-04-23 10:09:25,223 - INFO - [2025-04-23 10:09:25] INFO - Concurrent scraping settings:
2025-04-23 10:09:25,223 - INFO - [2025-04-23 10:09:25] INFO - Job ID: b9906477-5e21-4901-9eeb-6241291d8971
2025-04-23 10:09:25,224 - INFO - [2025-04-23 10:09:25] INFO - User ID: user_yhb37ahbkv_1745349248925
2025-04-23 10:09:25,224 - INFO - [2025-04-23 10:09:25] INFO - Request delay: 6s
2025-04-23 10:09:25,224 - INFO - [2025-04-23 10:09:25] INFO - Max concurrent requests: 2
2025-04-23 10:09:25,224 - INFO - [2025-04-23 10:09:25] INFO - Concurrent scraping settings:
2025-04-23 10:09:25,224 - INFO - [2025-04-23 10:09:25] INFO - Job ID: b9906477-5e21-4901-9eeb-6241291d8971
2025-04-23 10:09:25,224 - INFO - [2025-04-23 10:09:25] INFO - User ID: user_yhb37ahbkv_1745349248925
2025-04-23 10:09:25,224 - INFO - [2025-04-23 10:09:25] INFO - Request delay: 6s
2025-04-23 10:09:25,224 - INFO - [2025-04-23 10:09:25] INFO - Max concurrent requests: 2
2025-04-23 10:09:25,224 - INFO - [2025-04-23 10:09:25] INFO - Starting scraper with configuration:
2025-04-23 10:09:25,225 - INFO - [2025-04-23 10:09:25] INFO - {
  "base_url": "https://www.booking.com/searchresults.html?label=gog235jc-1DCAEoggI46AdIM1gDaGyIAQGYATG4AQfIAQzYAQPoAQH4AQKIAgGoAgO4As_0h8AGwAIB0gIkMzJhOGRkNTItN2Y0NS00OGIyLWI0NDMtOGRjODk1MjQxNDlh2AIE4AIB&aid=397594&ss=Himachal+Pradesh%2C+India&ssne=Uttarakhand&ssne_untouched=Uttarakhand&lang=en-us&src=searchresults&dest_id=3482&dest_type=region&ac_position=1&ac_click_type=b&ac_langcode=en&ac_suggestion_list_length=5&search_selected=true&search_pageview_id=ce3f33fa3adb003e&checkin=2025-04-18&checkout=2025-04-19&group_adults=2&no_rooms=1&group_children=0&nflt=hotelfacility%3D54%3Bht_id%3D206",
  "concurrent_settings": {
    "base_request_delay": 2,
    "job_spacing_delay": 3,
    "max_concurrent_jobs": 3,
    "max_concurrent_requests": 2
  },
  "container_selector": "div.c82435a4b8.a178069f51.a6ae3c2b40",
  "initial_wait": 3,
  "load_more_selector": "",
  "load_more_wait": 3,
  "max_pages": 1,
  "max_scroll_attempts": 20,
  "next_page_selector": "",
  "output_excel": "output/b9906477-5e21-4901-9eeb-6241291d8971\\scraped_data.xlsx",
  "output_json": "output/b9906477-5e21-4901-9eeb-6241291d8971\\scraped_data.json",
  "page_wait": 2,
  "paginate": false,
  "scrape_subpages": false,
  "scroll": true,
  "scroll_wait": 10,
  "start_page": 1,
  "subpage_wait": 3,
  "job_id": "b9906477-5e21-4901-9eeb-6241291d8971",
  "user_id": "user_yhb37ahbkv_1745349248925",
  "concurrent": true,
  "output_dir": "output/b9906477-5e21-4901-9eeb-6241291d8971",
  "log_file": "output/b9906477-5e21-4901-9eeb-6241291d8971\\scraper.log",
  "request_delay": 6,
  "max_concurrent_requests": 2,
  "job_start_time": "2025-04-23T10:09:21.249016",
  "headless": true
}
2025-04-23 10:09:25,485 - INFO - [2025-04-23 10:09:25] INFO - Detected Chrome version: 135.0.7049.114
2025-04-23 10:09:28,100 - INFO - [2025-04-23 10:09:28] INFO - Successfully initialized Chrome driver with version 135.0.0
2025-04-23 10:09:28,100 - INFO - [2025-04-23 10:09:28] INFO - Job started for user user_yhb37ahbkv_1745349248925 (Job ID: b9906477-5e21-4901-9eeb-6241291d8971)
2025-04-23 10:09:28,100 - INFO - [2025-04-23 10:09:28] INFO - Phase 1: Collecting main fields and links from all pages...
2025-04-23 10:09:31,318 - INFO - [2025-04-23 10:09:31] INFO - Navigated to base URL: https://www.booking.com/searchresults.html?label=gog235jc-1DCAEoggI46AdIM1gDaGyIAQGYATG4AQfIAQzYAQPoAQH4AQKIAgGoAgO4As_0h8AGwAIB0gIkMzJhOGRkNTItN2Y0NS00OGIyLWI0NDMtOGRjODk1MjQxNDlh2AIE4AIB&aid=397594&ss=Himachal+Pradesh%2C+India&ssne=Uttarakhand&ssne_untouched=Uttarakhand&lang=en-us&src=searchresults&dest_id=3482&dest_type=region&ac_position=1&ac_click_type=b&ac_langcode=en&ac_suggestion_list_length=5&search_selected=true&search_pageview_id=ce3f33fa3adb003e&checkin=2025-04-18&checkout=2025-04-19&group_adults=2&no_rooms=1&group_children=0&nflt=hotelfacility%3D54%3Bht_id%3D206
2025-04-23 10:09:37,336 - INFO - [2025-04-23 10:09:37] INFO - Scraping main fields from page 1...
2025-04-23 10:09:37,336 - INFO - [2025-04-23 10:09:37] INFO - Starting to scroll down the page to load all content...
2025-04-23 10:09:47,414 - INFO - [2025-04-23 10:09:47] INFO - Scrolling further down to load more content...
2025-04-23 10:10:17,454 - INFO - [2025-04-23 10:10:17] INFO - Reached the bottom of the page - no more content to load
2025-04-23 10:10:17,468 - INFO - [2025-04-23 10:10:17] INFO - Found 31 items on page 1
2025-04-23 10:10:17,492 - INFO - [2025-04-23 10:10:17] INFO - Extracted 'resorts': Hyatt Regency Dharamshala Resort
2025-04-23 10:10:17,509 - INFO - [2025-04-23 10:10:17] INFO - Extracted 'resorts': Storii By ITC Hotels, Amoha Retreat Dharamshala
2025-04-23 10:10:17,527 - INFO - [2025-04-23 10:10:17] INFO - Extracted 'resorts': Chillaru Spa & Resort
2025-04-23 10:10:17,544 - INFO - [2025-04-23 10:10:17] INFO - Extracted 'resorts': Marigold Sarovar Portico Shimla
2025-04-23 10:10:17,561 - INFO - [2025-04-23 10:10:17] INFO - Extracted 'resorts': Regenta Resort & Spa Mashobra
2025-04-23 10:10:17,579 - INFO - [2025-04-23 10:10:17] INFO - Extracted 'resorts': Toshali Royal View ,S H I M L A
2025-04-23 10:10:17,596 - INFO - [2025-04-23 10:10:17] INFO - Extracted 'resorts': Taj Theog Resort & Spa Shimla
2025-04-23 10:10:17,613 - INFO - [2025-04-23 10:10:17] INFO - Extracted 'resorts': Anantam Resort & Spa
2025-04-23 10:10:17,630 - INFO - [2025-04-23 10:10:17] INFO - Extracted 'resorts': Araiya Palampur
2025-04-23 10:10:17,647 - INFO - [2025-04-23 10:10:17] INFO - Extracted 'resorts': Span Resort and Spa, Manali
2025-04-23 10:10:17,665 - INFO - [2025-04-23 10:10:17] INFO - Extracted 'resorts': Manuallaya The Resort & Spa
2025-04-23 10:10:17,683 - INFO - [2025-04-23 10:10:17] INFO - Extracted 'resorts': Deventure Shimla Hills
2025-04-23 10:10:17,701 - INFO - [2025-04-23 10:10:17] INFO - Extracted 'resorts': The Mōcana Himalayas, Shimla
2025-04-23 10:10:17,718 - INFO - [2025-04-23 10:10:17] INFO - Extracted 'resorts': The Anantmaya Resort
2025-04-23 10:10:17,735 - INFO - [2025-04-23 10:10:17] INFO - Extracted 'resorts': Sterling Kufri
2025-04-23 10:10:17,753 - INFO - [2025-04-23 10:10:17] INFO - Extracted 'resorts': Snow Flakes Resort And Spa Centrally Heated Luxury Resort
2025-04-23 10:10:17,769 - INFO - [2025-04-23 10:10:17] INFO - Extracted 'resorts': Club Mahindra Mashobra
2025-04-23 10:10:17,786 - INFO - [2025-04-23 10:10:17] INFO - Extracted 'resorts': WelcomHeritage Parv Vilas Resort & Spa
2025-04-23 10:10:17,804 - INFO - [2025-04-23 10:10:17] INFO - Extracted 'resorts': The Fern Surya Resort Kasauli Hills, Dharampur
2025-04-23 10:10:17,824 - INFO - [2025-04-23 10:10:17] INFO - Extracted 'resorts': Jannat Resort and Spa Manali A Centrally Heated Himalayas View Resort
2025-04-23 10:10:17,842 - INFO - [2025-04-23 10:10:17] INFO - Extracted 'resorts': Asia Spa Resort
2025-04-23 10:10:17,858 - INFO - [2025-04-23 10:10:17] INFO - Extracted 'resorts': Moksha Himalaya Spa Resort
2025-04-23 10:10:17,874 - INFO - [2025-04-23 10:10:17] INFO - Extracted 'resorts': juSTa Cliffend Resort & Spa, Mashobra
2025-04-23 10:10:17,891 - INFO - [2025-04-23 10:10:17] INFO - Extracted 'resorts': juSTa Birding Resort & Spa - Best Dhauladhar View Resort
2025-04-23 10:10:17,907 - INFO - [2025-04-23 10:10:17] INFO - Extracted 'resorts': Indraprastha Spa Resort
2025-04-23 10:10:17,917 - WARNING - [2025-04-23 10:10:17] WARNING - Couldn't extract 'resorts': Message: no such element: Unable to locate element: {"method":"css selector","selector":"div.f6431b446c.a15b38c233"}
  (Session info: chrome=135.0.7049.114); For documentation on this error, please visit: https://www.selenium.dev/documentation/webdriver/troubleshooting/errors#no-such-element-exception
Stacktrace:
	GetHandleVerifier [0x00807FD3+60707]
	GetHandleVerifier [0x00808014+60772]
	(No symbol) [0x00630683]
	(No symbol) [0x00678660]
	(No symbol) [0x006789FB]
	(No symbol) [0x0066DD81]
	(No symbol) [0x0069D094]
	(No symbol) [0x0066DCA4]
	(No symbol) [0x0069D2C4]
	(No symbol) [0x006BE824]
	(No symbol) [0x0069CE46]
	(No symbol) [0x0066C5D3]
	(No symbol) [0x0066D424]
	GetHandleVerifier [0x00A4BAB3+2435075]
	GetHandleVerifier [0x00A47053+2416035]
	GetHandleVerifier [0x00A633FC+2531660]
	GetHandleVerifier [0x0081F0A5+155125]
	GetHandleVerifier [0x00825A4D+182173]
	GetHandleVerifier [0x0080F8A8+91640]
	GetHandleVerifier [0x0080FA50+92064]
	GetHandleVerifier [0x007FA510+4704]
	BaseThreadInitThunk [0x76AB5D49+25]
	RtlInitializeExceptionChain [0x7771CF0B+107]
	RtlGetAppContainerNamedObjectPath [0x7771CE91+561]

2025-04-23 10:10:17,934 - INFO - [2025-04-23 10:10:17] INFO - Extracted 'resorts': The Chalets Naldehra
2025-04-23 10:10:17,950 - INFO - [2025-04-23 10:10:17] INFO - Extracted 'resorts': Antaraal Resort & Spa A Village Resort
2025-04-23 10:10:17,966 - INFO - [2025-04-23 10:10:17] INFO - Extracted 'resorts': Solang Valley Resort
2025-04-23 10:10:17,981 - INFO - [2025-04-23 10:10:17] INFO - Extracted 'resorts': Mastiff Grand Manali Resort
2025-04-23 10:10:17,994 - INFO - [2025-04-23 10:10:17] INFO - Extracted 'resorts': Tiaraa Jujurana Resort & Spa
2025-04-23 10:10:18,312 - INFO - [2025-04-23 10:10:18] INFO - 
[SUCCESS] Scraping complete. 31 items saved.
2025-04-23 10:10:18,312 - INFO - [2025-04-23 10:10:18] INFO - Results saved to JSON: output/b9906477-5e21-4901-9eeb-6241291d8971\scraped_data.json
2025-04-23 10:10:18,313 - INFO - [2025-04-23 10:10:18] INFO - Results saved to Excel: output/b9906477-5e21-4901-9eeb-6241291d8971\scraped_data.xlsx
2025-04-23 10:10:18,313 - INFO - [2025-04-23 10:10:18] INFO - Scraper completed successfully
2025-04-23 10:10:18,313 - INFO - [2025-04-23 10:10:18] INFO - Cleaning up driver after successful scraping...
2025-04-23 10:10:18,431 - INFO - [2025-04-23 10:10:18] INFO - Successfully closed browser window
2025-04-23 10:10:20,536 - INFO - [2025-04-23 10:10:20] INFO - Successfully quit driver
