2025-04-22 11:48:50,838 - INFO - [2025-04-22 11:48:50] INFO - Added file handler for log file: output/3cb96217-a8ef-4126-b0f2-ce3eca9d232d\scraper.log
2025-04-22 11:48:50,838 - INFO - [2025-04-22 11:48:50] INFO - Starting scraper with configuration:
2025-04-22 11:48:50,839 - INFO - [2025-04-22 11:48:50] INFO - base_url: https://www.booking.com/searchresults.html?label=gog235jc-1DCAEoggI46AdIM1gDaGyIAQGYATG4AQfIAQzYAQPoAQH4AQKIAgGoAgO4As_0h8AGwAIB0gIkMzJhOGRkNTItN2Y0NS00OGIyLWI0NDMtOGRjODk1MjQxNDlh2AIE4AIB&aid=397594&ss=Himachal+Pradesh%2C+India&ssne=Uttarakhand&ssne_untouched=Uttarakhand&lang=en-us&src=searchresults&dest_id=3482&dest_type=region&ac_position=1&ac_click_type=b&ac_langcode=en&ac_suggestion_list_length=5&search_selected=true&search_pageview_id=ce3f33fa3adb003e&checkin=2025-04-18&checkout=2025-04-19&group_adults=2&no_rooms=1&group_children=0&nflt=hotelfacility%3D54%3Bht_id%3D206
2025-04-22 11:48:50,839 - INFO - [2025-04-22 11:48:50] INFO - concurrent_settings: {'base_request_delay': 2, 'job_spacing_delay': 3, 'max_concurrent_jobs': 3, 'max_concurrent_requests': 2}
2025-04-22 11:48:50,839 - INFO - [2025-04-22 11:48:50] INFO - container_selector: div.c82435a4b8.a178069f51.a6ae3c2b40
2025-04-22 11:48:50,839 - INFO - [2025-04-22 11:48:50] INFO - initial_wait: 3
2025-04-22 11:48:50,839 - INFO - [2025-04-22 11:48:50] INFO - load_more_selector: 
2025-04-22 11:48:50,839 - INFO - [2025-04-22 11:48:50] INFO - load_more_wait: 3
2025-04-22 11:48:50,839 - INFO - [2025-04-22 11:48:50] INFO - max_pages: 1
2025-04-22 11:48:50,839 - INFO - [2025-04-22 11:48:50] INFO - max_scroll_attempts: 20
2025-04-22 11:48:50,840 - INFO - [2025-04-22 11:48:50] INFO - next_page_selector: 
2025-04-22 11:48:50,840 - INFO - [2025-04-22 11:48:50] INFO - output_excel: output/3cb96217-a8ef-4126-b0f2-ce3eca9d232d\scraped_data.xlsx
2025-04-22 11:48:50,840 - INFO - [2025-04-22 11:48:50] INFO - output_json: output/3cb96217-a8ef-4126-b0f2-ce3eca9d232d\scraped_data.json
2025-04-22 11:48:50,840 - INFO - [2025-04-22 11:48:50] INFO - page_wait: 2
2025-04-22 11:48:50,840 - INFO - [2025-04-22 11:48:50] INFO - paginate: False
2025-04-22 11:48:50,840 - INFO - [2025-04-22 11:48:50] INFO - scrape_subpages: False
2025-04-22 11:48:50,840 - INFO - [2025-04-22 11:48:50] INFO - scroll: True
2025-04-22 11:48:50,840 - INFO - [2025-04-22 11:48:50] INFO - scroll_wait: 3
2025-04-22 11:48:50,840 - INFO - [2025-04-22 11:48:50] INFO - start_page: 1
2025-04-22 11:48:50,840 - INFO - [2025-04-22 11:48:50] INFO - subpage_wait: 3
2025-04-22 11:48:50,840 - INFO - [2025-04-22 11:48:50] INFO - job_id: 3cb96217-a8ef-4126-b0f2-ce3eca9d232d
2025-04-22 11:48:50,840 - INFO - [2025-04-22 11:48:50] INFO - user_id: user_khiboz5p84_1745132256993
2025-04-22 11:48:50,840 - INFO - [2025-04-22 11:48:50] INFO - concurrent: True
2025-04-22 11:48:50,841 - INFO - [2025-04-22 11:48:50] INFO - output_dir: output/3cb96217-a8ef-4126-b0f2-ce3eca9d232d
2025-04-22 11:48:50,841 - INFO - [2025-04-22 11:48:50] INFO - log_file: output/3cb96217-a8ef-4126-b0f2-ce3eca9d232d\scraper.log
2025-04-22 11:48:50,841 - INFO - [2025-04-22 11:48:50] INFO - request_delay: 4
2025-04-22 11:48:50,841 - INFO - [2025-04-22 11:48:50] INFO - max_concurrent_requests: 2
2025-04-22 11:48:50,841 - INFO - [2025-04-22 11:48:50] INFO - job_start_time: 2025-04-22T11:48:46.959412
2025-04-22 11:48:50,841 - INFO - [2025-04-22 11:48:50] INFO - headless: True
2025-04-22 11:48:50,841 - INFO - [2025-04-22 11:48:50] INFO - Concurrent scraping settings:
2025-04-22 11:48:50,841 - INFO - [2025-04-22 11:48:50] INFO - Job ID: 3cb96217-a8ef-4126-b0f2-ce3eca9d232d
2025-04-22 11:48:50,841 - INFO - [2025-04-22 11:48:50] INFO - User ID: user_khiboz5p84_1745132256993
2025-04-22 11:48:50,842 - INFO - [2025-04-22 11:48:50] INFO - Request delay: 4s
2025-04-22 11:48:50,842 - INFO - [2025-04-22 11:48:50] INFO - Max concurrent requests: 2
2025-04-22 11:48:50,842 - INFO - [2025-04-22 11:48:50] INFO - Concurrent scraping settings:
2025-04-22 11:48:50,842 - INFO - [2025-04-22 11:48:50] INFO - Job ID: 3cb96217-a8ef-4126-b0f2-ce3eca9d232d
2025-04-22 11:48:50,842 - INFO - [2025-04-22 11:48:50] INFO - User ID: user_khiboz5p84_1745132256993
2025-04-22 11:48:50,842 - INFO - [2025-04-22 11:48:50] INFO - Request delay: 4s
2025-04-22 11:48:50,842 - INFO - [2025-04-22 11:48:50] INFO - Max concurrent requests: 2
2025-04-22 11:48:50,842 - INFO - [2025-04-22 11:48:50] INFO - Starting scraper with configuration:
2025-04-22 11:48:50,842 - INFO - [2025-04-22 11:48:50] INFO - {
  "base_url": "https://www.booking.com/searchresults.html?label=gog235jc-1DCAEoggI46AdIM1gDaGyIAQGYATG4AQfIAQzYAQPoAQH4AQKIAgGoAgO4As_0h8AGwAIB0gIkMzJhOGRkNTItN2Y0NS00OGIyLWI0NDMtOGRjODk1MjQxNDlh2AIE4AIB&aid=397594&ss=Himachal+Pradesh%2C+India&ssne=Uttarakhand&ssne_untouched=Uttarakhand&lang=en-us&src=searchresults&dest_id=3482&dest_type=region&ac_position=1&ac_click_type=b&ac_langcode=en&ac_suggestion_list_length=5&search_selected=true&search_pageview_id=ce3f33fa3adb003e&checkin=2025-04-18&checkout=2025-04-19&group_adults=2&no_rooms=1&group_children=0&nflt=hotelfacility%3D54%3Bht_id%3D206",
  "concurrent_settings": {
    "base_request_delay": 2,
    "job_spacing_delay": 3,
    "max_concurrent_jobs": 3,
    "max_concurrent_requests": 2
  },
  "container_selector": "div.c82435a4b8.a178069f51.a6ae3c2b40",
  "initial_wait": 3,
  "load_more_selector": "",
  "load_more_wait": 3,
  "max_pages": 1,
  "max_scroll_attempts": 20,
  "next_page_selector": "",
  "output_excel": "output/3cb96217-a8ef-4126-b0f2-ce3eca9d232d\\scraped_data.xlsx",
  "output_json": "output/3cb96217-a8ef-4126-b0f2-ce3eca9d232d\\scraped_data.json",
  "page_wait": 2,
  "paginate": false,
  "scrape_subpages": false,
  "scroll": true,
  "scroll_wait": 3,
  "start_page": 1,
  "subpage_wait": 3,
  "job_id": "3cb96217-a8ef-4126-b0f2-ce3eca9d232d",
  "user_id": "user_khiboz5p84_1745132256993",
  "concurrent": true,
  "output_dir": "output/3cb96217-a8ef-4126-b0f2-ce3eca9d232d",
  "log_file": "output/3cb96217-a8ef-4126-b0f2-ce3eca9d232d\\scraper.log",
  "request_delay": 4,
  "max_concurrent_requests": 2,
  "job_start_time": "2025-04-22T11:48:46.959412",
  "headless": true
}
2025-04-22 11:48:50,842 - INFO - [2025-04-22 11:48:50] INFO - Attempting to use undetected-chromedriver...
2025-04-22 11:48:55,364 - INFO - [2025-04-22 11:48:55] INFO - Successfully initialized Chrome with undetected-chromedriver
2025-04-22 11:48:55,364 - INFO - [2025-04-22 11:48:55] INFO - Job started for user user_khiboz5p84_1745132256993 (Job ID: 3cb96217-a8ef-4126-b0f2-ce3eca9d232d)
2025-04-22 11:48:55,364 - INFO - [2025-04-22 11:48:55] INFO - Phase 1: Collecting main fields and links from all pages...
2025-04-22 11:49:01,987 - INFO - [2025-04-22 11:49:01] INFO - Navigated to base URL: https://www.booking.com/searchresults.html?label=gog235jc-1DCAEoggI46AdIM1gDaGyIAQGYATG4AQfIAQzYAQPoAQH4AQKIAgGoAgO4As_0h8AGwAIB0gIkMzJhOGRkNTItN2Y0NS00OGIyLWI0NDMtOGRjODk1MjQxNDlh2AIE4AIB&aid=397594&ss=Himachal+Pradesh%2C+India&ssne=Uttarakhand&ssne_untouched=Uttarakhand&lang=en-us&src=searchresults&dest_id=3482&dest_type=region&ac_position=1&ac_click_type=b&ac_langcode=en&ac_suggestion_list_length=5&search_selected=true&search_pageview_id=ce3f33fa3adb003e&checkin=2025-04-18&checkout=2025-04-19&group_adults=2&no_rooms=1&group_children=0&nflt=hotelfacility%3D54%3Bht_id%3D206
2025-04-22 11:49:06,007 - INFO - [2025-04-22 11:49:06] INFO - Scraping main fields from page 1...
2025-04-22 11:49:06,007 - INFO - [2025-04-22 11:49:06] INFO - Scrolling to load all content...
2025-04-22 11:49:24,111 - INFO - [2025-04-22 11:49:24] INFO - Reached end of scrollable content
2025-04-22 11:49:24,131 - INFO - [2025-04-22 11:49:24] INFO - Found 34 items on page 1
2025-04-22 11:49:24,170 - INFO - [2025-04-22 11:49:24] INFO - Extracted 'resorts': WelcomHeritage Parv Vilas Resort & Spa
2025-04-22 11:49:24,195 - INFO - [2025-04-22 11:49:24] INFO - Extracted 'resorts': Jannat Resort and Spa Manali A Centrally Heated Himalayas View Resort
2025-04-22 11:49:24,219 - INFO - [2025-04-22 11:49:24] INFO - Extracted 'resorts': Indraprastha Spa Resort
2025-04-22 11:49:24,260 - INFO - [2025-04-22 11:49:24] INFO - Extracted 'resorts': Storii By ITC Hotels, Amoha Retreat Dharamshala
2025-04-22 11:49:24,294 - INFO - [2025-04-22 11:49:24] INFO - Extracted 'resorts': Hyatt Regency Dharamshala Resort
2025-04-22 11:49:24,316 - INFO - [2025-04-22 11:49:24] INFO - Extracted 'resorts': Marigold Sarovar Portico Shimla
2025-04-22 11:49:24,335 - INFO - [2025-04-22 11:49:24] INFO - Extracted 'resorts': Chillaru Spa & Resort
2025-04-22 11:49:24,399 - INFO - [2025-04-22 11:49:24] INFO - Extracted 'resorts': Regenta Resort & Spa Mashobra
2025-04-22 11:49:24,439 - INFO - [2025-04-22 11:49:24] INFO - Extracted 'resorts': Toshali Royal View ,S H I M L A
2025-04-22 11:49:24,470 - INFO - [2025-04-22 11:49:24] INFO - Extracted 'resorts': Taj Theog Resort & Spa Shimla
2025-04-22 11:49:24,494 - INFO - [2025-04-22 11:49:24] INFO - Extracted 'resorts': Anantam Resort & Spa
2025-04-22 11:49:24,515 - INFO - [2025-04-22 11:49:24] INFO - Extracted 'resorts': Araiya Palampur
2025-04-22 11:49:24,536 - INFO - [2025-04-22 11:49:24] INFO - Extracted 'resorts': Span Resort and Spa, Manali
2025-04-22 11:49:24,566 - INFO - [2025-04-22 11:49:24] INFO - Extracted 'resorts': The Chalets Naldehra
2025-04-22 11:49:24,586 - INFO - [2025-04-22 11:49:24] INFO - Extracted 'resorts': Manuallaya The Resort & Spa
2025-04-22 11:49:24,607 - INFO - [2025-04-22 11:49:24] INFO - Extracted 'resorts': Deventure Shimla Hills
2025-04-22 11:49:24,630 - INFO - [2025-04-22 11:49:24] INFO - Extracted 'resorts': The Anantmaya Resort
2025-04-22 11:49:24,651 - INFO - [2025-04-22 11:49:24] INFO - Extracted 'resorts': The Mōcana Himalayas, Shimla
2025-04-22 11:49:24,672 - INFO - [2025-04-22 11:49:24] INFO - Extracted 'resorts': Sterling Kufri
2025-04-22 11:49:24,697 - INFO - [2025-04-22 11:49:24] INFO - Extracted 'resorts': Club Mahindra Mashobra
2025-04-22 11:49:24,720 - INFO - [2025-04-22 11:49:24] INFO - Extracted 'resorts': The Fern Surya Resort Kasauli Hills, Dharampur
2025-04-22 11:49:24,746 - INFO - [2025-04-22 11:49:24] INFO - Extracted 'resorts': Tiaraa Jujurana Resort & Spa
2025-04-22 11:49:24,767 - INFO - [2025-04-22 11:49:24] INFO - Extracted 'resorts': juSTa Birding Resort & Spa - Best Dhauladhar View Resort
2025-04-22 11:49:24,787 - INFO - [2025-04-22 11:49:24] INFO - Extracted 'resorts': Moksha Himalaya Spa Resort
2025-04-22 11:49:24,812 - INFO - [2025-04-22 11:49:24] INFO - Extracted 'resorts': juSTa Cliffend Resort & Spa, Mashobra
2025-04-22 11:49:24,823 - WARNING - [2025-04-22 11:49:24] WARNING - Couldn't extract 'resorts': Message: no such element: Unable to locate element: {"method":"css selector","selector":"div.f6431b446c.a15b38c233"}
  (Session info: chrome=135.0.7049.96); For documentation on this error, please visit: https://www.selenium.dev/documentation/webdriver/troubleshooting/errors#no-such-element-exception
Stacktrace:
	GetHandleVerifier [0x00638073+60707]
	GetHandleVerifier [0x006380B4+60772]
	(No symbol) [0x00460683]
	(No symbol) [0x004A8660]
	(No symbol) [0x004A89FB]
	(No symbol) [0x0049DD81]
	(No symbol) [0x004CD094]
	(No symbol) [0x0049DCA4]
	(No symbol) [0x004CD2C4]
	(No symbol) [0x004EE824]
	(No symbol) [0x004CCE46]
	(No symbol) [0x0049C5D3]
	(No symbol) [0x0049D424]
	GetHandleVerifier [0x0087BB53+2435075]
	GetHandleVerifier [0x008770F3+2416035]
	GetHandleVerifier [0x0089349C+2531660]
	GetHandleVerifier [0x0064F145+155125]
	GetHandleVerifier [0x00655AED+182173]
	GetHandleVerifier [0x0063F948+91640]
	GetHandleVerifier [0x0063FAF0+92064]
	GetHandleVerifier [0x0062A5B0+4704]
	BaseThreadInitThunk [0x74BB5D49+25]
	RtlInitializeExceptionChain [0x76ECCF0B+107]
	RtlGetAppContainerNamedObjectPath [0x76ECCE91+561]

2025-04-22 11:49:24,862 - INFO - [2025-04-22 11:49:24] INFO - Extracted 'resorts': Cassia Resort, Kasauli
2025-04-22 11:49:24,931 - INFO - [2025-04-22 11:49:24] INFO - Extracted 'resorts': Villasita resort By Montrose11
2025-04-22 11:49:24,953 - INFO - [2025-04-22 11:49:24] INFO - Extracted 'resorts': Asia Spa Resort
2025-04-22 11:49:24,979 - INFO - [2025-04-22 11:49:24] INFO - Extracted 'resorts': Snow Flakes Resort And Spa Centrally Heated Luxury Resort
2025-04-22 11:49:25,002 - INFO - [2025-04-22 11:49:25] INFO - Extracted 'resorts': Tarika Resort & Spa , Chail
2025-04-22 11:49:25,023 - INFO - [2025-04-22 11:49:25] INFO - Extracted 'resorts': Solang Valley Resort
2025-04-22 11:49:25,052 - INFO - [2025-04-22 11:49:25] INFO - Extracted 'resorts': Mastiff Grand Manali Resort
2025-04-22 11:49:25,079 - INFO - [2025-04-22 11:49:25] INFO - Extracted 'resorts': Antaraal Resort & Spa A Village Resort
2025-04-22 11:49:25,510 - INFO - [2025-04-22 11:49:25] INFO - 
[SUCCESS] Scraping complete. 34 items saved.
2025-04-22 11:49:25,510 - INFO - [2025-04-22 11:49:25] INFO - Results saved to JSON: output/3cb96217-a8ef-4126-b0f2-ce3eca9d232d\scraped_data.json
2025-04-22 11:49:25,510 - INFO - [2025-04-22 11:49:25] INFO - Results saved to Excel: output/3cb96217-a8ef-4126-b0f2-ce3eca9d232d\scraped_data.xlsx
