2025-05-01 10:14:22,230 - INFO - [2025-05-01 10:14:22] INFO - Added file handler for log file: output/2274cad6-5348-4093-8783-e3abf396470a/scraper.log
2025-05-01 10:14:22,231 - INFO - [2025-05-01 10:14:22] INFO - Starting scraper with configuration:
2025-05-01 10:14:22,232 - INFO - [2025-05-01 10:14:22] INFO - base_url: https://giohis.com/speakers/
2025-05-01 10:14:22,234 - INFO - [2025-05-01 10:14:22] INFO - concurrent_settings: {'base_request_delay': 2, 'job_spacing_delay': 3, 'max_concurrent_jobs': 3, 'max_concurrent_requests': 2}
2025-05-01 10:14:22,235 - INFO - [2025-05-01 10:14:22] INFO - container_selector: div.attendee_wrap.clearfix
2025-05-01 10:14:22,235 - INFO - [2025-05-01 10:14:22] INFO - initial_wait: 3
2025-05-01 10:14:22,236 - INFO - [2025-05-01 10:14:22] INFO - load_more_selector: 
2025-05-01 10:14:22,237 - INFO - [2025-05-01 10:14:22] INFO - load_more_wait: 3
2025-05-01 10:14:22,238 - INFO - [2025-05-01 10:14:22] INFO - max_pages: 1
2025-05-01 10:14:22,238 - INFO - [2025-05-01 10:14:22] INFO - max_scroll_attempts: 20
2025-05-01 10:14:22,239 - INFO - [2025-05-01 10:14:22] INFO - next_page_selector: 
2025-05-01 10:14:22,240 - INFO - [2025-05-01 10:14:22] INFO - output_excel: output/2274cad6-5348-4093-8783-e3abf396470a/scraped_data.xlsx
2025-05-01 10:14:22,241 - INFO - [2025-05-01 10:14:22] INFO - output_json: output/2274cad6-5348-4093-8783-e3abf396470a/scraped_data.json
2025-05-01 10:14:22,241 - INFO - [2025-05-01 10:14:22] INFO - page_wait: 2
2025-05-01 10:14:22,242 - INFO - [2025-05-01 10:14:22] INFO - paginate: False
2025-05-01 10:14:22,242 - INFO - [2025-05-01 10:14:22] INFO - scrape_subpages: False
2025-05-01 10:14:22,244 - INFO - [2025-05-01 10:14:22] INFO - scroll: True
2025-05-01 10:14:22,244 - INFO - [2025-05-01 10:14:22] INFO - scroll_wait: 3
2025-05-01 10:14:22,245 - INFO - [2025-05-01 10:14:22] INFO - start_page: 1
2025-05-01 10:14:22,246 - INFO - [2025-05-01 10:14:22] INFO - subpage_wait: 3
2025-05-01 10:14:22,247 - INFO - [2025-05-01 10:14:22] INFO - job_id: 2274cad6-5348-4093-8783-e3abf396470a
2025-05-01 10:14:22,248 - INFO - [2025-05-01 10:14:22] INFO - user_id: user_h4hctrxqreu_1745474290425
2025-05-01 10:14:22,249 - INFO - [2025-05-01 10:14:22] INFO - concurrent: True
2025-05-01 10:14:22,249 - INFO - [2025-05-01 10:14:22] INFO - output_dir: output/2274cad6-5348-4093-8783-e3abf396470a
2025-05-01 10:14:22,250 - INFO - [2025-05-01 10:14:22] INFO - log_file: output/2274cad6-5348-4093-8783-e3abf396470a/scraper.log
2025-05-01 10:14:22,250 - INFO - [2025-05-01 10:14:22] INFO - request_delay: 4
2025-05-01 10:14:22,251 - INFO - [2025-05-01 10:14:22] INFO - max_concurrent_requests: 2
2025-05-01 10:14:22,251 - INFO - [2025-05-01 10:14:22] INFO - job_start_time: 2025-05-01T10:14:20.893691
2025-05-01 10:14:22,252 - INFO - [2025-05-01 10:14:22] INFO - headless: True
2025-05-01 10:14:22,252 - INFO - [2025-05-01 10:14:22] INFO - Concurrent scraping settings:
2025-05-01 10:14:22,253 - INFO - [2025-05-01 10:14:22] INFO - Job ID: 2274cad6-5348-4093-8783-e3abf396470a
2025-05-01 10:14:22,254 - INFO - [2025-05-01 10:14:22] INFO - User ID: user_h4hctrxqreu_1745474290425
2025-05-01 10:14:22,256 - INFO - [2025-05-01 10:14:22] INFO - Request delay: 4s
2025-05-01 10:14:22,257 - INFO - [2025-05-01 10:14:22] INFO - Max concurrent requests: 2
2025-05-01 10:14:22,257 - INFO - [2025-05-01 10:14:22] INFO - Concurrent scraping settings:
2025-05-01 10:14:22,258 - INFO - [2025-05-01 10:14:22] INFO - Job ID: 2274cad6-5348-4093-8783-e3abf396470a
2025-05-01 10:14:22,258 - INFO - [2025-05-01 10:14:22] INFO - User ID: user_h4hctrxqreu_1745474290425
2025-05-01 10:14:22,259 - INFO - [2025-05-01 10:14:22] INFO - Request delay: 4s
2025-05-01 10:14:22,259 - INFO - [2025-05-01 10:14:22] INFO - Max concurrent requests: 2
2025-05-01 10:14:22,260 - INFO - [2025-05-01 10:14:22] INFO - Starting scraper with configuration:
2025-05-01 10:14:22,261 - INFO - [2025-05-01 10:14:22] INFO - {
  "base_url": "https://giohis.com/speakers/",
  "concurrent_settings": {
    "base_request_delay": 2,
    "job_spacing_delay": 3,
    "max_concurrent_jobs": 3,
    "max_concurrent_requests": 2
  },
  "container_selector": "div.attendee_wrap.clearfix",
  "initial_wait": 3,
  "load_more_selector": "",
  "load_more_wait": 3,
  "max_pages": 1,
  "max_scroll_attempts": 20,
  "next_page_selector": "",
  "output_excel": "output/2274cad6-5348-4093-8783-e3abf396470a/scraped_data.xlsx",
  "output_json": "output/2274cad6-5348-4093-8783-e3abf396470a/scraped_data.json",
  "page_wait": 2,
  "paginate": false,
  "scrape_subpages": false,
  "scroll": true,
  "scroll_wait": 3,
  "start_page": 1,
  "subpage_wait": 3,
  "job_id": "2274cad6-5348-4093-8783-e3abf396470a",
  "user_id": "user_h4hctrxqreu_1745474290425",
  "concurrent": true,
  "output_dir": "output/2274cad6-5348-4093-8783-e3abf396470a",
  "log_file": "output/2274cad6-5348-4093-8783-e3abf396470a/scraper.log",
  "request_delay": 4,
  "max_concurrent_requests": 2,
  "job_start_time": "2025-05-01T10:14:20.893691",
  "headless": true
}
2025-05-01 10:14:22,266 - WARNING - [2025-05-01 10:14:22] WARNING - Chrome version detection not implemented for this OS
2025-05-01 10:14:22,268 - INFO - [2025-05-01 10:14:22] INFO - Using default ChromeDriver version 122.0.6261.94
2025-05-01 10:14:22,270 - INFO - [2025-05-01 10:14:22] INFO - Attempting to download ChromeDriver 122.0.6261.94 manually...
2025-05-01 10:14:22,273 - INFO - [2025-05-01 10:14:22] INFO - Downloading from: https://edgedl.me.gvt1.com/edgedl/chrome/chrome-for-testing/122.0.6261.94/linux64/chromedriver-linux64.zip
2025-05-01 10:14:27,194 - ERROR - [2025-05-01 10:14:27] ERROR - Failed to download ChromeDriver manually: [Errno 2] No such file or directory: '/app/drivers/chromedriver'
2025-05-01 10:14:27,198 - INFO - [2025-05-01 10:14:27] INFO - Using ChromeDriverManager as fallback
2025-05-01 10:14:28,529 - ERROR - [2025-05-01 10:14:28] ERROR - Error setting up Chrome WebDriver: There is no such driver by url https://chromedriver.storage.googleapis.com/LATEST_RELEASE_136.0.7103
2025-05-01 10:14:28,530 - ERROR - [2025-05-01 10:14:28] ERROR - Error during scraping: There is no such driver by url https://chromedriver.storage.googleapis.com/LATEST_RELEASE_136.0.7103
2025-05-01 10:14:28,534 - ERROR - [2025-05-01 10:14:28] ERROR - Scraper failed with return code 1
