2025-04-23 01:02:27,656 - INFO - [2025-04-23 01:02:27] INFO - Added file handler for log file: output/f2832449-13c1-4233-923c-1733a8aeefc8\scraper.log
2025-04-23 01:02:27,656 - INFO - [2025-04-23 01:02:27] INFO - Starting scraper with configuration:
2025-04-23 01:02:27,656 - INFO - [2025-04-23 01:02:27] INFO - base_url: https://www.booking.com/searchresults.html?label=gog235jc-1DCAEoggI46AdIM1gDaGyIAQGYATG4AQfIAQzYAQPoAQH4AQKIAgGoAgO4As_0h8AGwAIB0gIkMzJhOGRkNTItN2Y0NS00OGIyLWI0NDMtOGRjODk1MjQxNDlh2AIE4AIB&aid=397594&ss=Himachal+Pradesh%2C+India&ssne=Uttarakhand&ssne_untouched=Uttarakhand&lang=en-us&src=searchresults&dest_id=3482&dest_type=region&ac_position=1&ac_click_type=b&ac_langcode=en&ac_suggestion_list_length=5&search_selected=true&search_pageview_id=ce3f33fa3adb003e&checkin=2025-04-18&checkout=2025-04-19&group_adults=2&no_rooms=1&group_children=0&nflt=hotelfacility%3D54%3Bht_id%3D206
2025-04-23 01:02:27,657 - INFO - [2025-04-23 01:02:27] INFO - concurrent_settings: {'base_request_delay': 2, 'job_spacing_delay': 3, 'max_concurrent_jobs': 3, 'max_concurrent_requests': 2}
2025-04-23 01:02:27,657 - INFO - [2025-04-23 01:02:27] INFO - container_selector: div.c82435a4b8.a178069f51.a6ae3c2b40
2025-04-23 01:02:27,657 - INFO - [2025-04-23 01:02:27] INFO - initial_wait: 3
2025-04-23 01:02:27,657 - INFO - [2025-04-23 01:02:27] INFO - load_more_selector: 
2025-04-23 01:02:27,657 - INFO - [2025-04-23 01:02:27] INFO - load_more_wait: 3
2025-04-23 01:02:27,657 - INFO - [2025-04-23 01:02:27] INFO - max_pages: 1
2025-04-23 01:02:27,657 - INFO - [2025-04-23 01:02:27] INFO - max_scroll_attempts: 20
2025-04-23 01:02:27,658 - INFO - [2025-04-23 01:02:27] INFO - next_page_selector: 
2025-04-23 01:02:27,658 - INFO - [2025-04-23 01:02:27] INFO - output_excel: output/f2832449-13c1-4233-923c-1733a8aeefc8\scraped_data.xlsx
2025-04-23 01:02:27,658 - INFO - [2025-04-23 01:02:27] INFO - output_json: output/f2832449-13c1-4233-923c-1733a8aeefc8\scraped_data.json
2025-04-23 01:02:27,658 - INFO - [2025-04-23 01:02:27] INFO - page_wait: 2
2025-04-23 01:02:27,658 - INFO - [2025-04-23 01:02:27] INFO - paginate: False
2025-04-23 01:02:27,658 - INFO - [2025-04-23 01:02:27] INFO - scrape_subpages: False
2025-04-23 01:02:27,658 - INFO - [2025-04-23 01:02:27] INFO - scroll: False
2025-04-23 01:02:27,658 - INFO - [2025-04-23 01:02:27] INFO - scroll_wait: 3
2025-04-23 01:02:27,658 - INFO - [2025-04-23 01:02:27] INFO - start_page: 1
2025-04-23 01:02:27,658 - INFO - [2025-04-23 01:02:27] INFO - subpage_wait: 3
2025-04-23 01:02:27,658 - INFO - [2025-04-23 01:02:27] INFO - job_id: f2832449-13c1-4233-923c-1733a8aeefc8
2025-04-23 01:02:27,658 - INFO - [2025-04-23 01:02:27] INFO - user_id: user_yhb37ahbkv_1745349248925
2025-04-23 01:02:27,659 - INFO - [2025-04-23 01:02:27] INFO - concurrent: True
2025-04-23 01:02:27,659 - INFO - [2025-04-23 01:02:27] INFO - output_dir: output/f2832449-13c1-4233-923c-1733a8aeefc8
2025-04-23 01:02:27,659 - INFO - [2025-04-23 01:02:27] INFO - log_file: output/f2832449-13c1-4233-923c-1733a8aeefc8\scraper.log
2025-04-23 01:02:27,659 - INFO - [2025-04-23 01:02:27] INFO - request_delay: 4
2025-04-23 01:02:27,659 - INFO - [2025-04-23 01:02:27] INFO - max_concurrent_requests: 2
2025-04-23 01:02:27,659 - INFO - [2025-04-23 01:02:27] INFO - job_start_time: 2025-04-23T01:02:23.407556
2025-04-23 01:02:27,659 - INFO - [2025-04-23 01:02:27] INFO - headless: True
2025-04-23 01:02:27,659 - INFO - [2025-04-23 01:02:27] INFO - Concurrent scraping settings:
2025-04-23 01:02:27,659 - INFO - [2025-04-23 01:02:27] INFO - Job ID: f2832449-13c1-4233-923c-1733a8aeefc8
2025-04-23 01:02:27,659 - INFO - [2025-04-23 01:02:27] INFO - User ID: user_yhb37ahbkv_1745349248925
2025-04-23 01:02:27,659 - INFO - [2025-04-23 01:02:27] INFO - Request delay: 4s
2025-04-23 01:02:27,659 - INFO - [2025-04-23 01:02:27] INFO - Max concurrent requests: 2
2025-04-23 01:02:27,660 - INFO - [2025-04-23 01:02:27] INFO - Concurrent scraping settings:
2025-04-23 01:02:27,660 - INFO - [2025-04-23 01:02:27] INFO - Job ID: f2832449-13c1-4233-923c-1733a8aeefc8
2025-04-23 01:02:27,660 - INFO - [2025-04-23 01:02:27] INFO - User ID: user_yhb37ahbkv_1745349248925
2025-04-23 01:02:27,660 - INFO - [2025-04-23 01:02:27] INFO - Request delay: 4s
2025-04-23 01:02:27,661 - INFO - [2025-04-23 01:02:27] INFO - Max concurrent requests: 2
2025-04-23 01:02:27,661 - INFO - [2025-04-23 01:02:27] INFO - Starting scraper with configuration:
2025-04-23 01:02:27,661 - INFO - [2025-04-23 01:02:27] INFO - {
  "base_url": "https://www.booking.com/searchresults.html?label=gog235jc-1DCAEoggI46AdIM1gDaGyIAQGYATG4AQfIAQzYAQPoAQH4AQKIAgGoAgO4As_0h8AGwAIB0gIkMzJhOGRkNTItN2Y0NS00OGIyLWI0NDMtOGRjODk1MjQxNDlh2AIE4AIB&aid=397594&ss=Himachal+Pradesh%2C+India&ssne=Uttarakhand&ssne_untouched=Uttarakhand&lang=en-us&src=searchresults&dest_id=3482&dest_type=region&ac_position=1&ac_click_type=b&ac_langcode=en&ac_suggestion_list_length=5&search_selected=true&search_pageview_id=ce3f33fa3adb003e&checkin=2025-04-18&checkout=2025-04-19&group_adults=2&no_rooms=1&group_children=0&nflt=hotelfacility%3D54%3Bht_id%3D206",
  "concurrent_settings": {
    "base_request_delay": 2,
    "job_spacing_delay": 3,
    "max_concurrent_jobs": 3,
    "max_concurrent_requests": 2
  },
  "container_selector": "div.c82435a4b8.a178069f51.a6ae3c2b40",
  "initial_wait": 3,
  "load_more_selector": "",
  "load_more_wait": 3,
  "max_pages": 1,
  "max_scroll_attempts": 20,
  "next_page_selector": "",
  "output_excel": "output/f2832449-13c1-4233-923c-1733a8aeefc8\\scraped_data.xlsx",
  "output_json": "output/f2832449-13c1-4233-923c-1733a8aeefc8\\scraped_data.json",
  "page_wait": 2,
  "paginate": false,
  "scrape_subpages": false,
  "scroll": false,
  "scroll_wait": 3,
  "start_page": 1,
  "subpage_wait": 3,
  "job_id": "f2832449-13c1-4233-923c-1733a8aeefc8",
  "user_id": "user_yhb37ahbkv_1745349248925",
  "concurrent": true,
  "output_dir": "output/f2832449-13c1-4233-923c-1733a8aeefc8",
  "log_file": "output/f2832449-13c1-4233-923c-1733a8aeefc8\\scraper.log",
  "request_delay": 4,
  "max_concurrent_requests": 2,
  "job_start_time": "2025-04-23T01:02:23.407556",
  "headless": true
}
2025-04-23 01:02:27,661 - INFO - [2025-04-23 01:02:27] INFO - Attempting to use undetected-chromedriver...
2025-04-23 01:03:18,995 - WARNING - [2025-04-23 01:03:18] WARNING - undetected-chromedriver failed: <urlopen error retrieval incomplete: got only 2113536 out of 8852766 bytes>
2025-04-23 01:03:19,445 - INFO - [2025-04-23 01:03:19] INFO - Detected Chrome version: 135.0.7049.96
2025-04-23 01:03:19,445 - INFO - [2025-04-23 01:03:19] INFO - Using ChromeDriver version 114.0.5735.90 for Chrome 135.0.7049.96
2025-04-23 01:03:55,766 - ERROR - [2025-04-23 01:03:55] ERROR - All Chrome driver initialization methods failed
2025-04-23 01:03:55,767 - ERROR - [2025-04-23 01:03:55] ERROR - Error 1: <urlopen error retrieval incomplete: got only 2113536 out of 8852766 bytes>
2025-04-23 01:03:55,767 - ERROR - [2025-04-23 01:03:55] ERROR - Error 2: Message: session not created: This version of ChromeDriver only supports Chrome version 114
Current browser version is 135.0.7049.96 with binary path C:\Program Files\Google\Chrome\Application\chrome.exe
Stacktrace:
Backtrace:
	GetHandleVerifier [0x00A9A813+48355]
	(No symbol) [0x00A2C4B1]
	(No symbol) [0x00935358]
	(No symbol) [0x009561AC]
	(No symbol) [0x00951EF3]
	(No symbol) [0x00950579]
	(No symbol) [0x00980C55]
	(No symbol) [0x0098093C]
	(No symbol) [0x0097A536]
	(No symbol) [0x009582DC]
	(No symbol) [0x009593DD]
	GetHandleVerifier [0x00CFAABD+2539405]
	GetHandleVerifier [0x00D3A78F+2800735]
	GetHandleVerifier [0x00D3456C+2775612]
	GetHandleVerifier [0x00B251E0+616112]
	(No symbol) [0x00A35F8C]
	(No symbol) [0x00A32328]
	(No symbol) [0x00A3240B]
	(No symbol) [0x00A24FF7]
	BaseThreadInitThunk [0x76AB5D49+25]
	RtlInitializeExceptionChain [0x7771CF0B+107]
	RtlGetAppContainerNamedObjectPath [0x7771CE91+561]

2025-04-23 01:03:55,767 - ERROR - [2025-04-23 01:03:55] ERROR - 
Chrome driver initialization failed. Please try one of the following solutions:
1. Install a version of Chrome that matches ChromeDriver version (114)
2. Manually download ChromeDriver matching your Chrome version from: https://chromedriver.chromium.org/downloads
3. Add chromedriver.exe to your PATH

