2025-05-01 10:24:30,280 - INFO - [2025-05-01 10:24:30] INFO - Added file handler for log file: output/4e0c0085-3654-445c-90e9-6f3e4e9369cb/scraper.log
2025-05-01 10:24:30,281 - INFO - [2025-05-01 10:24:30] INFO - Starting scraper with configuration:
2025-05-01 10:24:30,281 - INFO - [2025-05-01 10:24:30] INFO - base_url: https://giohis.com/speakers/
2025-05-01 10:24:30,282 - INFO - [2025-05-01 10:24:30] INFO - concurrent_settings: {'base_request_delay': 2, 'job_spacing_delay': 3, 'max_concurrent_jobs': 3, 'max_concurrent_requests': 2}
2025-05-01 10:24:30,282 - INFO - [2025-05-01 10:24:30] INFO - container_selector: div.attendee_wrap.clearfix
2025-05-01 10:24:30,283 - INFO - [2025-05-01 10:24:30] INFO - initial_wait: 3
2025-05-01 10:24:30,283 - INFO - [2025-05-01 10:24:30] INFO - load_more_selector: 
2025-05-01 10:24:30,285 - INFO - [2025-05-01 10:24:30] INFO - load_more_wait: 3
2025-05-01 10:24:30,285 - INFO - [2025-05-01 10:24:30] INFO - max_pages: 1
2025-05-01 10:24:30,285 - INFO - [2025-05-01 10:24:30] INFO - max_scroll_attempts: 20
2025-05-01 10:24:30,286 - INFO - [2025-05-01 10:24:30] INFO - next_page_selector: 
2025-05-01 10:24:30,286 - INFO - [2025-05-01 10:24:30] INFO - output_excel: output/4e0c0085-3654-445c-90e9-6f3e4e9369cb/scraped_data.xlsx
2025-05-01 10:24:30,286 - INFO - [2025-05-01 10:24:30] INFO - output_json: output/4e0c0085-3654-445c-90e9-6f3e4e9369cb/scraped_data.json
2025-05-01 10:24:30,287 - INFO - [2025-05-01 10:24:30] INFO - page_wait: 2
2025-05-01 10:24:30,287 - INFO - [2025-05-01 10:24:30] INFO - paginate: False
2025-05-01 10:24:30,288 - INFO - [2025-05-01 10:24:30] INFO - scrape_subpages: False
2025-05-01 10:24:30,288 - INFO - [2025-05-01 10:24:30] INFO - scroll: True
2025-05-01 10:24:30,288 - INFO - [2025-05-01 10:24:30] INFO - scroll_wait: 3
2025-05-01 10:24:30,288 - INFO - [2025-05-01 10:24:30] INFO - start_page: 1
2025-05-01 10:24:30,290 - INFO - [2025-05-01 10:24:30] INFO - subpage_wait: 3
2025-05-01 10:24:30,291 - INFO - [2025-05-01 10:24:30] INFO - job_id: 4e0c0085-3654-445c-90e9-6f3e4e9369cb
2025-05-01 10:24:30,294 - INFO - [2025-05-01 10:24:30] INFO - user_id: user_h4hctrxqreu_1745474290425
2025-05-01 10:24:30,295 - INFO - [2025-05-01 10:24:30] INFO - concurrent: True
2025-05-01 10:24:30,296 - INFO - [2025-05-01 10:24:30] INFO - output_dir: output/4e0c0085-3654-445c-90e9-6f3e4e9369cb
2025-05-01 10:24:30,296 - INFO - [2025-05-01 10:24:30] INFO - log_file: output/4e0c0085-3654-445c-90e9-6f3e4e9369cb/scraper.log
2025-05-01 10:24:30,297 - INFO - [2025-05-01 10:24:30] INFO - request_delay: 4
2025-05-01 10:24:30,298 - INFO - [2025-05-01 10:24:30] INFO - max_concurrent_requests: 2
2025-05-01 10:24:30,298 - INFO - [2025-05-01 10:24:30] INFO - job_start_time: 2025-05-01T10:24:29.348590
2025-05-01 10:24:30,299 - INFO - [2025-05-01 10:24:30] INFO - headless: True
2025-05-01 10:24:30,300 - INFO - [2025-05-01 10:24:30] INFO - Concurrent scraping settings:
2025-05-01 10:24:30,301 - INFO - [2025-05-01 10:24:30] INFO - Job ID: 4e0c0085-3654-445c-90e9-6f3e4e9369cb
2025-05-01 10:24:30,303 - INFO - [2025-05-01 10:24:30] INFO - User ID: user_h4hctrxqreu_1745474290425
2025-05-01 10:24:30,304 - INFO - [2025-05-01 10:24:30] INFO - Request delay: 4s
2025-05-01 10:24:30,305 - INFO - [2025-05-01 10:24:30] INFO - Max concurrent requests: 2
2025-05-01 10:24:30,305 - INFO - [2025-05-01 10:24:30] INFO - Concurrent scraping settings:
2025-05-01 10:24:30,306 - INFO - [2025-05-01 10:24:30] INFO - Job ID: 4e0c0085-3654-445c-90e9-6f3e4e9369cb
2025-05-01 10:24:30,306 - INFO - [2025-05-01 10:24:30] INFO - User ID: user_h4hctrxqreu_1745474290425
2025-05-01 10:24:30,306 - INFO - [2025-05-01 10:24:30] INFO - Request delay: 4s
2025-05-01 10:24:30,307 - INFO - [2025-05-01 10:24:30] INFO - Max concurrent requests: 2
2025-05-01 10:24:30,307 - INFO - [2025-05-01 10:24:30] INFO - Starting scraper with configuration:
2025-05-01 10:24:30,308 - INFO - [2025-05-01 10:24:30] INFO - {
  "base_url": "https://giohis.com/speakers/",
  "concurrent_settings": {
    "base_request_delay": 2,
    "job_spacing_delay": 3,
    "max_concurrent_jobs": 3,
    "max_concurrent_requests": 2
  },
  "container_selector": "div.attendee_wrap.clearfix",
  "initial_wait": 3,
  "load_more_selector": "",
  "load_more_wait": 3,
  "max_pages": 1,
  "max_scroll_attempts": 20,
  "next_page_selector": "",
  "output_excel": "output/4e0c0085-3654-445c-90e9-6f3e4e9369cb/scraped_data.xlsx",
  "output_json": "output/4e0c0085-3654-445c-90e9-6f3e4e9369cb/scraped_data.json",
  "page_wait": 2,
  "paginate": false,
  "scrape_subpages": false,
  "scroll": true,
  "scroll_wait": 3,
  "start_page": 1,
  "subpage_wait": 3,
  "job_id": "4e0c0085-3654-445c-90e9-6f3e4e9369cb",
  "user_id": "user_h4hctrxqreu_1745474290425",
  "concurrent": true,
  "output_dir": "output/4e0c0085-3654-445c-90e9-6f3e4e9369cb",
  "log_file": "output/4e0c0085-3654-445c-90e9-6f3e4e9369cb/scraper.log",
  "request_delay": 4,
  "max_concurrent_requests": 2,
  "job_start_time": "2025-05-01T10:24:29.348590",
  "headless": true
}
2025-05-01 10:24:30,420 - INFO - [2025-05-01 10:24:30] INFO - Detected Chrome version: 136.0.7103.59
2025-05-01 10:24:30,421 - INFO - [2025-05-01 10:24:30] INFO - Using Chrome version 136.0.7103.59 with ChromeDriverManager
2025-05-01 10:24:30,961 - ERROR - [2025-05-01 10:24:30] ERROR - Error setting up Chrome WebDriver: There is no such driver by url https://chromedriver.storage.googleapis.com/136/chromedriver_linux64.zip
2025-05-01 10:24:30,962 - ERROR - [2025-05-01 10:24:30] ERROR - Error during scraping: There is no such driver by url https://chromedriver.storage.googleapis.com/136/chromedriver_linux64.zip
2025-05-01 10:24:30,965 - ERROR - [2025-05-01 10:24:30] ERROR - Scraper failed with return code 1
