2025-04-24 15:54:44,602 - INFO - [2025-04-24 15:54:44] INFO - Added file handler for log file: output/dfcba4f2-bc98-459e-b0c8-636caf6c2afe\scraper.log
2025-04-24 15:54:44,602 - INFO - [2025-04-24 15:54:44] INFO - Starting scraper with configuration:
2025-04-24 15:54:44,602 - INFO - [2025-04-24 15:54:44] INFO - base_url: https://giohis.com/speakers/
2025-04-24 15:54:44,602 - INFO - [2025-04-24 15:54:44] INFO - concurrent_settings: {'base_request_delay': 2, 'job_spacing_delay': 3, 'max_concurrent_jobs': 3, 'max_concurrent_requests': 2}
2025-04-24 15:54:44,602 - INFO - [2025-04-24 15:54:44] INFO - container_selector: div.attendee_wrap.clearfix
2025-04-24 15:54:44,602 - INFO - [2025-04-24 15:54:44] INFO - initial_wait: 3
2025-04-24 15:54:44,602 - INFO - [2025-04-24 15:54:44] INFO - load_more_selector: 
2025-04-24 15:54:44,602 - INFO - [2025-04-24 15:54:44] INFO - load_more_wait: 3
2025-04-24 15:54:44,602 - INFO - [2025-04-24 15:54:44] INFO - max_pages: 1
2025-04-24 15:54:44,602 - INFO - [2025-04-24 15:54:44] INFO - max_scroll_attempts: 20
2025-04-24 15:54:44,602 - INFO - [2025-04-24 15:54:44] INFO - next_page_selector: 
2025-04-24 15:54:44,602 - INFO - [2025-04-24 15:54:44] INFO - output_excel: output/dfcba4f2-bc98-459e-b0c8-636caf6c2afe\scraped_data.xlsx
2025-04-24 15:54:44,602 - INFO - [2025-04-24 15:54:44] INFO - output_json: output/dfcba4f2-bc98-459e-b0c8-636caf6c2afe\scraped_data.json
2025-04-24 15:54:44,602 - INFO - [2025-04-24 15:54:44] INFO - page_wait: 2
2025-04-24 15:54:44,602 - INFO - [2025-04-24 15:54:44] INFO - paginate: False
2025-04-24 15:54:44,602 - INFO - [2025-04-24 15:54:44] INFO - scrape_subpages: False
2025-04-24 15:54:44,602 - INFO - [2025-04-24 15:54:44] INFO - scroll: False
2025-04-24 15:54:44,602 - INFO - [2025-04-24 15:54:44] INFO - scroll_wait: 3
2025-04-24 15:54:44,602 - INFO - [2025-04-24 15:54:44] INFO - start_page: 1
2025-04-24 15:54:44,602 - INFO - [2025-04-24 15:54:44] INFO - subpage_wait: 3
2025-04-24 15:54:44,602 - INFO - [2025-04-24 15:54:44] INFO - job_id: dfcba4f2-bc98-459e-b0c8-636caf6c2afe
2025-04-24 15:54:44,602 - INFO - [2025-04-24 15:54:44] INFO - user_id: user_39t1zchvlyy_1745489851698
2025-04-24 15:54:44,602 - INFO - [2025-04-24 15:54:44] INFO - concurrent: True
2025-04-24 15:54:44,602 - INFO - [2025-04-24 15:54:44] INFO - output_dir: output/dfcba4f2-bc98-459e-b0c8-636caf6c2afe
2025-04-24 15:54:44,602 - INFO - [2025-04-24 15:54:44] INFO - log_file: output/dfcba4f2-bc98-459e-b0c8-636caf6c2afe\scraper.log
2025-04-24 15:54:44,602 - INFO - [2025-04-24 15:54:44] INFO - request_delay: 6
2025-04-24 15:54:44,602 - INFO - [2025-04-24 15:54:44] INFO - max_concurrent_requests: 2
2025-04-24 15:54:44,602 - INFO - [2025-04-24 15:54:44] INFO - job_start_time: 2025-04-24T15:54:40.401505
2025-04-24 15:54:44,610 - INFO - [2025-04-24 15:54:44] INFO - headless: True
2025-04-24 15:54:44,610 - INFO - [2025-04-24 15:54:44] INFO - Concurrent scraping settings:
2025-04-24 15:54:44,610 - INFO - [2025-04-24 15:54:44] INFO - Job ID: dfcba4f2-bc98-459e-b0c8-636caf6c2afe
2025-04-24 15:54:44,610 - INFO - [2025-04-24 15:54:44] INFO - User ID: user_39t1zchvlyy_1745489851698
2025-04-24 15:54:44,610 - INFO - [2025-04-24 15:54:44] INFO - Request delay: 6s
2025-04-24 15:54:44,610 - INFO - [2025-04-24 15:54:44] INFO - Max concurrent requests: 2
2025-04-24 15:54:44,610 - INFO - [2025-04-24 15:54:44] INFO - Concurrent scraping settings:
2025-04-24 15:54:44,610 - INFO - [2025-04-24 15:54:44] INFO - Job ID: dfcba4f2-bc98-459e-b0c8-636caf6c2afe
2025-04-24 15:54:44,610 - INFO - [2025-04-24 15:54:44] INFO - User ID: user_39t1zchvlyy_1745489851698
2025-04-24 15:54:44,610 - INFO - [2025-04-24 15:54:44] INFO - Request delay: 6s
2025-04-24 15:54:44,610 - INFO - [2025-04-24 15:54:44] INFO - Max concurrent requests: 2
2025-04-24 15:54:44,610 - INFO - [2025-04-24 15:54:44] INFO - Starting scraper with configuration:
2025-04-24 15:54:44,610 - INFO - [2025-04-24 15:54:44] INFO - {
  "base_url": "https://giohis.com/speakers/",
  "concurrent_settings": {
    "base_request_delay": 2,
    "job_spacing_delay": 3,
    "max_concurrent_jobs": 3,
    "max_concurrent_requests": 2
  },
  "container_selector": "div.attendee_wrap.clearfix",
  "initial_wait": 3,
  "load_more_selector": "",
  "load_more_wait": 3,
  "max_pages": 1,
  "max_scroll_attempts": 20,
  "next_page_selector": "",
  "output_excel": "output/dfcba4f2-bc98-459e-b0c8-636caf6c2afe\\scraped_data.xlsx",
  "output_json": "output/dfcba4f2-bc98-459e-b0c8-636caf6c2afe\\scraped_data.json",
  "page_wait": 2,
  "paginate": false,
  "scrape_subpages": false,
  "scroll": false,
  "scroll_wait": 3,
  "start_page": 1,
  "subpage_wait": 3,
  "job_id": "dfcba4f2-bc98-459e-b0c8-636caf6c2afe",
  "user_id": "user_39t1zchvlyy_1745489851698",
  "concurrent": true,
  "output_dir": "output/dfcba4f2-bc98-459e-b0c8-636caf6c2afe",
  "log_file": "output/dfcba4f2-bc98-459e-b0c8-636caf6c2afe\\scraper.log",
  "request_delay": 6,
  "max_concurrent_requests": 2,
  "job_start_time": "2025-04-24T15:54:40.401505",
  "headless": true
}
2025-04-24 15:54:44,921 - INFO - [2025-04-24 15:54:44] INFO - Detected Chrome version: 135.0.7049.114
2025-04-24 15:54:47,813 - INFO - [2025-04-24 15:54:47] INFO - Successfully initialized Chrome driver with version 135.0.0
2025-04-24 15:54:47,813 - INFO - [2025-04-24 15:54:47] INFO - Job started for user user_39t1zchvlyy_1745489851698 (Job ID: dfcba4f2-bc98-459e-b0c8-636caf6c2afe)
2025-04-24 15:54:47,820 - INFO - [2025-04-24 15:54:47] INFO - Phase 1: Collecting main fields and links from all pages...
2025-04-24 15:54:50,052 - INFO - [2025-04-24 15:54:50] INFO - Navigated to base URL: https://giohis.com/speakers/
2025-04-24 15:54:56,060 - INFO - [2025-04-24 15:54:56] INFO - Scraping main fields from page 1...
2025-04-24 15:54:56,093 - INFO - [2025-04-24 15:54:56] INFO - Found 30 items on page 1
2025-04-24 15:54:56,141 - INFO - [2025-04-24 15:54:56] INFO - Extracted 'name': Giorgi Abashidze
2025-04-24 15:54:56,171 - INFO - [2025-04-24 15:54:56] INFO - Extracted 'name': Ankur Agrawal
2025-04-24 15:54:56,187 - INFO - [2025-04-24 15:54:56] INFO - Extracted 'name': Hassan Ahdab
2025-04-24 15:54:56,222 - INFO - [2025-04-24 15:54:56] INFO - Extracted 'name': H.E Ahmed Obaid Al Qaseer
2025-04-24 15:54:56,235 - INFO - [2025-04-24 15:54:56] INFO - Extracted 'name': Abbas Al Saleh
2025-04-24 15:54:56,267 - INFO - [2025-04-24 15:54:56] INFO - Extracted 'name': Roger Allen
2025-04-24 15:54:56,282 - INFO - [2025-04-24 15:54:56] INFO - Extracted 'name': Simon Allison
2025-04-24 15:54:56,299 - INFO - [2025-04-24 15:54:56] INFO - Extracted 'name': Khalid Anib
2025-04-24 15:54:56,330 - INFO - [2025-04-24 15:54:56] INFO - Extracted 'name': Elie Armaly
2025-04-24 15:54:56,356 - INFO - [2025-04-24 15:54:56] INFO - Extracted 'name': Amit Arora
2025-04-24 15:54:56,377 - INFO - [2025-04-24 15:54:56] INFO - Extracted 'name': Saurabh Bakshi
2025-04-24 15:54:56,393 - INFO - [2025-04-24 15:54:56] INFO - Extracted 'name': Luca Bandecchi
2025-04-24 15:54:56,425 - INFO - [2025-04-24 15:54:56] INFO - Extracted 'name': Carmen Bardaji
2025-04-24 15:54:56,441 - INFO - [2025-04-24 15:54:56] INFO - Extracted 'name': Chris Beaumont-McQuillan
2025-04-24 15:54:56,472 - INFO - [2025-04-24 15:54:56] INFO - Extracted 'name': Mohamed Belkhodja
2025-04-24 15:54:56,491 - INFO - [2025-04-24 15:54:56] INFO - Extracted 'name': Bernhard Bohnenberger (BB)
2025-04-24 15:54:56,521 - INFO - [2025-04-24 15:54:56] INFO - Extracted 'name': Piers Brown
2025-04-24 15:54:56,537 - INFO - [2025-04-24 15:54:56] INFO - Extracted 'name': Ewan Cameron
2025-04-24 15:54:56,556 - INFO - [2025-04-24 15:54:56] INFO - Extracted 'name': Judith Cartwright
2025-04-24 15:54:56,568 - INFO - [2025-04-24 15:54:56] INFO - Extracted 'name': Oliviero Cassini
2025-04-24 15:54:56,600 - INFO - [2025-04-24 15:54:56] INFO - Extracted 'name': Suchad Chiaranussati
2025-04-24 15:54:56,616 - INFO - [2025-04-24 15:54:56] INFO - Extracted 'name': Sharon Codner
2025-04-24 15:54:56,632 - INFO - [2025-04-24 15:54:56] INFO - Extracted 'name': Julio Corredor
2025-04-24 15:54:56,657 - INFO - [2025-04-24 15:54:56] INFO - Extracted 'name': Joao Cravo
2025-04-24 15:54:56,664 - INFO - [2025-04-24 15:54:56] INFO - Extracted 'name': Fiona Craw
2025-04-24 15:54:56,696 - INFO - [2025-04-24 15:54:56] INFO - Extracted 'name': Kevin Croley
2025-04-24 15:54:56,715 - INFO - [2025-04-24 15:54:56] INFO - Extracted 'name': Marc Dardenne
2025-04-24 15:54:56,731 - INFO - [2025-04-24 15:54:56] INFO - Extracted 'name': Diane Daudin-Clavaud
2025-04-24 15:54:56,743 - INFO - [2025-04-24 15:54:56] INFO - Extracted 'name': Alain Debare
2025-04-24 15:54:56,759 - INFO - [2025-04-24 15:54:56] INFO - Extracted 'name': Kevork Deldelian
2025-04-24 15:54:57,162 - INFO - [2025-04-24 15:54:57] INFO - 
[SUCCESS] Scraping complete. 30 items saved.
2025-04-24 15:54:57,162 - INFO - [2025-04-24 15:54:57] INFO - Results saved to JSON: output/dfcba4f2-bc98-459e-b0c8-636caf6c2afe\scraped_data.json
2025-04-24 15:54:57,162 - INFO - [2025-04-24 15:54:57] INFO - Results saved to Excel: output/dfcba4f2-bc98-459e-b0c8-636caf6c2afe\scraped_data.xlsx
2025-04-24 15:54:57,162 - INFO - [2025-04-24 15:54:57] INFO - Scraper completed successfully
2025-04-24 15:54:57,162 - INFO - [2025-04-24 15:54:57] INFO - Cleaning up driver after successful scraping...
2025-04-24 15:54:57,299 - INFO - [2025-04-24 15:54:57] INFO - Successfully closed browser window
2025-04-24 15:54:59,383 - INFO - [2025-04-24 15:54:59] INFO - Successfully quit driver
