2025-04-23 00:44:23,906 - INFO - [2025-04-23 00:44:23] INFO - Added file handler for log file: output/1cc92e86-595e-4268-bc3d-ab4d07f8021f\scraper.log
2025-04-23 00:44:23,906 - INFO - [2025-04-23 00:44:23] INFO - Starting scraper with configuration:
2025-04-23 00:44:23,906 - INFO - [2025-04-23 00:44:23] INFO - base_url: 
2025-04-23 00:44:23,906 - INFO - [2025-04-23 00:44:23] INFO - container_selector: 
2025-04-23 00:44:23,906 - INFO - [2025-04-23 00:44:23] INFO - scroll: False
2025-04-23 00:44:23,906 - INFO - [2025-04-23 00:44:23] INFO - scroll_wait: 3
2025-04-23 00:44:23,906 - INFO - [2025-04-23 00:44:23] INFO - initial_wait: 3
2025-04-23 00:44:23,906 - INFO - [2025-04-23 00:44:23] INFO - paginate: False
2025-04-23 00:44:23,906 - INFO - [2025-04-23 00:44:23] INFO - start_page: 1
2025-04-23 00:44:23,912 - INFO - [2025-04-23 00:44:23] INFO - max_pages: 1
2025-04-23 00:44:23,912 - INFO - [2025-04-23 00:44:23] INFO - next_page_selector: 
2025-04-23 00:44:23,912 - INFO - [2025-04-23 00:44:23] INFO - page_wait: 2
2025-04-23 00:44:23,912 - INFO - [2025-04-23 00:44:23] INFO - max_scroll_attempts: 20
2025-04-23 00:44:23,912 - INFO - [2025-04-23 00:44:23] INFO - load_more_selector: 
2025-04-23 00:44:23,912 - INFO - [2025-04-23 00:44:23] INFO - load_more_wait: 3
2025-04-23 00:44:23,912 - INFO - [2025-04-23 00:44:23] INFO - scrape_subpages: False
2025-04-23 00:44:23,912 - INFO - [2025-04-23 00:44:23] INFO - subpage_wait: 3
2025-04-23 00:44:23,912 - INFO - [2025-04-23 00:44:23] INFO - output_json: output/1cc92e86-595e-4268-bc3d-ab4d07f8021f\scraped_data.json
2025-04-23 00:44:23,912 - INFO - [2025-04-23 00:44:23] INFO - output_excel: output/1cc92e86-595e-4268-bc3d-ab4d07f8021f\scraped_data.xlsx
2025-04-23 00:44:23,912 - INFO - [2025-04-23 00:44:23] INFO - concurrent_settings: {'max_concurrent_jobs': 3, 'base_request_delay': 2, 'max_concurrent_requests': 2, 'job_spacing_delay': 3}
2025-04-23 00:44:23,912 - INFO - [2025-04-23 00:44:23] INFO - job_id: 1cc92e86-595e-4268-bc3d-ab4d07f8021f
2025-04-23 00:44:23,912 - INFO - [2025-04-23 00:44:23] INFO - user_id: user_yhb37ahbkv_1745349248925
2025-04-23 00:44:23,912 - INFO - [2025-04-23 00:44:23] INFO - concurrent: True
2025-04-23 00:44:23,912 - INFO - [2025-04-23 00:44:23] INFO - output_dir: output/1cc92e86-595e-4268-bc3d-ab4d07f8021f
2025-04-23 00:44:23,912 - INFO - [2025-04-23 00:44:23] INFO - log_file: output/1cc92e86-595e-4268-bc3d-ab4d07f8021f\scraper.log
2025-04-23 00:44:23,912 - INFO - [2025-04-23 00:44:23] INFO - request_delay: 4
2025-04-23 00:44:23,912 - INFO - [2025-04-23 00:44:23] INFO - max_concurrent_requests: 2
2025-04-23 00:44:23,912 - INFO - [2025-04-23 00:44:23] INFO - job_start_time: 2025-04-23T00:44:19.604291
2025-04-23 00:44:23,912 - INFO - [2025-04-23 00:44:23] INFO - headless: True
2025-04-23 00:44:23,912 - INFO - [2025-04-23 00:44:23] INFO - Concurrent scraping settings:
2025-04-23 00:44:23,912 - INFO - [2025-04-23 00:44:23] INFO - Job ID: 1cc92e86-595e-4268-bc3d-ab4d07f8021f
2025-04-23 00:44:23,912 - INFO - [2025-04-23 00:44:23] INFO - User ID: user_yhb37ahbkv_1745349248925
2025-04-23 00:44:23,912 - INFO - [2025-04-23 00:44:23] INFO - Request delay: 4s
2025-04-23 00:44:23,912 - INFO - [2025-04-23 00:44:23] INFO - Max concurrent requests: 2
2025-04-23 00:44:23,912 - INFO - [2025-04-23 00:44:23] INFO - Concurrent scraping settings:
2025-04-23 00:44:23,912 - INFO - [2025-04-23 00:44:23] INFO - Job ID: 1cc92e86-595e-4268-bc3d-ab4d07f8021f
2025-04-23 00:44:23,912 - INFO - [2025-04-23 00:44:23] INFO - User ID: user_yhb37ahbkv_1745349248925
2025-04-23 00:44:23,912 - INFO - [2025-04-23 00:44:23] INFO - Request delay: 4s
2025-04-23 00:44:23,912 - INFO - [2025-04-23 00:44:23] INFO - Max concurrent requests: 2
2025-04-23 00:44:23,912 - INFO - [2025-04-23 00:44:23] INFO - Starting scraper with configuration:
2025-04-23 00:44:23,914 - INFO - [2025-04-23 00:44:23] INFO - {
  "base_url": "",
  "container_selector": "",
  "scroll": false,
  "scroll_wait": 3,
  "initial_wait": 3,
  "paginate": false,
  "start_page": 1,
  "max_pages": 1,
  "next_page_selector": "",
  "page_wait": 2,
  "max_scroll_attempts": 20,
  "load_more_selector": "",
  "load_more_wait": 3,
  "scrape_subpages": false,
  "subpage_wait": 3,
  "output_json": "output/1cc92e86-595e-4268-bc3d-ab4d07f8021f\\scraped_data.json",
  "output_excel": "output/1cc92e86-595e-4268-bc3d-ab4d07f8021f\\scraped_data.xlsx",
  "concurrent_settings": {
    "max_concurrent_jobs": 3,
    "base_request_delay": 2,
    "max_concurrent_requests": 2,
    "job_spacing_delay": 3
  },
  "job_id": "1cc92e86-595e-4268-bc3d-ab4d07f8021f",
  "user_id": "user_yhb37ahbkv_1745349248925",
  "concurrent": true,
  "output_dir": "output/1cc92e86-595e-4268-bc3d-ab4d07f8021f",
  "log_file": "output/1cc92e86-595e-4268-bc3d-ab4d07f8021f\\scraper.log",
  "request_delay": 4,
  "max_concurrent_requests": 2,
  "job_start_time": "2025-04-23T00:44:19.604291",
  "headless": true
}
2025-04-23 00:44:23,914 - INFO - [2025-04-23 00:44:23] INFO - Attempting to use undetected-chromedriver...
2025-04-23 00:44:29,291 - INFO - [2025-04-23 00:44:29] INFO - Successfully initialized Chrome with undetected-chromedriver
2025-04-23 00:44:29,291 - INFO - [2025-04-23 00:44:29] INFO - Job started for user user_yhb37ahbkv_1745349248925 (Job ID: 1cc92e86-595e-4268-bc3d-ab4d07f8021f)
2025-04-23 00:44:29,291 - INFO - [2025-04-23 00:44:29] INFO - Phase 1: Collecting main fields and links from all pages...
2025-04-23 00:44:29,309 - ERROR - [2025-04-23 00:44:29] ERROR - [ERROR] Scraping failed: Message: invalid argument
  (Session info: chrome=135.0.7049.96)
Stacktrace:
	GetHandleVerifier [0x00648073+60707]
	GetHandleVerifier [0x006480B4+60772]
	(No symbol) [0x004704FE]
	(No symbol) [0x00460A8E]
	(No symbol) [0x0045F185]
	(No symbol) [0x0045F8CB]
	(No symbol) [0x0047400E]
	(No symbol) [0x004FF427]
	(No symbol) [0x004DD04C]
	(No symbol) [0x004FE824]
	(No symbol) [0x004DCE46]
	(No symbol) [0x004AC5D3]
	(No symbol) [0x004AD424]
	GetHandleVerifier [0x0088BB53+2435075]
	GetHandleVerifier [0x008870F3+2416035]
	GetHandleVerifier [0x008A349C+2531660]
	GetHandleVerifier [0x0065F145+155125]
	GetHandleVerifier [0x00665AED+182173]
	GetHandleVerifier [0x0064F948+91640]
	GetHandleVerifier [0x0064FAF0+92064]
	GetHandleVerifier [0x0063A5B0+4704]
	BaseThreadInitThunk [0x76AB5D49+25]
	RtlInitializeExceptionChain [0x7771CF0B+107]
	RtlGetAppContainerNamedObjectPath [0x7771CE91+561]

2025-04-23 00:44:29,362 - ERROR - [2025-04-23 00:44:29] ERROR - Traceback (most recent call last):
  File "C:\Users\harim\Downloads\web-scrap-master\webScraper_backend\scrap.py", line 615, in scrape_data
    driver.get(config["base_url"])
  File "C:\Users\harim\AppData\Local\Packages\PythonSoftwareFoundation.Python.3.11_qbz5n2kfra8p0\LocalCache\local-packages\Python311\site-packages\undetected_chromedriver\__init__.py", line 665, in get
    return super().get(url)
           ^^^^^^^^^^^^^^^^
  File "C:\Users\harim\AppData\Local\Packages\PythonSoftwareFoundation.Python.3.11_qbz5n2kfra8p0\LocalCache\local-packages\Python311\site-packages\selenium\webdriver\remote\webdriver.py", line 355, in get
    self.execute(Command.GET, {"url": url})
  File "C:\Users\harim\AppData\Local\Packages\PythonSoftwareFoundation.Python.3.11_qbz5n2kfra8p0\LocalCache\local-packages\Python311\site-packages\selenium\webdriver\remote\webdriver.py", line 346, in execute
    self.error_handler.check_response(response)
  File "C:\Users\harim\AppData\Local\Packages\PythonSoftwareFoundation.Python.3.11_qbz5n2kfra8p0\LocalCache\local-packages\Python311\site-packages\selenium\webdriver\remote\errorhandler.py", line 245, in check_response
    raise exception_class(message, screen, stacktrace)
selenium.common.exceptions.InvalidArgumentException: Message: invalid argument
  (Session info: chrome=135.0.7049.96)
Stacktrace:
	GetHandleVerifier [0x00648073+60707]
	GetHandleVerifier [0x006480B4+60772]
	(No symbol) [0x004704FE]
	(No symbol) [0x00460A8E]
	(No symbol) [0x0045F185]
	(No symbol) [0x0045F8CB]
	(No symbol) [0x0047400E]
	(No symbol) [0x004FF427]
	(No symbol) [0x004DD04C]
	(No symbol) [0x004FE824]
	(No symbol) [0x004DCE46]
	(No symbol) [0x004AC5D3]
	(No symbol) [0x004AD424]
	GetHandleVerifier [0x0088BB53+2435075]
	GetHandleVerifier [0x008870F3+2416035]
	GetHandleVerifier [0x008A349C+2531660]
	GetHandleVerifier [0x0065F145+155125]
	GetHandleVerifier [0x00665AED+182173]
	GetHandleVerifier [0x0064F948+91640]
	GetHandleVerifier [0x0064FAF0+92064]
	GetHandleVerifier [0x0063A5B0+4704]
	BaseThreadInitThunk [0x76AB5D49+25]
	RtlInitializeExceptionChain [0x7771CF0B+107]
	RtlGetAppContainerNamedObjectPath [0x7771CE91+561]


