2025-04-24 23:10:31,205 - INFO - [2025-04-24 23:10:31] INFO - Added file handler for log file: output/3f8c6a77-7f55-4b98-be52-c28cda67a17b\scraper.log
2025-04-24 23:10:31,205 - INFO - [2025-04-24 23:10:31] INFO - Starting scraper with configuration:
2025-04-24 23:10:31,205 - INFO - [2025-04-24 23:10:31] INFO - base_url: https://www.griclub.org/program/participants/empowered-by-gcc-global-capital-connectors-series_1810
2025-04-24 23:10:31,206 - INFO - [2025-04-24 23:10:31] INFO - concurrent_settings: {'base_request_delay': 2, 'job_spacing_delay': 3, 'max_concurrent_jobs': 3, 'max_concurrent_requests': 2}
2025-04-24 23:10:31,206 - INFO - [2025-04-24 23:10:31] INFO - container_selector: div.member-card__body
2025-04-24 23:10:31,206 - INFO - [2025-04-24 23:10:31] INFO - initial_wait: 3
2025-04-24 23:10:31,206 - INFO - [2025-04-24 23:10:31] INFO - load_more_selector: 
2025-04-24 23:10:31,207 - INFO - [2025-04-24 23:10:31] INFO - load_more_wait: 3
2025-04-24 23:10:31,207 - INFO - [2025-04-24 23:10:31] INFO - max_pages: 1
2025-04-24 23:10:31,207 - INFO - [2025-04-24 23:10:31] INFO - max_scroll_attempts: 20
2025-04-24 23:10:31,207 - INFO - [2025-04-24 23:10:31] INFO - next_page_selector: 
2025-04-24 23:10:31,207 - INFO - [2025-04-24 23:10:31] INFO - output_excel: output/3f8c6a77-7f55-4b98-be52-c28cda67a17b\scraped_data.xlsx
2025-04-24 23:10:31,207 - INFO - [2025-04-24 23:10:31] INFO - output_json: output/3f8c6a77-7f55-4b98-be52-c28cda67a17b\scraped_data.json
2025-04-24 23:10:31,208 - INFO - [2025-04-24 23:10:31] INFO - page_wait: 2
2025-04-24 23:10:31,208 - INFO - [2025-04-24 23:10:31] INFO - paginate: False
2025-04-24 23:10:31,208 - INFO - [2025-04-24 23:10:31] INFO - scrape_subpages: False
2025-04-24 23:10:31,208 - INFO - [2025-04-24 23:10:31] INFO - scroll: False
2025-04-24 23:10:31,208 - INFO - [2025-04-24 23:10:31] INFO - scroll_wait: 3
2025-04-24 23:10:31,208 - INFO - [2025-04-24 23:10:31] INFO - start_page: 1
2025-04-24 23:10:31,208 - INFO - [2025-04-24 23:10:31] INFO - subpage_wait: 3
2025-04-24 23:10:31,208 - INFO - [2025-04-24 23:10:31] INFO - job_id: 3f8c6a77-7f55-4b98-be52-c28cda67a17b
2025-04-24 23:10:31,209 - INFO - [2025-04-24 23:10:31] INFO - user_id: user_h4hctrxqreu_1745474290425
2025-04-24 23:10:31,209 - INFO - [2025-04-24 23:10:31] INFO - concurrent: True
2025-04-24 23:10:31,209 - INFO - [2025-04-24 23:10:31] INFO - output_dir: output/3f8c6a77-7f55-4b98-be52-c28cda67a17b
2025-04-24 23:10:31,209 - INFO - [2025-04-24 23:10:31] INFO - log_file: output/3f8c6a77-7f55-4b98-be52-c28cda67a17b\scraper.log
2025-04-24 23:10:31,209 - INFO - [2025-04-24 23:10:31] INFO - request_delay: 4
2025-04-24 23:10:31,209 - INFO - [2025-04-24 23:10:31] INFO - max_concurrent_requests: 2
2025-04-24 23:10:31,210 - INFO - [2025-04-24 23:10:31] INFO - job_start_time: 2025-04-24T23:10:25.745548
2025-04-24 23:10:31,210 - INFO - [2025-04-24 23:10:31] INFO - headless: True
2025-04-24 23:10:31,210 - INFO - [2025-04-24 23:10:31] INFO - Concurrent scraping settings:
2025-04-24 23:10:31,210 - INFO - [2025-04-24 23:10:31] INFO - Job ID: 3f8c6a77-7f55-4b98-be52-c28cda67a17b
2025-04-24 23:10:31,210 - INFO - [2025-04-24 23:10:31] INFO - User ID: user_h4hctrxqreu_1745474290425
2025-04-24 23:10:31,210 - INFO - [2025-04-24 23:10:31] INFO - Request delay: 4s
2025-04-24 23:10:31,210 - INFO - [2025-04-24 23:10:31] INFO - Max concurrent requests: 2
2025-04-24 23:10:31,210 - INFO - [2025-04-24 23:10:31] INFO - Concurrent scraping settings:
2025-04-24 23:10:31,210 - INFO - [2025-04-24 23:10:31] INFO - Job ID: 3f8c6a77-7f55-4b98-be52-c28cda67a17b
2025-04-24 23:10:31,210 - INFO - [2025-04-24 23:10:31] INFO - User ID: user_h4hctrxqreu_1745474290425
2025-04-24 23:10:31,211 - INFO - [2025-04-24 23:10:31] INFO - Request delay: 4s
2025-04-24 23:10:31,211 - INFO - [2025-04-24 23:10:31] INFO - Max concurrent requests: 2
2025-04-24 23:10:31,211 - INFO - [2025-04-24 23:10:31] INFO - Starting scraper with configuration:
2025-04-24 23:10:31,211 - INFO - [2025-04-24 23:10:31] INFO - {
  "base_url": "https://www.griclub.org/program/participants/empowered-by-gcc-global-capital-connectors-series_1810",
  "concurrent_settings": {
    "base_request_delay": 2,
    "job_spacing_delay": 3,
    "max_concurrent_jobs": 3,
    "max_concurrent_requests": 2
  },
  "container_selector": "div.member-card__body",
  "initial_wait": 3,
  "load_more_selector": "",
  "load_more_wait": 3,
  "max_pages": 1,
  "max_scroll_attempts": 20,
  "next_page_selector": "",
  "output_excel": "output/3f8c6a77-7f55-4b98-be52-c28cda67a17b\\scraped_data.xlsx",
  "output_json": "output/3f8c6a77-7f55-4b98-be52-c28cda67a17b\\scraped_data.json",
  "page_wait": 2,
  "paginate": false,
  "scrape_subpages": false,
  "scroll": false,
  "scroll_wait": 3,
  "start_page": 1,
  "subpage_wait": 3,
  "job_id": "3f8c6a77-7f55-4b98-be52-c28cda67a17b",
  "user_id": "user_h4hctrxqreu_1745474290425",
  "concurrent": true,
  "output_dir": "output/3f8c6a77-7f55-4b98-be52-c28cda67a17b",
  "log_file": "output/3f8c6a77-7f55-4b98-be52-c28cda67a17b\\scraper.log",
  "request_delay": 4,
  "max_concurrent_requests": 2,
  "job_start_time": "2025-04-24T23:10:25.745548",
  "headless": true
}
2025-04-24 23:10:32,120 - INFO - [2025-04-24 23:10:32] INFO - Detected Chrome version: 135.0.7049.114
