2025-05-01 09:41:50,208 - INFO - [2025-05-01 09:41:50] INFO - Added file handler for log file: output/f2fc4c1b-d348-4b60-868f-45385a1fff96/scraper.log
2025-05-01 09:41:50,209 - INFO - [2025-05-01 09:41:50] INFO - Starting scraper with configuration:
2025-05-01 09:41:50,209 - INFO - [2025-05-01 09:41:50] INFO - base_url: https://giohis.com/speakers/
2025-05-01 09:41:50,210 - INFO - [2025-05-01 09:41:50] INFO - concurrent_settings: {'base_request_delay': 2, 'job_spacing_delay': 3, 'max_concurrent_jobs': 3, 'max_concurrent_requests': 2}
2025-05-01 09:41:50,212 - INFO - [2025-05-01 09:41:50] INFO - container_selector: div.attendee_wrap.clearfix
2025-05-01 09:41:50,213 - INFO - [2025-05-01 09:41:50] INFO - initial_wait: 3
2025-05-01 09:41:50,213 - INFO - [2025-05-01 09:41:50] INFO - load_more_selector: 
2025-05-01 09:41:50,215 - INFO - [2025-05-01 09:41:50] INFO - load_more_wait: 3
2025-05-01 09:41:50,216 - INFO - [2025-05-01 09:41:50] INFO - max_pages: 1
2025-05-01 09:41:50,216 - INFO - [2025-05-01 09:41:50] INFO - max_scroll_attempts: 20
2025-05-01 09:41:50,217 - INFO - [2025-05-01 09:41:50] INFO - next_page_selector: 
2025-05-01 09:41:50,217 - INFO - [2025-05-01 09:41:50] INFO - output_excel: output/f2fc4c1b-d348-4b60-868f-45385a1fff96/scraped_data.xlsx
2025-05-01 09:41:50,218 - INFO - [2025-05-01 09:41:50] INFO - output_json: output/f2fc4c1b-d348-4b60-868f-45385a1fff96/scraped_data.json
2025-05-01 09:41:50,219 - INFO - [2025-05-01 09:41:50] INFO - page_wait: 2
2025-05-01 09:41:50,220 - INFO - [2025-05-01 09:41:50] INFO - paginate: False
2025-05-01 09:41:50,220 - INFO - [2025-05-01 09:41:50] INFO - scrape_subpages: False
2025-05-01 09:41:50,223 - INFO - [2025-05-01 09:41:50] INFO - scroll: True
2025-05-01 09:41:50,224 - INFO - [2025-05-01 09:41:50] INFO - scroll_wait: 3
2025-05-01 09:41:50,225 - INFO - [2025-05-01 09:41:50] INFO - start_page: 1
2025-05-01 09:41:50,225 - INFO - [2025-05-01 09:41:50] INFO - subpage_wait: 3
2025-05-01 09:41:50,226 - INFO - [2025-05-01 09:41:50] INFO - job_id: f2fc4c1b-d348-4b60-868f-45385a1fff96
2025-05-01 09:41:50,229 - INFO - [2025-05-01 09:41:50] INFO - user_id: user_h4hctrxqreu_1745474290425
2025-05-01 09:41:50,230 - INFO - [2025-05-01 09:41:50] INFO - concurrent: True
2025-05-01 09:41:50,232 - INFO - [2025-05-01 09:41:50] INFO - output_dir: output/f2fc4c1b-d348-4b60-868f-45385a1fff96
2025-05-01 09:41:50,233 - INFO - [2025-05-01 09:41:50] INFO - log_file: output/f2fc4c1b-d348-4b60-868f-45385a1fff96/scraper.log
2025-05-01 09:41:50,234 - INFO - [2025-05-01 09:41:50] INFO - request_delay: 4
2025-05-01 09:41:50,235 - INFO - [2025-05-01 09:41:50] INFO - max_concurrent_requests: 2
2025-05-01 09:41:50,235 - INFO - [2025-05-01 09:41:50] INFO - job_start_time: 2025-05-01T09:41:49.518656
2025-05-01 09:41:50,236 - INFO - [2025-05-01 09:41:50] INFO - headless: True
2025-05-01 09:41:50,236 - INFO - [2025-05-01 09:41:50] INFO - Concurrent scraping settings:
2025-05-01 09:41:50,237 - INFO - [2025-05-01 09:41:50] INFO - Job ID: f2fc4c1b-d348-4b60-868f-45385a1fff96
2025-05-01 09:41:50,239 - INFO - [2025-05-01 09:41:50] INFO - User ID: user_h4hctrxqreu_1745474290425
2025-05-01 09:41:50,241 - INFO - [2025-05-01 09:41:50] INFO - Request delay: 4s
2025-05-01 09:41:50,243 - INFO - [2025-05-01 09:41:50] INFO - Max concurrent requests: 2
2025-05-01 09:41:50,246 - INFO - [2025-05-01 09:41:50] INFO - Concurrent scraping settings:
2025-05-01 09:41:50,246 - INFO - [2025-05-01 09:41:50] INFO - Job ID: f2fc4c1b-d348-4b60-868f-45385a1fff96
2025-05-01 09:41:50,247 - INFO - [2025-05-01 09:41:50] INFO - User ID: user_h4hctrxqreu_1745474290425
2025-05-01 09:41:50,247 - INFO - [2025-05-01 09:41:50] INFO - Request delay: 4s
2025-05-01 09:41:50,248 - INFO - [2025-05-01 09:41:50] INFO - Max concurrent requests: 2
2025-05-01 09:41:50,248 - INFO - [2025-05-01 09:41:50] INFO - Starting scraper with configuration:
2025-05-01 09:41:50,249 - INFO - [2025-05-01 09:41:50] INFO - {
  "base_url": "https://giohis.com/speakers/",
  "concurrent_settings": {
    "base_request_delay": 2,
    "job_spacing_delay": 3,
    "max_concurrent_jobs": 3,
    "max_concurrent_requests": 2
  },
  "container_selector": "div.attendee_wrap.clearfix",
  "initial_wait": 3,
  "load_more_selector": "",
  "load_more_wait": 3,
  "max_pages": 1,
  "max_scroll_attempts": 20,
  "next_page_selector": "",
  "output_excel": "output/f2fc4c1b-d348-4b60-868f-45385a1fff96/scraped_data.xlsx",
  "output_json": "output/f2fc4c1b-d348-4b60-868f-45385a1fff96/scraped_data.json",
  "page_wait": 2,
  "paginate": false,
  "scrape_subpages": false,
  "scroll": true,
  "scroll_wait": 3,
  "start_page": 1,
  "subpage_wait": 3,
  "job_id": "f2fc4c1b-d348-4b60-868f-45385a1fff96",
  "user_id": "user_h4hctrxqreu_1745474290425",
  "concurrent": true,
  "output_dir": "output/f2fc4c1b-d348-4b60-868f-45385a1fff96",
  "log_file": "output/f2fc4c1b-d348-4b60-868f-45385a1fff96/scraper.log",
  "request_delay": 4,
  "max_concurrent_requests": 2,
  "job_start_time": "2025-05-01T09:41:49.518656",
  "headless": true
}
2025-05-01 09:41:50,250 - INFO - [2025-05-01 09:41:50] INFO - Using system ChromeDriver at: /usr/local/bin/chromedriver
2025-05-01 09:41:51,584 - ERROR - [2025-05-01 09:41:51] ERROR - Failed to initialize Chrome WebDriver (attempt 1/3): Message: session not created: This version of ChromeDriver only supports Chrome version 122
Current browser version is 136.0.7103.59 with binary path /opt/google/chrome/chrome
Stacktrace:
#0 0x562ea9048e93 <unknown>
#1 0x562ea8d40ce6 <unknown>
#2 0x562ea8d7b62b <unknown>
#3 0x562ea8d7a7f5 <unknown>
#4 0x562ea8d75a05 <unknown>
#5 0x562ea8d716ed <unknown>
#6 0x562ea8dba71c <unknown>
#7 0x562ea8dadc53 <unknown>
#8 0x562ea8d7edb3 <unknown>
#9 0x562ea8d7f77e <unknown>
#10 0x562ea900e7cb <unknown>
#11 0x562ea90127e5 <unknown>
#12 0x562ea8ffc0e1 <unknown>
#13 0x562ea9013372 <unknown>
#14 0x562ea8fe01bf <unknown>
#15 0x562ea9037488 <unknown>
#16 0x562ea9037683 <unknown>
#17 0x562ea9048044 <unknown>
#18 0x7efd6bac11f5 <unknown>

2025-05-01 09:41:54,486 - ERROR - [2025-05-01 09:41:54] ERROR - Failed to initialize Chrome WebDriver (attempt 2/3): Message: session not created: This version of ChromeDriver only supports Chrome version 122
Current browser version is 136.0.7103.59 with binary path /opt/google/chrome/chrome
Stacktrace:
#0 0x562ea708fe93 <unknown>
#1 0x562ea6d87ce6 <unknown>
#2 0x562ea6dc262b <unknown>
#3 0x562ea6dc17f5 <unknown>
#4 0x562ea6dbca05 <unknown>
#5 0x562ea6db86ed <unknown>
#6 0x562ea6e0171c <unknown>
#7 0x562ea6df4c53 <unknown>
#8 0x562ea6dc5db3 <unknown>
#9 0x562ea6dc677e <unknown>
#10 0x562ea70557cb <unknown>
#11 0x562ea70597e5 <unknown>
#12 0x562ea70430e1 <unknown>
#13 0x562ea705a372 <unknown>
#14 0x562ea70271bf <unknown>
#15 0x562ea707e488 <unknown>
#16 0x562ea707e683 <unknown>
#17 0x562ea708f044 <unknown>
#18 0x7f60816461f5 <unknown>

2025-05-01 09:41:57,383 - ERROR - [2025-05-01 09:41:57] ERROR - Failed to initialize Chrome WebDriver (attempt 3/3): Message: session not created: This version of ChromeDriver only supports Chrome version 122
Current browser version is 136.0.7103.59 with binary path /opt/google/chrome/chrome
Stacktrace:
#0 0x5618a222ce93 <unknown>
#1 0x5618a1f24ce6 <unknown>
#2 0x5618a1f5f62b <unknown>
#3 0x5618a1f5e7f5 <unknown>
#4 0x5618a1f59a05 <unknown>
#5 0x5618a1f556ed <unknown>
#6 0x5618a1f9e71c <unknown>
#7 0x5618a1f91c53 <unknown>
#8 0x5618a1f62db3 <unknown>
#9 0x5618a1f6377e <unknown>
#10 0x5618a21f27cb <unknown>
#11 0x5618a21f67e5 <unknown>
#12 0x5618a21e00e1 <unknown>
#13 0x5618a21f7372 <unknown>
#14 0x5618a21c41bf <unknown>
#15 0x5618a221b488 <unknown>
#16 0x5618a221b683 <unknown>
#17 0x5618a222c044 <unknown>
#18 0x7fa2022031f5 <unknown>

2025-05-01 09:41:57,384 - ERROR - [2025-05-01 09:41:57] ERROR - Error setting up Chrome WebDriver: Message: session not created: This version of ChromeDriver only supports Chrome version 122
Current browser version is 136.0.7103.59 with binary path /opt/google/chrome/chrome
Stacktrace:
#0 0x5618a222ce93 <unknown>
#1 0x5618a1f24ce6 <unknown>
#2 0x5618a1f5f62b <unknown>
#3 0x5618a1f5e7f5 <unknown>
#4 0x5618a1f59a05 <unknown>
#5 0x5618a1f556ed <unknown>
#6 0x5618a1f9e71c <unknown>
#7 0x5618a1f91c53 <unknown>
#8 0x5618a1f62db3 <unknown>
#9 0x5618a1f6377e <unknown>
#10 0x5618a21f27cb <unknown>
#11 0x5618a21f67e5 <unknown>
#12 0x5618a21e00e1 <unknown>
#13 0x5618a21f7372 <unknown>
#14 0x5618a21c41bf <unknown>
#15 0x5618a221b488 <unknown>
#16 0x5618a221b683 <unknown>
#17 0x5618a222c044 <unknown>
#18 0x7fa2022031f5 <unknown>

2025-05-01 09:41:57,384 - ERROR - [2025-05-01 09:41:57] ERROR - Error during scraping: Message: session not created: This version of ChromeDriver only supports Chrome version 122
Current browser version is 136.0.7103.59 with binary path /opt/google/chrome/chrome
Stacktrace:
#0 0x5618a222ce93 <unknown>
#1 0x5618a1f24ce6 <unknown>
#2 0x5618a1f5f62b <unknown>
#3 0x5618a1f5e7f5 <unknown>
#4 0x5618a1f59a05 <unknown>
#5 0x5618a1f556ed <unknown>
#6 0x5618a1f9e71c <unknown>
#7 0x5618a1f91c53 <unknown>
#8 0x5618a1f62db3 <unknown>
#9 0x5618a1f6377e <unknown>
#10 0x5618a21f27cb <unknown>
#11 0x5618a21f67e5 <unknown>
#12 0x5618a21e00e1 <unknown>
#13 0x5618a21f7372 <unknown>
#14 0x5618a21c41bf <unknown>
#15 0x5618a221b488 <unknown>
#16 0x5618a221b683 <unknown>
#17 0x5618a222c044 <unknown>
#18 0x7fa2022031f5 <unknown>

2025-05-01 09:41:57,385 - ERROR - [2025-05-01 09:41:57] ERROR - Scraper failed with return code 1
