2025-04-22 12:09:31,792 - INFO - [2025-04-22 12:09:31] INFO - Added file handler for log file: output/2f6ec5af-40ef-437b-bbc2-2b7bdc137bbc\scraper.log
2025-04-22 12:09:31,792 - INFO - [2025-04-22 12:09:31] INFO - Starting scraper with configuration:
2025-04-22 12:09:31,792 - INFO - [2025-04-22 12:09:31] INFO - base_url: https://www.booking.com/searchresults.html?label=gog235jc-1DCAEoggI46AdIM1gDaGyIAQGYATG4AQfIAQzYAQPoAQH4AQKIAgGoAgO4As_0h8AGwAIB0gIkMzJhOGRkNTItN2Y0NS00OGIyLWI0NDMtOGRjODk1MjQxNDlh2AIE4AIB&aid=397594&ss=Himachal+Pradesh%2C+India&ssne=Uttarakhand&ssne_untouched=Uttarakhand&lang=en-us&src=searchresults&dest_id=3482&dest_type=region&ac_position=1&ac_click_type=b&ac_langcode=en&ac_suggestion_list_length=5&search_selected=true&search_pageview_id=ce3f33fa3adb003e&checkin=2025-04-18&checkout=2025-04-19&group_adults=2&no_rooms=1&group_children=0&nflt=hotelfacility%3D54%3Bht_id%3D206
2025-04-22 12:09:31,792 - INFO - [2025-04-22 12:09:31] INFO - concurrent_settings: {'base_request_delay': 2, 'job_spacing_delay': 3, 'max_concurrent_jobs': 3, 'max_concurrent_requests': 2}
2025-04-22 12:09:31,792 - INFO - [2025-04-22 12:09:31] INFO - container_selector: div.c82435a4b8.a178069f51.a6ae3c2b40
2025-04-22 12:09:31,793 - INFO - [2025-04-22 12:09:31] INFO - initial_wait: 3
2025-04-22 12:09:31,793 - INFO - [2025-04-22 12:09:31] INFO - load_more_selector: 
2025-04-22 12:09:31,793 - INFO - [2025-04-22 12:09:31] INFO - load_more_wait: 3
2025-04-22 12:09:31,793 - INFO - [2025-04-22 12:09:31] INFO - max_pages: 1
2025-04-22 12:09:31,793 - INFO - [2025-04-22 12:09:31] INFO - max_scroll_attempts: 20
2025-04-22 12:09:31,793 - INFO - [2025-04-22 12:09:31] INFO - next_page_selector: 
2025-04-22 12:09:31,793 - INFO - [2025-04-22 12:09:31] INFO - output_excel: output/2f6ec5af-40ef-437b-bbc2-2b7bdc137bbc\scraped_data.xlsx
2025-04-22 12:09:31,793 - INFO - [2025-04-22 12:09:31] INFO - output_json: output/2f6ec5af-40ef-437b-bbc2-2b7bdc137bbc\scraped_data.json
2025-04-22 12:09:31,793 - INFO - [2025-04-22 12:09:31] INFO - page_wait: 2
2025-04-22 12:09:31,793 - INFO - [2025-04-22 12:09:31] INFO - paginate: False
2025-04-22 12:09:31,793 - INFO - [2025-04-22 12:09:31] INFO - scrape_subpages: False
2025-04-22 12:09:31,793 - INFO - [2025-04-22 12:09:31] INFO - scroll: True
2025-04-22 12:09:31,793 - INFO - [2025-04-22 12:09:31] INFO - scroll_wait: 3
2025-04-22 12:09:31,794 - INFO - [2025-04-22 12:09:31] INFO - start_page: 1
2025-04-22 12:09:31,794 - INFO - [2025-04-22 12:09:31] INFO - subpage_wait: 3
2025-04-22 12:09:31,794 - INFO - [2025-04-22 12:09:31] INFO - job_id: 2f6ec5af-40ef-437b-bbc2-2b7bdc137bbc
2025-04-22 12:09:31,794 - INFO - [2025-04-22 12:09:31] INFO - user_id: user_khiboz5p84_1745132256993
2025-04-22 12:09:31,794 - INFO - [2025-04-22 12:09:31] INFO - concurrent: True
2025-04-22 12:09:31,794 - INFO - [2025-04-22 12:09:31] INFO - output_dir: output/2f6ec5af-40ef-437b-bbc2-2b7bdc137bbc
2025-04-22 12:09:31,794 - INFO - [2025-04-22 12:09:31] INFO - log_file: output/2f6ec5af-40ef-437b-bbc2-2b7bdc137bbc\scraper.log
2025-04-22 12:09:31,794 - INFO - [2025-04-22 12:09:31] INFO - request_delay: 6
2025-04-22 12:09:31,794 - INFO - [2025-04-22 12:09:31] INFO - max_concurrent_requests: 2
2025-04-22 12:09:31,794 - INFO - [2025-04-22 12:09:31] INFO - job_start_time: 2025-04-22T12:09:28.053846
2025-04-22 12:09:31,794 - INFO - [2025-04-22 12:09:31] INFO - headless: True
2025-04-22 12:09:31,794 - INFO - [2025-04-22 12:09:31] INFO - Concurrent scraping settings:
2025-04-22 12:09:31,794 - INFO - [2025-04-22 12:09:31] INFO - Job ID: 2f6ec5af-40ef-437b-bbc2-2b7bdc137bbc
2025-04-22 12:09:31,794 - INFO - [2025-04-22 12:09:31] INFO - User ID: user_khiboz5p84_1745132256993
2025-04-22 12:09:31,794 - INFO - [2025-04-22 12:09:31] INFO - Request delay: 6s
2025-04-22 12:09:31,794 - INFO - [2025-04-22 12:09:31] INFO - Max concurrent requests: 2
2025-04-22 12:09:31,794 - INFO - [2025-04-22 12:09:31] INFO - Concurrent scraping settings:
2025-04-22 12:09:31,794 - INFO - [2025-04-22 12:09:31] INFO - Job ID: 2f6ec5af-40ef-437b-bbc2-2b7bdc137bbc
2025-04-22 12:09:31,794 - INFO - [2025-04-22 12:09:31] INFO - User ID: user_khiboz5p84_1745132256993
2025-04-22 12:09:31,794 - INFO - [2025-04-22 12:09:31] INFO - Request delay: 6s
2025-04-22 12:09:31,794 - INFO - [2025-04-22 12:09:31] INFO - Max concurrent requests: 2
2025-04-22 12:09:31,794 - INFO - [2025-04-22 12:09:31] INFO - Starting scraper with configuration:
2025-04-22 12:09:31,794 - INFO - [2025-04-22 12:09:31] INFO - {
  "base_url": "https://www.booking.com/searchresults.html?label=gog235jc-1DCAEoggI46AdIM1gDaGyIAQGYATG4AQfIAQzYAQPoAQH4AQKIAgGoAgO4As_0h8AGwAIB0gIkMzJhOGRkNTItN2Y0NS00OGIyLWI0NDMtOGRjODk1MjQxNDlh2AIE4AIB&aid=397594&ss=Himachal+Pradesh%2C+India&ssne=Uttarakhand&ssne_untouched=Uttarakhand&lang=en-us&src=searchresults&dest_id=3482&dest_type=region&ac_position=1&ac_click_type=b&ac_langcode=en&ac_suggestion_list_length=5&search_selected=true&search_pageview_id=ce3f33fa3adb003e&checkin=2025-04-18&checkout=2025-04-19&group_adults=2&no_rooms=1&group_children=0&nflt=hotelfacility%3D54%3Bht_id%3D206",
  "concurrent_settings": {
    "base_request_delay": 2,
    "job_spacing_delay": 3,
    "max_concurrent_jobs": 3,
    "max_concurrent_requests": 2
  },
  "container_selector": "div.c82435a4b8.a178069f51.a6ae3c2b40",
  "initial_wait": 3,
  "load_more_selector": "",
  "load_more_wait": 3,
  "max_pages": 1,
  "max_scroll_attempts": 20,
  "next_page_selector": "",
  "output_excel": "output/2f6ec5af-40ef-437b-bbc2-2b7bdc137bbc\\scraped_data.xlsx",
  "output_json": "output/2f6ec5af-40ef-437b-bbc2-2b7bdc137bbc\\scraped_data.json",
  "page_wait": 2,
  "paginate": false,
  "scrape_subpages": false,
  "scroll": true,
  "scroll_wait": 3,
  "start_page": 1,
  "subpage_wait": 3,
  "job_id": "2f6ec5af-40ef-437b-bbc2-2b7bdc137bbc",
  "user_id": "user_khiboz5p84_1745132256993",
  "concurrent": true,
  "output_dir": "output/2f6ec5af-40ef-437b-bbc2-2b7bdc137bbc",
  "log_file": "output/2f6ec5af-40ef-437b-bbc2-2b7bdc137bbc\\scraper.log",
  "request_delay": 6,
  "max_concurrent_requests": 2,
  "job_start_time": "2025-04-22T12:09:28.053846",
  "headless": true
}
2025-04-22 12:09:31,795 - INFO - [2025-04-22 12:09:31] INFO - Attempting to use undetected-chromedriver...
2025-04-22 12:09:36,178 - INFO - [2025-04-22 12:09:36] INFO - Successfully initialized Chrome with undetected-chromedriver
2025-04-22 12:09:36,178 - INFO - [2025-04-22 12:09:36] INFO - Job started for user user_khiboz5p84_1745132256993 (Job ID: 2f6ec5af-40ef-437b-bbc2-2b7bdc137bbc)
2025-04-22 12:09:36,179 - INFO - [2025-04-22 12:09:36] INFO - Phase 1: Collecting main fields and links from all pages...
2025-04-22 12:09:38,987 - INFO - [2025-04-22 12:09:38] INFO - Navigated to base URL: https://www.booking.com/searchresults.html?label=gog235jc-1DCAEoggI46AdIM1gDaGyIAQGYATG4AQfIAQzYAQPoAQH4AQKIAgGoAgO4As_0h8AGwAIB0gIkMzJhOGRkNTItN2Y0NS00OGIyLWI0NDMtOGRjODk1MjQxNDlh2AIE4AIB&aid=397594&ss=Himachal+Pradesh%2C+India&ssne=Uttarakhand&ssne_untouched=Uttarakhand&lang=en-us&src=searchresults&dest_id=3482&dest_type=region&ac_position=1&ac_click_type=b&ac_langcode=en&ac_suggestion_list_length=5&search_selected=true&search_pageview_id=ce3f33fa3adb003e&checkin=2025-04-18&checkout=2025-04-19&group_adults=2&no_rooms=1&group_children=0&nflt=hotelfacility%3D54%3Bht_id%3D206
2025-04-22 12:09:45,007 - INFO - [2025-04-22 12:09:45] INFO - Scraping main fields from page 1...
2025-04-22 12:09:45,007 - INFO - [2025-04-22 12:09:45] INFO - Scrolling to load all content...
2025-04-22 12:09:54,065 - INFO - [2025-04-22 12:09:54] INFO - Reached end of scrollable content
2025-04-22 12:09:54,086 - INFO - [2025-04-22 12:09:54] INFO - Found 26 items on page 1
2025-04-22 12:09:54,126 - INFO - [2025-04-22 12:09:54] INFO - Extracted 'resorts': Storii By ITC Hotels, Amoha Retreat Dharamshala
2025-04-22 12:09:54,147 - INFO - [2025-04-22 12:09:54] INFO - Extracted 'resorts': Hyatt Regency Dharamshala Resort
2025-04-22 12:09:54,170 - INFO - [2025-04-22 12:09:54] INFO - Extracted 'resorts': Marigold Sarovar Portico Shimla
2025-04-22 12:09:54,191 - INFO - [2025-04-22 12:09:54] INFO - Extracted 'resorts': Chillaru Spa & Resort
2025-04-22 12:09:54,212 - INFO - [2025-04-22 12:09:54] INFO - Extracted 'resorts': Regenta Resort & Spa Mashobra
2025-04-22 12:09:54,234 - INFO - [2025-04-22 12:09:54] INFO - Extracted 'resorts': Toshali Royal View ,S H I M L A
2025-04-22 12:09:54,253 - INFO - [2025-04-22 12:09:54] INFO - Extracted 'resorts': Taj Theog Resort & Spa Shimla
2025-04-22 12:09:54,271 - INFO - [2025-04-22 12:09:54] INFO - Extracted 'resorts': Anantam Resort & Spa
2025-04-22 12:09:54,292 - INFO - [2025-04-22 12:09:54] INFO - Extracted 'resorts': Araiya Palampur
2025-04-22 12:09:54,313 - INFO - [2025-04-22 12:09:54] INFO - Extracted 'resorts': Span Resort and Spa, Manali
2025-04-22 12:09:54,338 - INFO - [2025-04-22 12:09:54] INFO - Extracted 'resorts': The Chalets Naldehra
2025-04-22 12:09:54,361 - INFO - [2025-04-22 12:09:54] INFO - Extracted 'resorts': Manuallaya The Resort & Spa
2025-04-22 12:09:54,384 - INFO - [2025-04-22 12:09:54] INFO - Extracted 'resorts': Deventure Shimla Hills
2025-04-22 12:09:54,404 - INFO - [2025-04-22 12:09:54] INFO - Extracted 'resorts': The Anantmaya Resort
2025-04-22 12:09:54,424 - INFO - [2025-04-22 12:09:54] INFO - Extracted 'resorts': The Mōcana Himalayas, Shimla
2025-04-22 12:09:54,443 - INFO - [2025-04-22 12:09:54] INFO - Extracted 'resorts': Sterling Kufri
2025-04-22 12:09:54,462 - INFO - [2025-04-22 12:09:54] INFO - Extracted 'resorts': WelcomHeritage Parv Vilas Resort & Spa
2025-04-22 12:09:54,483 - INFO - [2025-04-22 12:09:54] INFO - Extracted 'resorts': Club Mahindra Mashobra
2025-04-22 12:09:54,505 - INFO - [2025-04-22 12:09:54] INFO - Extracted 'resorts': Jannat Resort and Spa Manali A Centrally Heated Himalayas View Resort
2025-04-22 12:09:54,527 - INFO - [2025-04-22 12:09:54] INFO - Extracted 'resorts': The Fern Surya Resort Kasauli Hills, Dharampur
2025-04-22 12:09:54,553 - INFO - [2025-04-22 12:09:54] INFO - Extracted 'resorts': Tiaraa Jujurana Resort & Spa
2025-04-22 12:09:54,575 - INFO - [2025-04-22 12:09:54] INFO - Extracted 'resorts': juSTa Birding Resort & Spa - Best Dhauladhar View Resort
2025-04-22 12:09:54,596 - INFO - [2025-04-22 12:09:54] INFO - Extracted 'resorts': Moksha Himalaya Spa Resort
2025-04-22 12:09:54,617 - INFO - [2025-04-22 12:09:54] INFO - Extracted 'resorts': juSTa Cliffend Resort & Spa, Mashobra
2025-04-22 12:09:54,637 - INFO - [2025-04-22 12:09:54] INFO - Extracted 'resorts': Indraprastha Spa Resort
2025-04-22 12:09:54,650 - WARNING - [2025-04-22 12:09:54] WARNING - Couldn't extract 'resorts': Message: no such element: Unable to locate element: {"method":"css selector","selector":"div.f6431b446c.a15b38c233"}
  (Session info: chrome=135.0.7049.96); For documentation on this error, please visit: https://www.selenium.dev/documentation/webdriver/troubleshooting/errors#no-such-element-exception
Stacktrace:
	GetHandleVerifier [0x00358073+60707]
	GetHandleVerifier [0x003580B4+60772]
	(No symbol) [0x00180683]
	(No symbol) [0x001C8660]
	(No symbol) [0x001C89FB]
	(No symbol) [0x001BDD81]
	(No symbol) [0x001ED094]
	(No symbol) [0x001BDCA4]
	(No symbol) [0x001ED2C4]
	(No symbol) [0x0020E824]
	(No symbol) [0x001ECE46]
	(No symbol) [0x001BC5D3]
	(No symbol) [0x001BD424]
	GetHandleVerifier [0x0059BB53+2435075]
	GetHandleVerifier [0x005970F3+2416035]
	GetHandleVerifier [0x005B349C+2531660]
	GetHandleVerifier [0x0036F145+155125]
	GetHandleVerifier [0x00375AED+182173]
	GetHandleVerifier [0x0035F948+91640]
	GetHandleVerifier [0x0035FAF0+92064]
	GetHandleVerifier [0x0034A5B0+4704]
	BaseThreadInitThunk [0x74BB5D49+25]
	RtlInitializeExceptionChain [0x76ECCF0B+107]
	RtlGetAppContainerNamedObjectPath [0x76ECCE91+561]
	(No symbol) [0x00000000]

2025-04-22 12:09:54,980 - INFO - [2025-04-22 12:09:54] INFO - 
[SUCCESS] Scraping complete. 26 items saved.
2025-04-22 12:09:54,980 - INFO - [2025-04-22 12:09:54] INFO - Results saved to JSON: output/2f6ec5af-40ef-437b-bbc2-2b7bdc137bbc\scraped_data.json
2025-04-22 12:09:54,980 - INFO - [2025-04-22 12:09:54] INFO - Results saved to Excel: output/2f6ec5af-40ef-437b-bbc2-2b7bdc137bbc\scraped_data.xlsx
