2025-05-01 09:58:05,490 - INFO - [2025-05-01 09:58:05] INFO - Added file handler for log file: output/e1ded8b8-f151-4d7d-90c3-c680c9269eb5/scraper.log
2025-05-01 09:58:05,491 - INFO - [2025-05-01 09:58:05] INFO - Starting scraper with configuration:
2025-05-01 09:58:05,491 - INFO - [2025-05-01 09:58:05] INFO - base_url: https://giohis.com/speakers/
2025-05-01 09:58:05,492 - INFO - [2025-05-01 09:58:05] INFO - concurrent_settings: {'base_request_delay': 2, 'job_spacing_delay': 3, 'max_concurrent_jobs': 3, 'max_concurrent_requests': 2}
2025-05-01 09:58:05,494 - INFO - [2025-05-01 09:58:05] INFO - container_selector: div.attendee_wrap.clearfix
2025-05-01 09:58:05,495 - INFO - [2025-05-01 09:58:05] INFO - initial_wait: 3
2025-05-01 09:58:05,496 - INFO - [2025-05-01 09:58:05] INFO - load_more_selector: 
2025-05-01 09:58:05,497 - INFO - [2025-05-01 09:58:05] INFO - load_more_wait: 3
2025-05-01 09:58:05,498 - INFO - [2025-05-01 09:58:05] INFO - max_pages: 1
2025-05-01 09:58:05,498 - INFO - [2025-05-01 09:58:05] INFO - max_scroll_attempts: 20
2025-05-01 09:58:05,499 - INFO - [2025-05-01 09:58:05] INFO - next_page_selector: 
2025-05-01 09:58:05,501 - INFO - [2025-05-01 09:58:05] INFO - output_excel: output/e1ded8b8-f151-4d7d-90c3-c680c9269eb5/scraped_data.xlsx
2025-05-01 09:58:05,502 - INFO - [2025-05-01 09:58:05] INFO - output_json: output/e1ded8b8-f151-4d7d-90c3-c680c9269eb5/scraped_data.json
2025-05-01 09:58:05,503 - INFO - [2025-05-01 09:58:05] INFO - page_wait: 2
2025-05-01 09:58:05,503 - INFO - [2025-05-01 09:58:05] INFO - paginate: False
2025-05-01 09:58:05,503 - INFO - [2025-05-01 09:58:05] INFO - scrape_subpages: False
2025-05-01 09:58:05,504 - INFO - [2025-05-01 09:58:05] INFO - scroll: True
2025-05-01 09:58:05,504 - INFO - [2025-05-01 09:58:05] INFO - scroll_wait: 3
2025-05-01 09:58:05,505 - INFO - [2025-05-01 09:58:05] INFO - start_page: 1
2025-05-01 09:58:05,505 - INFO - [2025-05-01 09:58:05] INFO - subpage_wait: 3
2025-05-01 09:58:05,506 - INFO - [2025-05-01 09:58:05] INFO - job_id: e1ded8b8-f151-4d7d-90c3-c680c9269eb5
2025-05-01 09:58:05,507 - INFO - [2025-05-01 09:58:05] INFO - user_id: user_h4hctrxqreu_1745474290425
2025-05-01 09:58:05,507 - INFO - [2025-05-01 09:58:05] INFO - concurrent: True
2025-05-01 09:58:05,508 - INFO - [2025-05-01 09:58:05] INFO - output_dir: output/e1ded8b8-f151-4d7d-90c3-c680c9269eb5
2025-05-01 09:58:05,508 - INFO - [2025-05-01 09:58:05] INFO - log_file: output/e1ded8b8-f151-4d7d-90c3-c680c9269eb5/scraper.log
2025-05-01 09:58:05,509 - INFO - [2025-05-01 09:58:05] INFO - request_delay: 4
2025-05-01 09:58:05,509 - INFO - [2025-05-01 09:58:05] INFO - max_concurrent_requests: 2
2025-05-01 09:58:05,509 - INFO - [2025-05-01 09:58:05] INFO - job_start_time: 2025-05-01T09:58:04.765352
2025-05-01 09:58:05,510 - INFO - [2025-05-01 09:58:05] INFO - headless: True
2025-05-01 09:58:05,513 - INFO - [2025-05-01 09:58:05] INFO - Concurrent scraping settings:
2025-05-01 09:58:05,514 - INFO - [2025-05-01 09:58:05] INFO - Job ID: e1ded8b8-f151-4d7d-90c3-c680c9269eb5
2025-05-01 09:58:05,516 - INFO - [2025-05-01 09:58:05] INFO - User ID: user_h4hctrxqreu_1745474290425
2025-05-01 09:58:05,521 - INFO - [2025-05-01 09:58:05] INFO - Request delay: 4s
2025-05-01 09:58:05,521 - INFO - [2025-05-01 09:58:05] INFO - Max concurrent requests: 2
2025-05-01 09:58:05,522 - INFO - [2025-05-01 09:58:05] INFO - Concurrent scraping settings:
2025-05-01 09:58:05,522 - INFO - [2025-05-01 09:58:05] INFO - Job ID: e1ded8b8-f151-4d7d-90c3-c680c9269eb5
2025-05-01 09:58:05,523 - INFO - [2025-05-01 09:58:05] INFO - User ID: user_h4hctrxqreu_1745474290425
2025-05-01 09:58:05,523 - INFO - [2025-05-01 09:58:05] INFO - Request delay: 4s
2025-05-01 09:58:05,524 - INFO - [2025-05-01 09:58:05] INFO - Max concurrent requests: 2
2025-05-01 09:58:05,524 - INFO - [2025-05-01 09:58:05] INFO - Starting scraper with configuration:
2025-05-01 09:58:05,525 - INFO - [2025-05-01 09:58:05] INFO - {
  "base_url": "https://giohis.com/speakers/",
  "concurrent_settings": {
    "base_request_delay": 2,
    "job_spacing_delay": 3,
    "max_concurrent_jobs": 3,
    "max_concurrent_requests": 2
  },
  "container_selector": "div.attendee_wrap.clearfix",
  "initial_wait": 3,
  "load_more_selector": "",
  "load_more_wait": 3,
  "max_pages": 1,
  "max_scroll_attempts": 20,
  "next_page_selector": "",
  "output_excel": "output/e1ded8b8-f151-4d7d-90c3-c680c9269eb5/scraped_data.xlsx",
  "output_json": "output/e1ded8b8-f151-4d7d-90c3-c680c9269eb5/scraped_data.json",
  "page_wait": 2,
  "paginate": false,
  "scrape_subpages": false,
  "scroll": true,
  "scroll_wait": 3,
  "start_page": 1,
  "subpage_wait": 3,
  "job_id": "e1ded8b8-f151-4d7d-90c3-c680c9269eb5",
  "user_id": "user_h4hctrxqreu_1745474290425",
  "concurrent": true,
  "output_dir": "output/e1ded8b8-f151-4d7d-90c3-c680c9269eb5",
  "log_file": "output/e1ded8b8-f151-4d7d-90c3-c680c9269eb5/scraper.log",
  "request_delay": 4,
  "max_concurrent_requests": 2,
  "job_start_time": "2025-05-01T09:58:04.765352",
  "headless": true
}
2025-05-01 09:58:05,526 - WARNING - [2025-05-01 09:58:05] WARNING - Chrome version detection not implemented for this OS
2025-05-01 09:58:05,526 - INFO - [2025-05-01 09:58:05] INFO - Using default ChromeDriver version 122.0.6261.94
2025-05-01 09:58:05,527 - INFO - [2025-05-01 09:58:05] INFO - Attempting to download ChromeDriver 122.0.6261.94 manually...
2025-05-01 09:58:05,527 - INFO - [2025-05-01 09:58:05] INFO - Downloading from: https://edgedl.me.gvt1.com/edgedl/chrome/chrome-for-testing/122.0.6261.94/linux64/chromedriver-linux64.zip
2025-05-01 09:58:09,498 - ERROR - [2025-05-01 09:58:09] ERROR - Failed to download ChromeDriver manually: [Errno 2] No such file or directory: '/app/drivers/chromedriver'
2025-05-01 09:58:09,502 - INFO - [2025-05-01 09:58:09] INFO - Using ChromeDriverManager as fallback
2025-05-01 09:58:10,122 - ERROR - [2025-05-01 09:58:10] ERROR - Error setting up Chrome WebDriver: There is no such driver by url https://chromedriver.storage.googleapis.com/LATEST_RELEASE_136.0.7103
2025-05-01 09:58:10,124 - ERROR - [2025-05-01 09:58:10] ERROR - Error during scraping: There is no such driver by url https://chromedriver.storage.googleapis.com/LATEST_RELEASE_136.0.7103
2025-05-01 09:58:10,128 - ERROR - [2025-05-01 09:58:10] ERROR - Scraper failed with return code 1
