2025-05-01 08:06:54,589 - INFO - [2025-05-01 08:06:54] INFO - Added file handler for log file: output/f411a6a5-df23-4dc9-b9ca-4f08b3316018/scraper.log
2025-05-01 08:06:54,590 - INFO - [2025-05-01 08:06:54] INFO - Starting scraper with configuration:
2025-05-01 08:06:54,591 - INFO - [2025-05-01 08:06:54] INFO - base_url: https://giohis.com/speakers/
2025-05-01 08:06:54,591 - INFO - [2025-05-01 08:06:54] INFO - concurrent_settings: {'base_request_delay': 2, 'job_spacing_delay': 3, 'max_concurrent_jobs': 3, 'max_concurrent_requests': 2}
2025-05-01 08:06:54,592 - INFO - [2025-05-01 08:06:54] INFO - container_selector: div.attendee_wrap.clearfix
2025-05-01 08:06:54,594 - INFO - [2025-05-01 08:06:54] INFO - initial_wait: 3
2025-05-01 08:06:54,595 - INFO - [2025-05-01 08:06:54] INFO - load_more_selector: 
2025-05-01 08:06:54,595 - INFO - [2025-05-01 08:06:54] INFO - load_more_wait: 3
2025-05-01 08:06:54,596 - INFO - [2025-05-01 08:06:54] INFO - max_pages: 1
2025-05-01 08:06:54,596 - INFO - [2025-05-01 08:06:54] INFO - max_scroll_attempts: 20
2025-05-01 08:06:54,597 - INFO - [2025-05-01 08:06:54] INFO - next_page_selector: 
2025-05-01 08:06:54,598 - INFO - [2025-05-01 08:06:54] INFO - output_excel: output/f411a6a5-df23-4dc9-b9ca-4f08b3316018/scraped_data.xlsx
2025-05-01 08:06:54,599 - INFO - [2025-05-01 08:06:54] INFO - output_json: output/f411a6a5-df23-4dc9-b9ca-4f08b3316018/scraped_data.json
2025-05-01 08:06:54,600 - INFO - [2025-05-01 08:06:54] INFO - page_wait: 2
2025-05-01 08:06:54,600 - INFO - [2025-05-01 08:06:54] INFO - paginate: False
2025-05-01 08:06:54,601 - INFO - [2025-05-01 08:06:54] INFO - scrape_subpages: False
2025-05-01 08:06:54,601 - INFO - [2025-05-01 08:06:54] INFO - scroll: True
2025-05-01 08:06:54,602 - INFO - [2025-05-01 08:06:54] INFO - scroll_wait: 3
2025-05-01 08:06:54,603 - INFO - [2025-05-01 08:06:54] INFO - start_page: 1
2025-05-01 08:06:54,605 - INFO - [2025-05-01 08:06:54] INFO - subpage_wait: 3
2025-05-01 08:06:54,607 - INFO - [2025-05-01 08:06:54] INFO - job_id: f411a6a5-df23-4dc9-b9ca-4f08b3316018
2025-05-01 08:06:54,608 - INFO - [2025-05-01 08:06:54] INFO - user_id: user_h4hctrxqreu_1745474290425
2025-05-01 08:06:54,608 - INFO - [2025-05-01 08:06:54] INFO - concurrent: True
2025-05-01 08:06:54,609 - INFO - [2025-05-01 08:06:54] INFO - output_dir: output/f411a6a5-df23-4dc9-b9ca-4f08b3316018
2025-05-01 08:06:54,609 - INFO - [2025-05-01 08:06:54] INFO - log_file: output/f411a6a5-df23-4dc9-b9ca-4f08b3316018/scraper.log
2025-05-01 08:06:54,609 - INFO - [2025-05-01 08:06:54] INFO - request_delay: 4
2025-05-01 08:06:54,610 - INFO - [2025-05-01 08:06:54] INFO - max_concurrent_requests: 2
2025-05-01 08:06:54,610 - INFO - [2025-05-01 08:06:54] INFO - job_start_time: 2025-05-01T08:06:52.427814
2025-05-01 08:06:54,611 - INFO - [2025-05-01 08:06:54] INFO - headless: True
2025-05-01 08:06:54,612 - INFO - [2025-05-01 08:06:54] INFO - Concurrent scraping settings:
2025-05-01 08:06:54,612 - INFO - [2025-05-01 08:06:54] INFO - Job ID: f411a6a5-df23-4dc9-b9ca-4f08b3316018
2025-05-01 08:06:54,613 - INFO - [2025-05-01 08:06:54] INFO - User ID: user_h4hctrxqreu_1745474290425
2025-05-01 08:06:54,614 - INFO - [2025-05-01 08:06:54] INFO - Request delay: 4s
2025-05-01 08:06:54,614 - INFO - [2025-05-01 08:06:54] INFO - Max concurrent requests: 2
2025-05-01 08:06:54,614 - INFO - [2025-05-01 08:06:54] INFO - Concurrent scraping settings:
2025-05-01 08:06:54,615 - INFO - [2025-05-01 08:06:54] INFO - Job ID: f411a6a5-df23-4dc9-b9ca-4f08b3316018
2025-05-01 08:06:54,615 - INFO - [2025-05-01 08:06:54] INFO - User ID: user_h4hctrxqreu_1745474290425
2025-05-01 08:06:54,616 - INFO - [2025-05-01 08:06:54] INFO - Request delay: 4s
2025-05-01 08:06:54,617 - INFO - [2025-05-01 08:06:54] INFO - Max concurrent requests: 2
2025-05-01 08:06:54,622 - INFO - [2025-05-01 08:06:54] INFO - Starting scraper with configuration:
2025-05-01 08:06:54,626 - INFO - [2025-05-01 08:06:54] INFO - {
  "base_url": "https://giohis.com/speakers/",
  "concurrent_settings": {
    "base_request_delay": 2,
    "job_spacing_delay": 3,
    "max_concurrent_jobs": 3,
    "max_concurrent_requests": 2
  },
  "container_selector": "div.attendee_wrap.clearfix",
  "initial_wait": 3,
  "load_more_selector": "",
  "load_more_wait": 3,
  "max_pages": 1,
  "max_scroll_attempts": 20,
  "next_page_selector": "",
  "output_excel": "output/f411a6a5-df23-4dc9-b9ca-4f08b3316018/scraped_data.xlsx",
  "output_json": "output/f411a6a5-df23-4dc9-b9ca-4f08b3316018/scraped_data.json",
  "page_wait": 2,
  "paginate": false,
  "scrape_subpages": false,
  "scroll": true,
  "scroll_wait": 3,
  "start_page": 1,
  "subpage_wait": 3,
  "job_id": "f411a6a5-df23-4dc9-b9ca-4f08b3316018",
  "user_id": "user_h4hctrxqreu_1745474290425",
  "concurrent": true,
  "output_dir": "output/f411a6a5-df23-4dc9-b9ca-4f08b3316018",
  "log_file": "output/f411a6a5-df23-4dc9-b9ca-4f08b3316018/scraper.log",
  "request_delay": 4,
  "max_concurrent_requests": 2,
  "job_start_time": "2025-05-01T08:06:52.427814",
  "headless": true
}
2025-05-01 08:06:54,627 - WARNING - [2025-05-01 08:06:54] WARNING - Chrome version detection not implemented for this OS
2025-05-01 08:06:54,628 - INFO - [2025-05-01 08:06:54] INFO - Using default ChromeDriver version 122.0.6261.94
2025-05-01 08:06:54,629 - INFO - [2025-05-01 08:06:54] INFO - Attempting to download ChromeDriver 122.0.6261.94 manually...
2025-05-01 08:06:54,631 - INFO - [2025-05-01 08:06:54] INFO - Downloading from: https://chromedriver.storage.googleapis.com/122.0.6261.94/chromedriver_linux64.zip
2025-05-01 08:06:55,347 - ERROR - [2025-05-01 08:06:55] ERROR - Failed to download ChromeDriver manually: Failed to download ChromeDriver. Status code: 404
2025-05-01 08:06:55,363 - INFO - [2025-05-01 08:06:55] INFO - Using ChromeDriverManager as fallback
2025-05-01 08:06:54,296 - ERROR - [2025-05-01 08:06:54] ERROR - Error setting up Chrome WebDriver: There is no such driver by url https://chromedriver.storage.googleapis.com/LATEST_RELEASE_136.0.7103
2025-05-01 08:06:54,297 - ERROR - [2025-05-01 08:06:54] ERROR - Error during scraping: There is no such driver by url https://chromedriver.storage.googleapis.com/LATEST_RELEASE_136.0.7103
2025-05-01 08:06:54,299 - ERROR - [2025-05-01 08:06:54] ERROR - Scraper failed with return code 1
