2025-05-01 10:30:13,011 - INFO - [2025-05-01 10:30:13] INFO - Added file handler for log file: output/675efae2-87b6-45b8-802e-4c3b09112215/scraper.log
2025-05-01 10:30:13,012 - INFO - [2025-05-01 10:30:13] INFO - Starting scraper with configuration:
2025-05-01 10:30:13,012 - INFO - [2025-05-01 10:30:13] INFO - base_url: https://giohis.com/speakers/
2025-05-01 10:30:13,013 - INFO - [2025-05-01 10:30:13] INFO - concurrent_settings: {'base_request_delay': 2, 'job_spacing_delay': 3, 'max_concurrent_jobs': 3, 'max_concurrent_requests': 2}
2025-05-01 10:30:13,013 - INFO - [2025-05-01 10:30:13] INFO - container_selector: div.attendee_wrap.clearfix
2025-05-01 10:30:13,016 - INFO - [2025-05-01 10:30:13] INFO - initial_wait: 3
2025-05-01 10:30:13,017 - INFO - [2025-05-01 10:30:13] INFO - load_more_selector: 
2025-05-01 10:30:13,017 - INFO - [2025-05-01 10:30:13] INFO - load_more_wait: 3
2025-05-01 10:30:13,017 - INFO - [2025-05-01 10:30:13] INFO - max_pages: 1
2025-05-01 10:30:13,019 - INFO - [2025-05-01 10:30:13] INFO - max_scroll_attempts: 20
2025-05-01 10:30:13,020 - INFO - [2025-05-01 10:30:13] INFO - next_page_selector: 
2025-05-01 10:30:13,020 - INFO - [2025-05-01 10:30:13] INFO - output_excel: output/675efae2-87b6-45b8-802e-4c3b09112215/scraped_data.xlsx
2025-05-01 10:30:13,021 - INFO - [2025-05-01 10:30:13] INFO - output_json: output/675efae2-87b6-45b8-802e-4c3b09112215/scraped_data.json
2025-05-01 10:30:13,022 - INFO - [2025-05-01 10:30:13] INFO - page_wait: 2
2025-05-01 10:30:13,023 - INFO - [2025-05-01 10:30:13] INFO - paginate: False
2025-05-01 10:30:13,025 - INFO - [2025-05-01 10:30:13] INFO - scrape_subpages: False
2025-05-01 10:30:13,025 - INFO - [2025-05-01 10:30:13] INFO - scroll: True
2025-05-01 10:30:13,026 - INFO - [2025-05-01 10:30:13] INFO - scroll_wait: 3
2025-05-01 10:30:13,027 - INFO - [2025-05-01 10:30:13] INFO - start_page: 1
2025-05-01 10:30:13,028 - INFO - [2025-05-01 10:30:13] INFO - subpage_wait: 3
2025-05-01 10:30:13,030 - INFO - [2025-05-01 10:30:13] INFO - job_id: 675efae2-87b6-45b8-802e-4c3b09112215
2025-05-01 10:30:13,030 - INFO - [2025-05-01 10:30:13] INFO - user_id: user_h4hctrxqreu_1745474290425
2025-05-01 10:30:13,032 - INFO - [2025-05-01 10:30:13] INFO - concurrent: True
2025-05-01 10:30:13,033 - INFO - [2025-05-01 10:30:13] INFO - output_dir: output/675efae2-87b6-45b8-802e-4c3b09112215
2025-05-01 10:30:13,034 - INFO - [2025-05-01 10:30:13] INFO - log_file: output/675efae2-87b6-45b8-802e-4c3b09112215/scraper.log
2025-05-01 10:30:13,034 - INFO - [2025-05-01 10:30:13] INFO - request_delay: 8
2025-05-01 10:30:13,035 - INFO - [2025-05-01 10:30:13] INFO - max_concurrent_requests: 2
2025-05-01 10:30:13,036 - INFO - [2025-05-01 10:30:13] INFO - job_start_time: 2025-05-01T10:30:11.966558
2025-05-01 10:30:13,036 - INFO - [2025-05-01 10:30:13] INFO - headless: True
2025-05-01 10:30:13,037 - INFO - [2025-05-01 10:30:13] INFO - Concurrent scraping settings:
2025-05-01 10:30:13,038 - INFO - [2025-05-01 10:30:13] INFO - Job ID: 675efae2-87b6-45b8-802e-4c3b09112215
2025-05-01 10:30:13,038 - INFO - [2025-05-01 10:30:13] INFO - User ID: user_h4hctrxqreu_1745474290425
2025-05-01 10:30:13,038 - INFO - [2025-05-01 10:30:13] INFO - Request delay: 8s
2025-05-01 10:30:13,039 - INFO - [2025-05-01 10:30:13] INFO - Max concurrent requests: 2
2025-05-01 10:30:13,039 - INFO - [2025-05-01 10:30:13] INFO - Concurrent scraping settings:
2025-05-01 10:30:13,039 - INFO - [2025-05-01 10:30:13] INFO - Job ID: 675efae2-87b6-45b8-802e-4c3b09112215
2025-05-01 10:30:13,040 - INFO - [2025-05-01 10:30:13] INFO - User ID: user_h4hctrxqreu_1745474290425
2025-05-01 10:30:13,040 - INFO - [2025-05-01 10:30:13] INFO - Request delay: 8s
2025-05-01 10:30:13,040 - INFO - [2025-05-01 10:30:13] INFO - Max concurrent requests: 2
2025-05-01 10:30:13,041 - INFO - [2025-05-01 10:30:13] INFO - Starting scraper with configuration:
2025-05-01 10:30:13,042 - INFO - [2025-05-01 10:30:13] INFO - {
  "base_url": "https://giohis.com/speakers/",
  "concurrent_settings": {
    "base_request_delay": 2,
    "job_spacing_delay": 3,
    "max_concurrent_jobs": 3,
    "max_concurrent_requests": 2
  },
  "container_selector": "div.attendee_wrap.clearfix",
  "initial_wait": 3,
  "load_more_selector": "",
  "load_more_wait": 3,
  "max_pages": 1,
  "max_scroll_attempts": 20,
  "next_page_selector": "",
  "output_excel": "output/675efae2-87b6-45b8-802e-4c3b09112215/scraped_data.xlsx",
  "output_json": "output/675efae2-87b6-45b8-802e-4c3b09112215/scraped_data.json",
  "page_wait": 2,
  "paginate": false,
  "scrape_subpages": false,
  "scroll": true,
  "scroll_wait": 3,
  "start_page": 1,
  "subpage_wait": 3,
  "job_id": "675efae2-87b6-45b8-802e-4c3b09112215",
  "user_id": "user_h4hctrxqreu_1745474290425",
  "concurrent": true,
  "output_dir": "output/675efae2-87b6-45b8-802e-4c3b09112215",
  "log_file": "output/675efae2-87b6-45b8-802e-4c3b09112215/scraper.log",
  "request_delay": 8,
  "max_concurrent_requests": 2,
  "job_start_time": "2025-05-01T10:30:11.966558",
  "headless": true
}
2025-05-01 10:30:13,271 - INFO - [2025-05-01 10:30:13] INFO - Detected Chrome version: 136.0.7103.59
2025-05-01 10:30:13,271 - INFO - [2025-05-01 10:30:13] INFO - Using Chrome version 136.0.7103.59 with ChromeDriverManager
