2025-04-23 01:09:57,186 - INFO - [2025-04-23 01:09:57] INFO - Added file handler for log file: output/10e7792d-ff7b-48e2-bb2f-4a5f823d2926\scraper.log
2025-04-23 01:09:57,186 - INFO - [2025-04-23 01:09:57] INFO - Starting scraper with configuration:
2025-04-23 01:09:57,186 - INFO - [2025-04-23 01:09:57] INFO - base_url: https://www.booking.com/searchresults.html?label=gog235jc-1DCAEoggI46AdIM1gDaGyIAQGYATG4AQfIAQzYAQPoAQH4AQKIAgGoAgO4As_0h8AGwAIB0gIkMzJhOGRkNTItN2Y0NS00OGIyLWI0NDMtOGRjODk1MjQxNDlh2AIE4AIB&aid=397594&ss=Himachal+Pradesh%2C+India&ssne=Uttarakhand&ssne_untouched=Uttarakhand&lang=en-us&src=searchresults&dest_id=3482&dest_type=region&ac_position=1&ac_click_type=b&ac_langcode=en&ac_suggestion_list_length=5&search_selected=true&search_pageview_id=ce3f33fa3adb003e&checkin=2025-04-18&checkout=2025-04-19&group_adults=2&no_rooms=1&group_children=0&nflt=hotelfacility%3D54%3Bht_id%3D206
2025-04-23 01:09:57,186 - INFO - [2025-04-23 01:09:57] INFO - concurrent_settings: {'base_request_delay': 2, 'job_spacing_delay': 3, 'max_concurrent_jobs': 3, 'max_concurrent_requests': 2}
2025-04-23 01:09:57,187 - INFO - [2025-04-23 01:09:57] INFO - container_selector: div.c82435a4b8.a178069f51.a6ae3c2b40
2025-04-23 01:09:57,187 - INFO - [2025-04-23 01:09:57] INFO - initial_wait: 3
2025-04-23 01:09:57,187 - INFO - [2025-04-23 01:09:57] INFO - load_more_selector: 
2025-04-23 01:09:57,187 - INFO - [2025-04-23 01:09:57] INFO - load_more_wait: 3
2025-04-23 01:09:57,187 - INFO - [2025-04-23 01:09:57] INFO - max_pages: 1
2025-04-23 01:09:57,187 - INFO - [2025-04-23 01:09:57] INFO - max_scroll_attempts: 20
2025-04-23 01:09:57,187 - INFO - [2025-04-23 01:09:57] INFO - next_page_selector: 
2025-04-23 01:09:57,187 - INFO - [2025-04-23 01:09:57] INFO - output_excel: output/10e7792d-ff7b-48e2-bb2f-4a5f823d2926\scraped_data.xlsx
2025-04-23 01:09:57,187 - INFO - [2025-04-23 01:09:57] INFO - output_json: output/10e7792d-ff7b-48e2-bb2f-4a5f823d2926\scraped_data.json
2025-04-23 01:09:57,187 - INFO - [2025-04-23 01:09:57] INFO - page_wait: 2
2025-04-23 01:09:57,187 - INFO - [2025-04-23 01:09:57] INFO - paginate: False
2025-04-23 01:09:57,187 - INFO - [2025-04-23 01:09:57] INFO - scrape_subpages: False
2025-04-23 01:09:57,187 - INFO - [2025-04-23 01:09:57] INFO - scroll: True
2025-04-23 01:09:57,187 - INFO - [2025-04-23 01:09:57] INFO - scroll_wait: 3
2025-04-23 01:09:57,187 - INFO - [2025-04-23 01:09:57] INFO - start_page: 1
2025-04-23 01:09:57,188 - INFO - [2025-04-23 01:09:57] INFO - subpage_wait: 3
2025-04-23 01:09:57,188 - INFO - [2025-04-23 01:09:57] INFO - job_id: 10e7792d-ff7b-48e2-bb2f-4a5f823d2926
2025-04-23 01:09:57,188 - INFO - [2025-04-23 01:09:57] INFO - user_id: user_yhb37ahbkv_1745349248925
2025-04-23 01:09:57,188 - INFO - [2025-04-23 01:09:57] INFO - concurrent: True
2025-04-23 01:09:57,188 - INFO - [2025-04-23 01:09:57] INFO - output_dir: output/10e7792d-ff7b-48e2-bb2f-4a5f823d2926
2025-04-23 01:09:57,188 - INFO - [2025-04-23 01:09:57] INFO - log_file: output/10e7792d-ff7b-48e2-bb2f-4a5f823d2926\scraper.log
2025-04-23 01:09:57,188 - INFO - [2025-04-23 01:09:57] INFO - request_delay: 6
2025-04-23 01:09:57,188 - INFO - [2025-04-23 01:09:57] INFO - max_concurrent_requests: 2
2025-04-23 01:09:57,188 - INFO - [2025-04-23 01:09:57] INFO - job_start_time: 2025-04-23T01:09:52.771119
2025-04-23 01:09:57,188 - INFO - [2025-04-23 01:09:57] INFO - headless: True
2025-04-23 01:09:57,188 - INFO - [2025-04-23 01:09:57] INFO - Concurrent scraping settings:
2025-04-23 01:09:57,188 - INFO - [2025-04-23 01:09:57] INFO - Job ID: 10e7792d-ff7b-48e2-bb2f-4a5f823d2926
2025-04-23 01:09:57,188 - INFO - [2025-04-23 01:09:57] INFO - User ID: user_yhb37ahbkv_1745349248925
2025-04-23 01:09:57,188 - INFO - [2025-04-23 01:09:57] INFO - Request delay: 6s
2025-04-23 01:09:57,188 - INFO - [2025-04-23 01:09:57] INFO - Max concurrent requests: 2
2025-04-23 01:09:57,188 - INFO - [2025-04-23 01:09:57] INFO - Concurrent scraping settings:
2025-04-23 01:09:57,188 - INFO - [2025-04-23 01:09:57] INFO - Job ID: 10e7792d-ff7b-48e2-bb2f-4a5f823d2926
2025-04-23 01:09:57,188 - INFO - [2025-04-23 01:09:57] INFO - User ID: user_yhb37ahbkv_1745349248925
2025-04-23 01:09:57,188 - INFO - [2025-04-23 01:09:57] INFO - Request delay: 6s
2025-04-23 01:09:57,188 - INFO - [2025-04-23 01:09:57] INFO - Max concurrent requests: 2
2025-04-23 01:09:57,188 - INFO - [2025-04-23 01:09:57] INFO - Starting scraper with configuration:
2025-04-23 01:09:57,188 - INFO - [2025-04-23 01:09:57] INFO - {
  "base_url": "https://www.booking.com/searchresults.html?label=gog235jc-1DCAEoggI46AdIM1gDaGyIAQGYATG4AQfIAQzYAQPoAQH4AQKIAgGoAgO4As_0h8AGwAIB0gIkMzJhOGRkNTItN2Y0NS00OGIyLWI0NDMtOGRjODk1MjQxNDlh2AIE4AIB&aid=397594&ss=Himachal+Pradesh%2C+India&ssne=Uttarakhand&ssne_untouched=Uttarakhand&lang=en-us&src=searchresults&dest_id=3482&dest_type=region&ac_position=1&ac_click_type=b&ac_langcode=en&ac_suggestion_list_length=5&search_selected=true&search_pageview_id=ce3f33fa3adb003e&checkin=2025-04-18&checkout=2025-04-19&group_adults=2&no_rooms=1&group_children=0&nflt=hotelfacility%3D54%3Bht_id%3D206",
  "concurrent_settings": {
    "base_request_delay": 2,
    "job_spacing_delay": 3,
    "max_concurrent_jobs": 3,
    "max_concurrent_requests": 2
  },
  "container_selector": "div.c82435a4b8.a178069f51.a6ae3c2b40",
  "initial_wait": 3,
  "load_more_selector": "",
  "load_more_wait": 3,
  "max_pages": 1,
  "max_scroll_attempts": 20,
  "next_page_selector": "",
  "output_excel": "output/10e7792d-ff7b-48e2-bb2f-4a5f823d2926\\scraped_data.xlsx",
  "output_json": "output/10e7792d-ff7b-48e2-bb2f-4a5f823d2926\\scraped_data.json",
  "page_wait": 2,
  "paginate": false,
  "scrape_subpages": false,
  "scroll": true,
  "scroll_wait": 3,
  "start_page": 1,
  "subpage_wait": 3,
  "job_id": "10e7792d-ff7b-48e2-bb2f-4a5f823d2926",
  "user_id": "user_yhb37ahbkv_1745349248925",
  "concurrent": true,
  "output_dir": "output/10e7792d-ff7b-48e2-bb2f-4a5f823d2926",
  "log_file": "output/10e7792d-ff7b-48e2-bb2f-4a5f823d2926\\scraper.log",
  "request_delay": 6,
  "max_concurrent_requests": 2,
  "job_start_time": "2025-04-23T01:09:52.771119",
  "headless": true
}
2025-04-23 01:09:57,189 - INFO - [2025-04-23 01:09:57] INFO - Attempting to use undetected-chromedriver...
2025-04-23 01:10:43,570 - INFO - [2025-04-23 01:10:43] INFO - Successfully initialized Chrome with undetected-chromedriver
2025-04-23 01:10:43,570 - INFO - [2025-04-23 01:10:43] INFO - Job started for user user_yhb37ahbkv_1745349248925 (Job ID: 10e7792d-ff7b-48e2-bb2f-4a5f823d2926)
2025-04-23 01:10:43,570 - INFO - [2025-04-23 01:10:43] INFO - Phase 1: Collecting main fields and links from all pages...
2025-04-23 01:10:47,769 - INFO - [2025-04-23 01:10:47] INFO - Navigated to base URL: https://www.booking.com/searchresults.html?label=gog235jc-1DCAEoggI46AdIM1gDaGyIAQGYATG4AQfIAQzYAQPoAQH4AQKIAgGoAgO4As_0h8AGwAIB0gIkMzJhOGRkNTItN2Y0NS00OGIyLWI0NDMtOGRjODk1MjQxNDlh2AIE4AIB&aid=397594&ss=Himachal+Pradesh%2C+India&ssne=Uttarakhand&ssne_untouched=Uttarakhand&lang=en-us&src=searchresults&dest_id=3482&dest_type=region&ac_position=1&ac_click_type=b&ac_langcode=en&ac_suggestion_list_length=5&search_selected=true&search_pageview_id=ce3f33fa3adb003e&checkin=2025-04-18&checkout=2025-04-19&group_adults=2&no_rooms=1&group_children=0&nflt=hotelfacility%3D54%3Bht_id%3D206
2025-04-23 01:11:21,215 - INFO - [2025-04-23 01:11:21] INFO - Scraping main fields from page 1...
2025-04-23 01:11:21,215 - INFO - [2025-04-23 01:11:21] INFO - Scrolling to load all content...
2025-04-23 01:11:30,339 - INFO - [2025-04-23 01:11:30] INFO - Reached end of scrollable content
2025-04-23 01:11:30,363 - INFO - [2025-04-23 01:11:30] INFO - Found 25 items on page 1
2025-04-23 01:11:30,412 - INFO - [2025-04-23 01:11:30] INFO - Extracted 'resorts': WelcomHeritage Parv Vilas Resort & Spa
2025-04-23 01:11:30,463 - INFO - [2025-04-23 01:11:30] INFO - Extracted 'resorts': Jannat Resort and Spa Manali A Centrally Heated Himalayas View Resort
2025-04-23 01:11:30,493 - INFO - [2025-04-23 01:11:30] INFO - Extracted 'resorts': Indraprastha Spa Resort
2025-04-23 01:11:30,541 - INFO - [2025-04-23 01:11:30] INFO - Extracted 'resorts': The Mōcana Himalayas, Shimla
2025-04-23 01:11:30,589 - INFO - [2025-04-23 01:11:30] INFO - Extracted 'resorts': Hyatt Regency Dharamshala Resort
2025-04-23 01:11:30,638 - INFO - [2025-04-23 01:11:30] INFO - Extracted 'resorts': Deventure Shimla Hills
2025-04-23 01:11:30,703 - INFO - [2025-04-23 01:11:30] INFO - Extracted 'resorts': The Anantmaya Resort
2025-04-23 01:11:30,728 - INFO - [2025-04-23 01:11:30] INFO - Extracted 'resorts': Marigold Sarovar Portico Shimla
2025-04-23 01:11:30,749 - INFO - [2025-04-23 01:11:30] INFO - Extracted 'resorts': Chillaru Spa & Resort
2025-04-23 01:11:30,773 - INFO - [2025-04-23 01:11:30] INFO - Extracted 'resorts': Storii By ITC Hotels, Amoha Retreat Dharamshala
2025-04-23 01:11:30,797 - INFO - [2025-04-23 01:11:30] INFO - Extracted 'resorts': Taj Theog Resort & Spa Shimla
2025-04-23 01:11:30,819 - INFO - [2025-04-23 01:11:30] INFO - Extracted 'resorts': Regenta Resort & Spa Mashobra
2025-04-23 01:11:30,843 - INFO - [2025-04-23 01:11:30] INFO - Extracted 'resorts': juSTa Cliffend Resort & Spa, Mashobra
2025-04-23 01:11:30,868 - INFO - [2025-04-23 01:11:30] INFO - Extracted 'resorts': Moksha Himalaya Spa Resort
2025-04-23 01:11:30,892 - INFO - [2025-04-23 01:11:30] INFO - Extracted 'resorts': Snow Flakes Resort And Spa Centrally Heated Luxury Resort
2025-04-23 01:11:30,917 - INFO - [2025-04-23 01:11:30] INFO - Extracted 'resorts': Araiya Palampur
2025-04-23 01:11:30,940 - INFO - [2025-04-23 01:11:30] INFO - Extracted 'resorts': Sterling Kufri
2025-04-23 01:11:30,965 - INFO - [2025-04-23 01:11:30] INFO - Extracted 'resorts': Anantam Resort & Spa
2025-04-23 01:11:30,987 - INFO - [2025-04-23 01:11:30] INFO - Extracted 'resorts': Cassia Resort, Kasauli
2025-04-23 01:11:31,011 - INFO - [2025-04-23 01:11:31] INFO - Extracted 'resorts': Club Mahindra Mashobra
2025-04-23 01:11:31,035 - INFO - [2025-04-23 01:11:31] INFO - Extracted 'resorts': The Fern Surya Resort Kasauli Hills, Dharampur
2025-04-23 01:11:31,058 - INFO - [2025-04-23 01:11:31] INFO - Extracted 'resorts': Span Resort and Spa, Manali
2025-04-23 01:11:31,080 - INFO - [2025-04-23 01:11:31] INFO - Extracted 'resorts': juSTa Birding Resort & Spa - Best Dhauladhar View Resort
2025-04-23 01:11:31,105 - INFO - [2025-04-23 01:11:31] INFO - Extracted 'resorts': Toshali Royal View ,S H I M L A
2025-04-23 01:11:31,130 - INFO - [2025-04-23 01:11:31] INFO - Extracted 'resorts': The Chalets Naldehra
2025-04-23 01:11:31,687 - INFO - [2025-04-23 01:11:31] INFO - 
[SUCCESS] Scraping complete. 25 items saved.
2025-04-23 01:11:31,687 - INFO - [2025-04-23 01:11:31] INFO - Results saved to JSON: output/10e7792d-ff7b-48e2-bb2f-4a5f823d2926\scraped_data.json
2025-04-23 01:11:31,688 - INFO - [2025-04-23 01:11:31] INFO - Results saved to Excel: output/10e7792d-ff7b-48e2-bb2f-4a5f823d2926\scraped_data.xlsx
