2025-04-23 01:31:23,223 - INFO - [2025-04-23 01:31:23] INFO - Added file handler for log file: output/87edde49-f332-46e4-9d24-c22402de57f7\scraper.log
2025-04-23 01:31:23,223 - INFO - [2025-04-23 01:31:23] INFO - Starting scraper with configuration:
2025-04-23 01:31:23,223 - INFO - [2025-04-23 01:31:23] INFO - base_url: https://www.booking.com/searchresults.html?label=gog235jc-1DCAEoggI46AdIM1gDaGyIAQGYATG4AQfIAQzYAQPoAQH4AQKIAgGoAgO4As_0h8AGwAIB0gIkMzJhOGRkNTItN2Y0NS00OGIyLWI0NDMtOGRjODk1MjQxNDlh2AIE4AIB&aid=397594&ss=Himachal+Pradesh%2C+India&ssne=Uttarakhand&ssne_untouched=Uttarakhand&lang=en-us&src=searchresults&dest_id=3482&dest_type=region&ac_position=1&ac_click_type=b&ac_langcode=en&ac_suggestion_list_length=5&search_selected=true&search_pageview_id=ce3f33fa3adb003e&checkin=2025-04-18&checkout=2025-04-19&group_adults=2&no_rooms=1&group_children=0&nflt=hotelfacility%3D54%3Bht_id%3D206
2025-04-23 01:31:23,223 - INFO - [2025-04-23 01:31:23] INFO - concurrent_settings: {'base_request_delay': 2, 'job_spacing_delay': 3, 'max_concurrent_jobs': 3, 'max_concurrent_requests': 2}
2025-04-23 01:31:23,223 - INFO - [2025-04-23 01:31:23] INFO - container_selector: div.c82435a4b8.a178069f51.a6ae3c2b40
2025-04-23 01:31:23,223 - INFO - [2025-04-23 01:31:23] INFO - initial_wait: 3
2025-04-23 01:31:23,230 - INFO - [2025-04-23 01:31:23] INFO - load_more_selector: 
2025-04-23 01:31:23,230 - INFO - [2025-04-23 01:31:23] INFO - load_more_wait: 3
2025-04-23 01:31:23,230 - INFO - [2025-04-23 01:31:23] INFO - max_pages: 1
2025-04-23 01:31:23,230 - INFO - [2025-04-23 01:31:23] INFO - max_scroll_attempts: 20
2025-04-23 01:31:23,230 - INFO - [2025-04-23 01:31:23] INFO - next_page_selector: 
2025-04-23 01:31:23,230 - INFO - [2025-04-23 01:31:23] INFO - output_excel: output/87edde49-f332-46e4-9d24-c22402de57f7\scraped_data.xlsx
2025-04-23 01:31:23,230 - INFO - [2025-04-23 01:31:23] INFO - output_json: output/87edde49-f332-46e4-9d24-c22402de57f7\scraped_data.json
2025-04-23 01:31:23,230 - INFO - [2025-04-23 01:31:23] INFO - page_wait: 2
2025-04-23 01:31:23,230 - INFO - [2025-04-23 01:31:23] INFO - paginate: False
2025-04-23 01:31:23,230 - INFO - [2025-04-23 01:31:23] INFO - scrape_subpages: False
2025-04-23 01:31:23,230 - INFO - [2025-04-23 01:31:23] INFO - scroll: True
2025-04-23 01:31:23,230 - INFO - [2025-04-23 01:31:23] INFO - scroll_wait: 10
2025-04-23 01:31:23,230 - INFO - [2025-04-23 01:31:23] INFO - start_page: 1
2025-04-23 01:31:23,230 - INFO - [2025-04-23 01:31:23] INFO - subpage_wait: 3
2025-04-23 01:31:23,231 - INFO - [2025-04-23 01:31:23] INFO - job_id: 87edde49-f332-46e4-9d24-c22402de57f7
2025-04-23 01:31:23,231 - INFO - [2025-04-23 01:31:23] INFO - user_id: user_yhb37ahbkv_1745349248925
2025-04-23 01:31:23,231 - INFO - [2025-04-23 01:31:23] INFO - concurrent: True
2025-04-23 01:31:23,231 - INFO - [2025-04-23 01:31:23] INFO - output_dir: output/87edde49-f332-46e4-9d24-c22402de57f7
2025-04-23 01:31:23,231 - INFO - [2025-04-23 01:31:23] INFO - log_file: output/87edde49-f332-46e4-9d24-c22402de57f7\scraper.log
2025-04-23 01:31:23,231 - INFO - [2025-04-23 01:31:23] INFO - request_delay: 6
2025-04-23 01:31:23,231 - INFO - [2025-04-23 01:31:23] INFO - max_concurrent_requests: 2
2025-04-23 01:31:23,231 - INFO - [2025-04-23 01:31:23] INFO - job_start_time: 2025-04-23T01:31:18.998692
2025-04-23 01:31:23,231 - INFO - [2025-04-23 01:31:23] INFO - headless: True
2025-04-23 01:31:23,231 - INFO - [2025-04-23 01:31:23] INFO - Concurrent scraping settings:
2025-04-23 01:31:23,231 - INFO - [2025-04-23 01:31:23] INFO - Job ID: 87edde49-f332-46e4-9d24-c22402de57f7
2025-04-23 01:31:23,231 - INFO - [2025-04-23 01:31:23] INFO - User ID: user_yhb37ahbkv_1745349248925
2025-04-23 01:31:23,231 - INFO - [2025-04-23 01:31:23] INFO - Request delay: 6s
2025-04-23 01:31:23,231 - INFO - [2025-04-23 01:31:23] INFO - Max concurrent requests: 2
2025-04-23 01:31:23,231 - INFO - [2025-04-23 01:31:23] INFO - Concurrent scraping settings:
2025-04-23 01:31:23,231 - INFO - [2025-04-23 01:31:23] INFO - Job ID: 87edde49-f332-46e4-9d24-c22402de57f7
2025-04-23 01:31:23,231 - INFO - [2025-04-23 01:31:23] INFO - User ID: user_yhb37ahbkv_1745349248925
2025-04-23 01:31:23,231 - INFO - [2025-04-23 01:31:23] INFO - Request delay: 6s
2025-04-23 01:31:23,231 - INFO - [2025-04-23 01:31:23] INFO - Max concurrent requests: 2
2025-04-23 01:31:23,231 - INFO - [2025-04-23 01:31:23] INFO - Starting scraper with configuration:
2025-04-23 01:31:23,231 - INFO - [2025-04-23 01:31:23] INFO - {
  "base_url": "https://www.booking.com/searchresults.html?label=gog235jc-1DCAEoggI46AdIM1gDaGyIAQGYATG4AQfIAQzYAQPoAQH4AQKIAgGoAgO4As_0h8AGwAIB0gIkMzJhOGRkNTItN2Y0NS00OGIyLWI0NDMtOGRjODk1MjQxNDlh2AIE4AIB&aid=397594&ss=Himachal+Pradesh%2C+India&ssne=Uttarakhand&ssne_untouched=Uttarakhand&lang=en-us&src=searchresults&dest_id=3482&dest_type=region&ac_position=1&ac_click_type=b&ac_langcode=en&ac_suggestion_list_length=5&search_selected=true&search_pageview_id=ce3f33fa3adb003e&checkin=2025-04-18&checkout=2025-04-19&group_adults=2&no_rooms=1&group_children=0&nflt=hotelfacility%3D54%3Bht_id%3D206",
  "concurrent_settings": {
    "base_request_delay": 2,
    "job_spacing_delay": 3,
    "max_concurrent_jobs": 3,
    "max_concurrent_requests": 2
  },
  "container_selector": "div.c82435a4b8.a178069f51.a6ae3c2b40",
  "initial_wait": 3,
  "load_more_selector": "",
  "load_more_wait": 3,
  "max_pages": 1,
  "max_scroll_attempts": 20,
  "next_page_selector": "",
  "output_excel": "output/87edde49-f332-46e4-9d24-c22402de57f7\\scraped_data.xlsx",
  "output_json": "output/87edde49-f332-46e4-9d24-c22402de57f7\\scraped_data.json",
  "page_wait": 2,
  "paginate": false,
  "scrape_subpages": false,
  "scroll": true,
  "scroll_wait": 10,
  "start_page": 1,
  "subpage_wait": 3,
  "job_id": "87edde49-f332-46e4-9d24-c22402de57f7",
  "user_id": "user_yhb37ahbkv_1745349248925",
  "concurrent": true,
  "output_dir": "output/87edde49-f332-46e4-9d24-c22402de57f7",
  "log_file": "output/87edde49-f332-46e4-9d24-c22402de57f7\\scraper.log",
  "request_delay": 6,
  "max_concurrent_requests": 2,
  "job_start_time": "2025-04-23T01:31:18.998692",
  "headless": true
}
2025-04-23 01:31:23,536 - INFO - [2025-04-23 01:31:23] INFO - Detected Chrome version: 135.0.7049.96
2025-04-23 01:31:28,277 - INFO - [2025-04-23 01:31:28] INFO - Successfully initialized Chrome driver with version 135.0.0
2025-04-23 01:31:28,277 - INFO - [2025-04-23 01:31:28] INFO - Job started for user user_yhb37ahbkv_1745349248925 (Job ID: 87edde49-f332-46e4-9d24-c22402de57f7)
2025-04-23 01:31:28,278 - INFO - [2025-04-23 01:31:28] INFO - Phase 1: Collecting main fields and links from all pages...
2025-04-23 01:31:32,228 - INFO - [2025-04-23 01:31:32] INFO - Navigated to base URL: https://www.booking.com/searchresults.html?label=gog235jc-1DCAEoggI46AdIM1gDaGyIAQGYATG4AQfIAQzYAQPoAQH4AQKIAgGoAgO4As_0h8AGwAIB0gIkMzJhOGRkNTItN2Y0NS00OGIyLWI0NDMtOGRjODk1MjQxNDlh2AIE4AIB&aid=397594&ss=Himachal+Pradesh%2C+India&ssne=Uttarakhand&ssne_untouched=Uttarakhand&lang=en-us&src=searchresults&dest_id=3482&dest_type=region&ac_position=1&ac_click_type=b&ac_langcode=en&ac_suggestion_list_length=5&search_selected=true&search_pageview_id=ce3f33fa3adb003e&checkin=2025-04-18&checkout=2025-04-19&group_adults=2&no_rooms=1&group_children=0&nflt=hotelfacility%3D54%3Bht_id%3D206
2025-04-23 01:31:45,604 - INFO - [2025-04-23 01:31:45] INFO - Scraping main fields from page 1...
2025-04-23 01:31:45,604 - INFO - [2025-04-23 01:31:45] INFO - Starting to scroll down the page to load all content...
2025-04-23 01:31:55,672 - INFO - [2025-04-23 01:31:55] INFO - Scrolling further down to load more content...
2025-04-23 01:32:25,772 - INFO - [2025-04-23 01:32:25] INFO - Reached the bottom of the page - no more content to load
2025-04-23 01:32:25,851 - INFO - [2025-04-23 01:32:25] INFO - Found 30 items on page 1
2025-04-23 01:32:25,923 - INFO - [2025-04-23 01:32:25] INFO - Extracted 'resorts': Jannat Resort and Spa Manali A Centrally Heated Himalayas View Resort
2025-04-23 01:32:25,960 - INFO - [2025-04-23 01:32:25] INFO - Extracted 'resorts': Indraprastha Spa Resort
2025-04-23 01:32:25,984 - INFO - [2025-04-23 01:32:25] INFO - Extracted 'resorts': Araiya Palampur
2025-04-23 01:32:26,035 - INFO - [2025-04-23 01:32:26] INFO - Extracted 'resorts': Toshali Royal View ,S H I M L A
2025-04-23 01:32:26,069 - INFO - [2025-04-23 01:32:26] INFO - Extracted 'resorts': Hyatt Regency Dharamshala Resort
2025-04-23 01:32:26,098 - INFO - [2025-04-23 01:32:26] INFO - Extracted 'resorts': Marigold Sarovar Portico Shimla
2025-04-23 01:32:26,123 - INFO - [2025-04-23 01:32:26] INFO - Extracted 'resorts': Sterling Kufri
2025-04-23 01:32:26,163 - INFO - [2025-04-23 01:32:26] INFO - Extracted 'resorts': Regenta Resort & Spa Mashobra
2025-04-23 01:32:26,236 - INFO - [2025-04-23 01:32:26] INFO - Extracted 'resorts': Taj Theog Resort & Spa Shimla
2025-04-23 01:32:26,262 - INFO - [2025-04-23 01:32:26] INFO - Extracted 'resorts': Anantam Resort & Spa
2025-04-23 01:32:26,301 - INFO - [2025-04-23 01:32:26] INFO - Extracted 'resorts': Chillaru Spa & Resort
2025-04-23 01:32:26,320 - INFO - [2025-04-23 01:32:26] INFO - Extracted 'resorts': The Chalets Naldehra
2025-04-23 01:32:26,337 - INFO - [2025-04-23 01:32:26] INFO - Extracted 'resorts': Span Resort and Spa, Manali
2025-04-23 01:32:26,361 - INFO - [2025-04-23 01:32:26] INFO - Extracted 'resorts': Manuallaya The Resort & Spa
2025-04-23 01:32:26,379 - INFO - [2025-04-23 01:32:26] INFO - Extracted 'resorts': juSTa Cliffend Resort & Spa, Mashobra
2025-04-23 01:32:26,398 - INFO - [2025-04-23 01:32:26] INFO - Extracted 'resorts': juSTa Birding Resort & Spa - Best Dhauladhar View Resort
2025-04-23 01:32:26,416 - INFO - [2025-04-23 01:32:26] INFO - Extracted 'resorts': Deventure Shimla Hills
2025-04-23 01:32:26,429 - INFO - [2025-04-23 01:32:26] INFO - Extracted 'resorts': The Mōcana Himalayas, Shimla
2025-04-23 01:32:26,452 - INFO - [2025-04-23 01:32:26] INFO - Extracted 'resorts': Club Mahindra Mashobra
2025-04-23 01:32:26,469 - INFO - [2025-04-23 01:32:26] INFO - Extracted 'resorts': Villasita resort By Montrose11
2025-04-23 01:32:26,487 - INFO - [2025-04-23 01:32:26] INFO - Extracted 'resorts': Tarika Resort & Spa , Chail
2025-04-23 01:32:26,505 - INFO - [2025-04-23 01:32:26] INFO - Extracted 'resorts': Cassia Resort, Kasauli
2025-04-23 01:32:26,526 - INFO - [2025-04-23 01:32:26] INFO - Extracted 'resorts': The Anantmaya Resort
2025-04-23 01:32:26,545 - INFO - [2025-04-23 01:32:26] INFO - Extracted 'resorts': Moksha Himalaya Spa Resort
2025-04-23 01:32:26,565 - INFO - [2025-04-23 01:32:26] INFO - Extracted 'resorts': Asia Spa Resort
2025-04-23 01:32:26,584 - INFO - [2025-04-23 01:32:26] INFO - Extracted 'resorts': Snow Flakes Resort And Spa Centrally Heated Luxury Resort
2025-04-23 01:32:26,608 - INFO - [2025-04-23 01:32:26] INFO - Extracted 'resorts': Antaraal Resort & Spa A Village Resort
2025-04-23 01:32:26,624 - INFO - [2025-04-23 01:32:26] INFO - Extracted 'resorts': Solang Valley Resort
2025-04-23 01:32:26,642 - INFO - [2025-04-23 01:32:26] INFO - Extracted 'resorts': Mastiff Grand Manali Resort
2025-04-23 01:32:26,659 - INFO - [2025-04-23 01:32:26] INFO - Extracted 'resorts': Tiaraa Jujurana Resort & Spa
2025-04-23 01:32:27,051 - INFO - [2025-04-23 01:32:27] INFO - 
[SUCCESS] Scraping complete. 30 items saved.
2025-04-23 01:32:27,051 - INFO - [2025-04-23 01:32:27] INFO - Results saved to JSON: output/87edde49-f332-46e4-9d24-c22402de57f7\scraped_data.json
2025-04-23 01:32:27,051 - INFO - [2025-04-23 01:32:27] INFO - Results saved to Excel: output/87edde49-f332-46e4-9d24-c22402de57f7\scraped_data.xlsx
2025-04-23 01:32:27,051 - INFO - [2025-04-23 01:32:27] INFO - Scraper completed successfully
