2025-05-01 10:09:12,811 - INFO - [2025-05-01 10:09:12] INFO - Added file handler for log file: output/38ecf3fc-f7d1-4c03-ae33-15f8fda05e0d/scraper.log
2025-05-01 10:09:12,811 - INFO - [2025-05-01 10:09:12] INFO - Starting scraper with configuration:
2025-05-01 10:09:12,812 - INFO - [2025-05-01 10:09:12] INFO - base_url: https://giohis.com/speakers/
2025-05-01 10:09:12,813 - INFO - [2025-05-01 10:09:12] INFO - concurrent_settings: {'base_request_delay': 2, 'job_spacing_delay': 3, 'max_concurrent_jobs': 3, 'max_concurrent_requests': 2}
2025-05-01 10:09:12,813 - INFO - [2025-05-01 10:09:12] INFO - container_selector: div.attendee_wrap.clearfix
2025-05-01 10:09:12,814 - INFO - [2025-05-01 10:09:12] INFO - initial_wait: 3
2025-05-01 10:09:12,815 - INFO - [2025-05-01 10:09:12] INFO - load_more_selector: 
2025-05-01 10:09:12,815 - INFO - [2025-05-01 10:09:12] INFO - load_more_wait: 3
2025-05-01 10:09:12,816 - INFO - [2025-05-01 10:09:12] INFO - max_pages: 1
2025-05-01 10:09:12,816 - INFO - [2025-05-01 10:09:12] INFO - max_scroll_attempts: 20
2025-05-01 10:09:12,817 - INFO - [2025-05-01 10:09:12] INFO - next_page_selector: 
2025-05-01 10:09:12,818 - INFO - [2025-05-01 10:09:12] INFO - output_excel: output/38ecf3fc-f7d1-4c03-ae33-15f8fda05e0d/scraped_data.xlsx
2025-05-01 10:09:12,818 - INFO - [2025-05-01 10:09:12] INFO - output_json: output/38ecf3fc-f7d1-4c03-ae33-15f8fda05e0d/scraped_data.json
2025-05-01 10:09:12,819 - INFO - [2025-05-01 10:09:12] INFO - page_wait: 2
2025-05-01 10:09:12,819 - INFO - [2025-05-01 10:09:12] INFO - paginate: False
2025-05-01 10:09:12,819 - INFO - [2025-05-01 10:09:12] INFO - scrape_subpages: False
2025-05-01 10:09:12,820 - INFO - [2025-05-01 10:09:12] INFO - scroll: True
2025-05-01 10:09:12,820 - INFO - [2025-05-01 10:09:12] INFO - scroll_wait: 3
2025-05-01 10:09:12,821 - INFO - [2025-05-01 10:09:12] INFO - start_page: 1
2025-05-01 10:09:12,821 - INFO - [2025-05-01 10:09:12] INFO - subpage_wait: 3
2025-05-01 10:09:12,821 - INFO - [2025-05-01 10:09:12] INFO - job_id: 38ecf3fc-f7d1-4c03-ae33-15f8fda05e0d
2025-05-01 10:09:12,822 - INFO - [2025-05-01 10:09:12] INFO - user_id: user_h4hctrxqreu_1745474290425
2025-05-01 10:09:12,823 - INFO - [2025-05-01 10:09:12] INFO - concurrent: True
2025-05-01 10:09:12,823 - INFO - [2025-05-01 10:09:12] INFO - output_dir: output/38ecf3fc-f7d1-4c03-ae33-15f8fda05e0d
2025-05-01 10:09:12,824 - INFO - [2025-05-01 10:09:12] INFO - log_file: output/38ecf3fc-f7d1-4c03-ae33-15f8fda05e0d/scraper.log
2025-05-01 10:09:12,824 - INFO - [2025-05-01 10:09:12] INFO - request_delay: 4
2025-05-01 10:09:12,825 - INFO - [2025-05-01 10:09:12] INFO - max_concurrent_requests: 2
2025-05-01 10:09:12,826 - INFO - [2025-05-01 10:09:12] INFO - job_start_time: 2025-05-01T10:09:11.791906
2025-05-01 10:09:12,828 - INFO - [2025-05-01 10:09:12] INFO - headless: True
2025-05-01 10:09:12,829 - INFO - [2025-05-01 10:09:12] INFO - Concurrent scraping settings:
2025-05-01 10:09:12,830 - INFO - [2025-05-01 10:09:12] INFO - Job ID: 38ecf3fc-f7d1-4c03-ae33-15f8fda05e0d
2025-05-01 10:09:12,830 - INFO - [2025-05-01 10:09:12] INFO - User ID: user_h4hctrxqreu_1745474290425
2025-05-01 10:09:12,830 - INFO - [2025-05-01 10:09:12] INFO - Request delay: 4s
2025-05-01 10:09:12,832 - INFO - [2025-05-01 10:09:12] INFO - Max concurrent requests: 2
2025-05-01 10:09:12,832 - INFO - [2025-05-01 10:09:12] INFO - Concurrent scraping settings:
2025-05-01 10:09:12,833 - INFO - [2025-05-01 10:09:12] INFO - Job ID: 38ecf3fc-f7d1-4c03-ae33-15f8fda05e0d
2025-05-01 10:09:12,833 - INFO - [2025-05-01 10:09:12] INFO - User ID: user_h4hctrxqreu_1745474290425
2025-05-01 10:09:12,834 - INFO - [2025-05-01 10:09:12] INFO - Request delay: 4s
2025-05-01 10:09:12,834 - INFO - [2025-05-01 10:09:12] INFO - Max concurrent requests: 2
2025-05-01 10:09:12,837 - INFO - [2025-05-01 10:09:12] INFO - Starting scraper with configuration:
2025-05-01 10:09:12,838 - INFO - [2025-05-01 10:09:12] INFO - {
  "base_url": "https://giohis.com/speakers/",
  "concurrent_settings": {
    "base_request_delay": 2,
    "job_spacing_delay": 3,
    "max_concurrent_jobs": 3,
    "max_concurrent_requests": 2
  },
  "container_selector": "div.attendee_wrap.clearfix",
  "initial_wait": 3,
  "load_more_selector": "",
  "load_more_wait": 3,
  "max_pages": 1,
  "max_scroll_attempts": 20,
  "next_page_selector": "",
  "output_excel": "output/38ecf3fc-f7d1-4c03-ae33-15f8fda05e0d/scraped_data.xlsx",
  "output_json": "output/38ecf3fc-f7d1-4c03-ae33-15f8fda05e0d/scraped_data.json",
  "page_wait": 2,
  "paginate": false,
  "scrape_subpages": false,
  "scroll": true,
  "scroll_wait": 3,
  "start_page": 1,
  "subpage_wait": 3,
  "job_id": "38ecf3fc-f7d1-4c03-ae33-15f8fda05e0d",
  "user_id": "user_h4hctrxqreu_1745474290425",
  "concurrent": true,
  "output_dir": "output/38ecf3fc-f7d1-4c03-ae33-15f8fda05e0d",
  "log_file": "output/38ecf3fc-f7d1-4c03-ae33-15f8fda05e0d/scraper.log",
  "request_delay": 4,
  "max_concurrent_requests": 2,
  "job_start_time": "2025-05-01T10:09:11.791906",
  "headless": true
}
2025-05-01 10:09:12,841 - WARNING - [2025-05-01 10:09:12] WARNING - Chrome version detection not implemented for this OS
2025-05-01 10:09:12,844 - INFO - [2025-05-01 10:09:12] INFO - Using default ChromeDriver version 122.0.6261.94
2025-05-01 10:09:12,847 - INFO - [2025-05-01 10:09:12] INFO - Attempting to download ChromeDriver 122.0.6261.94 manually...
2025-05-01 10:09:12,850 - INFO - [2025-05-01 10:09:12] INFO - Downloading from: https://edgedl.me.gvt1.com/edgedl/chrome/chrome-for-testing/122.0.6261.94/linux64/chromedriver-linux64.zip
2025-05-01 10:09:16,584 - ERROR - [2025-05-01 10:09:16] ERROR - Failed to download ChromeDriver manually: [Errno 2] No such file or directory: '/app/drivers/chromedriver'
2025-05-01 10:09:16,587 - INFO - [2025-05-01 10:09:16] INFO - Using ChromeDriverManager as fallback
2025-05-01 10:09:17,250 - ERROR - [2025-05-01 10:09:17] ERROR - Error setting up Chrome WebDriver: There is no such driver by url https://chromedriver.storage.googleapis.com/LATEST_RELEASE_136.0.7103
2025-05-01 10:09:17,252 - ERROR - [2025-05-01 10:09:17] ERROR - Error during scraping: There is no such driver by url https://chromedriver.storage.googleapis.com/LATEST_RELEASE_136.0.7103
2025-05-01 10:09:17,256 - ERROR - [2025-05-01 10:09:17] ERROR - Scraper failed with return code 1
