2025-05-31 11:52:30,632 - INFO - [2025-05-31 11:52:30] INFO - Added file handler for log file: output/ac8af3b2-d6a5-4e07-b3a6-bbc99d59f397\scraper.log
2025-05-31 11:52:30,632 - INFO - [2025-05-31 11:52:30] INFO - Starting scraper with configuration:
2025-05-31 11:52:30,632 - INFO - [2025-05-31 11:52:30] INFO - base_url: https://www.booking.com/searchresults.html?label=gog235jc-1DCAEoggI46AdIM1gDaGyIAQGYATG4AQfIAQzYAQPoAQH4AQKIAgGoAgO4As_0h8AGwAIB0gIkMzJhOGRkNTItN2Y0NS00OGIyLWI0NDMtOGRjODk1MjQxNDlh2AIE4AIB&aid=397594&ss=Goa%2C%20India&efdco=1&lang=en-us&src=index&dest_id=4127&dest_type=region&group_adults=2&no_rooms=1&group_children=0&nflt=ht_id%3D206%3Bhotelfacility%3D54
2025-05-31 11:52:30,632 - INFO - [2025-05-31 11:52:30] INFO - concurrent_settings: {'base_request_delay': 2, 'job_spacing_delay': 3, 'max_concurrent_jobs': 3, 'max_concurrent_requests': 2}
2025-05-31 11:52:30,632 - INFO - [2025-05-31 11:52:30] INFO - container_selector: div.aa97d6032f
2025-05-31 11:52:30,632 - INFO - [2025-05-31 11:52:30] INFO - initial_wait: 5
2025-05-31 11:52:30,632 - INFO - [2025-05-31 11:52:30] INFO - load_more_selector: button.de576f5064.b46cd7aad7.d0a01e3d83.dda427e6b5.bbf83acb81.a0ddd706cc
2025-05-31 11:52:30,632 - INFO - [2025-05-31 11:52:30] INFO - load_more_wait: 10
2025-05-31 11:52:30,632 - INFO - [2025-05-31 11:52:30] INFO - max_pages: 1
2025-05-31 11:52:30,633 - INFO - [2025-05-31 11:52:30] INFO - max_scroll_attempts: 50
2025-05-31 11:52:30,633 - INFO - [2025-05-31 11:52:30] INFO - next_page_selector: 
2025-05-31 11:52:30,633 - INFO - [2025-05-31 11:52:30] INFO - output_excel: output/ac8af3b2-d6a5-4e07-b3a6-bbc99d59f397\scraped_data.xlsx
2025-05-31 11:52:30,633 - INFO - [2025-05-31 11:52:30] INFO - output_json: output/ac8af3b2-d6a5-4e07-b3a6-bbc99d59f397\scraped_data.json
2025-05-31 11:52:30,633 - INFO - [2025-05-31 11:52:30] INFO - page_wait: 2
2025-05-31 11:52:30,633 - INFO - [2025-05-31 11:52:30] INFO - paginate: False
2025-05-31 11:52:30,633 - INFO - [2025-05-31 11:52:30] INFO - scrape_subpages: False
2025-05-31 11:52:30,633 - INFO - [2025-05-31 11:52:30] INFO - scroll: True
2025-05-31 11:52:30,633 - INFO - [2025-05-31 11:52:30] INFO - scroll_wait: 10
2025-05-31 11:52:30,633 - INFO - [2025-05-31 11:52:30] INFO - start_page: 1
2025-05-31 11:52:30,633 - INFO - [2025-05-31 11:52:30] INFO - subpage_wait: 3
2025-05-31 11:52:30,633 - INFO - [2025-05-31 11:52:30] INFO - job_id: ac8af3b2-d6a5-4e07-b3a6-bbc99d59f397
2025-05-31 11:52:30,633 - INFO - [2025-05-31 11:52:30] INFO - user_id: user_l8tq82mtc4d_1748601150733
2025-05-31 11:52:30,633 - INFO - [2025-05-31 11:52:30] INFO - concurrent: True
2025-05-31 11:52:30,633 - INFO - [2025-05-31 11:52:30] INFO - output_dir: output/ac8af3b2-d6a5-4e07-b3a6-bbc99d59f397
2025-05-31 11:52:30,634 - INFO - [2025-05-31 11:52:30] INFO - log_file: output/ac8af3b2-d6a5-4e07-b3a6-bbc99d59f397\scraper.log
2025-05-31 11:52:30,634 - INFO - [2025-05-31 11:52:30] INFO - request_delay: 6
2025-05-31 11:52:30,634 - INFO - [2025-05-31 11:52:30] INFO - max_concurrent_requests: 2
2025-05-31 11:52:30,634 - INFO - [2025-05-31 11:52:30] INFO - job_start_time: 2025-05-31T11:52:29.425536
2025-05-31 11:52:30,634 - INFO - [2025-05-31 11:52:30] INFO - headless: True
2025-05-31 11:52:30,634 - INFO - [2025-05-31 11:52:30] INFO - Concurrent scraping settings:
2025-05-31 11:52:30,634 - INFO - [2025-05-31 11:52:30] INFO - Job ID: ac8af3b2-d6a5-4e07-b3a6-bbc99d59f397
2025-05-31 11:52:30,634 - INFO - [2025-05-31 11:52:30] INFO - User ID: user_l8tq82mtc4d_1748601150733
2025-05-31 11:52:30,634 - INFO - [2025-05-31 11:52:30] INFO - Request delay: 6s
2025-05-31 11:52:30,635 - INFO - [2025-05-31 11:52:30] INFO - Max concurrent requests: 2
2025-05-31 11:52:30,635 - INFO - [2025-05-31 11:52:30] INFO - Concurrent scraping settings:
2025-05-31 11:52:30,635 - INFO - [2025-05-31 11:52:30] INFO - Job ID: ac8af3b2-d6a5-4e07-b3a6-bbc99d59f397
2025-05-31 11:52:30,635 - INFO - [2025-05-31 11:52:30] INFO - User ID: user_l8tq82mtc4d_1748601150733
2025-05-31 11:52:30,635 - INFO - [2025-05-31 11:52:30] INFO - Request delay: 6s
2025-05-31 11:52:30,636 - INFO - [2025-05-31 11:52:30] INFO - Max concurrent requests: 2
2025-05-31 11:52:30,636 - INFO - [2025-05-31 11:52:30] INFO - Starting scraper with configuration:
2025-05-31 11:52:30,636 - INFO - [2025-05-31 11:52:30] INFO - {
  "base_url": "https://www.booking.com/searchresults.html?label=gog235jc-1DCAEoggI46AdIM1gDaGyIAQGYATG4AQfIAQzYAQPoAQH4AQKIAgGoAgO4As_0h8AGwAIB0gIkMzJhOGRkNTItN2Y0NS00OGIyLWI0NDMtOGRjODk1MjQxNDlh2AIE4AIB&aid=397594&ss=Goa%2C%20India&efdco=1&lang=en-us&src=index&dest_id=4127&dest_type=region&group_adults=2&no_rooms=1&group_children=0&nflt=ht_id%3D206%3Bhotelfacility%3D54",
  "concurrent_settings": {
    "base_request_delay": 2,
    "job_spacing_delay": 3,
    "max_concurrent_jobs": 3,
    "max_concurrent_requests": 2
  },
  "container_selector": "div.aa97d6032f",
  "initial_wait": 5,
  "load_more_selector": "button.de576f5064.b46cd7aad7.d0a01e3d83.dda427e6b5.bbf83acb81.a0ddd706cc",
  "load_more_wait": 10,
  "max_pages": 1,
  "max_scroll_attempts": 50,
  "next_page_selector": "",
  "output_excel": "output/ac8af3b2-d6a5-4e07-b3a6-bbc99d59f397\\scraped_data.xlsx",
  "output_json": "output/ac8af3b2-d6a5-4e07-b3a6-bbc99d59f397\\scraped_data.json",
  "page_wait": 2,
  "paginate": false,
  "scrape_subpages": false,
  "scroll": true,
  "scroll_wait": 10,
  "start_page": 1,
  "subpage_wait": 3,
  "job_id": "ac8af3b2-d6a5-4e07-b3a6-bbc99d59f397",
  "user_id": "user_l8tq82mtc4d_1748601150733",
  "concurrent": true,
  "output_dir": "output/ac8af3b2-d6a5-4e07-b3a6-bbc99d59f397",
  "log_file": "output/ac8af3b2-d6a5-4e07-b3a6-bbc99d59f397\\scraper.log",
  "request_delay": 6,
  "max_concurrent_requests": 2,
  "job_start_time": "2025-05-31T11:52:29.425536",
  "headless": true
}
2025-05-31 11:52:30,636 - INFO - [2025-05-31 11:52:30] INFO - Detected Chrome version from registry: 137.0.7151.55
2025-05-31 11:52:30,636 - INFO - [2025-05-31 11:52:30] INFO - Detected Chrome version: 137.0.7151.55
2025-05-31 11:52:32,200 - INFO - [2025-05-31 11:52:32] INFO - Installed ChromeDriver at: C:\Users\harim\.wdm\drivers\chromedriver\win64\137.0.7151.55\chromedriver-win32/chromedriver.exe
2025-05-31 11:52:33,539 - INFO - [2025-05-31 11:52:33] INFO - ChromeDriver version: 137.0.7151.55
2025-05-31 11:52:33,539 - INFO - [2025-05-31 11:52:33] INFO - Chrome WebDriver initialized successfully
2025-05-31 11:52:33,540 - INFO - [2025-05-31 11:52:33] INFO - Job started for user user_l8tq82mtc4d_1748601150733 (Job ID: ac8af3b2-d6a5-4e07-b3a6-bbc99d59f397)
2025-05-31 11:52:33,540 - INFO - [2025-05-31 11:52:33] INFO - Phase 1: Collecting main fields and links from all pages...
2025-05-31 11:52:36,149 - INFO - [2025-05-31 11:52:36] INFO - Navigated to base URL: https://www.booking.com/searchresults.html?label=gog235jc-1DCAEoggI46AdIM1gDaGyIAQGYATG4AQfIAQzYAQPoAQH4AQKIAgGoAgO4As_0h8AGwAIB0gIkMzJhOGRkNTItN2Y0NS00OGIyLWI0NDMtOGRjODk1MjQxNDlh2AIE4AIB&aid=397594&ss=Goa%2C%20India&efdco=1&lang=en-us&src=index&dest_id=4127&dest_type=region&group_adults=2&no_rooms=1&group_children=0&nflt=ht_id%3D206%3Bhotelfacility%3D54
2025-05-31 11:52:36,149 - INFO - [2025-05-31 11:52:36] INFO - Waiting 5 seconds for page to load...
2025-05-31 11:52:47,185 - INFO - [2025-05-31 11:52:47] INFO - Scraping main fields from page 1...
2025-05-31 11:52:47,185 - INFO - [2025-05-31 11:52:47] INFO - Starting to scroll down the page to load all content...
2025-05-31 11:53:07,236 - INFO - [2025-05-31 11:53:07] INFO - Found 33 containers on page 1
2025-05-31 11:53:07,264 - INFO - [2025-05-31 11:53:07] INFO - Extracted 'location': Mandrem
2025-05-31 11:53:07,286 - INFO - [2025-05-31 11:53:07] INFO - Extracted 'resort ': Palma Beach Resort
2025-05-31 11:53:07,286 - INFO - [2025-05-31 11:53:07] INFO - Successfully added item to results
2025-05-31 11:53:07,304 - INFO - [2025-05-31 11:53:07] INFO - Extracted 'location': Agonda
2025-05-31 11:53:07,324 - INFO - [2025-05-31 11:53:07] INFO - Extracted 'resort ': The Rose Goa Beach Resort
2025-05-31 11:53:07,324 - INFO - [2025-05-31 11:53:07] INFO - Successfully added item to results
2025-05-31 11:53:07,344 - INFO - [2025-05-31 11:53:07] INFO - Extracted 'location': Panaji
2025-05-31 11:53:07,361 - INFO - [2025-05-31 11:53:07] INFO - Extracted 'resort ': DoubleTree by Hilton Goa - Panaji
2025-05-31 11:53:07,361 - INFO - [2025-05-31 11:53:07] INFO - Successfully added item to results
2025-05-31 11:53:07,376 - INFO - [2025-05-31 11:53:07] INFO - Extracted 'location': Vagator Beach, Vagator
2025-05-31 11:53:07,392 - INFO - [2025-05-31 11:53:07] INFO - Extracted 'resort ': Alcove Resort Vagator
2025-05-31 11:53:07,392 - INFO - [2025-05-31 11:53:07] INFO - Successfully added item to results
2025-05-31 11:53:07,411 - INFO - [2025-05-31 11:53:07] INFO - Extracted 'location': Cavelossim Beach, Cavelossim
2025-05-31 11:53:07,431 - INFO - [2025-05-31 11:53:07] INFO - Extracted 'resort ': Holiday Inn Resort Goa by IHG
2025-05-31 11:53:07,431 - INFO - [2025-05-31 11:53:07] INFO - Successfully added item to results
2025-05-31 11:53:07,449 - INFO - [2025-05-31 11:53:07] INFO - Extracted 'location': Candolim Beach, Candolim
2025-05-31 11:53:07,468 - INFO - [2025-05-31 11:53:07] INFO - Extracted 'resort ': Taj Holiday Village Resort & Spa, Goa
2025-05-31 11:53:07,468 - INFO - [2025-05-31 11:53:07] INFO - Successfully added item to results
2025-05-31 11:53:07,487 - INFO - [2025-05-31 11:53:07] INFO - Extracted 'location': Mandrem Beach , Mandrem
2025-05-31 11:53:07,506 - INFO - [2025-05-31 11:53:07] INFO - Extracted 'resort ': Riva Beach Resort
2025-05-31 11:53:07,506 - INFO - [2025-05-31 11:53:07] INFO - Successfully added item to results
2025-05-31 11:53:07,528 - INFO - [2025-05-31 11:53:07] INFO - Extracted 'location': Panaji
2025-05-31 11:53:07,547 - INFO - [2025-05-31 11:53:07] INFO - Extracted 'resort ': Goa Marriott Resort & Spa
2025-05-31 11:53:07,547 - INFO - [2025-05-31 11:53:07] INFO - Successfully added item to results
2025-05-31 11:53:07,566 - INFO - [2025-05-31 11:53:07] INFO - Extracted 'location': Mandrem Beach , Mandrem
2025-05-31 11:53:07,584 - INFO - [2025-05-31 11:53:07] INFO - Extracted 'resort ': Anahata Retreat Beach Front Ashwem Goa
2025-05-31 11:53:07,584 - INFO - [2025-05-31 11:53:07] INFO - Successfully added item to results
2025-05-31 11:53:07,601 - INFO - [2025-05-31 11:53:07] INFO - Extracted 'location': Calangute Beach, Calangute
2025-05-31 11:53:07,618 - INFO - [2025-05-31 11:53:07] INFO - Extracted 'resort ': Resort Terra Paraiso
2025-05-31 11:53:07,618 - INFO - [2025-05-31 11:53:07] INFO - Successfully added item to results
2025-05-31 11:53:07,636 - INFO - [2025-05-31 11:53:07] INFO - Extracted 'location': Varca Beach, Varca
2025-05-31 11:53:07,654 - INFO - [2025-05-31 11:53:07] INFO - Extracted 'resort ': Caravela Beach Resort
2025-05-31 11:53:07,654 - INFO - [2025-05-31 11:53:07] INFO - Successfully added item to results
2025-05-31 11:53:07,671 - INFO - [2025-05-31 11:53:07] INFO - Extracted 'location': Palolem Beach, Palolem
2025-05-31 11:53:07,689 - INFO - [2025-05-31 11:53:07] INFO - Extracted 'resort ': Art Resort Goa
2025-05-31 11:53:07,689 - INFO - [2025-05-31 11:53:07] INFO - Successfully added item to results
2025-05-31 11:53:07,705 - INFO - [2025-05-31 11:53:07] INFO - Extracted 'location': Colva Beach, Colva
2025-05-31 11:53:07,721 - INFO - [2025-05-31 11:53:07] INFO - Extracted 'resort ': Sea Queen Beach Resort & Spa
2025-05-31 11:53:07,722 - INFO - [2025-05-31 11:53:07] INFO - Successfully added item to results
2025-05-31 11:53:07,738 - INFO - [2025-05-31 11:53:07] INFO - Extracted 'location': Benaulim
2025-05-31 11:53:07,756 - INFO - [2025-05-31 11:53:07] INFO - Extracted 'resort ': Regenta Beach House Resort, Goa
2025-05-31 11:53:07,756 - INFO - [2025-05-31 11:53:07] INFO - Successfully added item to results
2025-05-31 11:53:07,773 - INFO - [2025-05-31 11:53:07] INFO - Extracted 'location': Cola
2025-05-31 11:53:07,790 - INFO - [2025-05-31 11:53:07] INFO - Extracted 'resort ': Blue Lagoon Resort Goa
2025-05-31 11:53:07,791 - INFO - [2025-05-31 11:53:07] INFO - Successfully added item to results
2025-05-31 11:53:07,809 - INFO - [2025-05-31 11:53:07] INFO - Extracted 'location': Benaulim Beach, Benaulim
2025-05-31 11:53:07,825 - INFO - [2025-05-31 11:53:07] INFO - Extracted 'resort ': Taj Exotica Resort & Spa, Goa
2025-05-31 11:53:07,825 - INFO - [2025-05-31 11:53:07] INFO - Successfully added item to results
2025-05-31 11:53:07,843 - INFO - [2025-05-31 11:53:07] INFO - Extracted 'location': Utorda
2025-05-31 11:53:07,860 - INFO - [2025-05-31 11:53:07] INFO - Extracted 'resort ': Kenilworth Resort & Spa, Goa
2025-05-31 11:53:07,860 - INFO - [2025-05-31 11:53:07] INFO - Successfully added item to results
2025-05-31 11:53:07,878 - INFO - [2025-05-31 11:53:07] INFO - Extracted 'location': Utorda
2025-05-31 11:53:07,895 - INFO - [2025-05-31 11:53:07] INFO - Extracted 'resort ': Planet Hollywood Beach Resort Goa
2025-05-31 11:53:07,895 - INFO - [2025-05-31 11:53:07] INFO - Successfully added item to results
2025-05-31 11:53:07,914 - INFO - [2025-05-31 11:53:07] INFO - Extracted 'location': Vagator Beach, Vagator
2025-05-31 11:53:07,934 - INFO - [2025-05-31 11:53:07] INFO - Extracted 'resort ': W Goa
2025-05-31 11:53:07,934 - INFO - [2025-05-31 11:53:07] INFO - Successfully added item to results
2025-05-31 11:53:07,952 - INFO - [2025-05-31 11:53:07] INFO - Extracted 'location': Cabo de Rama
2025-05-31 11:53:07,970 - INFO - [2025-05-31 11:53:07] INFO - Extracted 'resort ': Obrigado by Craftels
2025-05-31 11:53:07,970 - INFO - [2025-05-31 11:53:07] INFO - Successfully added item to results
2025-05-31 11:53:07,990 - INFO - [2025-05-31 11:53:07] INFO - Extracted 'location': Morjim Beach, Morjim
2025-05-31 11:53:08,008 - INFO - [2025-05-31 11:53:08] INFO - Extracted 'resort ': Montego Bay Beach Village - Morjim
2025-05-31 11:53:08,008 - INFO - [2025-05-31 11:53:08] INFO - Successfully added item to results
2025-05-31 11:53:08,027 - INFO - [2025-05-31 11:53:08] INFO - Extracted 'location': Utorda
2025-05-31 11:53:08,043 - INFO - [2025-05-31 11:53:08] INFO - Extracted 'resort ': ITC Grand Goa, a Luxury Collection Resort & Spa, Goa
2025-05-31 11:53:08,044 - INFO - [2025-05-31 11:53:08] INFO - Successfully added item to results
2025-05-31 11:53:08,058 - INFO - [2025-05-31 11:53:08] INFO - Extracted 'location': Benaulim Beach, Benaulim
2025-05-31 11:53:08,075 - INFO - [2025-05-31 11:53:08] INFO - Extracted 'resort ': Azaya Beach Resort Goa
2025-05-31 11:53:08,075 - INFO - [2025-05-31 11:53:08] INFO - Successfully added item to results
2025-05-31 11:53:08,090 - INFO - [2025-05-31 11:53:08] INFO - Extracted 'location': Morjim
2025-05-31 11:53:08,106 - INFO - [2025-05-31 11:53:08] INFO - Extracted 'resort ': TAN-N-SAND
2025-05-31 11:53:08,106 - INFO - [2025-05-31 11:53:08] INFO - Successfully added item to results
2025-05-31 11:53:08,125 - INFO - [2025-05-31 11:53:08] INFO - Extracted 'location': Mandrem Beach , Mandrem
2025-05-31 11:53:08,168 - INFO - [2025-05-31 11:53:08] INFO - Extracted 'resort ': La Cabana Beach & Spa, By Ashvem Beach
2025-05-31 11:53:08,168 - INFO - [2025-05-31 11:53:08] INFO - Successfully added item to results
2025-05-31 11:53:08,183 - INFO - [2025-05-31 11:53:08] INFO - Extracted 'location': Bogmalo
2025-05-31 11:53:08,198 - INFO - [2025-05-31 11:53:08] INFO - Extracted 'resort ': Bogmallo Beach Resort
2025-05-31 11:53:08,199 - INFO - [2025-05-31 11:53:08] INFO - Successfully added item to results
2025-05-31 11:53:08,215 - INFO - [2025-05-31 11:53:08] INFO - Extracted 'location': Candolim Beach, Candolim
2025-05-31 11:53:08,232 - INFO - [2025-05-31 11:53:08] INFO - Extracted 'resort ': Marquis Beach Resort
2025-05-31 11:53:08,232 - INFO - [2025-05-31 11:53:08] INFO - Successfully added item to results
2025-05-31 11:53:08,249 - INFO - [2025-05-31 11:53:08] INFO - Extracted 'location': Goa
2025-05-31 11:53:08,265 - INFO - [2025-05-31 11:53:08] INFO - Extracted 'resort ': The Kimaya - By the Sea
2025-05-31 11:53:08,265 - INFO - [2025-05-31 11:53:08] INFO - Successfully added item to results
2025-05-31 11:53:08,282 - INFO - [2025-05-31 11:53:08] INFO - Extracted 'location': Morjim Beach, Morjim
2025-05-31 11:53:08,297 - INFO - [2025-05-31 11:53:08] INFO - Extracted 'resort ': La Vaiencia Beach Resort, Morjim
2025-05-31 11:53:08,298 - INFO - [2025-05-31 11:53:08] INFO - Successfully added item to results
2025-05-31 11:53:08,314 - INFO - [2025-05-31 11:53:08] INFO - Extracted 'location': Canacona
2025-05-31 11:53:08,329 - INFO - [2025-05-31 11:53:08] INFO - Extracted 'resort ': SUNBATH beach EXOTICA
2025-05-31 11:53:08,329 - INFO - [2025-05-31 11:53:08] INFO - Successfully added item to results
2025-05-31 11:53:08,349 - INFO - [2025-05-31 11:53:08] INFO - Extracted 'location': Palolem
2025-05-31 11:53:08,365 - INFO - [2025-05-31 11:53:08] INFO - Extracted 'resort ': La La Land Resort Goa by Spicy Mango
2025-05-31 11:53:08,365 - INFO - [2025-05-31 11:53:08] INFO - Successfully added item to results
2025-05-31 11:53:08,381 - INFO - [2025-05-31 11:53:08] INFO - Extracted 'location': Patnem
2025-05-31 11:53:08,397 - INFO - [2025-05-31 11:53:08] INFO - Extracted 'resort ': Mia's beach resort goa
2025-05-31 11:53:08,397 - INFO - [2025-05-31 11:53:08] INFO - Successfully added item to results
2025-05-31 11:53:08,413 - INFO - [2025-05-31 11:53:08] INFO - Extracted 'location': Morjim
2025-05-31 11:53:08,431 - INFO - [2025-05-31 11:53:08] INFO - Extracted 'resort ': Shree Rajeshwari Resort
2025-05-31 11:53:08,432 - INFO - [2025-05-31 11:53:08] INFO - Successfully added item to results
2025-05-31 11:53:08,866 - INFO - [2025-05-31 11:53:08] INFO - 
[SUCCESS] Scraping complete. 33 items saved.
2025-05-31 11:53:08,866 - INFO - [2025-05-31 11:53:08] INFO - Results saved to JSON: output/ac8af3b2-d6a5-4e07-b3a6-bbc99d59f397\scraped_data.json
2025-05-31 11:53:08,866 - INFO - [2025-05-31 11:53:08] INFO - Results saved to Excel: output/ac8af3b2-d6a5-4e07-b3a6-bbc99d59f397\scraped_data.xlsx
2025-05-31 11:53:08,867 - INFO - [2025-05-31 11:53:08] INFO - Scraper completed successfully
2025-05-31 11:53:08,867 - INFO - [2025-05-31 11:53:08] INFO - Attempting to upload to Google Drive...
2025-05-31 11:53:09,722 - INFO - [2025-05-31 11:53:09] INFO - Using existing folder 'Web Scraper Results' in Google Drive
2025-05-31 11:53:10,106 - INFO - [2025-05-31 11:53:10] INFO - Found existing file 'scraped_data.xlsx', appending new data...
2025-05-31 11:53:13,936 - ERROR - [2025-05-31 11:53:13] ERROR - Error updating existing file: [WinError 32] The process cannot access the file because it is being used by another process: 'temp_combined.xlsx'
2025-05-31 11:53:13,936 - WARNING - [2025-05-31 11:53:13] WARNING - Failed to upload Excel file to Google Drive
